This is pdfTeX, Version 3.14159265-2.6-1.40.21 (MiKTeX 20.6.29) (preloaded format=pdflatex 2020.9.1)  9 NOV 2022 10:23
entering extended mode
**./Introduction.tex
(Introduction.tex
LaTeX2e <2020-02-02> patch level 5
L3 programming layer <2020-06-18>
! Undefined control sequence.
l.1 \chapter
            {Î•Î¹ÏƒÎ±Î³Ï‰Î³Î®}
The control sequence at the end of the top line
of your error message was never \def'ed. If you have
misspelled it (e.g., `\hobx'), type `I' and the correct
spelling (e.g., `I\hbox'). Otherwise just continue,
and I'll forget about whatever was undefined.


! Package inputenc Error: Unicode character Î• (U+0395)
(inputenc)                not set up for use with LaTeX.

See the inputenc package documentation for explanation.
Type  H <return>  for immediate help.
 ...                                              
                                                  
l.1 \chapter{Î•
               Î¹ÏƒÎ±Î³Ï‰Î³Î®}
You may provide a definition with
\DeclareUnicodeCharacter 


! Package inputenc Error: Unicode character Î¹ (U+03B9)
(inputenc)                not set up for use with LaTeX.

See the inputenc package documentation for explanation.
Type  H <return>  for immediate help.
 ...                                              
                                                  
l.1 \chapter{Î•Î¹
                 ÏƒÎ±Î³Ï‰Î³Î®}
You may provide a definition with
\DeclareUnicodeCharacter 


! Package inputenc Error: Unicode character Ïƒ (U+03C3)
(inputenc)                not set up for use with LaTeX.

See the inputenc package documentation for explanation.
Type  H <return>  for immediate help.
 ...                                              
                                                  
l.1 \chapter{Î•Î¹Ïƒ
                   Î±Î³Ï‰Î³Î®}
You may provide a definition with
\DeclareUnicodeCharacter 


! Package inputenc Error: Unicode character Î± (U+03B1)
(inputenc)                not set up for use with LaTeX.

See the inputenc package documentation for explanation.
Type  H <return>  for immediate help.
 ...                                              
                                                  
l.1 \chapter{Î•Î¹ÏƒÎ±
                     Î³Ï‰Î³Î®}
You may provide a definition with
\DeclareUnicodeCharacter 


! Package inputenc Error: Unicode character Î³ (U+03B3)
(inputenc)                not set up for use with LaTeX.

See the inputenc package documentation for explanation.
Type  H <return>  for immediate help.
 ...                                              
                                                  
l.1 \chapter{Î•Î¹ÏƒÎ±Î³
                       Ï‰Î³Î®}
You may provide a definition with
\DeclareUnicodeCharacter 


! Package inputenc Error: Unicode character Ï‰ (U+03C9)
(inputenc)                not set up for use with LaTeX.

See the inputenc package documentation for explanation.
Type  H <return>  for immediate help.
 ...                                              
                                                  
l.1 \chapter{Î•Î¹ÏƒÎ±Î³Ï‰
                         Î³Î®}
You may provide a definition with
\DeclareUnicodeCharacter 


! Package inputenc Error: Unicode character Î³ (U+03B3)
(inputenc)                not set up for use with LaTeX.

See the inputenc package documentation for explanation.
Type  H <return>  for immediate help.
 ...                                              
                                                  
l.1 \chapter{Î•Î¹ÏƒÎ±Î³Ï‰Î³
                           Î®}
You may provide a definition with
\DeclareUnicodeCharacter 


! Package inputenc Error: Unicode character Î® (U+03AE)
(inputenc)                not set up for use with LaTeX.

See the inputenc package documentation for explanation.
Type  H <return>  for immediate help.
 ...                                              
                                                  
l.1 \chapter{Î•Î¹ÏƒÎ±Î³Ï‰Î³Î®
                             }
You may provide a definition with
\DeclareUnicodeCharacter 


! Package inputenc Error: Unicode character ÎŸ (U+039F)
(inputenc)                not set up for use with LaTeX.

See the inputenc package documentation for explanation.
Type  H <return>  for immediate help.
 ...                                              
                                                  
l.3 ÎŸ
      Î¹ Ï€ÎµÏÎ¹ÏƒÏƒÏŒÏ„ÎµÏÎ¿Î¹ Î±Ï€ÏŒ ÏŒÏƒÎ¿Ï…Ï‚ Î´ÎµÎ½ Î­Ï‡Î¿Ï…Î½ ÎºÎ¬Ï€...

You may provide a definition with
\DeclareUnicodeCharacter 


! Package inputenc Error: Unicode character Î¹ (U+03B9)
(inputenc)                not set up for use with LaTeX.

See the inputenc package documentation for explanation.
Type  H <return>  for immediate help.
 ...                                              
                                                  
l.3 ÎŸÎ¹
         Ï€ÎµÏÎ¹ÏƒÏƒÏŒÏ„ÎµÏÎ¿Î¹ Î±Ï€ÏŒ ÏŒÏƒÎ¿Ï…Ï‚ Î´ÎµÎ½ Î­Ï‡Î¿Ï…Î½ ÎºÎ¬Ï€...

You may provide a definition with
\DeclareUnicodeCharacter 


! Package inputenc Error: Unicode character Ï€ (U+03C0)
(inputenc)                not set up for use with LaTeX.

See the inputenc package documentation for explanation.
Type  H <return>  for immediate help.
 ...                                              
                                                  
l.3 ÎŸÎ¹ Ï€
           ÎµÏÎ¹ÏƒÏƒÏŒÏ„ÎµÏÎ¿Î¹ Î±Ï€ÏŒ ÏŒÏƒÎ¿Ï…Ï‚ Î´ÎµÎ½ Î­Ï‡Î¿Ï…Î½ ÎºÎ¬Ï€...

You may provide a definition with
\DeclareUnicodeCharacter 


! Package inputenc Error: Unicode character Îµ (U+03B5)
(inputenc)                not set up for use with LaTeX.

See the inputenc package documentation for explanation.
Type  H <return>  for immediate help.
 ...                                              
                                                  
l.3 ÎŸÎ¹ Ï€Îµ
             ÏÎ¹ÏƒÏƒÏŒÏ„ÎµÏÎ¿Î¹ Î±Ï€ÏŒ ÏŒÏƒÎ¿Ï…Ï‚ Î´ÎµÎ½ Î­Ï‡Î¿Ï…Î½ ÎºÎ¬Ï€...

You may provide a definition with
\DeclareUnicodeCharacter 


! Package inputenc Error: Unicode character Ï (U+03C1)
(inputenc)                not set up for use with LaTeX.

See the inputenc package documentation for explanation.
Type  H <return>  for immediate help.
 ...                                              
                                                  
l.3 ÎŸÎ¹ Ï€ÎµÏ
               Î¹ÏƒÏƒÏŒÏ„ÎµÏÎ¿Î¹ Î±Ï€ÏŒ ÏŒÏƒÎ¿Ï…Ï‚ Î´ÎµÎ½ Î­Ï‡Î¿Ï…Î½ ÎºÎ¬Ï€...

You may provide a definition with
\DeclareUnicodeCharacter 


! Package inputenc Error: Unicode character Î¹ (U+03B9)
(inputenc)                not set up for use with LaTeX.

See the inputenc package documentation for explanation.
Type  H <return>  for immediate help.
 ...                                              
                                                  
l.3 ÎŸÎ¹ Ï€ÎµÏÎ¹
                 ÏƒÏƒÏŒÏ„ÎµÏÎ¿Î¹ Î±Ï€ÏŒ ÏŒÏƒÎ¿Ï…Ï‚ Î´ÎµÎ½ Î­Ï‡Î¿Ï…Î½ ÎºÎ¬Ï€...

You may provide a definition with
\DeclareUnicodeCharacter 


! Package inputenc Error: Unicode character Ïƒ (U+03C3)
(inputenc)                not set up for use with LaTeX.

See the inputenc package documentation for explanation.
Type  H <return>  for immediate help.
 ...                                              
                                                  
l.3 ÎŸÎ¹ Ï€ÎµÏÎ¹Ïƒ
                   ÏƒÏŒÏ„ÎµÏÎ¿Î¹ Î±Ï€ÏŒ ÏŒÏƒÎ¿Ï…Ï‚ Î´ÎµÎ½ Î­Ï‡Î¿Ï…Î½ ÎºÎ¬Ï€...

You may provide a definition with
\DeclareUnicodeCharacter 


! Package inputenc Error: Unicode character Ïƒ (U+03C3)
(inputenc)                not set up for use with LaTeX.

See the inputenc package documentation for explanation.
Type  H <return>  for immediate help.
 ...                                              
                                                  
l.3 ÎŸÎ¹ Ï€ÎµÏÎ¹ÏƒÏƒ
                     ÏŒÏ„ÎµÏÎ¿Î¹ Î±Ï€ÏŒ ÏŒÏƒÎ¿Ï…Ï‚ Î´ÎµÎ½ Î­Ï‡Î¿Ï…Î½ ÎºÎ¬Ï€...

You may provide a definition with
\DeclareUnicodeCharacter 


! Package inputenc Error: Unicode character ÏŒ (U+03CC)
(inputenc)                not set up for use with LaTeX.

See the inputenc package documentation for explanation.
Type  H <return>  for immediate help.
 ...                                              
                                                  
l.3 ÎŸÎ¹ Ï€ÎµÏÎ¹ÏƒÏƒÏŒ
                       Ï„ÎµÏÎ¿Î¹ Î±Ï€ÏŒ ÏŒÏƒÎ¿Ï…Ï‚ Î´ÎµÎ½ Î­Ï‡Î¿Ï…Î½ ÎºÎ¬Ï€...

You may provide a definition with
\DeclareUnicodeCharacter 


! Package inputenc Error: Unicode character Ï„ (U+03C4)
(inputenc)                not set up for use with LaTeX.

See the inputenc package documentation for explanation.
Type  H <return>  for immediate help.
 ...                                              
                                                  
l.3 ÎŸÎ¹ Ï€ÎµÏÎ¹ÏƒÏƒÏŒÏ„
                         ÎµÏÎ¿Î¹ Î±Ï€ÏŒ ÏŒÏƒÎ¿Ï…Ï‚ Î´ÎµÎ½ Î­Ï‡Î¿Ï…Î½ ÎºÎ¬Ï€...

You may provide a definition with
\DeclareUnicodeCharacter 


! Package inputenc Error: Unicode character Îµ (U+03B5)
(inputenc)                not set up for use with LaTeX.

See the inputenc package documentation for explanation.
Type  H <return>  for immediate help.
 ...                                              
                                                  
l.3 ÎŸÎ¹ Ï€ÎµÏÎ¹ÏƒÏƒÏŒÏ„Îµ
                           ÏÎ¿Î¹ Î±Ï€ÏŒ ÏŒÏƒÎ¿Ï…Ï‚ Î´ÎµÎ½ Î­Ï‡Î¿Ï…Î½ ÎºÎ¬Ï€...

You may provide a definition with
\DeclareUnicodeCharacter 


! Package inputenc Error: Unicode character Ï (U+03C1)
(inputenc)                not set up for use with LaTeX.

See the inputenc package documentation for explanation.
Type  H <return>  for immediate help.
 ...                                              
                                                  
l.3 ÎŸÎ¹ Ï€ÎµÏÎ¹ÏƒÏƒÏŒÏ„ÎµÏ
                             Î¿Î¹ Î±Ï€ÏŒ ÏŒÏƒÎ¿Ï…Ï‚ Î´ÎµÎ½ Î­Ï‡Î¿Ï…Î½ ÎºÎ¬Ï€...

You may provide a definition with
\DeclareUnicodeCharacter 


! Package inputenc Error: Unicode character Î¿ (U+03BF)
(inputenc)                not set up for use with LaTeX.

See the inputenc package documentation for explanation.
Type  H <return>  for immediate help.
 ...                                              
                                                  
l.3 ÎŸÎ¹ Ï€ÎµÏÎ¹ÏƒÏƒÏŒÏ„ÎµÏÎ¿
                               Î¹ Î±Ï€ÏŒ ÏŒÏƒÎ¿Ï…Ï‚ Î´ÎµÎ½ Î­Ï‡Î¿Ï…Î½ ÎºÎ¬Ï€...

You may provide a definition with
\DeclareUnicodeCharacter 


! Package inputenc Error: Unicode character Î¹ (U+03B9)
(inputenc)                not set up for use with LaTeX.

See the inputenc package documentation for explanation.
Type  H <return>  for immediate help.
 ...                                              
                                                  
l.3 ÎŸÎ¹ Ï€ÎµÏÎ¹ÏƒÏƒÏŒÏ„ÎµÏÎ¿Î¹
                                  Î±Ï€ÏŒ ÏŒÏƒÎ¿Ï…Ï‚ Î´ÎµÎ½ Î­Ï‡Î¿Ï…Î½ ÎºÎ¬Ï€...

You may provide a definition with
\DeclareUnicodeCharacter 


! Package inputenc Error: Unicode character Î± (U+03B1)
(inputenc)                not set up for use with LaTeX.

See the inputenc package documentation for explanation.
Type  H <return>  for immediate help.
 ...                                              
                                                  
l.3 ÎŸÎ¹ Ï€ÎµÏÎ¹ÏƒÏƒÏŒÏ„ÎµÏÎ¿Î¹ Î±
                                    Ï€ÏŒ ÏŒÏƒÎ¿Ï…Ï‚ Î´ÎµÎ½ Î­Ï‡Î¿Ï…Î½ ÎºÎ¬Ï€...

You may provide a definition with
\DeclareUnicodeCharacter 


! Package inputenc Error: Unicode character Ï€ (U+03C0)
(inputenc)                not set up for use with LaTeX.

See the inputenc package documentation for explanation.
Type  H <return>  for immediate help.
 ...                                              
                                                  
l.3 ÎŸÎ¹ Ï€ÎµÏÎ¹ÏƒÏƒÏŒÏ„ÎµÏÎ¿Î¹ Î±Ï€
                                      ÏŒ ÏŒÏƒÎ¿Ï…Ï‚ Î´ÎµÎ½ Î­Ï‡Î¿Ï…Î½ ÎºÎ¬Ï€...

You may provide a definition with
\DeclareUnicodeCharacter 


! Package inputenc Error: Unicode character ÏŒ (U+03CC)
(inputenc)                not set up for use with LaTeX.

See the inputenc package documentation for explanation.
Type  H <return>  for immediate help.
 ...                                              
                                                  
l.3 ÎŸÎ¹ Ï€ÎµÏÎ¹ÏƒÏƒÏŒÏ„ÎµÏÎ¿Î¹ Î±Ï€ÏŒ
                                         ÏŒÏƒÎ¿Ï…Ï‚ Î´ÎµÎ½ Î­Ï‡Î¿Ï…Î½ ÎºÎ¬Ï€...

You may provide a definition with
\DeclareUnicodeCharacter 


! Package inputenc Error: Unicode character ÏŒ (U+03CC)
(inputenc)                not set up for use with LaTeX.

See the inputenc package documentation for explanation.
Type  H <return>  for immediate help.
 ...                                              
                                                  
l.3 ÎŸÎ¹ Ï€ÎµÏÎ¹ÏƒÏƒÏŒÏ„ÎµÏÎ¿Î¹ Î±Ï€ÏŒ ÏŒ
                                           ÏƒÎ¿Ï…Ï‚ Î´ÎµÎ½ Î­Ï‡Î¿Ï…Î½ ÎºÎ¬Ï€...

You may provide a definition with
\DeclareUnicodeCharacter 


! Package inputenc Error: Unicode character Ïƒ (U+03C3)
(inputenc)                not set up for use with LaTeX.

See the inputenc package documentation for explanation.
Type  H <return>  for immediate help.
 ...                                              
                                                  
l.3 ÎŸÎ¹ Ï€ÎµÏÎ¹ÏƒÏƒÏŒÏ„ÎµÏÎ¿Î¹ Î±Ï€ÏŒ ÏŒÏƒ
                                             Î¿Ï…Ï‚ Î´ÎµÎ½ Î­Ï‡Î¿Ï…Î½ ÎºÎ¬Ï€...

You may provide a definition with
\DeclareUnicodeCharacter 


! Package inputenc Error: Unicode character Î¿ (U+03BF)
(inputenc)                not set up for use with LaTeX.

See the inputenc package documentation for explanation.
Type  H <return>  for immediate help.
 ...                                              
                                                  
l.3 ÎŸÎ¹ Ï€ÎµÏÎ¹ÏƒÏƒÏŒÏ„ÎµÏÎ¿Î¹ Î±Ï€ÏŒ ÏŒÏƒÎ¿
                                               Ï…Ï‚ Î´ÎµÎ½ Î­Ï‡Î¿Ï…Î½ ÎºÎ¬Ï€...

You may provide a definition with
\DeclareUnicodeCharacter 


! Package inputenc Error: Unicode character Ï… (U+03C5)
(inputenc)                not set up for use with LaTeX.

See the inputenc package documentation for explanation.
Type  H <return>  for immediate help.
 ...                                              
                                                  
l.3 ÎŸÎ¹ Ï€ÎµÏÎ¹ÏƒÏƒÏŒÏ„ÎµÏÎ¿Î¹ Î±Ï€ÏŒ ÏŒÏƒÎ¿Ï…
                                                 Ï‚ Î´ÎµÎ½ Î­Ï‡Î¿Ï…Î½ ÎºÎ¬Ï€...

You may provide a definition with
\DeclareUnicodeCharacter 


! Package inputenc Error: Unicode character Ï‚ (U+03C2)
(inputenc)                not set up for use with LaTeX.

See the inputenc package documentation for explanation.
Type  H <return>  for immediate help.
 ...                                              
                                                  
l.3 ... Ï€ÎµÏÎ¹ÏƒÏƒÏŒÏ„ÎµÏÎ¿Î¹ Î±Ï€ÏŒ ÏŒÏƒÎ¿Ï…Ï‚
                                                   Î´ÎµÎ½ Î­Ï‡Î¿Ï…Î½ ÎºÎ¬Ï€Î...

You may provide a definition with
\DeclareUnicodeCharacter 


! Package inputenc Error: Unicode character Î´ (U+03B4)
(inputenc)                not set up for use with LaTeX.

See the inputenc package documentation for explanation.
Type  H <return>  for immediate help.
 ...                                              
                                                  
l.3 ...ÎµÏÎ¹ÏƒÏƒÏŒÏ„ÎµÏÎ¿Î¹ Î±Ï€ÏŒ ÏŒÏƒÎ¿Ï…Ï‚ Î´
                                                  ÎµÎ½ Î­Ï‡Î¿Ï…Î½ ÎºÎ¬Ï€Î¿Î¹...

You may provide a definition with
\DeclareUnicodeCharacter 


! Package inputenc Error: Unicode character Îµ (U+03B5)
(inputenc)                not set up for use with LaTeX.

See the inputenc package documentation for explanation.
Type  H <return>  for immediate help.
 ...                                              
                                                  
l.3 ...ÏÎ¹ÏƒÏƒÏŒÏ„ÎµÏÎ¿Î¹ Î±Ï€ÏŒ ÏŒÏƒÎ¿Ï…Ï‚ Î´Îµ
                                                  Î½ Î­Ï‡Î¿Ï…Î½ ÎºÎ¬Ï€Î¿Î¹Î±...

You may provide a definition with
\DeclareUnicodeCharacter 


! Package inputenc Error: Unicode character Î½ (U+03BD)
(inputenc)                not set up for use with LaTeX.

See the inputenc package documentation for explanation.
Type  H <return>  for immediate help.
 ...                                              
                                                  
l.3 ...Î¹ÏƒÏƒÏŒÏ„ÎµÏÎ¿Î¹ Î±Ï€ÏŒ ÏŒÏƒÎ¿Ï…Ï‚ Î´ÎµÎ½
                                                   Î­Ï‡Î¿Ï…Î½ ÎºÎ¬Ï€Î¿Î¹Î± Î...

You may provide a definition with
\DeclareUnicodeCharacter 


! Package inputenc Error: Unicode character Î­ (U+03AD)
(inputenc)                not set up for use with LaTeX.

See the inputenc package documentation for explanation.
Type  H <return>  for immediate help.
 ...                                              
                                                  
l.3 ...ƒÏƒÏŒÏ„ÎµÏÎ¿Î¹ Î±Ï€ÏŒ ÏŒÏƒÎ¿Ï…Ï‚ Î´ÎµÎ½ Î­
                                                  Ï‡Î¿Ï…Î½ ÎºÎ¬Ï€Î¿Î¹Î± Î¹Î´...

You may provide a definition with
\DeclareUnicodeCharacter 


! Package inputenc Error: Unicode character Ï‡ (U+03C7)
(inputenc)                not set up for use with LaTeX.

See the inputenc package documentation for explanation.
Type  H <return>  for immediate help.
 ...                                              
                                                  
l.3 ...ƒÏŒÏ„ÎµÏÎ¿Î¹ Î±Ï€ÏŒ ÏŒÏƒÎ¿Ï…Ï‚ Î´ÎµÎ½ Î­Ï‡
                                                  Î¿Ï…Î½ ÎºÎ¬Ï€Î¿Î¹Î± Î¹Î´Î¹...

You may provide a definition with
\DeclareUnicodeCharacter 


! Package inputenc Error: Unicode character Î¿ (U+03BF)
(inputenc)                not set up for use with LaTeX.

See the inputenc package documentation for explanation.
Type  H <return>  for immediate help.
 ...                                              
                                                  
l.3 ...ŒÏ„ÎµÏÎ¿Î¹ Î±Ï€ÏŒ ÏŒÏƒÎ¿Ï…Ï‚ Î´ÎµÎ½ Î­Ï‡Î¿
                                                  Ï…Î½ ÎºÎ¬Ï€Î¿Î¹Î± Î¹Î´Î¹Î±...

You may provide a definition with
\DeclareUnicodeCharacter 


! Package inputenc Error: Unicode character Ï… (U+03C5)
(inputenc)                not set up for use with LaTeX.

See the inputenc package documentation for explanation.
Type  H <return>  for immediate help.
 ...                                              
                                                  
l.3 ...„ÎµÏÎ¿Î¹ Î±Ï€ÏŒ ÏŒÏƒÎ¿Ï…Ï‚ Î´ÎµÎ½ Î­Ï‡Î¿Ï…
                                                  Î½ ÎºÎ¬Ï€Î¿Î¹Î± Î¹Î´Î¹Î±Î¯...

You may provide a definition with
\DeclareUnicodeCharacter 


! Package inputenc Error: Unicode character Î½ (U+03BD)
(inputenc)                not set up for use with LaTeX.

See the inputenc package documentation for explanation.
Type  H <return>  for immediate help.
 ...                                              
                                                  
l.3 ...µÏÎ¿Î¹ Î±Ï€ÏŒ ÏŒÏƒÎ¿Ï…Ï‚ Î´ÎµÎ½ Î­Ï‡Î¿Ï…Î½
                                                   ÎºÎ¬Ï€Î¿Î¹Î± Î¹Î´Î¹Î±Î¯Ï„...

You may provide a definition with
\DeclareUnicodeCharacter 


! Package inputenc Error: Unicode character Îº (U+03BA)
(inputenc)                not set up for use with LaTeX.

See the inputenc package documentation for explanation.
Type  H <return>  for immediate help.
 ...                                              
                                                  
l.3 ...Î¿Î¹ Î±Ï€ÏŒ ÏŒÏƒÎ¿Ï…Ï‚ Î´ÎµÎ½ Î­Ï‡Î¿Ï…Î½ Îº
                                                  Î¬Ï€Î¿Î¹Î± Î¹Î´Î¹Î±Î¯Ï„ÎµÏ...

You may provide a definition with
\DeclareUnicodeCharacter 


! Package inputenc Error: Unicode character Î¬ (U+03AC)
(inputenc)                not set up for use with LaTeX.

See the inputenc package documentation for explanation.
Type  H <return>  for immediate help.
 ...                                              
                                                  
l.3 ...Î¹ Î±Ï€ÏŒ ÏŒÏƒÎ¿Ï…Ï‚ Î´ÎµÎ½ Î­Ï‡Î¿Ï…Î½ ÎºÎ¬
                                                  Ï€Î¿Î¹Î± Î¹Î´Î¹Î±Î¯Ï„ÎµÏÎ...

You may provide a definition with
\DeclareUnicodeCharacter 


! Package inputenc Error: Unicode character Ï€ (U+03C0)
(inputenc)                not set up for use with LaTeX.

See the inputenc package documentation for explanation.
Type  H <return>  for immediate help.
 ...                                              
                                                  
l.3 ... Î±Ï€ÏŒ ÏŒÏƒÎ¿Ï…Ï‚ Î´ÎµÎ½ Î­Ï‡Î¿Ï…Î½ ÎºÎ¬Ï€
                                                  Î¿Î¹Î± Î¹Î´Î¹Î±Î¯Ï„ÎµÏÎ· ...

You may provide a definition with
\DeclareUnicodeCharacter 


! Package inputenc Error: Unicode character Î¿ (U+03BF)
(inputenc)                not set up for use with LaTeX.

See the inputenc package documentation for explanation.
Type  H <return>  for immediate help.
 ...                                              
                                                  
l.3 ...±Ï€ÏŒ ÏŒÏƒÎ¿Ï…Ï‚ Î´ÎµÎ½ Î­Ï‡Î¿Ï…Î½ ÎºÎ¬Ï€Î¿
                                                  Î¹Î± Î¹Î´Î¹Î±Î¯Ï„ÎµÏÎ· Îµ...

You may provide a definition with
\DeclareUnicodeCharacter 


! Package inputenc Error: Unicode character Î¹ (U+03B9)
(inputenc)                not set up for use with LaTeX.

See the inputenc package documentation for explanation.
Type  H <return>  for immediate help.
 ...                                              
                                                  
l.3 ...€ÏŒ ÏŒÏƒÎ¿Ï…Ï‚ Î´ÎµÎ½ Î­Ï‡Î¿Ï…Î½ ÎºÎ¬Ï€Î¿Î¹
                                                  Î± Î¹Î´Î¹Î±Î¯Ï„ÎµÏÎ· ÎµÎ¾...

You may provide a definition with
\DeclareUnicodeCharacter 


! Package inputenc Error: Unicode character Î± (U+03B1)
(inputenc)                not set up for use with LaTeX.

See the inputenc package documentation for explanation.
Type  H <return>  for immediate help.
 ...                                              
                                                  
l.3 ...Œ ÏŒÏƒÎ¿Ï…Ï‚ Î´ÎµÎ½ Î­Ï‡Î¿Ï…Î½ ÎºÎ¬Ï€Î¿Î¹Î±
                                                   Î¹Î´Î¹Î±Î¯Ï„ÎµÏÎ· ÎµÎ¾Î¿...

You may provide a definition with
\DeclareUnicodeCharacter 


! Package inputenc Error: Unicode character Î¹ (U+03B9)
(inputenc)                not set up for use with LaTeX.

See the inputenc package documentation for explanation.
Type  H <return>  for immediate help.
 ...                                              
                                                  
l.3 ...ŒÏƒÎ¿Ï…Ï‚ Î´ÎµÎ½ Î­Ï‡Î¿Ï…Î½ ÎºÎ¬Ï€Î¿Î¹Î± Î¹
                                                  Î´Î¹Î±Î¯Ï„ÎµÏÎ· ÎµÎ¾Î¿Î¹Î...

You may provide a definition with
\DeclareUnicodeCharacter 


! Package inputenc Error: Unicode character Î´ (U+03B4)
(inputenc)                not set up for use with LaTeX.

See the inputenc package documentation for explanation.
Type  H <return>  for immediate help.
 ...                                              
                                                  
l.3 ...ƒÎ¿Ï…Ï‚ Î´ÎµÎ½ Î­Ï‡Î¿Ï…Î½ ÎºÎ¬Ï€Î¿Î¹Î± Î¹Î´
                                                  Î¹Î±Î¯Ï„ÎµÏÎ· ÎµÎ¾Î¿Î¹ÎºÎ...

You may provide a definition with
\DeclareUnicodeCharacter 


! Package inputenc Error: Unicode character Î¹ (U+03B9)
(inputenc)                not set up for use with LaTeX.

See the inputenc package documentation for explanation.
Type  H <return>  for immediate help.
 ...                                              
                                                  
l.3 ...¿Ï…Ï‚ Î´ÎµÎ½ Î­Ï‡Î¿Ï…Î½ ÎºÎ¬Ï€Î¿Î¹Î± Î¹Î´Î¹
                                                  Î±Î¯Ï„ÎµÏÎ· ÎµÎ¾Î¿Î¹ÎºÎµÎ...

You may provide a definition with
\DeclareUnicodeCharacter 


! Package inputenc Error: Unicode character Î± (U+03B1)
(inputenc)                not set up for use with LaTeX.

See the inputenc package documentation for explanation.
Type  H <return>  for immediate help.
 ...                                              
                                                  
l.3 ...…Ï‚ Î´ÎµÎ½ Î­Ï‡Î¿Ï…Î½ ÎºÎ¬Ï€Î¿Î¹Î± Î¹Î´Î¹Î±
                                                  Î¯Ï„ÎµÏÎ· ÎµÎ¾Î¿Î¹ÎºÎµÎ¯Ï...

You may provide a definition with
\DeclareUnicodeCharacter 


! Package inputenc Error: Unicode character Î¯ (U+03AF)
(inputenc)                not set up for use with LaTeX.

See the inputenc package documentation for explanation.
Type  H <return>  for immediate help.
 ...                                              
                                                  
l.3 ...‚ Î´ÎµÎ½ Î­Ï‡Î¿Ï…Î½ ÎºÎ¬Ï€Î¿Î¹Î± Î¹Î´Î¹Î±Î¯
                                                  Ï„ÎµÏÎ· ÎµÎ¾Î¿Î¹ÎºÎµÎ¯Ï‰Ï...

You may provide a definition with
\DeclareUnicodeCharacter 


! Package inputenc Error: Unicode character Ï„ (U+03C4)
(inputenc)                not set up for use with LaTeX.

See the inputenc package documentation for explanation.
Type  H <return>  for immediate help.
 ...                                              
                                                  
l.3 ...Î´ÎµÎ½ Î­Ï‡Î¿Ï…Î½ ÎºÎ¬Ï€Î¿Î¹Î± Î¹Î´Î¹Î±Î¯Ï„
                                                  ÎµÏÎ· ÎµÎ¾Î¿Î¹ÎºÎµÎ¯Ï‰ÏƒÎ...

You may provide a definition with
\DeclareUnicodeCharacter 


! Package inputenc Error: Unicode character Îµ (U+03B5)
(inputenc)                not set up for use with LaTeX.

See the inputenc package documentation for explanation.
Type  H <return>  for immediate help.
 ...                                              
                                                  
l.3 ...ÎµÎ½ Î­Ï‡Î¿Ï…Î½ ÎºÎ¬Ï€Î¿Î¹Î± Î¹Î´Î¹Î±Î¯Ï„Îµ
                                                  ÏÎ· ÎµÎ¾Î¿Î¹ÎºÎµÎ¯Ï‰ÏƒÎ· ...

You may provide a definition with
\DeclareUnicodeCharacter 


! Package inputenc Error: Unicode character Ï (U+03C1)
(inputenc)                not set up for use with LaTeX.

See the inputenc package documentation for explanation.
Type  H <return>  for immediate help.
 ...                                              
                                                  
l.3 ...Î½ Î­Ï‡Î¿Ï…Î½ ÎºÎ¬Ï€Î¿Î¹Î± Î¹Î´Î¹Î±Î¯Ï„ÎµÏ
                                                  Î· ÎµÎ¾Î¿Î¹ÎºÎµÎ¯Ï‰ÏƒÎ· Î¼...

You may provide a definition with
\DeclareUnicodeCharacter 


! Package inputenc Error: Unicode character Î· (U+03B7)
(inputenc)                not set up for use with LaTeX.

See the inputenc package documentation for explanation.
Type  H <return>  for immediate help.
 ...                                              
                                                  
l.3 ... Î­Ï‡Î¿Ï…Î½ ÎºÎ¬Ï€Î¿Î¹Î± Î¹Î´Î¹Î±Î¯Ï„ÎµÏÎ·
                                                   ÎµÎ¾Î¿Î¹ÎºÎµÎ¯Ï‰ÏƒÎ· Î¼Îµ...

You may provide a definition with
\DeclareUnicodeCharacter 


! Package inputenc Error: Unicode character Îµ (U+03B5)
(inputenc)                not set up for use with LaTeX.

See the inputenc package documentation for explanation.
Type  H <return>  for immediate help.
 ...                                              
                                                  
l.3 ...Ï‡Î¿Ï…Î½ ÎºÎ¬Ï€Î¿Î¹Î± Î¹Î´Î¹Î±Î¯Ï„ÎµÏÎ· Îµ
                                                  Î¾Î¿Î¹ÎºÎµÎ¯Ï‰ÏƒÎ· Î¼Îµ Ï„...

You may provide a definition with
\DeclareUnicodeCharacter 


! Package inputenc Error: Unicode character Î¾ (U+03BE)
(inputenc)                not set up for use with LaTeX.

See the inputenc package documentation for explanation.
Type  H <return>  for immediate help.
 ...                                              
                                                  
l.3 ...Î¿Ï…Î½ ÎºÎ¬Ï€Î¿Î¹Î± Î¹Î´Î¹Î±Î¯Ï„ÎµÏÎ· ÎµÎ¾
                                                  Î¿Î¹ÎºÎµÎ¯Ï‰ÏƒÎ· Î¼Îµ Ï„Î·...

You may provide a definition with
\DeclareUnicodeCharacter 


! Package inputenc Error: Unicode character Î¿ (U+03BF)
(inputenc)                not set up for use with LaTeX.

See the inputenc package documentation for explanation.
Type  H <return>  for immediate help.
 ...                                              
                                                  
l.3 ...Ï…Î½ ÎºÎ¬Ï€Î¿Î¹Î± Î¹Î´Î¹Î±Î¯Ï„ÎµÏÎ· ÎµÎ¾Î¿
                                                  Î¹ÎºÎµÎ¯Ï‰ÏƒÎ· Î¼Îµ Ï„Î·Î½...

You may provide a definition with
\DeclareUnicodeCharacter 


! Package inputenc Error: Unicode character Î¹ (U+03B9)
(inputenc)                not set up for use with LaTeX.

See the inputenc package documentation for explanation.
Type  H <return>  for immediate help.
 ...                                              
                                                  
l.3 ...Î½ ÎºÎ¬Ï€Î¿Î¹Î± Î¹Î´Î¹Î±Î¯Ï„ÎµÏÎ· ÎµÎ¾Î¿Î¹
                                                  ÎºÎµÎ¯Ï‰ÏƒÎ· Î¼Îµ Ï„Î·Î½ Ï...

You may provide a definition with
\DeclareUnicodeCharacter 


! Package inputenc Error: Unicode character Îº (U+03BA)
(inputenc)                not set up for use with LaTeX.

See the inputenc package documentation for explanation.
Type  H <return>  for immediate help.
 ...                                              
                                                  
l.3 ... ÎºÎ¬Ï€Î¿Î¹Î± Î¹Î´Î¹Î±Î¯Ï„ÎµÏÎ· ÎµÎ¾Î¿Î¹Îº
                                                  ÎµÎ¯Ï‰ÏƒÎ· Î¼Îµ Ï„Î·Î½ Ï€Î...

You may provide a definition with
\DeclareUnicodeCharacter 


! Package inputenc Error: Unicode character Îµ (U+03B5)
(inputenc)                not set up for use with LaTeX.

See the inputenc package documentation for explanation.
Type  H <return>  for immediate help.
 ...                                              
                                                  
l.3 ...ºÎ¬Ï€Î¿Î¹Î± Î¹Î´Î¹Î±Î¯Ï„ÎµÏÎ· ÎµÎ¾Î¿Î¹ÎºÎµ
                                                  Î¯Ï‰ÏƒÎ· Î¼Îµ Ï„Î·Î½ Ï€ÎµÎ...

You may provide a definition with
\DeclareUnicodeCharacter 


! Package inputenc Error: Unicode character Î¯ (U+03AF)
(inputenc)                not set up for use with LaTeX.

See the inputenc package documentation for explanation.
Type  H <return>  for immediate help.
 ...                                              
                                                  
l.3 ...¬Ï€Î¿Î¹Î± Î¹Î´Î¹Î±Î¯Ï„ÎµÏÎ· ÎµÎ¾Î¿Î¹ÎºÎµÎ¯
                                                  Ï‰ÏƒÎ· Î¼Îµ Ï„Î·Î½ Ï€ÎµÎ¹Ï...

You may provide a definition with
\DeclareUnicodeCharacter 


! Package inputenc Error: Unicode character Ï‰ (U+03C9)
(inputenc)                not set up for use with LaTeX.

See the inputenc package documentation for explanation.
Type  H <return>  for immediate help.
 ...                                              
                                                  
l.3 ...€Î¿Î¹Î± Î¹Î´Î¹Î±Î¯Ï„ÎµÏÎ· ÎµÎ¾Î¿Î¹ÎºÎµÎ¯Ï‰
                                                  ÏƒÎ· Î¼Îµ Ï„Î·Î½ Ï€ÎµÎ¹ÏÎ...

You may provide a definition with
\DeclareUnicodeCharacter 


! Package inputenc Error: Unicode character Ïƒ (U+03C3)
(inputenc)                not set up for use with LaTeX.

See the inputenc package documentation for explanation.
Type  H <return>  for immediate help.
 ...                                              
                                                  
l.3 ...¿Î¹Î± Î¹Î´Î¹Î±Î¯Ï„ÎµÏÎ· ÎµÎ¾Î¿Î¹ÎºÎµÎ¯Ï‰Ïƒ
                                                  Î· Î¼Îµ Ï„Î·Î½ Ï€ÎµÎ¹ÏÎ±Î...

You may provide a definition with
\DeclareUnicodeCharacter 


! Package inputenc Error: Unicode character Î· (U+03B7)
(inputenc)                not set up for use with LaTeX.

See the inputenc package documentation for explanation.
Type  H <return>  for immediate help.
 ...                                              
                                                  
l.3 ...¹Î± Î¹Î´Î¹Î±Î¯Ï„ÎµÏÎ· ÎµÎ¾Î¿Î¹ÎºÎµÎ¯Ï‰ÏƒÎ·
                                                   Î¼Îµ Ï„Î·Î½ Ï€ÎµÎ¹ÏÎ±Î¼Ï...

You may provide a definition with
\DeclareUnicodeCharacter 


! Package inputenc Error: Unicode character Î¼ (U+03BC)
(inputenc)                not set up for use with LaTeX.

See the inputenc package documentation for explanation.
Type  H <return>  for immediate help.
 ...                                              
                                                  
l.3 ... Î¹Î´Î¹Î±Î¯Ï„ÎµÏÎ· ÎµÎ¾Î¿Î¹ÎºÎµÎ¯Ï‰ÏƒÎ· Î¼
                                                  Îµ Ï„Î·Î½ Ï€ÎµÎ¹ÏÎ±Î¼Ï„Î¹...

You may provide a definition with
\DeclareUnicodeCharacter 


! Package inputenc Error: Unicode character Îµ (U+03B5)
(inputenc)                not set up for use with LaTeX.

See the inputenc package documentation for explanation.
Type  H <return>  for immediate help.
 ...                                              
                                                  
l.3 ...¹Î´Î¹Î±Î¯Ï„ÎµÏÎ· ÎµÎ¾Î¿Î¹ÎºÎµÎ¯Ï‰ÏƒÎ· Î¼Îµ
                                                   Ï„Î·Î½ Ï€ÎµÎ¹ÏÎ±Î¼Ï„Î¹Îº...

You may provide a definition with
\DeclareUnicodeCharacter 


! Package inputenc Error: Unicode character Ï„ (U+03C4)
(inputenc)                not set up for use with LaTeX.

See the inputenc package documentation for explanation.
Type  H <return>  for immediate help.
 ...                                              
                                                  
l.3 ...Î¹Î±Î¯Ï„ÎµÏÎ· ÎµÎ¾Î¿Î¹ÎºÎµÎ¯Ï‰ÏƒÎ· Î¼Îµ Ï„
                                                  Î·Î½ Ï€ÎµÎ¹ÏÎ±Î¼Ï„Î¹ÎºÎ® ...

You may provide a definition with
\DeclareUnicodeCharacter 


! Package inputenc Error: Unicode character Î· (U+03B7)
(inputenc)                not set up for use with LaTeX.

See the inputenc package documentation for explanation.
Type  H <return>  for immediate help.
 ...                                              
                                                  
l.3 ...Î±Î¯Ï„ÎµÏÎ· ÎµÎ¾Î¿Î¹ÎºÎµÎ¯Ï‰ÏƒÎ· Î¼Îµ Ï„Î·
                                                  Î½ Ï€ÎµÎ¹ÏÎ±Î¼Ï„Î¹ÎºÎ® Ï†...

You may provide a definition with
\DeclareUnicodeCharacter 


! Package inputenc Error: Unicode character Î½ (U+03BD)
(inputenc)                not set up for use with LaTeX.

See the inputenc package documentation for explanation.
Type  H <return>  for immediate help.
 ...                                              
                                                  
l.3 ...Î¯Ï„ÎµÏÎ· ÎµÎ¾Î¿Î¹ÎºÎµÎ¯Ï‰ÏƒÎ· Î¼Îµ Ï„Î·Î½
                                                   Ï€ÎµÎ¹ÏÎ±Î¼Ï„Î¹ÎºÎ® Ï†Ï…...

You may provide a definition with
\DeclareUnicodeCharacter 


! Package inputenc Error: Unicode character Ï€ (U+03C0)
(inputenc)                not set up for use with LaTeX.

See the inputenc package documentation for explanation.
Type  H <return>  for immediate help.
 ...                                              
                                                  
l.3 ...„ÎµÏÎ· ÎµÎ¾Î¿Î¹ÎºÎµÎ¯Ï‰ÏƒÎ· Î¼Îµ Ï„Î·Î½ Ï€
                                                  ÎµÎ¹ÏÎ±Î¼Ï„Î¹ÎºÎ® Ï†Ï…ÏƒÎ...

You may provide a definition with
\DeclareUnicodeCharacter 


! Package inputenc Error: Unicode character Îµ (U+03B5)
(inputenc)                not set up for use with LaTeX.

See the inputenc package documentation for explanation.
Type  H <return>  for immediate help.
 ...                                              
                                                  
l.3 ...µÏÎ· ÎµÎ¾Î¿Î¹ÎºÎµÎ¯Ï‰ÏƒÎ· Î¼Îµ Ï„Î·Î½ Ï€Îµ
                                                  Î¹ÏÎ±Î¼Ï„Î¹ÎºÎ® Ï†Ï…ÏƒÎ¹Î...

You may provide a definition with
\DeclareUnicodeCharacter 


! Package inputenc Error: Unicode character Î¹ (U+03B9)
(inputenc)                not set up for use with LaTeX.

See the inputenc package documentation for explanation.
Type  H <return>  for immediate help.
 ...                                              
                                                  
l.3 ...Î· ÎµÎ¾Î¿Î¹ÎºÎµÎ¯Ï‰ÏƒÎ· Î¼Îµ Ï„Î·Î½ Ï€ÎµÎ¹
                                                  ÏÎ±Î¼Ï„Î¹ÎºÎ® Ï†Ï…ÏƒÎ¹ÎºÎ...

You may provide a definition with
\DeclareUnicodeCharacter 


! Package inputenc Error: Unicode character Ï (U+03C1)
(inputenc)                not set up for use with LaTeX.

See the inputenc package documentation for explanation.
Type  H <return>  for immediate help.
 ...                                              
                                                  
l.3 ...· ÎµÎ¾Î¿Î¹ÎºÎµÎ¯Ï‰ÏƒÎ· Î¼Îµ Ï„Î·Î½ Ï€ÎµÎ¹Ï
                                                  Î±Î¼Ï„Î¹ÎºÎ® Ï†Ï…ÏƒÎ¹ÎºÎ® ...

You may provide a definition with
\DeclareUnicodeCharacter 


! Package inputenc Error: Unicode character Î± (U+03B1)
(inputenc)                not set up for use with LaTeX.

See the inputenc package documentation for explanation.
Type  H <return>  for immediate help.
 ...                                              
                                                  
l.3 ...ÎµÎ¾Î¿Î¹ÎºÎµÎ¯Ï‰ÏƒÎ· Î¼Îµ Ï„Î·Î½ Ï€ÎµÎ¹ÏÎ±
                                                  Î¼Ï„Î¹ÎºÎ® Ï†Ï…ÏƒÎ¹ÎºÎ® Ï…...

You may provide a definition with
\DeclareUnicodeCharacter 


! Package inputenc Error: Unicode character Î¼ (U+03BC)
(inputenc)                not set up for use with LaTeX.

See the inputenc package documentation for explanation.
Type  H <return>  for immediate help.
 ...                                              
                                                  
l.3 ...Î¾Î¿Î¹ÎºÎµÎ¯Ï‰ÏƒÎ· Î¼Îµ Ï„Î·Î½ Ï€ÎµÎ¹ÏÎ±Î¼
                                                  Ï„Î¹ÎºÎ® Ï†Ï…ÏƒÎ¹ÎºÎ® Ï…Ïˆ...

You may provide a definition with
\DeclareUnicodeCharacter 


! Package inputenc Error: Unicode character Ï„ (U+03C4)
(inputenc)                not set up for use with LaTeX.

See the inputenc package documentation for explanation.
Type  H <return>  for immediate help.
 ...                                              
                                                  
l.3 ...Î¿Î¹ÎºÎµÎ¯Ï‰ÏƒÎ· Î¼Îµ Ï„Î·Î½ Ï€ÎµÎ¹ÏÎ±Î¼Ï„
                                                  Î¹ÎºÎ® Ï†Ï…ÏƒÎ¹ÎºÎ® Ï…ÏˆÎ·...

You may provide a definition with
\DeclareUnicodeCharacter 


! Package inputenc Error: Unicode character Î¹ (U+03B9)
(inputenc)                not set up for use with LaTeX.

See the inputenc package documentation for explanation.
Type  H <return>  for immediate help.
 ...                                              
                                                  
l.3 ...Î¹ÎºÎµÎ¯Ï‰ÏƒÎ· Î¼Îµ Ï„Î·Î½ Ï€ÎµÎ¹ÏÎ±Î¼Ï„Î¹
                                                  ÎºÎ® Ï†Ï…ÏƒÎ¹ÎºÎ® Ï…ÏˆÎ·Î»...

You may provide a definition with
\DeclareUnicodeCharacter 


! Package inputenc Error: Unicode character Îº (U+03BA)
(inputenc)                not set up for use with LaTeX.

See the inputenc package documentation for explanation.
Type  H <return>  for immediate help.
 ...                                              
                                                  
l.3 ...ÎºÎµÎ¯Ï‰ÏƒÎ· Î¼Îµ Ï„Î·Î½ Ï€ÎµÎ¹ÏÎ±Î¼Ï„Î¹Îº
                                                  Î® Ï†Ï…ÏƒÎ¹ÎºÎ® Ï…ÏˆÎ·Î»Ï...

You may provide a definition with
\DeclareUnicodeCharacter 


! Package inputenc Error: Unicode character Î® (U+03AE)
(inputenc)                not set up for use with LaTeX.

See the inputenc package documentation for explanation.
Type  H <return>  for immediate help.
 ...                                              
                                                  
l.3 ...ÎµÎ¯Ï‰ÏƒÎ· Î¼Îµ Ï„Î·Î½ Ï€ÎµÎ¹ÏÎ±Î¼Ï„Î¹ÎºÎ®
                                                   Ï†Ï…ÏƒÎ¹ÎºÎ® Ï…ÏˆÎ·Î»ÏÎ½...

You may provide a definition with
\DeclareUnicodeCharacter 


! Package inputenc Error: Unicode character Ï† (U+03C6)
(inputenc)                not set up for use with LaTeX.

See the inputenc package documentation for explanation.
Type  H <return>  for immediate help.
 ...                                              
                                                  
l.3 ...¯Ï‰ÏƒÎ· Î¼Îµ Ï„Î·Î½ Ï€ÎµÎ¹ÏÎ±Î¼Ï„Î¹ÎºÎ® Ï†
                                                  Ï…ÏƒÎ¹ÎºÎ® Ï…ÏˆÎ·Î»ÏÎ½ Îµ...

You may provide a definition with
\DeclareUnicodeCharacter 


! Package inputenc Error: Unicode character Ï… (U+03C5)
(inputenc)                not set up for use with LaTeX.

See the inputenc package documentation for explanation.
Type  H <return>  for immediate help.
 ...                                              
                                                  
l.3 ...‰ÏƒÎ· Î¼Îµ Ï„Î·Î½ Ï€ÎµÎ¹ÏÎ±Î¼Ï„Î¹ÎºÎ® Ï†Ï…
                                                  ÏƒÎ¹ÎºÎ® Ï…ÏˆÎ·Î»ÏÎ½ ÎµÎ½...

You may provide a definition with
\DeclareUnicodeCharacter 


! Package inputenc Error: Unicode character Ïƒ (U+03C3)
(inputenc)                not set up for use with LaTeX.

See the inputenc package documentation for explanation.
Type  H <return>  for immediate help.
 ...                                              
                                                  
l.3 ...ƒÎ· Î¼Îµ Ï„Î·Î½ Ï€ÎµÎ¹ÏÎ±Î¼Ï„Î¹ÎºÎ® Ï†Ï…Ïƒ
                                                  Î¹ÎºÎ® Ï…ÏˆÎ·Î»ÏÎ½ ÎµÎ½Îµ...

You may provide a definition with
\DeclareUnicodeCharacter 


! Package inputenc Error: Unicode character Î¹ (U+03B9)
(inputenc)                not set up for use with LaTeX.

See the inputenc package documentation for explanation.
Type  H <return>  for immediate help.
 ...                                              
                                                  
l.3 ...· Î¼Îµ Ï„Î·Î½ Ï€ÎµÎ¹ÏÎ±Î¼Ï„Î¹ÎºÎ® Ï†Ï…ÏƒÎ¹
                                                  ÎºÎ® Ï…ÏˆÎ·Î»ÏÎ½ ÎµÎ½ÎµÏ...

You may provide a definition with
\DeclareUnicodeCharacter 


! Package inputenc Error: Unicode character Îº (U+03BA)
(inputenc)                not set up for use with LaTeX.

See the inputenc package documentation for explanation.
Type  H <return>  for immediate help.
 ...                                              
                                                  
l.3 ...Î¼Îµ Ï„Î·Î½ Ï€ÎµÎ¹ÏÎ±Î¼Ï„Î¹ÎºÎ® Ï†Ï…ÏƒÎ¹Îº
                                                  Î® Ï…ÏˆÎ·Î»ÏÎ½ ÎµÎ½ÎµÏÎ³...

You may provide a definition with
\DeclareUnicodeCharacter 


! Package inputenc Error: Unicode character Î® (U+03AE)
(inputenc)                not set up for use with LaTeX.

See the inputenc package documentation for explanation.
Type  H <return>  for immediate help.
 ...                                              
                                                  
l.3 ...Îµ Ï„Î·Î½ Ï€ÎµÎ¹ÏÎ±Î¼Ï„Î¹ÎºÎ® Ï†Ï…ÏƒÎ¹ÎºÎ®
                                                   Ï…ÏˆÎ·Î»ÏÎ½ ÎµÎ½ÎµÏÎ³Îµ...

You may provide a definition with
\DeclareUnicodeCharacter 


! Package inputenc Error: Unicode character Ï… (U+03C5)
(inputenc)                not set up for use with LaTeX.

See the inputenc package documentation for explanation.
Type  H <return>  for immediate help.
 ...                                              
                                                  
l.3 ...Ï„Î·Î½ Ï€ÎµÎ¹ÏÎ±Î¼Ï„Î¹ÎºÎ® Ï†Ï…ÏƒÎ¹ÎºÎ® Ï…
                                                  ÏˆÎ·Î»ÏÎ½ ÎµÎ½ÎµÏÎ³ÎµÎ¹Ï...

You may provide a definition with
\DeclareUnicodeCharacter 


! Package inputenc Error: Unicode character Ïˆ (U+03C8)
(inputenc)                not set up for use with LaTeX.

See the inputenc package documentation for explanation.
Type  H <return>  for immediate help.
 ...                                              
                                                  
l.3 ...Î·Î½ Ï€ÎµÎ¹ÏÎ±Î¼Ï„Î¹ÎºÎ® Ï†Ï…ÏƒÎ¹ÎºÎ® Ï…Ïˆ
                                                  Î·Î»ÏÎ½ ÎµÎ½ÎµÏÎ³ÎµÎ¹ÏÎ...

You may provide a definition with
\DeclareUnicodeCharacter 


! Package inputenc Error: Unicode character Î· (U+03B7)
(inputenc)                not set up for use with LaTeX.

See the inputenc package documentation for explanation.
Type  H <return>  for immediate help.
 ...                                              
                                                  
l.3 ...Î½ Ï€ÎµÎ¹ÏÎ±Î¼Ï„Î¹ÎºÎ® Ï†Ï…ÏƒÎ¹ÎºÎ® Ï…ÏˆÎ·
                                                  Î»ÏÎ½ ÎµÎ½ÎµÏÎ³ÎµÎ¹ÏÎ½,...

You may provide a definition with
\DeclareUnicodeCharacter 


! Package inputenc Error: Unicode character Î» (U+03BB)
(inputenc)                not set up for use with LaTeX.

See the inputenc package documentation for explanation.
Type  H <return>  for immediate help.
 ...                                              
                                                  
l.3 ... Ï€ÎµÎ¹ÏÎ±Î¼Ï„Î¹ÎºÎ® Ï†Ï…ÏƒÎ¹ÎºÎ® Ï…ÏˆÎ·Î»
                                                  ÏÎ½ ÎµÎ½ÎµÏÎ³ÎµÎ¹ÏÎ½, Ï...

You may provide a definition with
\DeclareUnicodeCharacter 


! Package inputenc Error: Unicode character Ï (U+03CE)
(inputenc)                not set up for use with LaTeX.

See the inputenc package documentation for explanation.
Type  H <return>  for immediate help.
 ...                                              
                                                  
l.3 ...€ÎµÎ¹ÏÎ±Î¼Ï„Î¹ÎºÎ® Ï†Ï…ÏƒÎ¹ÎºÎ® Ï…ÏˆÎ·Î»Ï
                                                  Î½ ÎµÎ½ÎµÏÎ³ÎµÎ¹ÏÎ½, ÏŒÏ...

You may provide a definition with
\DeclareUnicodeCharacter 


! Package inputenc Error: Unicode character Î½ (U+03BD)
(inputenc)                not set up for use with LaTeX.

See the inputenc package documentation for explanation.
Type  H <return>  for immediate help.
 ...                                              
                                                  
l.3 ...µÎ¹ÏÎ±Î¼Ï„Î¹ÎºÎ® Ï†Ï…ÏƒÎ¹ÎºÎ® Ï…ÏˆÎ·Î»ÏÎ½
                                                   ÎµÎ½ÎµÏÎ³ÎµÎ¹ÏÎ½, ÏŒÏ€Ï...

You may provide a definition with
\DeclareUnicodeCharacter 


! Package inputenc Error: Unicode character Îµ (U+03B5)
(inputenc)                not set up for use with LaTeX.

See the inputenc package documentation for explanation.
Type  H <return>  for immediate help.
 ...                                              
                                                  
l.3 ...ÏÎ±Î¼Ï„Î¹ÎºÎ® Ï†Ï…ÏƒÎ¹ÎºÎ® Ï…ÏˆÎ·Î»ÏÎ½ Îµ
                                                  Î½ÎµÏÎ³ÎµÎ¹ÏÎ½, ÏŒÏ€Ï‰Ï‚...

You may provide a definition with
\DeclareUnicodeCharacter 


! Package inputenc Error: Unicode character Î½ (U+03BD)
(inputenc)                not set up for use with LaTeX.

See the inputenc package documentation for explanation.
Type  H <return>  for immediate help.
 ...                                              
                                                  
l.3 ...Î±Î¼Ï„Î¹ÎºÎ® Ï†Ï…ÏƒÎ¹ÎºÎ® Ï…ÏˆÎ·Î»ÏÎ½ ÎµÎ½
                                                  ÎµÏÎ³ÎµÎ¹ÏÎ½, ÏŒÏ€Ï‰Ï‚ Î...

You may provide a definition with
\DeclareUnicodeCharacter 


! Package inputenc Error: Unicode character Îµ (U+03B5)
(inputenc)                not set up for use with LaTeX.

See the inputenc package documentation for explanation.
Type  H <return>  for immediate help.
 ...                                              
                                                  
l.3 ...Î¼Ï„Î¹ÎºÎ® Ï†Ï…ÏƒÎ¹ÎºÎ® Ï…ÏˆÎ·Î»ÏÎ½ ÎµÎ½Îµ
                                                  ÏÎ³ÎµÎ¹ÏÎ½, ÏŒÏ€Ï‰Ï‚ ÎºÎ...

You may provide a definition with
\DeclareUnicodeCharacter 


! Package inputenc Error: Unicode character Ï (U+03C1)
(inputenc)                not set up for use with LaTeX.

See the inputenc package documentation for explanation.
Type  H <return>  for immediate help.
 ...                                              
                                                  
l.3 ...Ï„Î¹ÎºÎ® Ï†Ï…ÏƒÎ¹ÎºÎ® Ï…ÏˆÎ·Î»ÏÎ½ ÎµÎ½ÎµÏ
                                                  Î³ÎµÎ¹ÏÎ½, ÏŒÏ€Ï‰Ï‚ ÎºÎ±Ï...

You may provide a definition with
\DeclareUnicodeCharacter 


! Package inputenc Error: Unicode character Î³ (U+03B3)
(inputenc)                not set up for use with LaTeX.

See the inputenc package documentation for explanation.
Type  H <return>  for immediate help.
 ...                                              
                                                  
l.3 ...Î¹ÎºÎ® Ï†Ï…ÏƒÎ¹ÎºÎ® Ï…ÏˆÎ·Î»ÏÎ½ ÎµÎ½ÎµÏÎ³
                                                  ÎµÎ¹ÏÎ½, ÏŒÏ€Ï‰Ï‚ ÎºÎ±Ï„Î...

You may provide a definition with
\DeclareUnicodeCharacter 


! Package inputenc Error: Unicode character Îµ (U+03B5)
(inputenc)                not set up for use with LaTeX.

See the inputenc package documentation for explanation.
Type  H <return>  for immediate help.
 ...                                              
                                                  
l.3 ...ÎºÎ® Ï†Ï…ÏƒÎ¹ÎºÎ® Ï…ÏˆÎ·Î»ÏÎ½ ÎµÎ½ÎµÏÎ³Îµ
                                                  Î¹ÏÎ½, ÏŒÏ€Ï‰Ï‚ ÎºÎ±Ï„Î¬ ...

You may provide a definition with
\DeclareUnicodeCharacter 


! Package inputenc Error: Unicode character Î¹ (U+03B9)
(inputenc)                not set up for use with LaTeX.

See the inputenc package documentation for explanation.
Type  H <return>  for immediate help.
 ...                                              
                                                  
l.3 ...Î® Ï†Ï…ÏƒÎ¹ÎºÎ® Ï…ÏˆÎ·Î»ÏÎ½ ÎµÎ½ÎµÏÎ³ÎµÎ¹
                                                  ÏÎ½, ÏŒÏ€Ï‰Ï‚ ÎºÎ±Ï„Î¬ Ï€...

You may provide a definition with
\DeclareUnicodeCharacter 


! Package inputenc Error: Unicode character Ï (U+03CE)
(inputenc)                not set up for use with LaTeX.

See the inputenc package documentation for explanation.
Type  H <return>  for immediate help.
 ...                                              
                                                  
l.3 ... Ï†Ï…ÏƒÎ¹ÎºÎ® Ï…ÏˆÎ·Î»ÏÎ½ ÎµÎ½ÎµÏÎ³ÎµÎ¹Ï
                                                  Î½, ÏŒÏ€Ï‰Ï‚ ÎºÎ±Ï„Î¬ Ï€Î¬...

You may provide a definition with
\DeclareUnicodeCharacter 


! Package inputenc Error: Unicode character Î½ (U+03BD)
(inputenc)                not set up for use with LaTeX.

See the inputenc package documentation for explanation.
Type  H <return>  for immediate help.
 ...                                              
                                                  
l.3 ...†Ï…ÏƒÎ¹ÎºÎ® Ï…ÏˆÎ·Î»ÏÎ½ ÎµÎ½ÎµÏÎ³ÎµÎ¹ÏÎ½
                                                  , ÏŒÏ€Ï‰Ï‚ ÎºÎ±Ï„Î¬ Ï€Î¬Ïƒ...
(That makes 100 errors; please try again.) 
Here is how much of TeX's memory you used:
 49 strings out of 480790
 958 string characters out of 2904292
 238890 words of memory out of 3000000
 16160 multiletter control sequences out of 15000+200000
 532338 words of font info for 24 fonts, out of 3000000 for 9000
 1141 hyphenation exceptions out of 8191
 12i,0n,15p,768b,23s stack positions out of 5000i,500n,10000p,200000b,50000s

!  ==> Fatal error occurred, no output PDF file produced!
