This is pdfTeX, Version 3.14159265-2.6-1.40.21 (MiKTeX 20.6.29) (preloaded format=pdflatex 2020.9.1)  8 NOV 2022 22:38
entering extended mode
**./Alternating_Gradient_Synchrotron.tex
(Alternating_Gradient_Synchrotron.tex
LaTeX2e <2020-02-02> patch level 5
L3 programming layer <2020-06-18>
! Undefined control sequence.
l.1 \subsection
               {Alternating Gradient Synchrotron (AGS)}
The control sequence at the end of the top line
of your error message was never \def'ed. If you have
misspelled it (e.g., `\hobx'), type `I' and the correct
spelling (e.g., `I\hbox'). Otherwise just continue,
and I'll forget about whatever was undefined.


! LaTeX Error: Missing \begin{document}.

See the LaTeX manual or LaTeX Companion for explanation.
Type  H <return>  for immediate help.
 ...                                              
                                                  
l.1 \subsection{A
                 lternating Gradient Synchrotron (AGS)}
You're in trouble here.  Try typing  <return>  to proceed.
If that doesn't work, type  X <return>  to quit.

Missing character: There is no A in font nullfont!
Missing character: There is no l in font nullfont!
Missing character: There is no t in font nullfont!
Missing character: There is no e in font nullfont!
Missing character: There is no r in font nullfont!
Missing character: There is no n in font nullfont!
Missing character: There is no a in font nullfont!
Missing character: There is no t in font nullfont!
Missing character: There is no i in font nullfont!
Missing character: There is no n in font nullfont!
Missing character: There is no g in font nullfont!
Missing character: There is no G in font nullfont!
Missing character: There is no r in font nullfont!
Missing character: There is no a in font nullfont!
Missing character: There is no d in font nullfont!
Missing character: There is no i in font nullfont!
Missing character: There is no e in font nullfont!
Missing character: There is no n in font nullfont!
Missing character: There is no t in font nullfont!
Missing character: There is no S in font nullfont!
Missing character: There is no y in font nullfont!
Missing character: There is no n in font nullfont!
Missing character: There is no c in font nullfont!
Missing character: There is no h in font nullfont!
Missing character: There is no r in font nullfont!
Missing character: There is no o in font nullfont!
Missing character: There is no t in font nullfont!
Missing character: There is no r in font nullfont!
Missing character: There is no o in font nullfont!
Missing character: There is no n in font nullfont!
Missing character: There is no ( in font nullfont!
Missing character: There is no A in font nullfont!
Missing character: There is no G in font nullfont!
Missing character: There is no S in font nullfont!
Missing character: There is no ) in font nullfont!

Overfull \hbox (20.0pt too wide) in paragraph at lines 1--2
[]
 []


! Package inputenc Error: Unicode character Î¤ (U+03A4)
(inputenc)                not set up for use with LaTeX.

See the inputenc package documentation for explanation.
Type  H <return>  for immediate help.
 ...                                              
                                                  
l.4 	Î¤
       Î¿ AGS ÎºÎ±Ï„Î±ÏƒÎºÎµÏ…Î¬ÏƒÏ„Î·ÎºÎµÏ„Î¿ 1960 ÎºÎ±Î¹ Î³Î¹Î± Ï„Î± ÎµÏ€Ï...

You may provide a definition with
\DeclareUnicodeCharacter 


! Package inputenc Error: Unicode character Î¿ (U+03BF)
(inputenc)                not set up for use with LaTeX.

See the inputenc package documentation for explanation.
Type  H <return>  for immediate help.
 ...                                              
                                                  
l.4 	Î¤Î¿
          AGS ÎºÎ±Ï„Î±ÏƒÎºÎµÏ…Î¬ÏƒÏ„Î·ÎºÎµÏ„Î¿ 1960 ÎºÎ±Î¹ Î³Î¹Î± Ï„Î± ÎµÏ€Ï...

You may provide a definition with
\DeclareUnicodeCharacter 


! LaTeX Error: Missing \begin{document}.

See the LaTeX manual or LaTeX Companion for explanation.
Type  H <return>  for immediate help.
 ...                                              
                                                  
l.4 	Î¤Î¿ A
           GS ÎºÎ±Ï„Î±ÏƒÎºÎµÏ…Î¬ÏƒÏ„Î·ÎºÎµÏ„Î¿ 1960 ÎºÎ±Î¹ Î³Î¹Î± Ï„Î± ÎµÏ€Ï...

You're in trouble here.  Try typing  <return>  to proceed.
If that doesn't work, type  X <return>  to quit.

Missing character: There is no A in font nullfont!
Missing character: There is no G in font nullfont!
Missing character: There is no S in font nullfont!

! Package inputenc Error: Unicode character Îº (U+03BA)
(inputenc)                not set up for use with LaTeX.

See the inputenc package documentation for explanation.
Type  H <return>  for immediate help.
 ...                                              
                                                  
l.4 	Î¤Î¿ AGS Îº
                Î±Ï„Î±ÏƒÎºÎµÏ…Î¬ÏƒÏ„Î·ÎºÎµÏ„Î¿ 1960 ÎºÎ±Î¹ Î³Î¹Î± Ï„Î± ÎµÏ€Ï...

You may provide a definition with
\DeclareUnicodeCharacter 


! Package inputenc Error: Unicode character Î± (U+03B1)
(inputenc)                not set up for use with LaTeX.

See the inputenc package documentation for explanation.
Type  H <return>  for immediate help.
 ...                                              
                                                  
l.4 	Î¤Î¿ AGS ÎºÎ±
                  Ï„Î±ÏƒÎºÎµÏ…Î¬ÏƒÏ„Î·ÎºÎµÏ„Î¿ 1960 ÎºÎ±Î¹ Î³Î¹Î± Ï„Î± ÎµÏ€Ï...

You may provide a definition with
\DeclareUnicodeCharacter 


! Package inputenc Error: Unicode character Ï„ (U+03C4)
(inputenc)                not set up for use with LaTeX.

See the inputenc package documentation for explanation.
Type  H <return>  for immediate help.
 ...                                              
                                                  
l.4 	Î¤Î¿ AGS ÎºÎ±Ï„
                    Î±ÏƒÎºÎµÏ…Î¬ÏƒÏ„Î·ÎºÎµÏ„Î¿ 1960 ÎºÎ±Î¹ Î³Î¹Î± Ï„Î± ÎµÏ€Ï...

You may provide a definition with
\DeclareUnicodeCharacter 


! Package inputenc Error: Unicode character Î± (U+03B1)
(inputenc)                not set up for use with LaTeX.

See the inputenc package documentation for explanation.
Type  H <return>  for immediate help.
 ...                                              
                                                  
l.4 	Î¤Î¿ AGS ÎºÎ±Ï„Î±
                      ÏƒÎºÎµÏ…Î¬ÏƒÏ„Î·ÎºÎµÏ„Î¿ 1960 ÎºÎ±Î¹ Î³Î¹Î± Ï„Î± ÎµÏ€Ï...

You may provide a definition with
\DeclareUnicodeCharacter 


! Package inputenc Error: Unicode character Ïƒ (U+03C3)
(inputenc)                not set up for use with LaTeX.

See the inputenc package documentation for explanation.
Type  H <return>  for immediate help.
 ...                                              
                                                  
l.4 	Î¤Î¿ AGS ÎºÎ±Ï„Î±Ïƒ
                        ÎºÎµÏ…Î¬ÏƒÏ„Î·ÎºÎµÏ„Î¿ 1960 ÎºÎ±Î¹ Î³Î¹Î± Ï„Î± ÎµÏ€Ï...

You may provide a definition with
\DeclareUnicodeCharacter 


! Package inputenc Error: Unicode character Îº (U+03BA)
(inputenc)                not set up for use with LaTeX.

See the inputenc package documentation for explanation.
Type  H <return>  for immediate help.
 ...                                              
                                                  
l.4 	Î¤Î¿ AGS ÎºÎ±Ï„Î±ÏƒÎº
                          ÎµÏ…Î¬ÏƒÏ„Î·ÎºÎµÏ„Î¿ 1960 ÎºÎ±Î¹ Î³Î¹Î± Ï„Î± ÎµÏ€Ï...

You may provide a definition with
\DeclareUnicodeCharacter 


! Package inputenc Error: Unicode character Îµ (U+03B5)
(inputenc)                not set up for use with LaTeX.

See the inputenc package documentation for explanation.
Type  H <return>  for immediate help.
 ...                                              
                                                  
l.4 	Î¤Î¿ AGS ÎºÎ±Ï„Î±ÏƒÎºÎµ
                            Ï…Î¬ÏƒÏ„Î·ÎºÎµÏ„Î¿ 1960 ÎºÎ±Î¹ Î³Î¹Î± Ï„Î± ÎµÏ€Ï...

You may provide a definition with
\DeclareUnicodeCharacter 


! Package inputenc Error: Unicode character Ï… (U+03C5)
(inputenc)                not set up for use with LaTeX.

See the inputenc package documentation for explanation.
Type  H <return>  for immediate help.
 ...                                              
                                                  
l.4 	Î¤Î¿ AGS ÎºÎ±Ï„Î±ÏƒÎºÎµÏ…
                              Î¬ÏƒÏ„Î·ÎºÎµÏ„Î¿ 1960 ÎºÎ±Î¹ Î³Î¹Î± Ï„Î± ÎµÏ€Ï...

You may provide a definition with
\DeclareUnicodeCharacter 


! Package inputenc Error: Unicode character Î¬ (U+03AC)
(inputenc)                not set up for use with LaTeX.

See the inputenc package documentation for explanation.
Type  H <return>  for immediate help.
 ...                                              
                                                  
l.4 	Î¤Î¿ AGS ÎºÎ±Ï„Î±ÏƒÎºÎµÏ…Î¬
                                ÏƒÏ„Î·ÎºÎµÏ„Î¿ 1960 ÎºÎ±Î¹ Î³Î¹Î± Ï„Î± ÎµÏ€Ï...

You may provide a definition with
\DeclareUnicodeCharacter 


! Package inputenc Error: Unicode character Ïƒ (U+03C3)
(inputenc)                not set up for use with LaTeX.

See the inputenc package documentation for explanation.
Type  H <return>  for immediate help.
 ...                                              
                                                  
l.4 	Î¤Î¿ AGS ÎºÎ±Ï„Î±ÏƒÎºÎµÏ…Î¬Ïƒ
                                  Ï„Î·ÎºÎµÏ„Î¿ 1960 ÎºÎ±Î¹ Î³Î¹Î± Ï„Î± ÎµÏ€Ï...

You may provide a definition with
\DeclareUnicodeCharacter 


! Package inputenc Error: Unicode character Ï„ (U+03C4)
(inputenc)                not set up for use with LaTeX.

See the inputenc package documentation for explanation.
Type  H <return>  for immediate help.
 ...                                              
                                                  
l.4 	Î¤Î¿ AGS ÎºÎ±Ï„Î±ÏƒÎºÎµÏ…Î¬ÏƒÏ„
                                    Î·ÎºÎµÏ„Î¿ 1960 ÎºÎ±Î¹ Î³Î¹Î± Ï„Î± ÎµÏ€Ï...

You may provide a definition with
\DeclareUnicodeCharacter 


! Package inputenc Error: Unicode character Î· (U+03B7)
(inputenc)                not set up for use with LaTeX.

See the inputenc package documentation for explanation.
Type  H <return>  for immediate help.
 ...                                              
                                                  
l.4 	Î¤Î¿ AGS ÎºÎ±Ï„Î±ÏƒÎºÎµÏ…Î¬ÏƒÏ„Î·
                                      ÎºÎµÏ„Î¿ 1960 ÎºÎ±Î¹ Î³Î¹Î± Ï„Î± ÎµÏ€Ï...

You may provide a definition with
\DeclareUnicodeCharacter 


! Package inputenc Error: Unicode character Îº (U+03BA)
(inputenc)                not set up for use with LaTeX.

See the inputenc package documentation for explanation.
Type  H <return>  for immediate help.
 ...                                              
                                                  
l.4 	Î¤Î¿ AGS ÎºÎ±Ï„Î±ÏƒÎºÎµÏ…Î¬ÏƒÏ„Î·Îº
                                        ÎµÏ„Î¿ 1960 ÎºÎ±Î¹ Î³Î¹Î± Ï„Î± ÎµÏ€Ï...

You may provide a definition with
\DeclareUnicodeCharacter 


! Package inputenc Error: Unicode character Îµ (U+03B5)
(inputenc)                not set up for use with LaTeX.

See the inputenc package documentation for explanation.
Type  H <return>  for immediate help.
 ...                                              
                                                  
l.4 	Î¤Î¿ AGS ÎºÎ±Ï„Î±ÏƒÎºÎµÏ…Î¬ÏƒÏ„Î·ÎºÎµ
                                          Ï„Î¿ 1960 ÎºÎ±Î¹ Î³Î¹Î± Ï„Î± ÎµÏ€Ï...

You may provide a definition with
\DeclareUnicodeCharacter 


! Package inputenc Error: Unicode character Ï„ (U+03C4)
(inputenc)                not set up for use with LaTeX.

See the inputenc package documentation for explanation.
Type  H <return>  for immediate help.
 ...                                              
                                                  
l.4 	Î¤Î¿ AGS ÎºÎ±Ï„Î±ÏƒÎºÎµÏ…Î¬ÏƒÏ„Î·ÎºÎµÏ„
                                            Î¿ 1960 ÎºÎ±Î¹ Î³Î¹Î± Ï„Î± ÎµÏ€Ï...

You may provide a definition with
\DeclareUnicodeCharacter 


! Package inputenc Error: Unicode character Î¿ (U+03BF)
(inputenc)                not set up for use with LaTeX.

See the inputenc package documentation for explanation.
Type  H <return>  for immediate help.
 ...                                              
                                                  
l.4 	Î¤Î¿ AGS ÎºÎ±Ï„Î±ÏƒÎºÎµÏ…Î¬ÏƒÏ„Î·ÎºÎµÏ„Î¿
                                               1960 ÎºÎ±Î¹ Î³Î¹Î± Ï„Î± ÎµÏ€Ï...

You may provide a definition with
\DeclareUnicodeCharacter 

Missing character: There is no 1 in font nullfont!
Missing character: There is no 9 in font nullfont!
Missing character: There is no 6 in font nullfont!
Missing character: There is no 0 in font nullfont!

! Package inputenc Error: Unicode character Îº (U+03BA)
(inputenc)                not set up for use with LaTeX.

See the inputenc package documentation for explanation.
Type  H <return>  for immediate help.
 ...                                              
                                                  
l.4 ...GS ÎºÎ±Ï„Î±ÏƒÎºÎµÏ…Î¬ÏƒÏ„Î·ÎºÎµÏ„Î¿ 1960 Îº
                                                  Î±Î¹ Î³Î¹Î± Ï„Î± ÎµÏ€ÏŒÎ¼Î...

You may provide a definition with
\DeclareUnicodeCharacter 


! Package inputenc Error: Unicode character Î± (U+03B1)
(inputenc)                not set up for use with LaTeX.

See the inputenc package documentation for explanation.
Type  H <return>  for immediate help.
 ...                                              
                                                  
l.4 ... ÎºÎ±Ï„Î±ÏƒÎºÎµÏ…Î¬ÏƒÏ„Î·ÎºÎµÏ„Î¿ 1960 ÎºÎ±
                                                  Î¹ Î³Î¹Î± Ï„Î± ÎµÏ€ÏŒÎ¼ÎµÎ...

You may provide a definition with
\DeclareUnicodeCharacter 


! Package inputenc Error: Unicode character Î¹ (U+03B9)
(inputenc)                not set up for use with LaTeX.

See the inputenc package documentation for explanation.
Type  H <return>  for immediate help.
 ...                                              
                                                  
l.4 ...ºÎ±Ï„Î±ÏƒÎºÎµÏ…Î¬ÏƒÏ„Î·ÎºÎµÏ„Î¿ 1960 ÎºÎ±Î¹
                                                   Î³Î¹Î± Ï„Î± ÎµÏ€ÏŒÎ¼ÎµÎ½Î...

You may provide a definition with
\DeclareUnicodeCharacter 


! Package inputenc Error: Unicode character Î³ (U+03B3)
(inputenc)                not set up for use with LaTeX.

See the inputenc package documentation for explanation.
Type  H <return>  for immediate help.
 ...                                              
                                                  
l.4 ...Ï„Î±ÏƒÎºÎµÏ…Î¬ÏƒÏ„Î·ÎºÎµÏ„Î¿ 1960 ÎºÎ±Î¹ Î³
                                                  Î¹Î± Ï„Î± ÎµÏ€ÏŒÎ¼ÎµÎ½Î± Î...

You may provide a definition with
\DeclareUnicodeCharacter 


! Package inputenc Error: Unicode character Î¹ (U+03B9)
(inputenc)                not set up for use with LaTeX.

See the inputenc package documentation for explanation.
Type  H <return>  for immediate help.
 ...                                              
                                                  
l.4 ...Î±ÏƒÎºÎµÏ…Î¬ÏƒÏ„Î·ÎºÎµÏ„Î¿ 1960 ÎºÎ±Î¹ Î³Î¹
                                                  Î± Ï„Î± ÎµÏ€ÏŒÎ¼ÎµÎ½Î± Î¿Î...

You may provide a definition with
\DeclareUnicodeCharacter 


! Package inputenc Error: Unicode character Î± (U+03B1)
(inputenc)                not set up for use with LaTeX.

See the inputenc package documentation for explanation.
Type  H <return>  for immediate help.
 ...                                              
                                                  
l.4 ...ÏƒÎºÎµÏ…Î¬ÏƒÏ„Î·ÎºÎµÏ„Î¿ 1960 ÎºÎ±Î¹ Î³Î¹Î±
                                                   Ï„Î± ÎµÏ€ÏŒÎ¼ÎµÎ½Î± Î¿ÎºÏ...

You may provide a definition with
\DeclareUnicodeCharacter 


! Package inputenc Error: Unicode character Ï„ (U+03C4)
(inputenc)                not set up for use with LaTeX.

See the inputenc package documentation for explanation.
Type  H <return>  for immediate help.
 ...                                              
                                                  
l.4 ...ºÎµÏ…Î¬ÏƒÏ„Î·ÎºÎµÏ„Î¿ 1960 ÎºÎ±Î¹ Î³Î¹Î± Ï„
                                                  Î± ÎµÏ€ÏŒÎ¼ÎµÎ½Î± Î¿ÎºÏ„Ï...

You may provide a definition with
\DeclareUnicodeCharacter 


! Package inputenc Error: Unicode character Î± (U+03B1)
(inputenc)                not set up for use with LaTeX.

See the inputenc package documentation for explanation.
Type  H <return>  for immediate help.
 ...                                              
                                                  
l.4 ...µÏ…Î¬ÏƒÏ„Î·ÎºÎµÏ„Î¿ 1960 ÎºÎ±Î¹ Î³Î¹Î± Ï„Î±
                                                   ÎµÏ€ÏŒÎ¼ÎµÎ½Î± Î¿ÎºÏ„Ï Ï...

You may provide a definition with
\DeclareUnicodeCharacter 


! Package inputenc Error: Unicode character Îµ (U+03B5)
(inputenc)                not set up for use with LaTeX.

See the inputenc package documentation for explanation.
Type  H <return>  for immediate help.
 ...                                              
                                                  
l.4 ...Î¬ÏƒÏ„Î·ÎºÎµÏ„Î¿ 1960 ÎºÎ±Î¹ Î³Î¹Î± Ï„Î± Îµ
                                                  Ï€ÏŒÎ¼ÎµÎ½Î± Î¿ÎºÏ„Ï Ï‡Ï...

You may provide a definition with
\DeclareUnicodeCharacter 


! Package inputenc Error: Unicode character Ï€ (U+03C0)
(inputenc)                not set up for use with LaTeX.

See the inputenc package documentation for explanation.
Type  H <return>  for immediate help.
 ...                                              
                                                  
l.4 ...ÏƒÏ„Î·ÎºÎµÏ„Î¿ 1960 ÎºÎ±Î¹ Î³Î¹Î± Ï„Î± ÎµÏ€
                                                  ÏŒÎ¼ÎµÎ½Î± Î¿ÎºÏ„Ï Ï‡ÏÏŒ...

You may provide a definition with
\DeclareUnicodeCharacter 


! Package inputenc Error: Unicode character ÏŒ (U+03CC)
(inputenc)                not set up for use with LaTeX.

See the inputenc package documentation for explanation.
Type  H <return>  for immediate help.
 ...                                              
                                                  
l.4 ...Ï„Î·ÎºÎµÏ„Î¿ 1960 ÎºÎ±Î¹ Î³Î¹Î± Ï„Î± ÎµÏ€ÏŒ
                                                  Î¼ÎµÎ½Î± Î¿ÎºÏ„Ï Ï‡ÏÏŒÎ½...

You may provide a definition with
\DeclareUnicodeCharacter 


! Package inputenc Error: Unicode character Î¼ (U+03BC)
(inputenc)                not set up for use with LaTeX.

See the inputenc package documentation for explanation.
Type  H <return>  for immediate help.
 ...                                              
                                                  
l.4 ...Î·ÎºÎµÏ„Î¿ 1960 ÎºÎ±Î¹ Î³Î¹Î± Ï„Î± ÎµÏ€ÏŒÎ¼
                                                  ÎµÎ½Î± Î¿ÎºÏ„Ï Ï‡ÏÏŒÎ½Î¹...

You may provide a definition with
\DeclareUnicodeCharacter 


! Package inputenc Error: Unicode character Îµ (U+03B5)
(inputenc)                not set up for use with LaTeX.

See the inputenc package documentation for explanation.
Type  H <return>  for immediate help.
 ...                                              
                                                  
l.4 ...ÎºÎµÏ„Î¿ 1960 ÎºÎ±Î¹ Î³Î¹Î± Ï„Î± ÎµÏ€ÏŒÎ¼Îµ
                                                  Î½Î± Î¿ÎºÏ„Ï Ï‡ÏÏŒÎ½Î¹Î±...

You may provide a definition with
\DeclareUnicodeCharacter 


! Package inputenc Error: Unicode character Î½ (U+03BD)
(inputenc)                not set up for use with LaTeX.

See the inputenc package documentation for explanation.
Type  H <return>  for immediate help.
 ...                                              
                                                  
l.4 ...ÎµÏ„Î¿ 1960 ÎºÎ±Î¹ Î³Î¹Î± Ï„Î± ÎµÏ€ÏŒÎ¼ÎµÎ½
                                                  Î± Î¿ÎºÏ„Ï Ï‡ÏÏŒÎ½Î¹Î± Î...

You may provide a definition with
\DeclareUnicodeCharacter 


! Package inputenc Error: Unicode character Î± (U+03B1)
(inputenc)                not set up for use with LaTeX.

See the inputenc package documentation for explanation.
Type  H <return>  for immediate help.
 ...                                              
                                                  
l.4 ...Ï„Î¿ 1960 ÎºÎ±Î¹ Î³Î¹Î± Ï„Î± ÎµÏ€ÏŒÎ¼ÎµÎ½Î±
                                                   Î¿ÎºÏ„Ï Ï‡ÏÏŒÎ½Î¹Î± Î®Ï...

You may provide a definition with
\DeclareUnicodeCharacter 


! Package inputenc Error: Unicode character Î¿ (U+03BF)
(inputenc)                not set up for use with LaTeX.

See the inputenc package documentation for explanation.
Type  H <return>  for immediate help.
 ...                                              
                                                  
l.4 ...¿ 1960 ÎºÎ±Î¹ Î³Î¹Î± Ï„Î± ÎµÏ€ÏŒÎ¼ÎµÎ½Î± Î¿
                                                  ÎºÏ„Ï Ï‡ÏÏŒÎ½Î¹Î± Î®Ï„Î±...

You may provide a definition with
\DeclareUnicodeCharacter 


! Package inputenc Error: Unicode character Îº (U+03BA)
(inputenc)                not set up for use with LaTeX.

See the inputenc package documentation for explanation.
Type  H <return>  for immediate help.
 ...                                              
                                                  
l.4 ...1960 ÎºÎ±Î¹ Î³Î¹Î± Ï„Î± ÎµÏ€ÏŒÎ¼ÎµÎ½Î± Î¿Îº
                                                  Ï„Ï Ï‡ÏÏŒÎ½Î¹Î± Î®Ï„Î±Î½...

You may provide a definition with
\DeclareUnicodeCharacter 


! Package inputenc Error: Unicode character Ï„ (U+03C4)
(inputenc)                not set up for use with LaTeX.

See the inputenc package documentation for explanation.
Type  H <return>  for immediate help.
 ...                                              
                                                  
l.4 ...60 ÎºÎ±Î¹ Î³Î¹Î± Ï„Î± ÎµÏ€ÏŒÎ¼ÎµÎ½Î± Î¿ÎºÏ„
                                                  Ï Ï‡ÏÏŒÎ½Î¹Î± Î®Ï„Î±Î½ Î...

You may provide a definition with
\DeclareUnicodeCharacter 


! Package inputenc Error: Unicode character Ï (U+03CE)
(inputenc)                not set up for use with LaTeX.

See the inputenc package documentation for explanation.
Type  H <return>  for immediate help.
 ...                                              
                                                  
l.4 ... ÎºÎ±Î¹ Î³Î¹Î± Ï„Î± ÎµÏ€ÏŒÎ¼ÎµÎ½Î± Î¿ÎºÏ„Ï
                                                   Ï‡ÏÏŒÎ½Î¹Î± Î®Ï„Î±Î½ Î¿ ...

You may provide a definition with
\DeclareUnicodeCharacter 


! Package inputenc Error: Unicode character Ï‡ (U+03C7)
(inputenc)                not set up for use with LaTeX.

See the inputenc package documentation for explanation.
Type  H <return>  for immediate help.
 ...                                              
                                                  
l.4 ...Î±Î¹ Î³Î¹Î± Ï„Î± ÎµÏ€ÏŒÎ¼ÎµÎ½Î± Î¿ÎºÏ„Ï Ï‡
                                                  ÏÏŒÎ½Î¹Î± Î®Ï„Î±Î½ Î¿ ÎµÏ...

You may provide a definition with
\DeclareUnicodeCharacter 


! Package inputenc Error: Unicode character Ï (U+03C1)
(inputenc)                not set up for use with LaTeX.

See the inputenc package documentation for explanation.
Type  H <return>  for immediate help.
 ...                                              
                                                  
l.4 ...Î¹ Î³Î¹Î± Ï„Î± ÎµÏ€ÏŒÎ¼ÎµÎ½Î± Î¿ÎºÏ„Ï Ï‡Ï
                                                  ÏŒÎ½Î¹Î± Î®Ï„Î±Î½ Î¿ ÎµÏ€Î...

You may provide a definition with
\DeclareUnicodeCharacter 


! Package inputenc Error: Unicode character ÏŒ (U+03CC)
(inputenc)                not set up for use with LaTeX.

See the inputenc package documentation for explanation.
Type  H <return>  for immediate help.
 ...                                              
                                                  
l.4 ... Î³Î¹Î± Ï„Î± ÎµÏ€ÏŒÎ¼ÎµÎ½Î± Î¿ÎºÏ„Ï Ï‡ÏÏŒ
                                                  Î½Î¹Î± Î®Ï„Î±Î½ Î¿ ÎµÏ€Î¹Ï...

You may provide a definition with
\DeclareUnicodeCharacter 


! Package inputenc Error: Unicode character Î½ (U+03BD)
(inputenc)                not set up for use with LaTeX.

See the inputenc package documentation for explanation.
Type  H <return>  for immediate help.
 ...                                              
                                                  
l.4 ...³Î¹Î± Ï„Î± ÎµÏ€ÏŒÎ¼ÎµÎ½Î± Î¿ÎºÏ„Ï Ï‡ÏÏŒÎ½
                                                  Î¹Î± Î®Ï„Î±Î½ Î¿ ÎµÏ€Î¹Ï„Î...

You may provide a definition with
\DeclareUnicodeCharacter 


! Package inputenc Error: Unicode character Î¹ (U+03B9)
(inputenc)                not set up for use with LaTeX.

See the inputenc package documentation for explanation.
Type  H <return>  for immediate help.
 ...                                              
                                                  
l.4 ...¹Î± Ï„Î± ÎµÏ€ÏŒÎ¼ÎµÎ½Î± Î¿ÎºÏ„Ï Ï‡ÏÏŒÎ½Î¹
                                                  Î± Î®Ï„Î±Î½ Î¿ ÎµÏ€Î¹Ï„Î±Ï...

You may provide a definition with
\DeclareUnicodeCharacter 


! Package inputenc Error: Unicode character Î± (U+03B1)
(inputenc)                not set up for use with LaTeX.

See the inputenc package documentation for explanation.
Type  H <return>  for immediate help.
 ...                                              
                                                  
l.4 ...± Ï„Î± ÎµÏ€ÏŒÎ¼ÎµÎ½Î± Î¿ÎºÏ„Ï Ï‡ÏÏŒÎ½Î¹Î±
                                                   Î®Ï„Î±Î½ Î¿ ÎµÏ€Î¹Ï„Î±Ï‡Ï...

You may provide a definition with
\DeclareUnicodeCharacter 


! Package inputenc Error: Unicode character Î® (U+03AE)
(inputenc)                not set up for use with LaTeX.

See the inputenc package documentation for explanation.
Type  H <return>  for immediate help.
 ...                                              
                                                  
l.4 ...„Î± ÎµÏ€ÏŒÎ¼ÎµÎ½Î± Î¿ÎºÏ„Ï Ï‡ÏÏŒÎ½Î¹Î± Î®
                                                  Ï„Î±Î½ Î¿ ÎµÏ€Î¹Ï„Î±Ï‡Ï…Î½...

You may provide a definition with
\DeclareUnicodeCharacter 


! Package inputenc Error: Unicode character Ï„ (U+03C4)
(inputenc)                not set up for use with LaTeX.

See the inputenc package documentation for explanation.
Type  H <return>  for immediate help.
 ...                                              
                                                  
l.4 ...± ÎµÏ€ÏŒÎ¼ÎµÎ½Î± Î¿ÎºÏ„Ï Ï‡ÏÏŒÎ½Î¹Î± Î®Ï„
                                                  Î±Î½ Î¿ ÎµÏ€Î¹Ï„Î±Ï‡Ï…Î½Ï„...

You may provide a definition with
\DeclareUnicodeCharacter 


! Package inputenc Error: Unicode character Î± (U+03B1)
(inputenc)                not set up for use with LaTeX.

See the inputenc package documentation for explanation.
Type  H <return>  for immediate help.
 ...                                              
                                                  
l.4 ...ÎµÏ€ÏŒÎ¼ÎµÎ½Î± Î¿ÎºÏ„Ï Ï‡ÏÏŒÎ½Î¹Î± Î®Ï„Î±
                                                  Î½ Î¿ ÎµÏ€Î¹Ï„Î±Ï‡Ï…Î½Ï„Î®...

You may provide a definition with
\DeclareUnicodeCharacter 


! Package inputenc Error: Unicode character Î½ (U+03BD)
(inputenc)                not set up for use with LaTeX.

See the inputenc package documentation for explanation.
Type  H <return>  for immediate help.
 ...                                              
                                                  
l.4 ...Ï€ÏŒÎ¼ÎµÎ½Î± Î¿ÎºÏ„Ï Ï‡ÏÏŒÎ½Î¹Î± Î®Ï„Î±Î½
                                                   Î¿ ÎµÏ€Î¹Ï„Î±Ï‡Ï…Î½Ï„Î®Ï‚...

You may provide a definition with
\DeclareUnicodeCharacter 


! Package inputenc Error: Unicode character Î¿ (U+03BF)
(inputenc)                not set up for use with LaTeX.

See the inputenc package documentation for explanation.
Type  H <return>  for immediate help.
 ...                                              
                                                  
l.4 ...ŒÎ¼ÎµÎ½Î± Î¿ÎºÏ„Ï Ï‡ÏÏŒÎ½Î¹Î± Î®Ï„Î±Î½ Î¿
                                                   ÎµÏ€Î¹Ï„Î±Ï‡Ï…Î½Ï„Î®Ï‚ Î¼...

You may provide a definition with
\DeclareUnicodeCharacter 


! Package inputenc Error: Unicode character Îµ (U+03B5)
(inputenc)                not set up for use with LaTeX.

See the inputenc package documentation for explanation.
Type  H <return>  for immediate help.
 ...                                              
                                                  
l.4 ...ÎµÎ½Î± Î¿ÎºÏ„Ï Ï‡ÏÏŒÎ½Î¹Î± Î®Ï„Î±Î½ Î¿ Îµ
                                                  Ï€Î¹Ï„Î±Ï‡Ï…Î½Ï„Î®Ï‚ Î¼Îµ ...

You may provide a definition with
\DeclareUnicodeCharacter 


! Package inputenc Error: Unicode character Ï€ (U+03C0)
(inputenc)                not set up for use with LaTeX.

See the inputenc package documentation for explanation.
Type  H <return>  for immediate help.
 ...                                              
                                                  
l.4 ...Î½Î± Î¿ÎºÏ„Ï Ï‡ÏÏŒÎ½Î¹Î± Î®Ï„Î±Î½ Î¿ ÎµÏ€
                                                  Î¹Ï„Î±Ï‡Ï…Î½Ï„Î®Ï‚ Î¼Îµ Ï„...

You may provide a definition with
\DeclareUnicodeCharacter 


! Package inputenc Error: Unicode character Î¹ (U+03B9)
(inputenc)                not set up for use with LaTeX.

See the inputenc package documentation for explanation.
Type  H <return>  for immediate help.
 ...                                              
                                                  
l.4 ...Î± Î¿ÎºÏ„Ï Ï‡ÏÏŒÎ½Î¹Î± Î®Ï„Î±Î½ Î¿ ÎµÏ€Î¹
                                                  Ï„Î±Ï‡Ï…Î½Ï„Î®Ï‚ Î¼Îµ Ï„Î·...

You may provide a definition with
\DeclareUnicodeCharacter 


! Package inputenc Error: Unicode character Ï„ (U+03C4)
(inputenc)                not set up for use with LaTeX.

See the inputenc package documentation for explanation.
Type  H <return>  for immediate help.
 ...                                              
                                                  
l.4 ... Î¿ÎºÏ„Ï Ï‡ÏÏŒÎ½Î¹Î± Î®Ï„Î±Î½ Î¿ ÎµÏ€Î¹Ï„
                                                  Î±Ï‡Ï…Î½Ï„Î®Ï‚ Î¼Îµ Ï„Î·Î½...

You may provide a definition with
\DeclareUnicodeCharacter 


! Package inputenc Error: Unicode character Î± (U+03B1)
(inputenc)                not set up for use with LaTeX.

See the inputenc package documentation for explanation.
Type  H <return>  for immediate help.
 ...                                              
                                                  
l.4 ...¿ÎºÏ„Ï Ï‡ÏÏŒÎ½Î¹Î± Î®Ï„Î±Î½ Î¿ ÎµÏ€Î¹Ï„Î±
                                                  Ï‡Ï…Î½Ï„Î®Ï‚ Î¼Îµ Ï„Î·Î½ Ï...

You may provide a definition with
\DeclareUnicodeCharacter 


! Package inputenc Error: Unicode character Ï‡ (U+03C7)
(inputenc)                not set up for use with LaTeX.

See the inputenc package documentation for explanation.
Type  H <return>  for immediate help.
 ...                                              
                                                  
l.4 ...ºÏ„Ï Ï‡ÏÏŒÎ½Î¹Î± Î®Ï„Î±Î½ Î¿ ÎµÏ€Î¹Ï„Î±Ï‡
                                                  Ï…Î½Ï„Î®Ï‚ Î¼Îµ Ï„Î·Î½ Ï…Ï...

You may provide a definition with
\DeclareUnicodeCharacter 


! Package inputenc Error: Unicode character Ï… (U+03C5)
(inputenc)                not set up for use with LaTeX.

See the inputenc package documentation for explanation.
Type  H <return>  for immediate help.
 ...                                              
                                                  
l.4 ...„Ï Ï‡ÏÏŒÎ½Î¹Î± Î®Ï„Î±Î½ Î¿ ÎµÏ€Î¹Ï„Î±Ï‡Ï…
                                                  Î½Ï„Î®Ï‚ Î¼Îµ Ï„Î·Î½ Ï…ÏˆÎ...

You may provide a definition with
\DeclareUnicodeCharacter 


! Package inputenc Error: Unicode character Î½ (U+03BD)
(inputenc)                not set up for use with LaTeX.

See the inputenc package documentation for explanation.
Type  H <return>  for immediate help.
 ...                                              
                                                  
l.4 ... Ï‡ÏÏŒÎ½Î¹Î± Î®Ï„Î±Î½ Î¿ ÎµÏ€Î¹Ï„Î±Ï‡Ï…Î½
                                                  Ï„Î®Ï‚ Î¼Îµ Ï„Î·Î½ Ï…ÏˆÎ·Î...

You may provide a definition with
\DeclareUnicodeCharacter 


! Package inputenc Error: Unicode character Ï„ (U+03C4)
(inputenc)                not set up for use with LaTeX.

See the inputenc package documentation for explanation.
Type  H <return>  for immediate help.
 ...                                              
                                                  
l.4 ...Ï‡ÏÏŒÎ½Î¹Î± Î®Ï„Î±Î½ Î¿ ÎµÏ€Î¹Ï„Î±Ï‡Ï…Î½Ï„
                                                  Î®Ï‚ Î¼Îµ Ï„Î·Î½ Ï…ÏˆÎ·Î»Ï...

You may provide a definition with
\DeclareUnicodeCharacter 


! Package inputenc Error: Unicode character Î® (U+03AE)
(inputenc)                not set up for use with LaTeX.

See the inputenc package documentation for explanation.
Type  H <return>  for immediate help.
 ...                                              
                                                  
l.4 ...ÏÏŒÎ½Î¹Î± Î®Ï„Î±Î½ Î¿ ÎµÏ€Î¹Ï„Î±Ï‡Ï…Î½Ï„Î®
                                                  Ï‚ Î¼Îµ Ï„Î·Î½ Ï…ÏˆÎ·Î»ÏŒÏ...

You may provide a definition with
\DeclareUnicodeCharacter 


! Package inputenc Error: Unicode character Ï‚ (U+03C2)
(inputenc)                not set up for use with LaTeX.

See the inputenc package documentation for explanation.
Type  H <return>  for immediate help.
 ...                                              
                                                  
l.4 ...ÏŒÎ½Î¹Î± Î®Ï„Î±Î½ Î¿ ÎµÏ€Î¹Ï„Î±Ï‡Ï…Î½Ï„Î®Ï‚
                                                   Î¼Îµ Ï„Î·Î½ Ï…ÏˆÎ·Î»ÏŒÏ„Î...

You may provide a definition with
\DeclareUnicodeCharacter 


! Package inputenc Error: Unicode character Î¼ (U+03BC)
(inputenc)                not set up for use with LaTeX.

See the inputenc package documentation for explanation.
Type  H <return>  for immediate help.
 ...                                              
                                                  
l.4 ...½Î¹Î± Î®Ï„Î±Î½ Î¿ ÎµÏ€Î¹Ï„Î±Ï‡Ï…Î½Ï„Î®Ï‚ Î¼
                                                  Îµ Ï„Î·Î½ Ï…ÏˆÎ·Î»ÏŒÏ„ÎµÏ...

You may provide a definition with
\DeclareUnicodeCharacter 


! Package inputenc Error: Unicode character Îµ (U+03B5)
(inputenc)                not set up for use with LaTeX.

See the inputenc package documentation for explanation.
Type  H <return>  for immediate help.
 ...                                              
                                                  
l.4 ...¹Î± Î®Ï„Î±Î½ Î¿ ÎµÏ€Î¹Ï„Î±Ï‡Ï…Î½Ï„Î®Ï‚ Î¼Îµ
                                                   Ï„Î·Î½ Ï…ÏˆÎ·Î»ÏŒÏ„ÎµÏÎ·...

You may provide a definition with
\DeclareUnicodeCharacter 


! Package inputenc Error: Unicode character Ï„ (U+03C4)
(inputenc)                not set up for use with LaTeX.

See the inputenc package documentation for explanation.
Type  H <return>  for immediate help.
 ...                                              
                                                  
l.4 ... Î®Ï„Î±Î½ Î¿ ÎµÏ€Î¹Ï„Î±Ï‡Ï…Î½Ï„Î®Ï‚ Î¼Îµ Ï„
                                                  Î·Î½ Ï…ÏˆÎ·Î»ÏŒÏ„ÎµÏÎ· Îµ...

You may provide a definition with
\DeclareUnicodeCharacter 


! Package inputenc Error: Unicode character Î· (U+03B7)
(inputenc)                not set up for use with LaTeX.

See the inputenc package documentation for explanation.
Type  H <return>  for immediate help.
 ...                                              
                                                  
l.4 ...®Ï„Î±Î½ Î¿ ÎµÏ€Î¹Ï„Î±Ï‡Ï…Î½Ï„Î®Ï‚ Î¼Îµ Ï„Î·
                                                  Î½ Ï…ÏˆÎ·Î»ÏŒÏ„ÎµÏÎ· ÎµÎ½...

You may provide a definition with
\DeclareUnicodeCharacter 


! Package inputenc Error: Unicode character Î½ (U+03BD)
(inputenc)                not set up for use with LaTeX.

See the inputenc package documentation for explanation.
Type  H <return>  for immediate help.
 ...                                              
                                                  
l.4 ...„Î±Î½ Î¿ ÎµÏ€Î¹Ï„Î±Ï‡Ï…Î½Ï„Î®Ï‚ Î¼Îµ Ï„Î·Î½
                                                   Ï…ÏˆÎ·Î»ÏŒÏ„ÎµÏÎ· ÎµÎ½Î­...

You may provide a definition with
\DeclareUnicodeCharacter 


! Package inputenc Error: Unicode character Ï… (U+03C5)
(inputenc)                not set up for use with LaTeX.

See the inputenc package documentation for explanation.
Type  H <return>  for immediate help.
 ...                                              
                                                  
l.4 ...Î½ Î¿ ÎµÏ€Î¹Ï„Î±Ï‡Ï…Î½Ï„Î®Ï‚ Î¼Îµ Ï„Î·Î½ Ï…
                                                  ÏˆÎ·Î»ÏŒÏ„ÎµÏÎ· ÎµÎ½Î­ÏÎ...

You may provide a definition with
\DeclareUnicodeCharacter 


! Package inputenc Error: Unicode character Ïˆ (U+03C8)
(inputenc)                not set up for use with LaTeX.

See the inputenc package documentation for explanation.
Type  H <return>  for immediate help.
 ...                                              
                                                  
l.4 ... Î¿ ÎµÏ€Î¹Ï„Î±Ï‡Ï…Î½Ï„Î®Ï‚ Î¼Îµ Ï„Î·Î½ Ï…Ïˆ
                                                  Î·Î»ÏŒÏ„ÎµÏÎ· ÎµÎ½Î­ÏÎ³Î...

You may provide a definition with
\DeclareUnicodeCharacter 


! Package inputenc Error: Unicode character Î· (U+03B7)
(inputenc)                not set up for use with LaTeX.

See the inputenc package documentation for explanation.
Type  H <return>  for immediate help.
 ...                                              
                                                  
l.4 ...¿ ÎµÏ€Î¹Ï„Î±Ï‡Ï…Î½Ï„Î®Ï‚ Î¼Îµ Ï„Î·Î½ Ï…ÏˆÎ·
                                                  Î»ÏŒÏ„ÎµÏÎ· ÎµÎ½Î­ÏÎ³ÎµÎ...

You may provide a definition with
\DeclareUnicodeCharacter 


! Package inputenc Error: Unicode character Î» (U+03BB)
(inputenc)                not set up for use with LaTeX.

See the inputenc package documentation for explanation.
Type  H <return>  for immediate help.
 ...                                              
                                                  
l.4 ...ÎµÏ€Î¹Ï„Î±Ï‡Ï…Î½Ï„Î®Ï‚ Î¼Îµ Ï„Î·Î½ Ï…ÏˆÎ·Î»
                                                  ÏŒÏ„ÎµÏÎ· ÎµÎ½Î­ÏÎ³ÎµÎ¹Î...

You may provide a definition with
\DeclareUnicodeCharacter 


! Package inputenc Error: Unicode character ÏŒ (U+03CC)
(inputenc)                not set up for use with LaTeX.

See the inputenc package documentation for explanation.
Type  H <return>  for immediate help.
 ...                                              
                                                  
l.4 ...Ï€Î¹Ï„Î±Ï‡Ï…Î½Ï„Î®Ï‚ Î¼Îµ Ï„Î·Î½ Ï…ÏˆÎ·Î»ÏŒ
                                                  Ï„ÎµÏÎ· ÎµÎ½Î­ÏÎ³ÎµÎ¹Î± ...

You may provide a definition with
\DeclareUnicodeCharacter 


! Package inputenc Error: Unicode character Ï„ (U+03C4)
(inputenc)                not set up for use with LaTeX.

See the inputenc package documentation for explanation.
Type  H <return>  for immediate help.
 ...                                              
                                                  
l.4 ...Î¹Ï„Î±Ï‡Ï…Î½Ï„Î®Ï‚ Î¼Îµ Ï„Î·Î½ Ï…ÏˆÎ·Î»ÏŒÏ„
                                                  ÎµÏÎ· ÎµÎ½Î­ÏÎ³ÎµÎ¹Î± Îµ...

You may provide a definition with
\DeclareUnicodeCharacter 


! Package inputenc Error: Unicode character Îµ (U+03B5)
(inputenc)                not set up for use with LaTeX.

See the inputenc package documentation for explanation.
Type  H <return>  for immediate help.
 ...                                              
                                                  
l.4 ...Ï„Î±Ï‡Ï…Î½Ï„Î®Ï‚ Î¼Îµ Ï„Î·Î½ Ï…ÏˆÎ·Î»ÏŒÏ„Îµ
                                                  ÏÎ· ÎµÎ½Î­ÏÎ³ÎµÎ¹Î± ÎµÏ€...

You may provide a definition with
\DeclareUnicodeCharacter 


! Package inputenc Error: Unicode character Ï (U+03C1)
(inputenc)                not set up for use with LaTeX.

See the inputenc package documentation for explanation.
Type  H <return>  for immediate help.
 ...                                              
                                                  
l.4 ...Î±Ï‡Ï…Î½Ï„Î®Ï‚ Î¼Îµ Ï„Î·Î½ Ï…ÏˆÎ·Î»ÏŒÏ„ÎµÏ
                                                  Î· ÎµÎ½Î­ÏÎ³ÎµÎ¹Î± ÎµÏ€Î¹...

You may provide a definition with
\DeclareUnicodeCharacter 


! Package inputenc Error: Unicode character Î· (U+03B7)
(inputenc)                not set up for use with LaTeX.

See the inputenc package documentation for explanation.
Type  H <return>  for immediate help.
 ...                                              
                                                  
l.4 ...Ï‡Ï…Î½Ï„Î®Ï‚ Î¼Îµ Ï„Î·Î½ Ï…ÏˆÎ·Î»ÏŒÏ„ÎµÏÎ·
                                                   ÎµÎ½Î­ÏÎ³ÎµÎ¹Î± ÎµÏ€Î¹Ï„...

You may provide a definition with
\DeclareUnicodeCharacter 


! Package inputenc Error: Unicode character Îµ (U+03B5)
(inputenc)                not set up for use with LaTeX.

See the inputenc package documentation for explanation.
Type  H <return>  for immediate help.
 ...                                              
                                                  
l.4 ...…Î½Ï„Î®Ï‚ Î¼Îµ Ï„Î·Î½ Ï…ÏˆÎ·Î»ÏŒÏ„ÎµÏÎ· Îµ
                                                  Î½Î­ÏÎ³ÎµÎ¹Î± ÎµÏ€Î¹Ï„Î±Ï...

You may provide a definition with
\DeclareUnicodeCharacter 


! Package inputenc Error: Unicode character Î½ (U+03BD)
(inputenc)                not set up for use with LaTeX.

See the inputenc package documentation for explanation.
Type  H <return>  for immediate help.
 ...                                              
                                                  
l.4 ...½Ï„Î®Ï‚ Î¼Îµ Ï„Î·Î½ Ï…ÏˆÎ·Î»ÏŒÏ„ÎµÏÎ· ÎµÎ½
                                                  Î­ÏÎ³ÎµÎ¹Î± ÎµÏ€Î¹Ï„Î±Ï‡Ï...

You may provide a definition with
\DeclareUnicodeCharacter 


! Package inputenc Error: Unicode character Î­ (U+03AD)
(inputenc)                not set up for use with LaTeX.

See the inputenc package documentation for explanation.
Type  H <return>  for immediate help.
 ...                                              
                                                  
l.4 ...„Î®Ï‚ Î¼Îµ Ï„Î·Î½ Ï…ÏˆÎ·Î»ÏŒÏ„ÎµÏÎ· ÎµÎ½Î­
                                                  ÏÎ³ÎµÎ¹Î± ÎµÏ€Î¹Ï„Î±Ï‡ÏÎ...

You may provide a definition with
\DeclareUnicodeCharacter 


! Package inputenc Error: Unicode character Ï (U+03C1)
(inputenc)                not set up for use with LaTeX.

See the inputenc package documentation for explanation.
Type  H <return>  for immediate help.
 ...                                              
                                                  
l.4 ...®Ï‚ Î¼Îµ Ï„Î·Î½ Ï…ÏˆÎ·Î»ÏŒÏ„ÎµÏÎ· ÎµÎ½Î­Ï
                                                  Î³ÎµÎ¹Î± ÎµÏ€Î¹Ï„Î±Ï‡ÏÎ½Î...

You may provide a definition with
\DeclareUnicodeCharacter 


! Package inputenc Error: Unicode character Î³ (U+03B3)
(inputenc)                not set up for use with LaTeX.

See the inputenc package documentation for explanation.
Type  H <return>  for immediate help.
 ...                                              
                                                  
l.4 ...‚ Î¼Îµ Ï„Î·Î½ Ï…ÏˆÎ·Î»ÏŒÏ„ÎµÏÎ· ÎµÎ½Î­ÏÎ³
                                                  ÎµÎ¹Î± ÎµÏ€Î¹Ï„Î±Ï‡ÏÎ½Î¿Î...

You may provide a definition with
\DeclareUnicodeCharacter 


! Package inputenc Error: Unicode character Îµ (U+03B5)
(inputenc)                not set up for use with LaTeX.

See the inputenc package documentation for explanation.
Type  H <return>  for immediate help.
 ...                                              
                                                  
l.4 ...Î¼Îµ Ï„Î·Î½ Ï…ÏˆÎ·Î»ÏŒÏ„ÎµÏÎ· ÎµÎ½Î­ÏÎ³Îµ
                                                  Î¹Î± ÎµÏ€Î¹Ï„Î±Ï‡ÏÎ½Î¿Î½Ï...

You may provide a definition with
\DeclareUnicodeCharacter 


! Package inputenc Error: Unicode character Î¹ (U+03B9)
(inputenc)                not set up for use with LaTeX.

See the inputenc package documentation for explanation.
Type  H <return>  for immediate help.
 ...                                              
                                                  
l.4 ...Îµ Ï„Î·Î½ Ï…ÏˆÎ·Î»ÏŒÏ„ÎµÏÎ· ÎµÎ½Î­ÏÎ³ÎµÎ¹
                                                  Î± ÎµÏ€Î¹Ï„Î±Ï‡ÏÎ½Î¿Î½Ï„Î...

You may provide a definition with
\DeclareUnicodeCharacter 


! Package inputenc Error: Unicode character Î± (U+03B1)
(inputenc)                not set up for use with LaTeX.

See the inputenc package documentation for explanation.
Type  H <return>  for immediate help.
 ...                                              
                                                  
l.4 ... Ï„Î·Î½ Ï…ÏˆÎ·Î»ÏŒÏ„ÎµÏÎ· ÎµÎ½Î­ÏÎ³ÎµÎ¹Î±
                                                   ÎµÏ€Î¹Ï„Î±Ï‡ÏÎ½Î¿Î½Ï„Î±Ï...

You may provide a definition with
\DeclareUnicodeCharacter 


! Package inputenc Error: Unicode character Îµ (U+03B5)
(inputenc)                not set up for use with LaTeX.

See the inputenc package documentation for explanation.
Type  H <return>  for immediate help.
 ...                                              
                                                  
l.4 ...Î·Î½ Ï…ÏˆÎ·Î»ÏŒÏ„ÎµÏÎ· ÎµÎ½Î­ÏÎ³ÎµÎ¹Î± Îµ
                                                  Ï€Î¹Ï„Î±Ï‡ÏÎ½Î¿Î½Ï„Î±Ï‚ Î...

You may provide a definition with
\DeclareUnicodeCharacter 


! Package inputenc Error: Unicode character Ï€ (U+03C0)
(inputenc)                not set up for use with LaTeX.

See the inputenc package documentation for explanation.
Type  H <return>  for immediate help.
 ...                                              
                                                  
l.4 ...Î½ Ï…ÏˆÎ·Î»ÏŒÏ„ÎµÏÎ· ÎµÎ½Î­ÏÎ³ÎµÎ¹Î± ÎµÏ€
                                                  Î¹Ï„Î±Ï‡ÏÎ½Î¿Î½Ï„Î±Ï‚ Î±Ï...

You may provide a definition with
\DeclareUnicodeCharacter 


! Package inputenc Error: Unicode character Î¹ (U+03B9)
(inputenc)                not set up for use with LaTeX.

See the inputenc package documentation for explanation.
Type  H <return>  for immediate help.
 ...                                              
                                                  
l.4 ... Ï…ÏˆÎ·Î»ÏŒÏ„ÎµÏÎ· ÎµÎ½Î­ÏÎ³ÎµÎ¹Î± ÎµÏ€Î¹
                                                  Ï„Î±Ï‡ÏÎ½Î¿Î½Ï„Î±Ï‚ Î±ÏÏ...

You may provide a definition with
\DeclareUnicodeCharacter 


! Package inputenc Error: Unicode character Ï„ (U+03C4)
(inputenc)                not set up for use with LaTeX.

See the inputenc package documentation for explanation.
Type  H <return>  for immediate help.
 ...                                              
                                                  
l.4 ...…ÏˆÎ·Î»ÏŒÏ„ÎµÏÎ· ÎµÎ½Î­ÏÎ³ÎµÎ¹Î± ÎµÏ€Î¹Ï„
                                                  Î±Ï‡ÏÎ½Î¿Î½Ï„Î±Ï‚ Î±ÏÏ‡Î...

You may provide a definition with
\DeclareUnicodeCharacter 


! Package inputenc Error: Unicode character Î± (U+03B1)
(inputenc)                not set up for use with LaTeX.

See the inputenc package documentation for explanation.
Type  H <return>  for immediate help.
 ...                                              
                                                  
l.4 ...ˆÎ·Î»ÏŒÏ„ÎµÏÎ· ÎµÎ½Î­ÏÎ³ÎµÎ¹Î± ÎµÏ€Î¹Ï„Î±
                                                  Ï‡ÏÎ½Î¿Î½Ï„Î±Ï‚ Î±ÏÏ‡Î¹Î...

You may provide a definition with
\DeclareUnicodeCharacter 


! Package inputenc Error: Unicode character Ï‡ (U+03C7)
(inputenc)                not set up for use with LaTeX.

See the inputenc package documentation for explanation.
Type  H <return>  for immediate help.
 ...                                              
                                                  
l.4 ...·Î»ÏŒÏ„ÎµÏÎ· ÎµÎ½Î­ÏÎ³ÎµÎ¹Î± ÎµÏ€Î¹Ï„Î±Ï‡
                                                  ÏÎ½Î¿Î½Ï„Î±Ï‚ Î±ÏÏ‡Î¹ÎºÎ...

You may provide a definition with
\DeclareUnicodeCharacter 


! Package inputenc Error: Unicode character Ï (U+03CD)
(inputenc)                not set up for use with LaTeX.

See the inputenc package documentation for explanation.
Type  H <return>  for immediate help.
 ...                                              
                                                  
l.4 ...»ÏŒÏ„ÎµÏÎ· ÎµÎ½Î­ÏÎ³ÎµÎ¹Î± ÎµÏ€Î¹Ï„Î±Ï‡Ï
                                                  Î½Î¿Î½Ï„Î±Ï‚ Î±ÏÏ‡Î¹ÎºÎ¬ ...

You may provide a definition with
\DeclareUnicodeCharacter 


! Package inputenc Error: Unicode character Î½ (U+03BD)
(inputenc)                not set up for use with LaTeX.

See the inputenc package documentation for explanation.
Type  H <return>  for immediate help.
 ...                                              
                                                  
l.4 ...ŒÏ„ÎµÏÎ· ÎµÎ½Î­ÏÎ³ÎµÎ¹Î± ÎµÏ€Î¹Ï„Î±Ï‡ÏÎ½
                                                  Î¿Î½Ï„Î±Ï‚ Î±ÏÏ‡Î¹ÎºÎ¬ Ï€...

You may provide a definition with
\DeclareUnicodeCharacter 


! Package inputenc Error: Unicode character Î¿ (U+03BF)
(inputenc)                not set up for use with LaTeX.

See the inputenc package documentation for explanation.
Type  H <return>  for immediate help.
 ...                                              
                                                  
l.4 ...„ÎµÏÎ· ÎµÎ½Î­ÏÎ³ÎµÎ¹Î± ÎµÏ€Î¹Ï„Î±Ï‡ÏÎ½Î¿
                                                  Î½Ï„Î±Ï‚ Î±ÏÏ‡Î¹ÎºÎ¬ Ï€Ï...

You may provide a definition with
\DeclareUnicodeCharacter 


! Package inputenc Error: Unicode character Î½ (U+03BD)
(inputenc)                not set up for use with LaTeX.

See the inputenc package documentation for explanation.
Type  H <return>  for immediate help.
 ...                                              
                                                  
l.4 ...µÏÎ· ÎµÎ½Î­ÏÎ³ÎµÎ¹Î± ÎµÏ€Î¹Ï„Î±Ï‡ÏÎ½Î¿Î½
                                                  Ï„Î±Ï‚ Î±ÏÏ‡Î¹ÎºÎ¬ Ï€ÏÏ‰...

You may provide a definition with
\DeclareUnicodeCharacter 


! Package inputenc Error: Unicode character Ï„ (U+03C4)
(inputenc)                not set up for use with LaTeX.

See the inputenc package documentation for explanation.
Type  H <return>  for immediate help.
 ...                                              
                                                  
l.4 ...Î· ÎµÎ½Î­ÏÎ³ÎµÎ¹Î± ÎµÏ€Î¹Ï„Î±Ï‡ÏÎ½Î¿Î½Ï„
                                                  Î±Ï‚ Î±ÏÏ‡Î¹ÎºÎ¬ Ï€ÏÏ‰Ï„...

You may provide a definition with
\DeclareUnicodeCharacter 


! Package inputenc Error: Unicode character Î± (U+03B1)
(inputenc)                not set up for use with LaTeX.

See the inputenc package documentation for explanation.
Type  H <return>  for immediate help.
 ...                                              
                                                  
l.4 ...· ÎµÎ½Î­ÏÎ³ÎµÎ¹Î± ÎµÏ€Î¹Ï„Î±Ï‡ÏÎ½Î¿Î½Ï„Î±
                                                  Ï‚ Î±ÏÏ‡Î¹ÎºÎ¬ Ï€ÏÏ‰Ï„ÏŒ...

You may provide a definition with
\DeclareUnicodeCharacter 


! Package inputenc Error: Unicode character Ï‚ (U+03C2)
(inputenc)                not set up for use with LaTeX.

See the inputenc package documentation for explanation.
Type  H <return>  for immediate help.
 ...                                              
                                                  
l.4 ...ÎµÎ½Î­ÏÎ³ÎµÎ¹Î± ÎµÏ€Î¹Ï„Î±Ï‡ÏÎ½Î¿Î½Ï„Î±Ï‚
                                                   Î±ÏÏ‡Î¹ÎºÎ¬ Ï€ÏÏ‰Ï„ÏŒÎ½...

You may provide a definition with
\DeclareUnicodeCharacter 


! Package inputenc Error: Unicode character Î± (U+03B1)
(inputenc)                not set up for use with LaTeX.

See the inputenc package documentation for explanation.
Type  H <return>  for immediate help.
 ...                                              
                                                  
l.4 ...½Î­ÏÎ³ÎµÎ¹Î± ÎµÏ€Î¹Ï„Î±Ï‡ÏÎ½Î¿Î½Ï„Î±Ï‚ Î±
                                                  ÏÏ‡Î¹ÎºÎ¬ Ï€ÏÏ‰Ï„ÏŒÎ½Î¹Î...

You may provide a definition with
\DeclareUnicodeCharacter 


! Package inputenc Error: Unicode character Ï (U+03C1)
(inputenc)                not set up for use with LaTeX.

See the inputenc package documentation for explanation.
Type  H <return>  for immediate help.
 ...                                              
                                                  
l.4 ...­ÏÎ³ÎµÎ¹Î± ÎµÏ€Î¹Ï„Î±Ï‡ÏÎ½Î¿Î½Ï„Î±Ï‚ Î±Ï
                                                  Ï‡Î¹ÎºÎ¬ Ï€ÏÏ‰Ï„ÏŒÎ½Î¹Î± ...

You may provide a definition with
\DeclareUnicodeCharacter 


! Package inputenc Error: Unicode character Ï‡ (U+03C7)
(inputenc)                not set up for use with LaTeX.

See the inputenc package documentation for explanation.
Type  H <return>  for immediate help.
 ...                                              
                                                  
l.4 ...Î³ÎµÎ¹Î± ÎµÏ€Î¹Ï„Î±Ï‡ÏÎ½Î¿Î½Ï„Î±Ï‚ Î±ÏÏ‡
                                                  Î¹ÎºÎ¬ Ï€ÏÏ‰Ï„ÏŒÎ½Î¹Î± Ïƒ...

You may provide a definition with
\DeclareUnicodeCharacter 


! Package inputenc Error: Unicode character Î¹ (U+03B9)
(inputenc)                not set up for use with LaTeX.

See the inputenc package documentation for explanation.
Type  H <return>  for immediate help.
 ...                                              
                                                  
l.4 ...³ÎµÎ¹Î± ÎµÏ€Î¹Ï„Î±Ï‡ÏÎ½Î¿Î½Ï„Î±Ï‚ Î±ÏÏ‡Î¹
                                                  ÎºÎ¬ Ï€ÏÏ‰Ï„ÏŒÎ½Î¹Î± ÏƒÏ„...

You may provide a definition with
\DeclareUnicodeCharacter 


! Package inputenc Error: Unicode character Îº (U+03BA)
(inputenc)                not set up for use with LaTeX.

See the inputenc package documentation for explanation.
Type  H <return>  for immediate help.
 ...                                              
                                                  
l.4 ...µÎ¹Î± ÎµÏ€Î¹Ï„Î±Ï‡ÏÎ½Î¿Î½Ï„Î±Ï‚ Î±ÏÏ‡Î¹Îº
                                                  Î¬ Ï€ÏÏ‰Ï„ÏŒÎ½Î¹Î± ÏƒÏ„Î±...
(That makes 100 errors; please try again.) 
Here is how much of TeX's memory you used:
 44 strings out of 480790
 1047 string characters out of 2904292
 238890 words of memory out of 3000000
 16155 multiletter control sequences out of 15000+200000
 532338 words of font info for 24 fonts, out of 3000000 for 9000
 1141 hyphenation exceptions out of 8191
 12i,0n,15p,849b,16s stack positions out of 5000i,500n,10000p,200000b,50000s

!  ==> Fatal error occurred, no output PDF file produced!
