This is pdfTeX, Version 3.14159265-2.6-1.40.21 (MiKTeX 20.6.29) (preloaded format=pdflatex 2020.9.1)  14 NOV 2022 00:43
entering extended mode
**./EBIS.tex
(EBIS.tex
LaTeX2e <2020-02-02> patch level 5
L3 programming layer <2020-06-18>
! Undefined control sequence.
l.1 \chapter
            {Î•Ï€Î¹Ï„Î±Ï‡Ï…Î½Ï„Î¹ÎºÏŒ Î£ÏÏƒÏ„Î·Î¼Î±}
The control sequence at the end of the top line
of your error message was never \def'ed. If you have
misspelled it (e.g., `\hobx'), type `I' and the correct
spelling (e.g., `I\hbox'). Otherwise just continue,
and I'll forget about whatever was undefined.


! Package inputenc Error: Unicode character Î• (U+0395)
(inputenc)                not set up for use with LaTeX.

See the inputenc package documentation for explanation.
Type  H <return>  for immediate help.
 ...                                              
                                                  
l.1 \chapter{Î•
               Ï€Î¹Ï„Î±Ï‡Ï…Î½Ï„Î¹ÎºÏŒ Î£ÏÏƒÏ„Î·Î¼Î±}
You may provide a definition with
\DeclareUnicodeCharacter 


! Package inputenc Error: Unicode character Ï€ (U+03C0)
(inputenc)                not set up for use with LaTeX.

See the inputenc package documentation for explanation.
Type  H <return>  for immediate help.
 ...                                              
                                                  
l.1 \chapter{Î•Ï€
                 Î¹Ï„Î±Ï‡Ï…Î½Ï„Î¹ÎºÏŒ Î£ÏÏƒÏ„Î·Î¼Î±}
You may provide a definition with
\DeclareUnicodeCharacter 


! Package inputenc Error: Unicode character Î¹ (U+03B9)
(inputenc)                not set up for use with LaTeX.

See the inputenc package documentation for explanation.
Type  H <return>  for immediate help.
 ...                                              
                                                  
l.1 \chapter{Î•Ï€Î¹
                   Ï„Î±Ï‡Ï…Î½Ï„Î¹ÎºÏŒ Î£ÏÏƒÏ„Î·Î¼Î±}
You may provide a definition with
\DeclareUnicodeCharacter 


! Package inputenc Error: Unicode character Ï„ (U+03C4)
(inputenc)                not set up for use with LaTeX.

See the inputenc package documentation for explanation.
Type  H <return>  for immediate help.
 ...                                              
                                                  
l.1 \chapter{Î•Ï€Î¹Ï„
                     Î±Ï‡Ï…Î½Ï„Î¹ÎºÏŒ Î£ÏÏƒÏ„Î·Î¼Î±}
You may provide a definition with
\DeclareUnicodeCharacter 


! Package inputenc Error: Unicode character Î± (U+03B1)
(inputenc)                not set up for use with LaTeX.

See the inputenc package documentation for explanation.
Type  H <return>  for immediate help.
 ...                                              
                                                  
l.1 \chapter{Î•Ï€Î¹Ï„Î±
                       Ï‡Ï…Î½Ï„Î¹ÎºÏŒ Î£ÏÏƒÏ„Î·Î¼Î±}
You may provide a definition with
\DeclareUnicodeCharacter 


! Package inputenc Error: Unicode character Ï‡ (U+03C7)
(inputenc)                not set up for use with LaTeX.

See the inputenc package documentation for explanation.
Type  H <return>  for immediate help.
 ...                                              
                                                  
l.1 \chapter{Î•Ï€Î¹Ï„Î±Ï‡
                         Ï…Î½Ï„Î¹ÎºÏŒ Î£ÏÏƒÏ„Î·Î¼Î±}
You may provide a definition with
\DeclareUnicodeCharacter 


! Package inputenc Error: Unicode character Ï… (U+03C5)
(inputenc)                not set up for use with LaTeX.

See the inputenc package documentation for explanation.
Type  H <return>  for immediate help.
 ...                                              
                                                  
l.1 \chapter{Î•Ï€Î¹Ï„Î±Ï‡Ï…
                           Î½Ï„Î¹ÎºÏŒ Î£ÏÏƒÏ„Î·Î¼Î±}
You may provide a definition with
\DeclareUnicodeCharacter 


! Package inputenc Error: Unicode character Î½ (U+03BD)
(inputenc)                not set up for use with LaTeX.

See the inputenc package documentation for explanation.
Type  H <return>  for immediate help.
 ...                                              
                                                  
l.1 \chapter{Î•Ï€Î¹Ï„Î±Ï‡Ï…Î½
                             Ï„Î¹ÎºÏŒ Î£ÏÏƒÏ„Î·Î¼Î±}
You may provide a definition with
\DeclareUnicodeCharacter 


! Package inputenc Error: Unicode character Ï„ (U+03C4)
(inputenc)                not set up for use with LaTeX.

See the inputenc package documentation for explanation.
Type  H <return>  for immediate help.
 ...                                              
                                                  
l.1 \chapter{Î•Ï€Î¹Ï„Î±Ï‡Ï…Î½Ï„
                               Î¹ÎºÏŒ Î£ÏÏƒÏ„Î·Î¼Î±}
You may provide a definition with
\DeclareUnicodeCharacter 


! Package inputenc Error: Unicode character Î¹ (U+03B9)
(inputenc)                not set up for use with LaTeX.

See the inputenc package documentation for explanation.
Type  H <return>  for immediate help.
 ...                                              
                                                  
l.1 \chapter{Î•Ï€Î¹Ï„Î±Ï‡Ï…Î½Ï„Î¹
                                 ÎºÏŒ Î£ÏÏƒÏ„Î·Î¼Î±}
You may provide a definition with
\DeclareUnicodeCharacter 


! Package inputenc Error: Unicode character Îº (U+03BA)
(inputenc)                not set up for use with LaTeX.

See the inputenc package documentation for explanation.
Type  H <return>  for immediate help.
 ...                                              
                                                  
l.1 \chapter{Î•Ï€Î¹Ï„Î±Ï‡Ï…Î½Ï„Î¹Îº
                                   ÏŒ Î£ÏÏƒÏ„Î·Î¼Î±}
You may provide a definition with
\DeclareUnicodeCharacter 


! Package inputenc Error: Unicode character ÏŒ (U+03CC)
(inputenc)                not set up for use with LaTeX.

See the inputenc package documentation for explanation.
Type  H <return>  for immediate help.
 ...                                              
                                                  
l.1 \chapter{Î•Ï€Î¹Ï„Î±Ï‡Ï…Î½Ï„Î¹ÎºÏŒ
                                      Î£ÏÏƒÏ„Î·Î¼Î±}
You may provide a definition with
\DeclareUnicodeCharacter 


! Package inputenc Error: Unicode character Î£ (U+03A3)
(inputenc)                not set up for use with LaTeX.

See the inputenc package documentation for explanation.
Type  H <return>  for immediate help.
 ...                                              
                                                  
l.1 \chapter{Î•Ï€Î¹Ï„Î±Ï‡Ï…Î½Ï„Î¹ÎºÏŒ Î£
                                        ÏÏƒÏ„Î·Î¼Î±}
You may provide a definition with
\DeclareUnicodeCharacter 


! Package inputenc Error: Unicode character Ï (U+03CD)
(inputenc)                not set up for use with LaTeX.

See the inputenc package documentation for explanation.
Type  H <return>  for immediate help.
 ...                                              
                                                  
l.1 \chapter{Î•Ï€Î¹Ï„Î±Ï‡Ï…Î½Ï„Î¹ÎºÏŒ Î£Ï
                                          ÏƒÏ„Î·Î¼Î±}
You may provide a definition with
\DeclareUnicodeCharacter 


! Package inputenc Error: Unicode character Ïƒ (U+03C3)
(inputenc)                not set up for use with LaTeX.

See the inputenc package documentation for explanation.
Type  H <return>  for immediate help.
 ...                                              
                                                  
l.1 \chapter{Î•Ï€Î¹Ï„Î±Ï‡Ï…Î½Ï„Î¹ÎºÏŒ Î£ÏÏƒ
                                            Ï„Î·Î¼Î±}
You may provide a definition with
\DeclareUnicodeCharacter 


! Package inputenc Error: Unicode character Ï„ (U+03C4)
(inputenc)                not set up for use with LaTeX.

See the inputenc package documentation for explanation.
Type  H <return>  for immediate help.
 ...                                              
                                                  
l.1 \chapter{Î•Ï€Î¹Ï„Î±Ï‡Ï…Î½Ï„Î¹ÎºÏŒ Î£ÏÏƒÏ„
                                              Î·Î¼Î±}
You may provide a definition with
\DeclareUnicodeCharacter 


! Package inputenc Error: Unicode character Î· (U+03B7)
(inputenc)                not set up for use with LaTeX.

See the inputenc package documentation for explanation.
Type  H <return>  for immediate help.
 ...                                              
                                                  
l.1 \chapter{Î•Ï€Î¹Ï„Î±Ï‡Ï…Î½Ï„Î¹ÎºÏŒ Î£ÏÏƒÏ„Î·
                                                Î¼Î±}
You may provide a definition with
\DeclareUnicodeCharacter 


! Package inputenc Error: Unicode character Î¼ (U+03BC)
(inputenc)                not set up for use with LaTeX.

See the inputenc package documentation for explanation.
Type  H <return>  for immediate help.
 ...                                              
                                                  
l.1 \chapter{Î•Ï€Î¹Ï„Î±Ï‡Ï…Î½Ï„Î¹ÎºÏŒ Î£ÏÏƒÏ„Î·Î¼
                                                  Î±}
You may provide a definition with
\DeclareUnicodeCharacter 


! Package inputenc Error: Unicode character Î± (U+03B1)
(inputenc)                not set up for use with LaTeX.

See the inputenc package documentation for explanation.
Type  H <return>  for immediate help.
 ...                                              
                                                  
l.1 ...ter{Î•Ï€Î¹Ï„Î±Ï‡Ï…Î½Ï„Î¹ÎºÏŒ Î£ÏÏƒÏ„Î·Î¼Î±
                                                  }
You may provide a definition with
\DeclareUnicodeCharacter 


! Package inputenc Error: Unicode character Î— (U+0397)
(inputenc)                not set up for use with LaTeX.

See the inputenc package documentation for explanation.
Type  H <return>  for immediate help.
 ...                                              
                                                  
l.2 	Î—
        Ï€Î¿ÏÎµÎ¯Î± Ï€Î¿Ï… Î¸Î± Î±ÎºÎ¿Î»Î¿Ï…Î¸Î®ÏƒÎ¿Ï…Î¼Îµ Î³Î¹Î± Ï„Î·Î½ Î±...

You may provide a definition with
\DeclareUnicodeCharacter 


! Package inputenc Error: Unicode character Ï€ (U+03C0)
(inputenc)                not set up for use with LaTeX.

See the inputenc package documentation for explanation.
Type  H <return>  for immediate help.
 ...                                              
                                                  
l.2 	Î— Ï€
          Î¿ÏÎµÎ¯Î± Ï€Î¿Ï… Î¸Î± Î±ÎºÎ¿Î»Î¿Ï…Î¸Î®ÏƒÎ¿Ï…Î¼Îµ Î³Î¹Î± Ï„Î·Î½ Î±...

You may provide a definition with
\DeclareUnicodeCharacter 


! Package inputenc Error: Unicode character Î¿ (U+03BF)
(inputenc)                not set up for use with LaTeX.

See the inputenc package documentation for explanation.
Type  H <return>  for immediate help.
 ...                                              
                                                  
l.2 	Î— Ï€Î¿
            ÏÎµÎ¯Î± Ï€Î¿Ï… Î¸Î± Î±ÎºÎ¿Î»Î¿Ï…Î¸Î®ÏƒÎ¿Ï…Î¼Îµ Î³Î¹Î± Ï„Î·Î½ Î±...

You may provide a definition with
\DeclareUnicodeCharacter 


! Package inputenc Error: Unicode character Ï (U+03C1)
(inputenc)                not set up for use with LaTeX.

See the inputenc package documentation for explanation.
Type  H <return>  for immediate help.
 ...                                              
                                                  
l.2 	Î— Ï€Î¿Ï
              ÎµÎ¯Î± Ï€Î¿Ï… Î¸Î± Î±ÎºÎ¿Î»Î¿Ï…Î¸Î®ÏƒÎ¿Ï…Î¼Îµ Î³Î¹Î± Ï„Î·Î½ Î±...

You may provide a definition with
\DeclareUnicodeCharacter 


! Package inputenc Error: Unicode character Îµ (U+03B5)
(inputenc)                not set up for use with LaTeX.

See the inputenc package documentation for explanation.
Type  H <return>  for immediate help.
 ...                                              
                                                  
l.2 	Î— Ï€Î¿ÏÎµ
                Î¯Î± Ï€Î¿Ï… Î¸Î± Î±ÎºÎ¿Î»Î¿Ï…Î¸Î®ÏƒÎ¿Ï…Î¼Îµ Î³Î¹Î± Ï„Î·Î½ Î±...

You may provide a definition with
\DeclareUnicodeCharacter 


! Package inputenc Error: Unicode character Î¯ (U+03AF)
(inputenc)                not set up for use with LaTeX.

See the inputenc package documentation for explanation.
Type  H <return>  for immediate help.
 ...                                              
                                                  
l.2 	Î— Ï€Î¿ÏÎµÎ¯
                  Î± Ï€Î¿Ï… Î¸Î± Î±ÎºÎ¿Î»Î¿Ï…Î¸Î®ÏƒÎ¿Ï…Î¼Îµ Î³Î¹Î± Ï„Î·Î½ Î±...

You may provide a definition with
\DeclareUnicodeCharacter 


! Package inputenc Error: Unicode character Î± (U+03B1)
(inputenc)                not set up for use with LaTeX.

See the inputenc package documentation for explanation.
Type  H <return>  for immediate help.
 ...                                              
                                                  
l.2 	Î— Ï€Î¿ÏÎµÎ¯Î±
                     Ï€Î¿Ï… Î¸Î± Î±ÎºÎ¿Î»Î¿Ï…Î¸Î®ÏƒÎ¿Ï…Î¼Îµ Î³Î¹Î± Ï„Î·Î½ Î±...

You may provide a definition with
\DeclareUnicodeCharacter 


! Package inputenc Error: Unicode character Ï€ (U+03C0)
(inputenc)                not set up for use with LaTeX.

See the inputenc package documentation for explanation.
Type  H <return>  for immediate help.
 ...                                              
                                                  
l.2 	Î— Ï€Î¿ÏÎµÎ¯Î± Ï€
                       Î¿Ï… Î¸Î± Î±ÎºÎ¿Î»Î¿Ï…Î¸Î®ÏƒÎ¿Ï…Î¼Îµ Î³Î¹Î± Ï„Î·Î½ Î±...

You may provide a definition with
\DeclareUnicodeCharacter 


! Package inputenc Error: Unicode character Î¿ (U+03BF)
(inputenc)                not set up for use with LaTeX.

See the inputenc package documentation for explanation.
Type  H <return>  for immediate help.
 ...                                              
                                                  
l.2 	Î— Ï€Î¿ÏÎµÎ¯Î± Ï€Î¿
                         Ï… Î¸Î± Î±ÎºÎ¿Î»Î¿Ï…Î¸Î®ÏƒÎ¿Ï…Î¼Îµ Î³Î¹Î± Ï„Î·Î½ Î±...

You may provide a definition with
\DeclareUnicodeCharacter 


! Package inputenc Error: Unicode character Ï… (U+03C5)
(inputenc)                not set up for use with LaTeX.

See the inputenc package documentation for explanation.
Type  H <return>  for immediate help.
 ...                                              
                                                  
l.2 	Î— Ï€Î¿ÏÎµÎ¯Î± Ï€Î¿Ï…
                            Î¸Î± Î±ÎºÎ¿Î»Î¿Ï…Î¸Î®ÏƒÎ¿Ï…Î¼Îµ Î³Î¹Î± Ï„Î·Î½ Î±...

You may provide a definition with
\DeclareUnicodeCharacter 


! Package inputenc Error: Unicode character Î¸ (U+03B8)
(inputenc)                not set up for use with LaTeX.

See the inputenc package documentation for explanation.
Type  H <return>  for immediate help.
 ...                                              
                                                  
l.2 	Î— Ï€Î¿ÏÎµÎ¯Î± Ï€Î¿Ï… Î¸
                              Î± Î±ÎºÎ¿Î»Î¿Ï…Î¸Î®ÏƒÎ¿Ï…Î¼Îµ Î³Î¹Î± Ï„Î·Î½ Î±...

You may provide a definition with
\DeclareUnicodeCharacter 


! Package inputenc Error: Unicode character Î± (U+03B1)
(inputenc)                not set up for use with LaTeX.

See the inputenc package documentation for explanation.
Type  H <return>  for immediate help.
 ...                                              
                                                  
l.2 	Î— Ï€Î¿ÏÎµÎ¯Î± Ï€Î¿Ï… Î¸Î±
                                 Î±ÎºÎ¿Î»Î¿Ï…Î¸Î®ÏƒÎ¿Ï…Î¼Îµ Î³Î¹Î± Ï„Î·Î½ Î±...

You may provide a definition with
\DeclareUnicodeCharacter 


! Package inputenc Error: Unicode character Î± (U+03B1)
(inputenc)                not set up for use with LaTeX.

See the inputenc package documentation for explanation.
Type  H <return>  for immediate help.
 ...                                              
                                                  
l.2 	Î— Ï€Î¿ÏÎµÎ¯Î± Ï€Î¿Ï… Î¸Î± Î±
                                   ÎºÎ¿Î»Î¿Ï…Î¸Î®ÏƒÎ¿Ï…Î¼Îµ Î³Î¹Î± Ï„Î·Î½ Î±...

You may provide a definition with
\DeclareUnicodeCharacter 


! Package inputenc Error: Unicode character Îº (U+03BA)
(inputenc)                not set up for use with LaTeX.

See the inputenc package documentation for explanation.
Type  H <return>  for immediate help.
 ...                                              
                                                  
l.2 	Î— Ï€Î¿ÏÎµÎ¯Î± Ï€Î¿Ï… Î¸Î± Î±Îº
                                     Î¿Î»Î¿Ï…Î¸Î®ÏƒÎ¿Ï…Î¼Îµ Î³Î¹Î± Ï„Î·Î½ Î±...

You may provide a definition with
\DeclareUnicodeCharacter 


! Package inputenc Error: Unicode character Î¿ (U+03BF)
(inputenc)                not set up for use with LaTeX.

See the inputenc package documentation for explanation.
Type  H <return>  for immediate help.
 ...                                              
                                                  
l.2 	Î— Ï€Î¿ÏÎµÎ¯Î± Ï€Î¿Ï… Î¸Î± Î±ÎºÎ¿
                                       Î»Î¿Ï…Î¸Î®ÏƒÎ¿Ï…Î¼Îµ Î³Î¹Î± Ï„Î·Î½ Î±...

You may provide a definition with
\DeclareUnicodeCharacter 


! Package inputenc Error: Unicode character Î» (U+03BB)
(inputenc)                not set up for use with LaTeX.

See the inputenc package documentation for explanation.
Type  H <return>  for immediate help.
 ...                                              
                                                  
l.2 	Î— Ï€Î¿ÏÎµÎ¯Î± Ï€Î¿Ï… Î¸Î± Î±ÎºÎ¿Î»
                                         Î¿Ï…Î¸Î®ÏƒÎ¿Ï…Î¼Îµ Î³Î¹Î± Ï„Î·Î½ Î±...

You may provide a definition with
\DeclareUnicodeCharacter 


! Package inputenc Error: Unicode character Î¿ (U+03BF)
(inputenc)                not set up for use with LaTeX.

See the inputenc package documentation for explanation.
Type  H <return>  for immediate help.
 ...                                              
                                                  
l.2 	Î— Ï€Î¿ÏÎµÎ¯Î± Ï€Î¿Ï… Î¸Î± Î±ÎºÎ¿Î»Î¿
                                           Ï…Î¸Î®ÏƒÎ¿Ï…Î¼Îµ Î³Î¹Î± Ï„Î·Î½ Î±...

You may provide a definition with
\DeclareUnicodeCharacter 


! Package inputenc Error: Unicode character Ï… (U+03C5)
(inputenc)                not set up for use with LaTeX.

See the inputenc package documentation for explanation.
Type  H <return>  for immediate help.
 ...                                              
                                                  
l.2 	Î— Ï€Î¿ÏÎµÎ¯Î± Ï€Î¿Ï… Î¸Î± Î±ÎºÎ¿Î»Î¿Ï…
                                             Î¸Î®ÏƒÎ¿Ï…Î¼Îµ Î³Î¹Î± Ï„Î·Î½ Î±...

You may provide a definition with
\DeclareUnicodeCharacter 


! Package inputenc Error: Unicode character Î¸ (U+03B8)
(inputenc)                not set up for use with LaTeX.

See the inputenc package documentation for explanation.
Type  H <return>  for immediate help.
 ...                                              
                                                  
l.2 	Î— Ï€Î¿ÏÎµÎ¯Î± Ï€Î¿Ï… Î¸Î± Î±ÎºÎ¿Î»Î¿Ï…Î¸
                                               Î®ÏƒÎ¿Ï…Î¼Îµ Î³Î¹Î± Ï„Î·Î½ Î±...

You may provide a definition with
\DeclareUnicodeCharacter 


! Package inputenc Error: Unicode character Î® (U+03AE)
(inputenc)                not set up for use with LaTeX.

See the inputenc package documentation for explanation.
Type  H <return>  for immediate help.
 ...                                              
                                                  
l.2 	Î— Ï€Î¿ÏÎµÎ¯Î± Ï€Î¿Ï… Î¸Î± Î±ÎºÎ¿Î»Î¿Ï…Î¸Î®
                                                 ÏƒÎ¿Ï…Î¼Îµ Î³Î¹Î± Ï„Î·Î½ Î±...

You may provide a definition with
\DeclareUnicodeCharacter 


! Package inputenc Error: Unicode character Ïƒ (U+03C3)
(inputenc)                not set up for use with LaTeX.

See the inputenc package documentation for explanation.
Type  H <return>  for immediate help.
 ...                                              
                                                  
l.2 ...Ï€Î¿ÏÎµÎ¯Î± Ï€Î¿Ï… Î¸Î± Î±ÎºÎ¿Î»Î¿Ï…Î¸Î®Ïƒ
                                                  Î¿Ï…Î¼Îµ Î³Î¹Î± Ï„Î·Î½ Î±Î...

You may provide a definition with
\DeclareUnicodeCharacter 


! Package inputenc Error: Unicode character Î¿ (U+03BF)
(inputenc)                not set up for use with LaTeX.

See the inputenc package documentation for explanation.
Type  H <return>  for immediate help.
 ...                                              
                                                  
l.2 ...Î¿ÏÎµÎ¯Î± Ï€Î¿Ï… Î¸Î± Î±ÎºÎ¿Î»Î¿Ï…Î¸Î®ÏƒÎ¿
                                                  Ï…Î¼Îµ Î³Î¹Î± Ï„Î·Î½ Î±Î½Î...

You may provide a definition with
\DeclareUnicodeCharacter 


! Package inputenc Error: Unicode character Ï… (U+03C5)
(inputenc)                not set up for use with LaTeX.

See the inputenc package documentation for explanation.
Type  H <return>  for immediate help.
 ...                                              
                                                  
l.2 ...ÏÎµÎ¯Î± Ï€Î¿Ï… Î¸Î± Î±ÎºÎ¿Î»Î¿Ï…Î¸Î®ÏƒÎ¿Ï…
                                                  Î¼Îµ Î³Î¹Î± Ï„Î·Î½ Î±Î½Î¬Î...

You may provide a definition with
\DeclareUnicodeCharacter 


! Package inputenc Error: Unicode character Î¼ (U+03BC)
(inputenc)                not set up for use with LaTeX.

See the inputenc package documentation for explanation.
Type  H <return>  for immediate help.
 ...                                              
                                                  
l.2 ...ÎµÎ¯Î± Ï€Î¿Ï… Î¸Î± Î±ÎºÎ¿Î»Î¿Ï…Î¸Î®ÏƒÎ¿Ï…Î¼
                                                  Îµ Î³Î¹Î± Ï„Î·Î½ Î±Î½Î¬Î»Ï...

You may provide a definition with
\DeclareUnicodeCharacter 


! Package inputenc Error: Unicode character Îµ (U+03B5)
(inputenc)                not set up for use with LaTeX.

See the inputenc package documentation for explanation.
Type  H <return>  for immediate help.
 ...                                              
                                                  
l.2 ...Î¯Î± Ï€Î¿Ï… Î¸Î± Î±ÎºÎ¿Î»Î¿Ï…Î¸Î®ÏƒÎ¿Ï…Î¼Îµ
                                                   Î³Î¹Î± Ï„Î·Î½ Î±Î½Î¬Î»Ï…Ï...

You may provide a definition with
\DeclareUnicodeCharacter 


! Package inputenc Error: Unicode character Î³ (U+03B3)
(inputenc)                not set up for use with LaTeX.

See the inputenc package documentation for explanation.
Type  H <return>  for immediate help.
 ...                                              
                                                  
l.2 ...± Ï€Î¿Ï… Î¸Î± Î±ÎºÎ¿Î»Î¿Ï…Î¸Î®ÏƒÎ¿Ï…Î¼Îµ Î³
                                                  Î¹Î± Ï„Î·Î½ Î±Î½Î¬Î»Ï…ÏƒÎ·...

You may provide a definition with
\DeclareUnicodeCharacter 


! Package inputenc Error: Unicode character Î¹ (U+03B9)
(inputenc)                not set up for use with LaTeX.

See the inputenc package documentation for explanation.
Type  H <return>  for immediate help.
 ...                                              
                                                  
l.2 ...Ï€Î¿Ï… Î¸Î± Î±ÎºÎ¿Î»Î¿Ï…Î¸Î®ÏƒÎ¿Ï…Î¼Îµ Î³Î¹
                                                  Î± Ï„Î·Î½ Î±Î½Î¬Î»Ï…ÏƒÎ· Ï...

You may provide a definition with
\DeclareUnicodeCharacter 


! Package inputenc Error: Unicode character Î± (U+03B1)
(inputenc)                not set up for use with LaTeX.

See the inputenc package documentation for explanation.
Type  H <return>  for immediate help.
 ...                                              
                                                  
l.2 ...Î¿Ï… Î¸Î± Î±ÎºÎ¿Î»Î¿Ï…Î¸Î®ÏƒÎ¿Ï…Î¼Îµ Î³Î¹Î±
                                                   Ï„Î·Î½ Î±Î½Î¬Î»Ï…ÏƒÎ· Ï„Î...

You may provide a definition with
\DeclareUnicodeCharacter 


! Package inputenc Error: Unicode character Ï„ (U+03C4)
(inputenc)                not set up for use with LaTeX.

See the inputenc package documentation for explanation.
Type  H <return>  for immediate help.
 ...                                              
                                                  
l.2 ...… Î¸Î± Î±ÎºÎ¿Î»Î¿Ï…Î¸Î®ÏƒÎ¿Ï…Î¼Îµ Î³Î¹Î± Ï„
                                                  Î·Î½ Î±Î½Î¬Î»Ï…ÏƒÎ· Ï„Î¿Ï…...

You may provide a definition with
\DeclareUnicodeCharacter 


! Package inputenc Error: Unicode character Î· (U+03B7)
(inputenc)                not set up for use with LaTeX.

See the inputenc package documentation for explanation.
Type  H <return>  for immediate help.
 ...                                              
                                                  
l.2 ...Î¸Î± Î±ÎºÎ¿Î»Î¿Ï…Î¸Î®ÏƒÎ¿Ï…Î¼Îµ Î³Î¹Î± Ï„Î·
                                                  Î½ Î±Î½Î¬Î»Ï…ÏƒÎ· Ï„Î¿Ï… Î...

You may provide a definition with
\DeclareUnicodeCharacter 


! Package inputenc Error: Unicode character Î½ (U+03BD)
(inputenc)                not set up for use with LaTeX.

See the inputenc package documentation for explanation.
Type  H <return>  for immediate help.
 ...                                              
                                                  
l.2 ...Î± Î±ÎºÎ¿Î»Î¿Ï…Î¸Î®ÏƒÎ¿Ï…Î¼Îµ Î³Î¹Î± Ï„Î·Î½
                                                   Î±Î½Î¬Î»Ï…ÏƒÎ· Ï„Î¿Ï… ÎµÎ...

You may provide a definition with
\DeclareUnicodeCharacter 


! Package inputenc Error: Unicode character Î± (U+03B1)
(inputenc)                not set up for use with LaTeX.

See the inputenc package documentation for explanation.
Type  H <return>  for immediate help.
 ...                                              
                                                  
l.2 ...Î±ÎºÎ¿Î»Î¿Ï…Î¸Î®ÏƒÎ¿Ï…Î¼Îµ Î³Î¹Î± Ï„Î·Î½ Î±
                                                  Î½Î¬Î»Ï…ÏƒÎ· Ï„Î¿Ï… ÎµÎ½ Î...

You may provide a definition with
\DeclareUnicodeCharacter 


! Package inputenc Error: Unicode character Î½ (U+03BD)
(inputenc)                not set up for use with LaTeX.

See the inputenc package documentation for explanation.
Type  H <return>  for immediate help.
 ...                                              
                                                  
l.2 ...ÎºÎ¿Î»Î¿Ï…Î¸Î®ÏƒÎ¿Ï…Î¼Îµ Î³Î¹Î± Ï„Î·Î½ Î±Î½
                                                  Î¬Î»Ï…ÏƒÎ· Ï„Î¿Ï… ÎµÎ½ Î»Ï...

You may provide a definition with
\DeclareUnicodeCharacter 


! Package inputenc Error: Unicode character Î¬ (U+03AC)
(inputenc)                not set up for use with LaTeX.

See the inputenc package documentation for explanation.
Type  H <return>  for immediate help.
 ...                                              
                                                  
l.2 ...Î¿Î»Î¿Ï…Î¸Î®ÏƒÎ¿Ï…Î¼Îµ Î³Î¹Î± Ï„Î·Î½ Î±Î½Î¬
                                                  Î»Ï…ÏƒÎ· Ï„Î¿Ï… ÎµÎ½ Î»ÏŒÎ...

You may provide a definition with
\DeclareUnicodeCharacter 


! Package inputenc Error: Unicode character Î» (U+03BB)
(inputenc)                not set up for use with LaTeX.

See the inputenc package documentation for explanation.
Type  H <return>  for immediate help.
 ...                                              
                                                  
l.2 ...Î»Î¿Ï…Î¸Î®ÏƒÎ¿Ï…Î¼Îµ Î³Î¹Î± Ï„Î·Î½ Î±Î½Î¬Î»
                                                  Ï…ÏƒÎ· Ï„Î¿Ï… ÎµÎ½ Î»ÏŒÎ³Ï...

You may provide a definition with
\DeclareUnicodeCharacter 


! Package inputenc Error: Unicode character Ï… (U+03C5)
(inputenc)                not set up for use with LaTeX.

See the inputenc package documentation for explanation.
Type  H <return>  for immediate help.
 ...                                              
                                                  
l.2 ...Î¿Ï…Î¸Î®ÏƒÎ¿Ï…Î¼Îµ Î³Î¹Î± Ï„Î·Î½ Î±Î½Î¬Î»Ï…
                                                  ÏƒÎ· Ï„Î¿Ï… ÎµÎ½ Î»ÏŒÎ³Ï‰ ...

You may provide a definition with
\DeclareUnicodeCharacter 


! Package inputenc Error: Unicode character Ïƒ (U+03C3)
(inputenc)                not set up for use with LaTeX.

See the inputenc package documentation for explanation.
Type  H <return>  for immediate help.
 ...                                              
                                                  
l.2 ...Ï…Î¸Î®ÏƒÎ¿Ï…Î¼Îµ Î³Î¹Î± Ï„Î·Î½ Î±Î½Î¬Î»Ï…Ïƒ
                                                  Î· Ï„Î¿Ï… ÎµÎ½ Î»ÏŒÎ³Ï‰ Ï€...

You may provide a definition with
\DeclareUnicodeCharacter 


! Package inputenc Error: Unicode character Î· (U+03B7)
(inputenc)                not set up for use with LaTeX.

See the inputenc package documentation for explanation.
Type  H <return>  for immediate help.
 ...                                              
                                                  
l.2 ...Î¸Î®ÏƒÎ¿Ï…Î¼Îµ Î³Î¹Î± Ï„Î·Î½ Î±Î½Î¬Î»Ï…ÏƒÎ·
                                                   Ï„Î¿Ï… ÎµÎ½ Î»ÏŒÎ³Ï‰ Ï€Îµ...

You may provide a definition with
\DeclareUnicodeCharacter 


! Package inputenc Error: Unicode character Ï„ (U+03C4)
(inputenc)                not set up for use with LaTeX.

See the inputenc package documentation for explanation.
Type  H <return>  for immediate help.
 ...                                              
                                                  
l.2 ...®ÏƒÎ¿Ï…Î¼Îµ Î³Î¹Î± Ï„Î·Î½ Î±Î½Î¬Î»Ï…ÏƒÎ· Ï„
                                                  Î¿Ï… ÎµÎ½ Î»ÏŒÎ³Ï‰ Ï€ÎµÎ¹Ï...

You may provide a definition with
\DeclareUnicodeCharacter 


! Package inputenc Error: Unicode character Î¿ (U+03BF)
(inputenc)                not set up for use with LaTeX.

See the inputenc package documentation for explanation.
Type  H <return>  for immediate help.
 ...                                              
                                                  
l.2 ...ƒÎ¿Ï…Î¼Îµ Î³Î¹Î± Ï„Î·Î½ Î±Î½Î¬Î»Ï…ÏƒÎ· Ï„Î¿
                                                  Ï… ÎµÎ½ Î»ÏŒÎ³Ï‰ Ï€ÎµÎ¹ÏÎ...

You may provide a definition with
\DeclareUnicodeCharacter 


! Package inputenc Error: Unicode character Ï… (U+03C5)
(inputenc)                not set up for use with LaTeX.

See the inputenc package documentation for explanation.
Type  H <return>  for immediate help.
 ...                                              
                                                  
l.2 ...¿Ï…Î¼Îµ Î³Î¹Î± Ï„Î·Î½ Î±Î½Î¬Î»Ï…ÏƒÎ· Ï„Î¿Ï…
                                                   ÎµÎ½ Î»ÏŒÎ³Ï‰ Ï€ÎµÎ¹ÏÎ¬Î...

You may provide a definition with
\DeclareUnicodeCharacter 


! Package inputenc Error: Unicode character Îµ (U+03B5)
(inputenc)                not set up for use with LaTeX.

See the inputenc package documentation for explanation.
Type  H <return>  for immediate help.
 ...                                              
                                                  
l.2 ...Î¼Îµ Î³Î¹Î± Ï„Î·Î½ Î±Î½Î¬Î»Ï…ÏƒÎ· Ï„Î¿Ï… Îµ
                                                  Î½ Î»ÏŒÎ³Ï‰ Ï€ÎµÎ¹ÏÎ¬Î¼Î±...

You may provide a definition with
\DeclareUnicodeCharacter 


! Package inputenc Error: Unicode character Î½ (U+03BD)
(inputenc)                not set up for use with LaTeX.

See the inputenc package documentation for explanation.
Type  H <return>  for immediate help.
 ...                                              
                                                  
l.2 ...Îµ Î³Î¹Î± Ï„Î·Î½ Î±Î½Î¬Î»Ï…ÏƒÎ· Ï„Î¿Ï… ÎµÎ½
                                                   Î»ÏŒÎ³Ï‰ Ï€ÎµÎ¹ÏÎ¬Î¼Î±Ï„...

You may provide a definition with
\DeclareUnicodeCharacter 


! Package inputenc Error: Unicode character Î» (U+03BB)
(inputenc)                not set up for use with LaTeX.

See the inputenc package documentation for explanation.
Type  H <return>  for immediate help.
 ...                                              
                                                  
l.2 ...Î³Î¹Î± Ï„Î·Î½ Î±Î½Î¬Î»Ï…ÏƒÎ· Ï„Î¿Ï… ÎµÎ½ Î»
                                                  ÏŒÎ³Ï‰ Ï€ÎµÎ¹ÏÎ¬Î¼Î±Ï„Î¿Ï...

You may provide a definition with
\DeclareUnicodeCharacter 


! Package inputenc Error: Unicode character ÏŒ (U+03CC)
(inputenc)                not set up for use with LaTeX.

See the inputenc package documentation for explanation.
Type  H <return>  for immediate help.
 ...                                              
                                                  
l.2 ...Î¹Î± Ï„Î·Î½ Î±Î½Î¬Î»Ï…ÏƒÎ· Ï„Î¿Ï… ÎµÎ½ Î»ÏŒ
                                                  Î³Ï‰ Ï€ÎµÎ¹ÏÎ¬Î¼Î±Ï„Î¿Ï‚ ...

You may provide a definition with
\DeclareUnicodeCharacter 


! Package inputenc Error: Unicode character Î³ (U+03B3)
(inputenc)                not set up for use with LaTeX.

See the inputenc package documentation for explanation.
Type  H <return>  for immediate help.
 ...                                              
                                                  
l.2 ...Î± Ï„Î·Î½ Î±Î½Î¬Î»Ï…ÏƒÎ· Ï„Î¿Ï… ÎµÎ½ Î»ÏŒÎ³
                                                  Ï‰ Ï€ÎµÎ¹ÏÎ¬Î¼Î±Ï„Î¿Ï‚ Ï„...

You may provide a definition with
\DeclareUnicodeCharacter 


! Package inputenc Error: Unicode character Ï‰ (U+03C9)
(inputenc)                not set up for use with LaTeX.

See the inputenc package documentation for explanation.
Type  H <return>  for immediate help.
 ...                                              
                                                  
l.2 ... Ï„Î·Î½ Î±Î½Î¬Î»Ï…ÏƒÎ· Ï„Î¿Ï… ÎµÎ½ Î»ÏŒÎ³Ï‰
                                                   Ï€ÎµÎ¹ÏÎ¬Î¼Î±Ï„Î¿Ï‚ Ï„Î¿...

You may provide a definition with
\DeclareUnicodeCharacter 


! Package inputenc Error: Unicode character Ï€ (U+03C0)
(inputenc)                not set up for use with LaTeX.

See the inputenc package documentation for explanation.
Type  H <return>  for immediate help.
 ...                                              
                                                  
l.2 ...Î·Î½ Î±Î½Î¬Î»Ï…ÏƒÎ· Ï„Î¿Ï… ÎµÎ½ Î»ÏŒÎ³Ï‰ Ï€
                                                  ÎµÎ¹ÏÎ¬Î¼Î±Ï„Î¿Ï‚ Ï„Î¿Ï… ...

You may provide a definition with
\DeclareUnicodeCharacter 


! Package inputenc Error: Unicode character Îµ (U+03B5)
(inputenc)                not set up for use with LaTeX.

See the inputenc package documentation for explanation.
Type  H <return>  for immediate help.
 ...                                              
                                                  
l.2 ...Î½ Î±Î½Î¬Î»Ï…ÏƒÎ· Ï„Î¿Ï… ÎµÎ½ Î»ÏŒÎ³Ï‰ Ï€Îµ
                                                  Î¹ÏÎ¬Î¼Î±Ï„Î¿Ï‚ Ï„Î¿Ï… BN...

You may provide a definition with
\DeclareUnicodeCharacter 


! Package inputenc Error: Unicode character Î¹ (U+03B9)
(inputenc)                not set up for use with LaTeX.

See the inputenc package documentation for explanation.
Type  H <return>  for immediate help.
 ...                                              
                                                  
l.2 ... Î±Î½Î¬Î»Ï…ÏƒÎ· Ï„Î¿Ï… ÎµÎ½ Î»ÏŒÎ³Ï‰ Ï€ÎµÎ¹
                                                  ÏÎ¬Î¼Î±Ï„Î¿Ï‚ Ï„Î¿Ï… BNL ...

You may provide a definition with
\DeclareUnicodeCharacter 


! Package inputenc Error: Unicode character Ï (U+03C1)
(inputenc)                not set up for use with LaTeX.

See the inputenc package documentation for explanation.
Type  H <return>  for immediate help.
 ...                                              
                                                  
l.2 ...±Î½Î¬Î»Ï…ÏƒÎ· Ï„Î¿Ï… ÎµÎ½ Î»ÏŒÎ³Ï‰ Ï€ÎµÎ¹Ï
                                                  Î¬Î¼Î±Ï„Î¿Ï‚ Ï„Î¿Ï… BNL Îµ...

You may provide a definition with
\DeclareUnicodeCharacter 


! Package inputenc Error: Unicode character Î¬ (U+03AC)
(inputenc)                not set up for use with LaTeX.

See the inputenc package documentation for explanation.
Type  H <return>  for immediate help.
 ...                                              
                                                  
l.2 ...½Î¬Î»Ï…ÏƒÎ· Ï„Î¿Ï… ÎµÎ½ Î»ÏŒÎ³Ï‰ Ï€ÎµÎ¹ÏÎ¬
                                                  Î¼Î±Ï„Î¿Ï‚ Ï„Î¿Ï… BNL ÎµÎ¯...

You may provide a definition with
\DeclareUnicodeCharacter 


! Package inputenc Error: Unicode character Î¼ (U+03BC)
(inputenc)                not set up for use with LaTeX.

See the inputenc package documentation for explanation.
Type  H <return>  for immediate help.
 ...                                              
                                                  
l.2 ...¬Î»Ï…ÏƒÎ· Ï„Î¿Ï… ÎµÎ½ Î»ÏŒÎ³Ï‰ Ï€ÎµÎ¹ÏÎ¬Î¼
                                                  Î±Ï„Î¿Ï‚ Ï„Î¿Ï… BNL ÎµÎ¯Î½...

You may provide a definition with
\DeclareUnicodeCharacter 


! Package inputenc Error: Unicode character Î± (U+03B1)
(inputenc)                not set up for use with LaTeX.

See the inputenc package documentation for explanation.
Type  H <return>  for immediate help.
 ...                                              
                                                  
l.2 ...»Ï…ÏƒÎ· Ï„Î¿Ï… ÎµÎ½ Î»ÏŒÎ³Ï‰ Ï€ÎµÎ¹ÏÎ¬Î¼Î±
                                                  Ï„Î¿Ï‚ Ï„Î¿Ï… BNL ÎµÎ¯Î½Î±...

You may provide a definition with
\DeclareUnicodeCharacter 


! Package inputenc Error: Unicode character Ï„ (U+03C4)
(inputenc)                not set up for use with LaTeX.

See the inputenc package documentation for explanation.
Type  H <return>  for immediate help.
 ...                                              
                                                  
l.2 ...…ÏƒÎ· Ï„Î¿Ï… ÎµÎ½ Î»ÏŒÎ³Ï‰ Ï€ÎµÎ¹ÏÎ¬Î¼Î±Ï„
                                                  Î¿Ï‚ Ï„Î¿Ï… BNL ÎµÎ¯Î½Î±Î¹...

You may provide a definition with
\DeclareUnicodeCharacter 


! Package inputenc Error: Unicode character Î¿ (U+03BF)
(inputenc)                not set up for use with LaTeX.

See the inputenc package documentation for explanation.
Type  H <return>  for immediate help.
 ...                                              
                                                  
l.2 ...ƒÎ· Ï„Î¿Ï… ÎµÎ½ Î»ÏŒÎ³Ï‰ Ï€ÎµÎ¹ÏÎ¬Î¼Î±Ï„Î¿
                                                  Ï‚ Ï„Î¿Ï… BNL ÎµÎ¯Î½Î±Î¹ Î...

You may provide a definition with
\DeclareUnicodeCharacter 


! Package inputenc Error: Unicode character Ï‚ (U+03C2)
(inputenc)                not set up for use with LaTeX.

See the inputenc package documentation for explanation.
Type  H <return>  for immediate help.
 ...                                              
                                                  
l.2 ...· Ï„Î¿Ï… ÎµÎ½ Î»ÏŒÎ³Ï‰ Ï€ÎµÎ¹ÏÎ¬Î¼Î±Ï„Î¿Ï‚
                                                   Ï„Î¿Ï… BNL ÎµÎ¯Î½Î±Î¹ Î· ...

You may provide a definition with
\DeclareUnicodeCharacter 


! Package inputenc Error: Unicode character Ï„ (U+03C4)
(inputenc)                not set up for use with LaTeX.

See the inputenc package documentation for explanation.
Type  H <return>  for immediate help.
 ...                                              
                                                  
l.2 ...„Î¿Ï… ÎµÎ½ Î»ÏŒÎ³Ï‰ Ï€ÎµÎ¹ÏÎ¬Î¼Î±Ï„Î¿Ï‚ Ï„
                                                  Î¿Ï… BNL ÎµÎ¯Î½Î±Î¹ Î· Î¯Î...

You may provide a definition with
\DeclareUnicodeCharacter 


! Package inputenc Error: Unicode character Î¿ (U+03BF)
(inputenc)                not set up for use with LaTeX.

See the inputenc package documentation for explanation.
Type  H <return>  for immediate help.
 ...                                              
                                                  
l.2 ...¿Ï… ÎµÎ½ Î»ÏŒÎ³Ï‰ Ï€ÎµÎ¹ÏÎ¬Î¼Î±Ï„Î¿Ï‚ Ï„Î¿
                                                  Ï… BNL ÎµÎ¯Î½Î±Î¹ Î· Î¯Î´Î...

You may provide a definition with
\DeclareUnicodeCharacter 


! Package inputenc Error: Unicode character Ï… (U+03C5)
(inputenc)                not set up for use with LaTeX.

See the inputenc package documentation for explanation.
Type  H <return>  for immediate help.
 ...                                              
                                                  
l.2 ...… ÎµÎ½ Î»ÏŒÎ³Ï‰ Ï€ÎµÎ¹ÏÎ¬Î¼Î±Ï„Î¿Ï‚ Ï„Î¿Ï…
                                                   BNL ÎµÎ¯Î½Î±Î¹ Î· Î¯Î´Î¹Î...

You may provide a definition with
\DeclareUnicodeCharacter 


! LaTeX Error: Missing \begin{document}.

See the LaTeX manual or LaTeX Companion for explanation.
Type  H <return>  for immediate help.
 ...                                              
                                                  
l.2 ...ÎµÎ½ Î»ÏŒÎ³Ï‰ Ï€ÎµÎ¹ÏÎ¬Î¼Î±Ï„Î¿Ï‚ Ï„Î¿Ï… B
                                                  NL ÎµÎ¯Î½Î±Î¹ Î· Î¯Î´Î¹Î± ...

You're in trouble here.  Try typing  <return>  to proceed.
If that doesn't work, type  X <return>  to quit.

Missing character: There is no B in font nullfont!
Missing character: There is no N in font nullfont!
Missing character: There is no L in font nullfont!

! Package inputenc Error: Unicode character Îµ (U+03B5)
(inputenc)                not set up for use with LaTeX.

See the inputenc package documentation for explanation.
Type  H <return>  for immediate help.
 ...                                              
                                                  
l.2 ...Î»ÏŒÎ³Ï‰ Ï€ÎµÎ¹ÏÎ¬Î¼Î±Ï„Î¿Ï‚ Ï„Î¿Ï… BNL Îµ
                                                  Î¯Î½Î±Î¹ Î· Î¯Î´Î¹Î± Î¼Îµ ...

You may provide a definition with
\DeclareUnicodeCharacter 


! Package inputenc Error: Unicode character Î¯ (U+03AF)
(inputenc)                not set up for use with LaTeX.

See the inputenc package documentation for explanation.
Type  H <return>  for immediate help.
 ...                                              
                                                  
l.2 ...ÏŒÎ³Ï‰ Ï€ÎµÎ¹ÏÎ¬Î¼Î±Ï„Î¿Ï‚ Ï„Î¿Ï… BNL ÎµÎ¯
                                                  Î½Î±Î¹ Î· Î¯Î´Î¹Î± Î¼Îµ Î±...

You may provide a definition with
\DeclareUnicodeCharacter 


! Package inputenc Error: Unicode character Î½ (U+03BD)
(inputenc)                not set up for use with LaTeX.

See the inputenc package documentation for explanation.
Type  H <return>  for immediate help.
 ...                                              
                                                  
l.2 ...Î³Ï‰ Ï€ÎµÎ¹ÏÎ¬Î¼Î±Ï„Î¿Ï‚ Ï„Î¿Ï… BNL ÎµÎ¯Î½
                                                  Î±Î¹ Î· Î¯Î´Î¹Î± Î¼Îµ Î±Ï…...

You may provide a definition with
\DeclareUnicodeCharacter 


! Package inputenc Error: Unicode character Î± (U+03B1)
(inputenc)                not set up for use with LaTeX.

See the inputenc package documentation for explanation.
Type  H <return>  for immediate help.
 ...                                              
                                                  
l.2 ...Ï‰ Ï€ÎµÎ¹ÏÎ¬Î¼Î±Ï„Î¿Ï‚ Ï„Î¿Ï… BNL ÎµÎ¯Î½Î±
                                                  Î¹ Î· Î¯Î´Î¹Î± Î¼Îµ Î±Ï…Ï„...

You may provide a definition with
\DeclareUnicodeCharacter 


! Package inputenc Error: Unicode character Î¹ (U+03B9)
(inputenc)                not set up for use with LaTeX.

See the inputenc package documentation for explanation.
Type  H <return>  for immediate help.
 ...                                              
                                                  
l.2 ... Ï€ÎµÎ¹ÏÎ¬Î¼Î±Ï„Î¿Ï‚ Ï„Î¿Ï… BNL ÎµÎ¯Î½Î±Î¹
                                                   Î· Î¯Î´Î¹Î± Î¼Îµ Î±Ï…Ï„Î®...

You may provide a definition with
\DeclareUnicodeCharacter 


! Package inputenc Error: Unicode character Î· (U+03B7)
(inputenc)                not set up for use with LaTeX.

See the inputenc package documentation for explanation.
Type  H <return>  for immediate help.
 ...                                              
                                                  
l.2 ...ÎµÎ¹ÏÎ¬Î¼Î±Ï„Î¿Ï‚ Ï„Î¿Ï… BNL ÎµÎ¯Î½Î±Î¹ Î·
                                                   Î¯Î´Î¹Î± Î¼Îµ Î±Ï…Ï„Î®Î½ ...

You may provide a definition with
\DeclareUnicodeCharacter 


! Package inputenc Error: Unicode character Î¯ (U+03AF)
(inputenc)                not set up for use with LaTeX.

See the inputenc package documentation for explanation.
Type  H <return>  for immediate help.
 ...                                              
                                                  
l.2 ...¹ÏÎ¬Î¼Î±Ï„Î¿Ï‚ Ï„Î¿Ï… BNL ÎµÎ¯Î½Î±Î¹ Î· Î¯
                                                  Î´Î¹Î± Î¼Îµ Î±Ï…Ï„Î®Î½ Ï€Î...

You may provide a definition with
\DeclareUnicodeCharacter 


! Package inputenc Error: Unicode character Î´ (U+03B4)
(inputenc)                not set up for use with LaTeX.

See the inputenc package documentation for explanation.
Type  H <return>  for immediate help.
 ...                                              
                                                  
l.2 ...Î¬Î¼Î±Ï„Î¿Ï‚ Ï„Î¿Ï… BNL ÎµÎ¯Î½Î±Î¹ Î· Î¯Î´
                                                  Î¹Î± Î¼Îµ Î±Ï…Ï„Î®Î½ Ï€Î¿Ï...

You may provide a definition with
\DeclareUnicodeCharacter 


! Package inputenc Error: Unicode character Î¹ (U+03B9)
(inputenc)                not set up for use with LaTeX.

See the inputenc package documentation for explanation.
Type  H <return>  for immediate help.
 ...                                              
                                                  
l.2 ...¬Î¼Î±Ï„Î¿Ï‚ Ï„Î¿Ï… BNL ÎµÎ¯Î½Î±Î¹ Î· Î¯Î´Î¹
                                                  Î± Î¼Îµ Î±Ï…Ï„Î®Î½ Ï€Î¿Ï… ...

You may provide a definition with
\DeclareUnicodeCharacter 


! Package inputenc Error: Unicode character Î± (U+03B1)
(inputenc)                not set up for use with LaTeX.

See the inputenc package documentation for explanation.
Type  H <return>  for immediate help.
 ...                                              
                                                  
l.2 ...¼Î±Ï„Î¿Ï‚ Ï„Î¿Ï… BNL ÎµÎ¯Î½Î±Î¹ Î· Î¯Î´Î¹Î±
                                                   Î¼Îµ Î±Ï…Ï„Î®Î½ Ï€Î¿Ï… Î±...

You may provide a definition with
\DeclareUnicodeCharacter 


! Package inputenc Error: Unicode character Î¼ (U+03BC)
(inputenc)                not set up for use with LaTeX.

See the inputenc package documentation for explanation.
Type  H <return>  for immediate help.
 ...                                              
                                                  
l.2 ...Ï„Î¿Ï‚ Ï„Î¿Ï… BNL ÎµÎ¯Î½Î±Î¹ Î· Î¯Î´Î¹Î± Î¼
                                                  Îµ Î±Ï…Ï„Î®Î½ Ï€Î¿Ï… Î±ÎºÎ...

You may provide a definition with
\DeclareUnicodeCharacter 


! Package inputenc Error: Unicode character Îµ (U+03B5)
(inputenc)                not set up for use with LaTeX.

See the inputenc package documentation for explanation.
Type  H <return>  for immediate help.
 ...                                              
                                                  
l.2 ...Î¿Ï‚ Ï„Î¿Ï… BNL ÎµÎ¯Î½Î±Î¹ Î· Î¯Î´Î¹Î± Î¼Îµ
                                                   Î±Ï…Ï„Î®Î½ Ï€Î¿Ï… Î±ÎºÎ¿Î...

You may provide a definition with
\DeclareUnicodeCharacter 


! Package inputenc Error: Unicode character Î± (U+03B1)
(inputenc)                not set up for use with LaTeX.

See the inputenc package documentation for explanation.
Type  H <return>  for immediate help.
 ...                                              
                                                  
l.2 ...‚ Ï„Î¿Ï… BNL ÎµÎ¯Î½Î±Î¹ Î· Î¯Î´Î¹Î± Î¼Îµ Î±
                                                  Ï…Ï„Î®Î½ Ï€Î¿Ï… Î±ÎºÎ¿Î»Î¿...

You may provide a definition with
\DeclareUnicodeCharacter 


! Package inputenc Error: Unicode character Ï… (U+03C5)
(inputenc)                not set up for use with LaTeX.

See the inputenc package documentation for explanation.
Type  H <return>  for immediate help.
 ...                                              
                                                  
l.2 ...Ï„Î¿Ï… BNL ÎµÎ¯Î½Î±Î¹ Î· Î¯Î´Î¹Î± Î¼Îµ Î±Ï…
                                                  Ï„Î®Î½ Ï€Î¿Ï… Î±ÎºÎ¿Î»Î¿Ï…...

You may provide a definition with
\DeclareUnicodeCharacter 


! Package inputenc Error: Unicode character Ï„ (U+03C4)
(inputenc)                not set up for use with LaTeX.

See the inputenc package documentation for explanation.
Type  H <return>  for immediate help.
 ...                                              
                                                  
l.2 ...Î¿Ï… BNL ÎµÎ¯Î½Î±Î¹ Î· Î¯Î´Î¹Î± Î¼Îµ Î±Ï…Ï„
                                                  Î®Î½ Ï€Î¿Ï… Î±ÎºÎ¿Î»Î¿Ï…Î¸...

You may provide a definition with
\DeclareUnicodeCharacter 


! Package inputenc Error: Unicode character Î® (U+03AE)
(inputenc)                not set up for use with LaTeX.

See the inputenc package documentation for explanation.
Type  H <return>  for immediate help.
 ...                                              
                                                  
l.2 ...Ï… BNL ÎµÎ¯Î½Î±Î¹ Î· Î¯Î´Î¹Î± Î¼Îµ Î±Ï…Ï„Î®
                                                  Î½ Ï€Î¿Ï… Î±ÎºÎ¿Î»Î¿Ï…Î¸Î¿...

You may provide a definition with
\DeclareUnicodeCharacter 


! Package inputenc Error: Unicode character Î½ (U+03BD)
(inputenc)                not set up for use with LaTeX.

See the inputenc package documentation for explanation.
Type  H <return>  for immediate help.
 ...                                              
                                                  
l.2 ... BNL ÎµÎ¯Î½Î±Î¹ Î· Î¯Î´Î¹Î± Î¼Îµ Î±Ï…Ï„Î®Î½
                                                   Ï€Î¿Ï… Î±ÎºÎ¿Î»Î¿Ï…Î¸Î¿Ï...

You may provide a definition with
\DeclareUnicodeCharacter 


! Package inputenc Error: Unicode character Ï€ (U+03C0)
(inputenc)                not set up for use with LaTeX.

See the inputenc package documentation for explanation.
Type  H <return>  for immediate help.
 ...                                              
                                                  
l.2 ...L ÎµÎ¯Î½Î±Î¹ Î· Î¯Î´Î¹Î± Î¼Îµ Î±Ï…Ï„Î®Î½ Ï€
                                                  Î¿Ï… Î±ÎºÎ¿Î»Î¿Ï…Î¸Î¿ÏÎ½ ...

You may provide a definition with
\DeclareUnicodeCharacter 


! Package inputenc Error: Unicode character Î¿ (U+03BF)
(inputenc)                not set up for use with LaTeX.

See the inputenc package documentation for explanation.
Type  H <return>  for immediate help.
 ...                                              
                                                  
l.2 ...ÎµÎ¯Î½Î±Î¹ Î· Î¯Î´Î¹Î± Î¼Îµ Î±Ï…Ï„Î®Î½ Ï€Î¿
                                                  Ï… Î±ÎºÎ¿Î»Î¿Ï…Î¸Î¿ÏÎ½ Ï„...
(That makes 100 errors; please try again.) 
Here is how much of TeX's memory you used:
 47 strings out of 480790
 922 string characters out of 2904292
 238890 words of memory out of 3000000
 16158 multiletter control sequences out of 15000+200000
 532338 words of font info for 24 fonts, out of 3000000 for 9000
 1141 hyphenation exceptions out of 8191
 12i,0n,15p,1016b,31s stack positions out of 5000i,500n,10000p,200000b,50000s

!  ==> Fatal error occurred, no output PDF file produced!
