This is pdfTeX, Version 3.141592653-2.6-1.40.24 (MiKTeX 22.10) (preloaded format=pdflatex 2022.11.23)  4 DEC 2022 00:48
entering extended mode
 restricted \write18 enabled.
 %&-line parsing enabled.
**./Protons.tex
(Protons.tex
LaTeX2e <2022-11-01>
L3 programming layer <2022-11-02>
! Undefined control sequence.
l.1 \section
            {Î— Ï€Î¿ÏÎµÎ¯Î± Ï„Ï‰Î½ Ï€ÏÏ‰Ï„Î¿Î½Î¯Ï‰Î½}
The control sequence at the end of the top line
of your error message was never \def'ed. If you have
misspelled it (e.g., `\hobx'), type `I' and the correct
spelling (e.g., `I\hbox'). Otherwise just continue,
and I'll forget about whatever was undefined.


! LaTeX Error: Unicode character Î— (U+0397)
               not set up for use with LaTeX.

See the LaTeX manual or LaTeX Companion for explanation.
Type  H <return>  for immediate help.
 ...                                              
                                                  
l.1 \section{Î—
                Ï€Î¿ÏÎµÎ¯Î± Ï„Ï‰Î½ Ï€ÏÏ‰Ï„Î¿Î½Î¯Ï‰Î½}
You may provide a definition with
\DeclareUnicodeCharacter 


! LaTeX Error: Unicode character Ï€ (U+03C0)
               not set up for use with LaTeX.

See the LaTeX manual or LaTeX Companion for explanation.
Type  H <return>  for immediate help.
 ...                                              
                                                  
l.1 \section{Î— Ï€
                  Î¿ÏÎµÎ¯Î± Ï„Ï‰Î½ Ï€ÏÏ‰Ï„Î¿Î½Î¯Ï‰Î½}
You may provide a definition with
\DeclareUnicodeCharacter 


! LaTeX Error: Unicode character Î¿ (U+03BF)
               not set up for use with LaTeX.

See the LaTeX manual or LaTeX Companion for explanation.
Type  H <return>  for immediate help.
 ...                                              
                                                  
l.1 \section{Î— Ï€Î¿
                    ÏÎµÎ¯Î± Ï„Ï‰Î½ Ï€ÏÏ‰Ï„Î¿Î½Î¯Ï‰Î½}
You may provide a definition with
\DeclareUnicodeCharacter 


! LaTeX Error: Unicode character Ï (U+03C1)
               not set up for use with LaTeX.

See the LaTeX manual or LaTeX Companion for explanation.
Type  H <return>  for immediate help.
 ...                                              
                                                  
l.1 \section{Î— Ï€Î¿Ï
                      ÎµÎ¯Î± Ï„Ï‰Î½ Ï€ÏÏ‰Ï„Î¿Î½Î¯Ï‰Î½}
You may provide a definition with
\DeclareUnicodeCharacter 


! LaTeX Error: Unicode character Îµ (U+03B5)
               not set up for use with LaTeX.

See the LaTeX manual or LaTeX Companion for explanation.
Type  H <return>  for immediate help.
 ...                                              
                                                  
l.1 \section{Î— Ï€Î¿ÏÎµ
                        Î¯Î± Ï„Ï‰Î½ Ï€ÏÏ‰Ï„Î¿Î½Î¯Ï‰Î½}
You may provide a definition with
\DeclareUnicodeCharacter 


! LaTeX Error: Unicode character Î¯ (U+03AF)
               not set up for use with LaTeX.

See the LaTeX manual or LaTeX Companion for explanation.
Type  H <return>  for immediate help.
 ...                                              
                                                  
l.1 \section{Î— Ï€Î¿ÏÎµÎ¯
                          Î± Ï„Ï‰Î½ Ï€ÏÏ‰Ï„Î¿Î½Î¯Ï‰Î½}
You may provide a definition with
\DeclareUnicodeCharacter 


! LaTeX Error: Unicode character Î± (U+03B1)
               not set up for use with LaTeX.

See the LaTeX manual or LaTeX Companion for explanation.
Type  H <return>  for immediate help.
 ...                                              
                                                  
l.1 \section{Î— Ï€Î¿ÏÎµÎ¯Î±
                             Ï„Ï‰Î½ Ï€ÏÏ‰Ï„Î¿Î½Î¯Ï‰Î½}
You may provide a definition with
\DeclareUnicodeCharacter 


! LaTeX Error: Unicode character Ï„ (U+03C4)
               not set up for use with LaTeX.

See the LaTeX manual or LaTeX Companion for explanation.
Type  H <return>  for immediate help.
 ...                                              
                                                  
l.1 \section{Î— Ï€Î¿ÏÎµÎ¯Î± Ï„
                               Ï‰Î½ Ï€ÏÏ‰Ï„Î¿Î½Î¯Ï‰Î½}
You may provide a definition with
\DeclareUnicodeCharacter 


! LaTeX Error: Unicode character Ï‰ (U+03C9)
               not set up for use with LaTeX.

See the LaTeX manual or LaTeX Companion for explanation.
Type  H <return>  for immediate help.
 ...                                              
                                                  
l.1 \section{Î— Ï€Î¿ÏÎµÎ¯Î± Ï„Ï‰
                                 Î½ Ï€ÏÏ‰Ï„Î¿Î½Î¯Ï‰Î½}
You may provide a definition with
\DeclareUnicodeCharacter 


! LaTeX Error: Unicode character Î½ (U+03BD)
               not set up for use with LaTeX.

See the LaTeX manual or LaTeX Companion for explanation.
Type  H <return>  for immediate help.
 ...                                              
                                                  
l.1 \section{Î— Ï€Î¿ÏÎµÎ¯Î± Ï„Ï‰Î½
                                    Ï€ÏÏ‰Ï„Î¿Î½Î¯Ï‰Î½}
You may provide a definition with
\DeclareUnicodeCharacter 


! LaTeX Error: Unicode character Ï€ (U+03C0)
               not set up for use with LaTeX.

See the LaTeX manual or LaTeX Companion for explanation.
Type  H <return>  for immediate help.
 ...                                              
                                                  
l.1 \section{Î— Ï€Î¿ÏÎµÎ¯Î± Ï„Ï‰Î½ Ï€
                                      ÏÏ‰Ï„Î¿Î½Î¯Ï‰Î½}
You may provide a definition with
\DeclareUnicodeCharacter 


! LaTeX Error: Unicode character Ï (U+03C1)
               not set up for use with LaTeX.

See the LaTeX manual or LaTeX Companion for explanation.
Type  H <return>  for immediate help.
 ...                                              
                                                  
l.1 \section{Î— Ï€Î¿ÏÎµÎ¯Î± Ï„Ï‰Î½ Ï€Ï
                                        Ï‰Ï„Î¿Î½Î¯Ï‰Î½}
You may provide a definition with
\DeclareUnicodeCharacter 


! LaTeX Error: Unicode character Ï‰ (U+03C9)
               not set up for use with LaTeX.

See the LaTeX manual or LaTeX Companion for explanation.
Type  H <return>  for immediate help.
 ...                                              
                                                  
l.1 \section{Î— Ï€Î¿ÏÎµÎ¯Î± Ï„Ï‰Î½ Ï€ÏÏ‰
                                          Ï„Î¿Î½Î¯Ï‰Î½}
You may provide a definition with
\DeclareUnicodeCharacter 


! LaTeX Error: Unicode character Ï„ (U+03C4)
               not set up for use with LaTeX.

See the LaTeX manual or LaTeX Companion for explanation.
Type  H <return>  for immediate help.
 ...                                              
                                                  
l.1 \section{Î— Ï€Î¿ÏÎµÎ¯Î± Ï„Ï‰Î½ Ï€ÏÏ‰Ï„
                                            Î¿Î½Î¯Ï‰Î½}
You may provide a definition with
\DeclareUnicodeCharacter 


! LaTeX Error: Unicode character Î¿ (U+03BF)
               not set up for use with LaTeX.

See the LaTeX manual or LaTeX Companion for explanation.
Type  H <return>  for immediate help.
 ...                                              
                                                  
l.1 \section{Î— Ï€Î¿ÏÎµÎ¯Î± Ï„Ï‰Î½ Ï€ÏÏ‰Ï„Î¿
                                              Î½Î¯Ï‰Î½}
You may provide a definition with
\DeclareUnicodeCharacter 


! LaTeX Error: Unicode character Î½ (U+03BD)
               not set up for use with LaTeX.

See the LaTeX manual or LaTeX Companion for explanation.
Type  H <return>  for immediate help.
 ...                                              
                                                  
l.1 \section{Î— Ï€Î¿ÏÎµÎ¯Î± Ï„Ï‰Î½ Ï€ÏÏ‰Ï„Î¿Î½
                                                Î¯Ï‰Î½}
You may provide a definition with
\DeclareUnicodeCharacter 


! LaTeX Error: Unicode character Î¯ (U+03AF)
               not set up for use with LaTeX.

See the LaTeX manual or LaTeX Companion for explanation.
Type  H <return>  for immediate help.
 ...                                              
                                                  
l.1 \section{Î— Ï€Î¿ÏÎµÎ¯Î± Ï„Ï‰Î½ Ï€ÏÏ‰Ï„Î¿Î½Î¯
                                                  Ï‰Î½}
You may provide a definition with
\DeclareUnicodeCharacter 


! LaTeX Error: Unicode character Ï‰ (U+03C9)
               not set up for use with LaTeX.

See the LaTeX manual or LaTeX Companion for explanation.
Type  H <return>  for immediate help.
 ...                                              
                                                  
l.1 ...ion{Î— Ï€Î¿ÏÎµÎ¯Î± Ï„Ï‰Î½ Ï€ÏÏ‰Ï„Î¿Î½Î¯Ï‰
                                                  Î½}
You may provide a definition with
\DeclareUnicodeCharacter 


! LaTeX Error: Unicode character Î½ (U+03BD)
               not set up for use with LaTeX.

See the LaTeX manual or LaTeX Companion for explanation.
Type  H <return>  for immediate help.
 ...                                              
                                                  
l.1 ...n{Î— Ï€Î¿ÏÎµÎ¯Î± Ï„Ï‰Î½ Ï€ÏÏ‰Ï„Î¿Î½Î¯Ï‰Î½
                                                  }
You may provide a definition with
\DeclareUnicodeCharacter 


! LaTeX Error: Unicode character ÎŒ (U+038C)
               not set up for use with LaTeX.

See the LaTeX manual or LaTeX Companion for explanation.
Type  H <return>  for immediate help.
 ...                                              
                                                  
l.2 	ÎŒ
       Ï€Ï‰Ï‚ Î­Ï‡ÎµÎ¹ Î±Î½Î±Ï†ÎµÏÎ¸ÎµÎ¯, Ï€Î­ÏÎ± Î±Ï€ÏŒ Ï„Î¹Ï‚ ÏƒÏ…Î³ÎºÏ...

You may provide a definition with
\DeclareUnicodeCharacter 


! LaTeX Error: Unicode character Ï€ (U+03C0)
               not set up for use with LaTeX.

See the LaTeX manual or LaTeX Companion for explanation.
Type  H <return>  for immediate help.
 ...                                              
                                                  
l.2 	ÎŒÏ€
         Ï‰Ï‚ Î­Ï‡ÎµÎ¹ Î±Î½Î±Ï†ÎµÏÎ¸ÎµÎ¯, Ï€Î­ÏÎ± Î±Ï€ÏŒ Ï„Î¹Ï‚ ÏƒÏ…Î³ÎºÏ...

You may provide a definition with
\DeclareUnicodeCharacter 


! LaTeX Error: Unicode character Ï‰ (U+03C9)
               not set up for use with LaTeX.

See the LaTeX manual or LaTeX Companion for explanation.
Type  H <return>  for immediate help.
 ...                                              
                                                  
l.2 	ÎŒÏ€Ï‰
           Ï‚ Î­Ï‡ÎµÎ¹ Î±Î½Î±Ï†ÎµÏÎ¸ÎµÎ¯, Ï€Î­ÏÎ± Î±Ï€ÏŒ Ï„Î¹Ï‚ ÏƒÏ…Î³ÎºÏ...

You may provide a definition with
\DeclareUnicodeCharacter 


! LaTeX Error: Unicode character Ï‚ (U+03C2)
               not set up for use with LaTeX.

See the LaTeX manual or LaTeX Companion for explanation.
Type  H <return>  for immediate help.
 ...                                              
                                                  
l.2 	ÎŒÏ€Ï‰Ï‚
              Î­Ï‡ÎµÎ¹ Î±Î½Î±Ï†ÎµÏÎ¸ÎµÎ¯, Ï€Î­ÏÎ± Î±Ï€ÏŒ Ï„Î¹Ï‚ ÏƒÏ…Î³ÎºÏ...

You may provide a definition with
\DeclareUnicodeCharacter 


! LaTeX Error: Unicode character Î­ (U+03AD)
               not set up for use with LaTeX.

See the LaTeX manual or LaTeX Companion for explanation.
Type  H <return>  for immediate help.
 ...                                              
                                                  
l.2 	ÎŒÏ€Ï‰Ï‚ Î­
                Ï‡ÎµÎ¹ Î±Î½Î±Ï†ÎµÏÎ¸ÎµÎ¯, Ï€Î­ÏÎ± Î±Ï€ÏŒ Ï„Î¹Ï‚ ÏƒÏ…Î³ÎºÏ...

You may provide a definition with
\DeclareUnicodeCharacter 


! LaTeX Error: Unicode character Ï‡ (U+03C7)
               not set up for use with LaTeX.

See the LaTeX manual or LaTeX Companion for explanation.
Type  H <return>  for immediate help.
 ...                                              
                                                  
l.2 	ÎŒÏ€Ï‰Ï‚ Î­Ï‡
                  ÎµÎ¹ Î±Î½Î±Ï†ÎµÏÎ¸ÎµÎ¯, Ï€Î­ÏÎ± Î±Ï€ÏŒ Ï„Î¹Ï‚ ÏƒÏ…Î³ÎºÏ...

You may provide a definition with
\DeclareUnicodeCharacter 


! LaTeX Error: Unicode character Îµ (U+03B5)
               not set up for use with LaTeX.

See the LaTeX manual or LaTeX Companion for explanation.
Type  H <return>  for immediate help.
 ...                                              
                                                  
l.2 	ÎŒÏ€Ï‰Ï‚ Î­Ï‡Îµ
                    Î¹ Î±Î½Î±Ï†ÎµÏÎ¸ÎµÎ¯, Ï€Î­ÏÎ± Î±Ï€ÏŒ Ï„Î¹Ï‚ ÏƒÏ…Î³ÎºÏ...

You may provide a definition with
\DeclareUnicodeCharacter 


! LaTeX Error: Unicode character Î¹ (U+03B9)
               not set up for use with LaTeX.

See the LaTeX manual or LaTeX Companion for explanation.
Type  H <return>  for immediate help.
 ...                                              
                                                  
l.2 	ÎŒÏ€Ï‰Ï‚ Î­Ï‡ÎµÎ¹
                       Î±Î½Î±Ï†ÎµÏÎ¸ÎµÎ¯, Ï€Î­ÏÎ± Î±Ï€ÏŒ Ï„Î¹Ï‚ ÏƒÏ…Î³ÎºÏ...

You may provide a definition with
\DeclareUnicodeCharacter 


! LaTeX Error: Unicode character Î± (U+03B1)
               not set up for use with LaTeX.

See the LaTeX manual or LaTeX Companion for explanation.
Type  H <return>  for immediate help.
 ...                                              
                                                  
l.2 	ÎŒÏ€Ï‰Ï‚ Î­Ï‡ÎµÎ¹ Î±
                         Î½Î±Ï†ÎµÏÎ¸ÎµÎ¯, Ï€Î­ÏÎ± Î±Ï€ÏŒ Ï„Î¹Ï‚ ÏƒÏ…Î³ÎºÏ...

You may provide a definition with
\DeclareUnicodeCharacter 


! LaTeX Error: Unicode character Î½ (U+03BD)
               not set up for use with LaTeX.

See the LaTeX manual or LaTeX Companion for explanation.
Type  H <return>  for immediate help.
 ...                                              
                                                  
l.2 	ÎŒÏ€Ï‰Ï‚ Î­Ï‡ÎµÎ¹ Î±Î½
                           Î±Ï†ÎµÏÎ¸ÎµÎ¯, Ï€Î­ÏÎ± Î±Ï€ÏŒ Ï„Î¹Ï‚ ÏƒÏ…Î³ÎºÏ...

You may provide a definition with
\DeclareUnicodeCharacter 


! LaTeX Error: Unicode character Î± (U+03B1)
               not set up for use with LaTeX.

See the LaTeX manual or LaTeX Companion for explanation.
Type  H <return>  for immediate help.
 ...                                              
                                                  
l.2 	ÎŒÏ€Ï‰Ï‚ Î­Ï‡ÎµÎ¹ Î±Î½Î±
                             Ï†ÎµÏÎ¸ÎµÎ¯, Ï€Î­ÏÎ± Î±Ï€ÏŒ Ï„Î¹Ï‚ ÏƒÏ…Î³ÎºÏ...

You may provide a definition with
\DeclareUnicodeCharacter 


! LaTeX Error: Unicode character Ï† (U+03C6)
               not set up for use with LaTeX.

See the LaTeX manual or LaTeX Companion for explanation.
Type  H <return>  for immediate help.
 ...                                              
                                                  
l.2 	ÎŒÏ€Ï‰Ï‚ Î­Ï‡ÎµÎ¹ Î±Î½Î±Ï†
                               ÎµÏÎ¸ÎµÎ¯, Ï€Î­ÏÎ± Î±Ï€ÏŒ Ï„Î¹Ï‚ ÏƒÏ…Î³ÎºÏ...

You may provide a definition with
\DeclareUnicodeCharacter 


! LaTeX Error: Unicode character Îµ (U+03B5)
               not set up for use with LaTeX.

See the LaTeX manual or LaTeX Companion for explanation.
Type  H <return>  for immediate help.
 ...                                              
                                                  
l.2 	ÎŒÏ€Ï‰Ï‚ Î­Ï‡ÎµÎ¹ Î±Î½Î±Ï†Îµ
                                 ÏÎ¸ÎµÎ¯, Ï€Î­ÏÎ± Î±Ï€ÏŒ Ï„Î¹Ï‚ ÏƒÏ…Î³ÎºÏ...

You may provide a definition with
\DeclareUnicodeCharacter 


! LaTeX Error: Unicode character Ï (U+03C1)
               not set up for use with LaTeX.

See the LaTeX manual or LaTeX Companion for explanation.
Type  H <return>  for immediate help.
 ...                                              
                                                  
l.2 	ÎŒÏ€Ï‰Ï‚ Î­Ï‡ÎµÎ¹ Î±Î½Î±Ï†ÎµÏ
                                   Î¸ÎµÎ¯, Ï€Î­ÏÎ± Î±Ï€ÏŒ Ï„Î¹Ï‚ ÏƒÏ…Î³ÎºÏ...

You may provide a definition with
\DeclareUnicodeCharacter 


! LaTeX Error: Unicode character Î¸ (U+03B8)
               not set up for use with LaTeX.

See the LaTeX manual or LaTeX Companion for explanation.
Type  H <return>  for immediate help.
 ...                                              
                                                  
l.2 	ÎŒÏ€Ï‰Ï‚ Î­Ï‡ÎµÎ¹ Î±Î½Î±Ï†ÎµÏÎ¸
                                     ÎµÎ¯, Ï€Î­ÏÎ± Î±Ï€ÏŒ Ï„Î¹Ï‚ ÏƒÏ…Î³ÎºÏ...

You may provide a definition with
\DeclareUnicodeCharacter 


! LaTeX Error: Unicode character Îµ (U+03B5)
               not set up for use with LaTeX.

See the LaTeX manual or LaTeX Companion for explanation.
Type  H <return>  for immediate help.
 ...                                              
                                                  
l.2 	ÎŒÏ€Ï‰Ï‚ Î­Ï‡ÎµÎ¹ Î±Î½Î±Ï†ÎµÏÎ¸Îµ
                                       Î¯, Ï€Î­ÏÎ± Î±Ï€ÏŒ Ï„Î¹Ï‚ ÏƒÏ…Î³ÎºÏ...

You may provide a definition with
\DeclareUnicodeCharacter 


! LaTeX Error: Unicode character Î¯ (U+03AF)
               not set up for use with LaTeX.

See the LaTeX manual or LaTeX Companion for explanation.
Type  H <return>  for immediate help.
 ...                                              
                                                  
l.2 	ÎŒÏ€Ï‰Ï‚ Î­Ï‡ÎµÎ¹ Î±Î½Î±Ï†ÎµÏÎ¸ÎµÎ¯
                                         , Ï€Î­ÏÎ± Î±Ï€ÏŒ Ï„Î¹Ï‚ ÏƒÏ…Î³ÎºÏ...

You may provide a definition with
\DeclareUnicodeCharacter 


! LaTeX Error: Missing \begin{document}.

See the LaTeX manual or LaTeX Companion for explanation.
Type  H <return>  for immediate help.
 ...                                              
                                                  
l.2 	ÎŒÏ€Ï‰Ï‚ Î­Ï‡ÎµÎ¹ Î±Î½Î±Ï†ÎµÏÎ¸ÎµÎ¯,
                                           Ï€Î­ÏÎ± Î±Ï€ÏŒ Ï„Î¹Ï‚ ÏƒÏ…Î³ÎºÏ...

You're in trouble here.  Try typing  <return>  to proceed.
If that doesn't work, type  X <return>  to quit.

Missing character: There is no , in font nullfont!

! LaTeX Error: Unicode character Ï€ (U+03C0)
               not set up for use with LaTeX.

See the LaTeX manual or LaTeX Companion for explanation.
Type  H <return>  for immediate help.
 ...                                              
                                                  
l.2 	ÎŒÏ€Ï‰Ï‚ Î­Ï‡ÎµÎ¹ Î±Î½Î±Ï†ÎµÏÎ¸ÎµÎ¯, Ï€
                                             Î­ÏÎ± Î±Ï€ÏŒ Ï„Î¹Ï‚ ÏƒÏ…Î³ÎºÏ...

You may provide a definition with
\DeclareUnicodeCharacter 


! LaTeX Error: Unicode character Î­ (U+03AD)
               not set up for use with LaTeX.

See the LaTeX manual or LaTeX Companion for explanation.
Type  H <return>  for immediate help.
 ...                                              
                                                  
l.2 	ÎŒÏ€Ï‰Ï‚ Î­Ï‡ÎµÎ¹ Î±Î½Î±Ï†ÎµÏÎ¸ÎµÎ¯, Ï€Î­
                                               ÏÎ± Î±Ï€ÏŒ Ï„Î¹Ï‚ ÏƒÏ…Î³ÎºÏ...

You may provide a definition with
\DeclareUnicodeCharacter 


! LaTeX Error: Unicode character Ï (U+03C1)
               not set up for use with LaTeX.

See the LaTeX manual or LaTeX Companion for explanation.
Type  H <return>  for immediate help.
 ...                                              
                                                  
l.2 	ÎŒÏ€Ï‰Ï‚ Î­Ï‡ÎµÎ¹ Î±Î½Î±Ï†ÎµÏÎ¸ÎµÎ¯, Ï€Î­Ï
                                                 Î± Î±Ï€ÏŒ Ï„Î¹Ï‚ ÏƒÏ…Î³ÎºÏ...

You may provide a definition with
\DeclareUnicodeCharacter 


! LaTeX Error: Unicode character Î± (U+03B1)
               not set up for use with LaTeX.

See the LaTeX manual or LaTeX Companion for explanation.
Type  H <return>  for immediate help.
 ...                                              
                                                  
l.2 ...€Ï‰Ï‚ Î­Ï‡ÎµÎ¹ Î±Î½Î±Ï†ÎµÏÎ¸ÎµÎ¯, Ï€Î­ÏÎ±
                                                   Î±Ï€ÏŒ Ï„Î¹Ï‚ ÏƒÏ…Î³ÎºÏÎ...

You may provide a definition with
\DeclareUnicodeCharacter 


! LaTeX Error: Unicode character Î± (U+03B1)
               not set up for use with LaTeX.

See the LaTeX manual or LaTeX Companion for explanation.
Type  H <return>  for immediate help.
 ...                                              
                                                  
l.2 ...Ï‚ Î­Ï‡ÎµÎ¹ Î±Î½Î±Ï†ÎµÏÎ¸ÎµÎ¯, Ï€Î­ÏÎ± Î±
                                                  Ï€ÏŒ Ï„Î¹Ï‚ ÏƒÏ…Î³ÎºÏÎ¿Ï...

You may provide a definition with
\DeclareUnicodeCharacter 


! LaTeX Error: Unicode character Ï€ (U+03C0)
               not set up for use with LaTeX.

See the LaTeX manual or LaTeX Companion for explanation.
Type  H <return>  for immediate help.
 ...                                              
                                                  
l.2 ... Î­Ï‡ÎµÎ¹ Î±Î½Î±Ï†ÎµÏÎ¸ÎµÎ¯, Ï€Î­ÏÎ± Î±Ï€
                                                  ÏŒ Ï„Î¹Ï‚ ÏƒÏ…Î³ÎºÏÎ¿ÏÏƒ...

You may provide a definition with
\DeclareUnicodeCharacter 


! LaTeX Error: Unicode character ÏŒ (U+03CC)
               not set up for use with LaTeX.

See the LaTeX manual or LaTeX Companion for explanation.
Type  H <return>  for immediate help.
 ...                                              
                                                  
l.2 ...­Ï‡ÎµÎ¹ Î±Î½Î±Ï†ÎµÏÎ¸ÎµÎ¯, Ï€Î­ÏÎ± Î±Ï€ÏŒ
                                                   Ï„Î¹Ï‚ ÏƒÏ…Î³ÎºÏÎ¿ÏÏƒÎµ...

You may provide a definition with
\DeclareUnicodeCharacter 


! LaTeX Error: Unicode character Ï„ (U+03C4)
               not set up for use with LaTeX.

See the LaTeX manual or LaTeX Companion for explanation.
Type  H <return>  for immediate help.
 ...                                              
                                                  
l.2 ...ÎµÎ¹ Î±Î½Î±Ï†ÎµÏÎ¸ÎµÎ¯, Ï€Î­ÏÎ± Î±Ï€ÏŒ Ï„
                                                  Î¹Ï‚ ÏƒÏ…Î³ÎºÏÎ¿ÏÏƒÎµÎ¹Ï...

You may provide a definition with
\DeclareUnicodeCharacter 


! LaTeX Error: Unicode character Î¹ (U+03B9)
               not set up for use with LaTeX.

See the LaTeX manual or LaTeX Companion for explanation.
Type  H <return>  for immediate help.
 ...                                              
                                                  
l.2 ...Î¹ Î±Î½Î±Ï†ÎµÏÎ¸ÎµÎ¯, Ï€Î­ÏÎ± Î±Ï€ÏŒ Ï„Î¹
                                                  Ï‚ ÏƒÏ…Î³ÎºÏÎ¿ÏÏƒÎµÎ¹Ï‚ ...

You may provide a definition with
\DeclareUnicodeCharacter 


! LaTeX Error: Unicode character Ï‚ (U+03C2)
               not set up for use with LaTeX.

See the LaTeX manual or LaTeX Companion for explanation.
Type  H <return>  for immediate help.
 ...                                              
                                                  
l.2 ... Î±Î½Î±Ï†ÎµÏÎ¸ÎµÎ¯, Ï€Î­ÏÎ± Î±Ï€ÏŒ Ï„Î¹Ï‚
                                                   ÏƒÏ…Î³ÎºÏÎ¿ÏÏƒÎµÎ¹Ï‚ Î²...

You may provide a definition with
\DeclareUnicodeCharacter 


! LaTeX Error: Unicode character Ïƒ (U+03C3)
               not set up for use with LaTeX.

See the LaTeX manual or LaTeX Companion for explanation.
Type  H <return>  for immediate help.
 ...                                              
                                                  
l.2 ...Î½Î±Ï†ÎµÏÎ¸ÎµÎ¯, Ï€Î­ÏÎ± Î±Ï€ÏŒ Ï„Î¹Ï‚ Ïƒ
                                                  Ï…Î³ÎºÏÎ¿ÏÏƒÎµÎ¹Ï‚ Î²Î±Ï...

You may provide a definition with
\DeclareUnicodeCharacter 


! LaTeX Error: Unicode character Ï… (U+03C5)
               not set up for use with LaTeX.

See the LaTeX manual or LaTeX Companion for explanation.
Type  H <return>  for immediate help.
 ...                                              
                                                  
l.2 ...Î±Ï†ÎµÏÎ¸ÎµÎ¯, Ï€Î­ÏÎ± Î±Ï€ÏŒ Ï„Î¹Ï‚ ÏƒÏ…
                                                  Î³ÎºÏÎ¿ÏÏƒÎµÎ¹Ï‚ Î²Î±ÏÎ...

You may provide a definition with
\DeclareUnicodeCharacter 


! LaTeX Error: Unicode character Î³ (U+03B3)
               not set up for use with LaTeX.

See the LaTeX manual or LaTeX Companion for explanation.
Type  H <return>  for immediate help.
 ...                                              
                                                  
l.2 ...Ï†ÎµÏÎ¸ÎµÎ¯, Ï€Î­ÏÎ± Î±Ï€ÏŒ Ï„Î¹Ï‚ ÏƒÏ…Î³
                                                  ÎºÏÎ¿ÏÏƒÎµÎ¹Ï‚ Î²Î±ÏÎ­Ï...

You may provide a definition with
\DeclareUnicodeCharacter 


! LaTeX Error: Unicode character Îº (U+03BA)
               not set up for use with LaTeX.

See the LaTeX manual or LaTeX Companion for explanation.
Type  H <return>  for immediate help.
 ...                                              
                                                  
l.2 ...ÎµÏÎ¸ÎµÎ¯, Ï€Î­ÏÎ± Î±Ï€ÏŒ Ï„Î¹Ï‚ ÏƒÏ…Î³Îº
                                                  ÏÎ¿ÏÏƒÎµÎ¹Ï‚ Î²Î±ÏÎ­Ï‰Î...

You may provide a definition with
\DeclareUnicodeCharacter 


! LaTeX Error: Unicode character Ï (U+03C1)
               not set up for use with LaTeX.

See the LaTeX manual or LaTeX Companion for explanation.
Type  H <return>  for immediate help.
 ...                                              
                                                  
l.2 ...ÏÎ¸ÎµÎ¯, Ï€Î­ÏÎ± Î±Ï€ÏŒ Ï„Î¹Ï‚ ÏƒÏ…Î³ÎºÏ
                                                  Î¿ÏÏƒÎµÎ¹Ï‚ Î²Î±ÏÎ­Ï‰Î½ ...

You may provide a definition with
\DeclareUnicodeCharacter 


! LaTeX Error: Unicode character Î¿ (U+03BF)
               not set up for use with LaTeX.

See the LaTeX manual or LaTeX Companion for explanation.
Type  H <return>  for immediate help.
 ...                                              
                                                  
l.2 ...Î¸ÎµÎ¯, Ï€Î­ÏÎ± Î±Ï€ÏŒ Ï„Î¹Ï‚ ÏƒÏ…Î³ÎºÏÎ¿
                                                  ÏÏƒÎµÎ¹Ï‚ Î²Î±ÏÎ­Ï‰Î½ Î¹...

You may provide a definition with
\DeclareUnicodeCharacter 


! LaTeX Error: Unicode character Ï (U+03CD)
               not set up for use with LaTeX.

See the LaTeX manual or LaTeX Companion for explanation.
Type  H <return>  for immediate help.
 ...                                              
                                                  
l.2 ...ÎµÎ¯, Ï€Î­ÏÎ± Î±Ï€ÏŒ Ï„Î¹Ï‚ ÏƒÏ…Î³ÎºÏÎ¿Ï
                                                  ÏƒÎµÎ¹Ï‚ Î²Î±ÏÎ­Ï‰Î½ Î¹ÏŒ...

You may provide a definition with
\DeclareUnicodeCharacter 


! LaTeX Error: Unicode character Ïƒ (U+03C3)
               not set up for use with LaTeX.

See the LaTeX manual or LaTeX Companion for explanation.
Type  H <return>  for immediate help.
 ...                                              
                                                  
l.2 ...Î¯, Ï€Î­ÏÎ± Î±Ï€ÏŒ Ï„Î¹Ï‚ ÏƒÏ…Î³ÎºÏÎ¿ÏÏƒ
                                                  ÎµÎ¹Ï‚ Î²Î±ÏÎ­Ï‰Î½ Î¹ÏŒÎ½...

You may provide a definition with
\DeclareUnicodeCharacter 


! LaTeX Error: Unicode character Îµ (U+03B5)
               not set up for use with LaTeX.

See the LaTeX manual or LaTeX Companion for explanation.
Type  H <return>  for immediate help.
 ...                                              
                                                  
l.2 ..., Ï€Î­ÏÎ± Î±Ï€ÏŒ Ï„Î¹Ï‚ ÏƒÏ…Î³ÎºÏÎ¿ÏÏƒÎµ
                                                  Î¹Ï‚ Î²Î±ÏÎ­Ï‰Î½ Î¹ÏŒÎ½Ï„...

You may provide a definition with
\DeclareUnicodeCharacter 


! LaTeX Error: Unicode character Î¹ (U+03B9)
               not set up for use with LaTeX.

See the LaTeX manual or LaTeX Companion for explanation.
Type  H <return>  for immediate help.
 ...                                              
                                                  
l.2 ...Ï€Î­ÏÎ± Î±Ï€ÏŒ Ï„Î¹Ï‚ ÏƒÏ…Î³ÎºÏÎ¿ÏÏƒÎµÎ¹
                                                  Ï‚ Î²Î±ÏÎ­Ï‰Î½ Î¹ÏŒÎ½Ï„Ï‰...

You may provide a definition with
\DeclareUnicodeCharacter 


! LaTeX Error: Unicode character Ï‚ (U+03C2)
               not set up for use with LaTeX.

See the LaTeX manual or LaTeX Companion for explanation.
Type  H <return>  for immediate help.
 ...                                              
                                                  
l.2 ...Î­ÏÎ± Î±Ï€ÏŒ Ï„Î¹Ï‚ ÏƒÏ…Î³ÎºÏÎ¿ÏÏƒÎµÎ¹Ï‚
                                                   Î²Î±ÏÎ­Ï‰Î½ Î¹ÏŒÎ½Ï„Ï‰Î½...

You may provide a definition with
\DeclareUnicodeCharacter 


! LaTeX Error: Unicode character Î² (U+03B2)
               not set up for use with LaTeX.

See the LaTeX manual or LaTeX Companion for explanation.
Type  H <return>  for immediate help.
 ...                                              
                                                  
l.2 ...Î± Î±Ï€ÏŒ Ï„Î¹Ï‚ ÏƒÏ…Î³ÎºÏÎ¿ÏÏƒÎµÎ¹Ï‚ Î²
                                                  Î±ÏÎ­Ï‰Î½ Î¹ÏŒÎ½Ï„Ï‰Î½, Ï...

You may provide a definition with
\DeclareUnicodeCharacter 


! LaTeX Error: Unicode character Î± (U+03B1)
               not set up for use with LaTeX.

See the LaTeX manual or LaTeX Companion for explanation.
Type  H <return>  for immediate help.
 ...                                              
                                                  
l.2 ...± Î±Ï€ÏŒ Ï„Î¹Ï‚ ÏƒÏ…Î³ÎºÏÎ¿ÏÏƒÎµÎ¹Ï‚ Î²Î±
                                                  ÏÎ­Ï‰Î½ Î¹ÏŒÎ½Ï„Ï‰Î½, Ï„Î...

You may provide a definition with
\DeclareUnicodeCharacter 


! LaTeX Error: Unicode character Ï (U+03C1)
               not set up for use with LaTeX.

See the LaTeX manual or LaTeX Companion for explanation.
Type  H <return>  for immediate help.
 ...                                              
                                                  
l.2 ...Î±Ï€ÏŒ Ï„Î¹Ï‚ ÏƒÏ…Î³ÎºÏÎ¿ÏÏƒÎµÎ¹Ï‚ Î²Î±Ï
                                                  Î­Ï‰Î½ Î¹ÏŒÎ½Ï„Ï‰Î½, Ï„Î¿ ...

You may provide a definition with
\DeclareUnicodeCharacter 


! LaTeX Error: Unicode character Î­ (U+03AD)
               not set up for use with LaTeX.

See the LaTeX manual or LaTeX Companion for explanation.
Type  H <return>  for immediate help.
 ...                                              
                                                  
l.2 ...Ï€ÏŒ Ï„Î¹Ï‚ ÏƒÏ…Î³ÎºÏÎ¿ÏÏƒÎµÎ¹Ï‚ Î²Î±ÏÎ­
                                                  Ï‰Î½ Î¹ÏŒÎ½Ï„Ï‰Î½, Ï„Î¿ Ï€...

You may provide a definition with
\DeclareUnicodeCharacter 


! LaTeX Error: Unicode character Ï‰ (U+03C9)
               not set up for use with LaTeX.

See the LaTeX manual or LaTeX Companion for explanation.
Type  H <return>  for immediate help.
 ...                                              
                                                  
l.2 ...ÏŒ Ï„Î¹Ï‚ ÏƒÏ…Î³ÎºÏÎ¿ÏÏƒÎµÎ¹Ï‚ Î²Î±ÏÎ­Ï‰
                                                  Î½ Î¹ÏŒÎ½Ï„Ï‰Î½, Ï„Î¿ Ï€Ï...

You may provide a definition with
\DeclareUnicodeCharacter 


! LaTeX Error: Unicode character Î½ (U+03BD)
               not set up for use with LaTeX.

See the LaTeX manual or LaTeX Companion for explanation.
Type  H <return>  for immediate help.
 ...                                              
                                                  
l.2 ... Ï„Î¹Ï‚ ÏƒÏ…Î³ÎºÏÎ¿ÏÏƒÎµÎ¹Ï‚ Î²Î±ÏÎ­Ï‰Î½
                                                   Î¹ÏŒÎ½Ï„Ï‰Î½, Ï„Î¿ Ï€ÏÏŒ...

You may provide a definition with
\DeclareUnicodeCharacter 


! LaTeX Error: Unicode character Î¹ (U+03B9)
               not set up for use with LaTeX.

See the LaTeX manual or LaTeX Companion for explanation.
Type  H <return>  for immediate help.
 ...                                              
                                                  
l.2 ...Î¹Ï‚ ÏƒÏ…Î³ÎºÏÎ¿ÏÏƒÎµÎ¹Ï‚ Î²Î±ÏÎ­Ï‰Î½ Î¹
                                                  ÏŒÎ½Ï„Ï‰Î½, Ï„Î¿ Ï€ÏÏŒÎ³Ï...

You may provide a definition with
\DeclareUnicodeCharacter 


! LaTeX Error: Unicode character ÏŒ (U+03CC)
               not set up for use with LaTeX.

See the LaTeX manual or LaTeX Companion for explanation.
Type  H <return>  for immediate help.
 ...                                              
                                                  
l.2 ...Ï‚ ÏƒÏ…Î³ÎºÏÎ¿ÏÏƒÎµÎ¹Ï‚ Î²Î±ÏÎ­Ï‰Î½ Î¹ÏŒ
                                                  Î½Ï„Ï‰Î½, Ï„Î¿ Ï€ÏÏŒÎ³ÏÎ...

You may provide a definition with
\DeclareUnicodeCharacter 


! LaTeX Error: Unicode character Î½ (U+03BD)
               not set up for use with LaTeX.

See the LaTeX manual or LaTeX Companion for explanation.
Type  H <return>  for immediate help.
 ...                                              
                                                  
l.2 ... ÏƒÏ…Î³ÎºÏÎ¿ÏÏƒÎµÎ¹Ï‚ Î²Î±ÏÎ­Ï‰Î½ Î¹ÏŒÎ½
                                                  Ï„Ï‰Î½, Ï„Î¿ Ï€ÏÏŒÎ³ÏÎ±Î...

You may provide a definition with
\DeclareUnicodeCharacter 


! LaTeX Error: Unicode character Ï„ (U+03C4)
               not set up for use with LaTeX.

See the LaTeX manual or LaTeX Companion for explanation.
Type  H <return>  for immediate help.
 ...                                              
                                                  
l.2 ...ƒÏ…Î³ÎºÏÎ¿ÏÏƒÎµÎ¹Ï‚ Î²Î±ÏÎ­Ï‰Î½ Î¹ÏŒÎ½Ï„
                                                  Ï‰Î½, Ï„Î¿ Ï€ÏÏŒÎ³ÏÎ±Î¼Î...

You may provide a definition with
\DeclareUnicodeCharacter 


! LaTeX Error: Unicode character Ï‰ (U+03C9)
               not set up for use with LaTeX.

See the LaTeX manual or LaTeX Companion for explanation.
Type  H <return>  for immediate help.
 ...                                              
                                                  
l.2 ...…Î³ÎºÏÎ¿ÏÏƒÎµÎ¹Ï‚ Î²Î±ÏÎ­Ï‰Î½ Î¹ÏŒÎ½Ï„Ï‰
                                                  Î½, Ï„Î¿ Ï€ÏÏŒÎ³ÏÎ±Î¼Î¼Î...

You may provide a definition with
\DeclareUnicodeCharacter 


! LaTeX Error: Unicode character Î½ (U+03BD)
               not set up for use with LaTeX.

See the LaTeX manual or LaTeX Companion for explanation.
Type  H <return>  for immediate help.
 ...                                              
                                                  
l.2 ...³ÎºÏÎ¿ÏÏƒÎµÎ¹Ï‚ Î²Î±ÏÎ­Ï‰Î½ Î¹ÏŒÎ½Ï„Ï‰Î½
                                                  , Ï„Î¿ Ï€ÏÏŒÎ³ÏÎ±Î¼Î¼Î± ...

You may provide a definition with
\DeclareUnicodeCharacter 

Missing character: There is no , in font nullfont!

! LaTeX Error: Unicode character Ï„ (U+03C4)
               not set up for use with LaTeX.

See the LaTeX manual or LaTeX Companion for explanation.
Type  H <return>  for immediate help.
 ...                                              
                                                  
l.2 ...Î¿ÏÏƒÎµÎ¹Ï‚ Î²Î±ÏÎ­Ï‰Î½ Î¹ÏŒÎ½Ï„Ï‰Î½, Ï„
                                                  Î¿ Ï€ÏÏŒÎ³ÏÎ±Î¼Î¼Î± Ï„Î¿...

You may provide a definition with
\DeclareUnicodeCharacter 


! LaTeX Error: Unicode character Î¿ (U+03BF)
               not set up for use with LaTeX.

See the LaTeX manual or LaTeX Companion for explanation.
Type  H <return>  for immediate help.
 ...                                              
                                                  
l.2 ...¿ÏÏƒÎµÎ¹Ï‚ Î²Î±ÏÎ­Ï‰Î½ Î¹ÏŒÎ½Ï„Ï‰Î½, Ï„Î¿
                                                   Ï€ÏÏŒÎ³ÏÎ±Î¼Î¼Î± Ï„Î¿Ï…...

You may provide a definition with
\DeclareUnicodeCharacter 


! LaTeX Error: Unicode character Ï€ (U+03C0)
               not set up for use with LaTeX.

See the LaTeX manual or LaTeX Companion for explanation.
Type  H <return>  for immediate help.
 ...                                              
                                                  
l.2 ...ÏƒÎµÎ¹Ï‚ Î²Î±ÏÎ­Ï‰Î½ Î¹ÏŒÎ½Ï„Ï‰Î½, Ï„Î¿ Ï€
                                                  ÏÏŒÎ³ÏÎ±Î¼Î¼Î± Ï„Î¿Ï… RH...

You may provide a definition with
\DeclareUnicodeCharacter 


! LaTeX Error: Unicode character Ï (U+03C1)
               not set up for use with LaTeX.

See the LaTeX manual or LaTeX Companion for explanation.
Type  H <return>  for immediate help.
 ...                                              
                                                  
l.2 ...ÎµÎ¹Ï‚ Î²Î±ÏÎ­Ï‰Î½ Î¹ÏŒÎ½Ï„Ï‰Î½, Ï„Î¿ Ï€Ï
                                                  ÏŒÎ³ÏÎ±Î¼Î¼Î± Ï„Î¿Ï… RHIC...

You may provide a definition with
\DeclareUnicodeCharacter 


! LaTeX Error: Unicode character ÏŒ (U+03CC)
               not set up for use with LaTeX.

See the LaTeX manual or LaTeX Companion for explanation.
Type  H <return>  for immediate help.
 ...                                              
                                                  
l.2 ...Î¹Ï‚ Î²Î±ÏÎ­Ï‰Î½ Î¹ÏŒÎ½Ï„Ï‰Î½, Ï„Î¿ Ï€ÏÏŒ
                                                  Î³ÏÎ±Î¼Î¼Î± Ï„Î¿Ï… RHIC Î...

You may provide a definition with
\DeclareUnicodeCharacter 


! LaTeX Error: Unicode character Î³ (U+03B3)
               not set up for use with LaTeX.

See the LaTeX manual or LaTeX Companion for explanation.
Type  H <return>  for immediate help.
 ...                                              
                                                  
l.2 ...Ï‚ Î²Î±ÏÎ­Ï‰Î½ Î¹ÏŒÎ½Ï„Ï‰Î½, Ï„Î¿ Ï€ÏÏŒÎ³
                                                  ÏÎ±Î¼Î¼Î± Ï„Î¿Ï… RHIC ÎºÎ...

You may provide a definition with
\DeclareUnicodeCharacter 


! LaTeX Error: Unicode character Ï (U+03C1)
               not set up for use with LaTeX.

See the LaTeX manual or LaTeX Companion for explanation.
Type  H <return>  for immediate help.
 ...                                              
                                                  
l.2 ... Î²Î±ÏÎ­Ï‰Î½ Î¹ÏŒÎ½Ï„Ï‰Î½, Ï„Î¿ Ï€ÏÏŒÎ³Ï
                                                  Î±Î¼Î¼Î± Ï„Î¿Ï… RHIC ÎºÎ±Î...

You may provide a definition with
\DeclareUnicodeCharacter 


! LaTeX Error: Unicode character Î± (U+03B1)
               not set up for use with LaTeX.

See the LaTeX manual or LaTeX Companion for explanation.
Type  H <return>  for immediate help.
 ...                                              
                                                  
l.2 ...²Î±ÏÎ­Ï‰Î½ Î¹ÏŒÎ½Ï„Ï‰Î½, Ï„Î¿ Ï€ÏÏŒÎ³ÏÎ±
                                                  Î¼Î¼Î± Ï„Î¿Ï… RHIC ÎºÎ±Î¹ ...

You may provide a definition with
\DeclareUnicodeCharacter 


! LaTeX Error: Unicode character Î¼ (U+03BC)
               not set up for use with LaTeX.

See the LaTeX manual or LaTeX Companion for explanation.
Type  H <return>  for immediate help.
 ...                                              
                                                  
l.2 ...±ÏÎ­Ï‰Î½ Î¹ÏŒÎ½Ï„Ï‰Î½, Ï„Î¿ Ï€ÏÏŒÎ³ÏÎ±Î¼
                                                  Î¼Î± Ï„Î¿Ï… RHIC ÎºÎ±Î¹ Ï„...

You may provide a definition with
\DeclareUnicodeCharacter 


! LaTeX Error: Unicode character Î¼ (U+03BC)
               not set up for use with LaTeX.

See the LaTeX manual or LaTeX Companion for explanation.
Type  H <return>  for immediate help.
 ...                                              
                                                  
l.2 ...Î­Ï‰Î½ Î¹ÏŒÎ½Ï„Ï‰Î½, Ï„Î¿ Ï€ÏÏŒÎ³ÏÎ±Î¼Î¼
                                                  Î± Ï„Î¿Ï… RHIC ÎºÎ±Î¹ Ï„Ï‰...

You may provide a definition with
\DeclareUnicodeCharacter 


! LaTeX Error: Unicode character Î± (U+03B1)
               not set up for use with LaTeX.

See the LaTeX manual or LaTeX Companion for explanation.
Type  H <return>  for immediate help.
 ...                                              
                                                  
l.2 ...­Ï‰Î½ Î¹ÏŒÎ½Ï„Ï‰Î½, Ï„Î¿ Ï€ÏÏŒÎ³ÏÎ±Î¼Î¼Î±
                                                   Ï„Î¿Ï… RHIC ÎºÎ±Î¹ Ï„Ï‰Î½...

You may provide a definition with
\DeclareUnicodeCharacter 


! LaTeX Error: Unicode character Ï„ (U+03C4)
               not set up for use with LaTeX.

See the LaTeX manual or LaTeX Companion for explanation.
Type  H <return>  for immediate help.
 ...                                              
                                                  
l.2 ...Î½ Î¹ÏŒÎ½Ï„Ï‰Î½, Ï„Î¿ Ï€ÏÏŒÎ³ÏÎ±Î¼Î¼Î± Ï„
                                                  Î¿Ï… RHIC ÎºÎ±Î¹ Ï„Ï‰Î½ Î±...

You may provide a definition with
\DeclareUnicodeCharacter 


! LaTeX Error: Unicode character Î¿ (U+03BF)
               not set up for use with LaTeX.

See the LaTeX manual or LaTeX Companion for explanation.
Type  H <return>  for immediate help.
 ...                                              
                                                  
l.2 ... Î¹ÏŒÎ½Ï„Ï‰Î½, Ï„Î¿ Ï€ÏÏŒÎ³ÏÎ±Î¼Î¼Î± Ï„Î¿
                                                  Ï… RHIC ÎºÎ±Î¹ Ï„Ï‰Î½ Î±Î½...

You may provide a definition with
\DeclareUnicodeCharacter 


! LaTeX Error: Unicode character Ï… (U+03C5)
               not set up for use with LaTeX.

See the LaTeX manual or LaTeX Companion for explanation.
Type  H <return>  for immediate help.
 ...                                              
                                                  
l.2 ...¹ÏŒÎ½Ï„Ï‰Î½, Ï„Î¿ Ï€ÏÏŒÎ³ÏÎ±Î¼Î¼Î± Ï„Î¿Ï…
                                                   RHIC ÎºÎ±Î¹ Ï„Ï‰Î½ Î±Î½Ï„...

You may provide a definition with
\DeclareUnicodeCharacter 

Missing character: There is no R in font nullfont!
Missing character: There is no H in font nullfont!
Missing character: There is no I in font nullfont!
Missing character: There is no C in font nullfont!

! LaTeX Error: Unicode character Îº (U+03BA)
               not set up for use with LaTeX.

See the LaTeX manual or LaTeX Companion for explanation.
Type  H <return>  for immediate help.
 ...                                              
                                                  
l.2 ...‰Î½, Ï„Î¿ Ï€ÏÏŒÎ³ÏÎ±Î¼Î¼Î± Ï„Î¿Ï… RHIC Îº
                                                  Î±Î¹ Ï„Ï‰Î½ Î±Î½Ï„Î¯ÏƒÏ„Î¿...

You may provide a definition with
\DeclareUnicodeCharacter 


! LaTeX Error: Unicode character Î± (U+03B1)
               not set up for use with LaTeX.

See the LaTeX manual or LaTeX Companion for explanation.
Type  H <return>  for immediate help.
 ...                                              
                                                  
l.2 ...½, Ï„Î¿ Ï€ÏÏŒÎ³ÏÎ±Î¼Î¼Î± Ï„Î¿Ï… RHIC ÎºÎ±
                                                  Î¹ Ï„Ï‰Î½ Î±Î½Ï„Î¯ÏƒÏ„Î¿Î¹...

You may provide a definition with
\DeclareUnicodeCharacter 


! LaTeX Error: Unicode character Î¹ (U+03B9)
               not set up for use with LaTeX.

See the LaTeX manual or LaTeX Companion for explanation.
Type  H <return>  for immediate help.
 ...                                              
                                                  
l.2 ... Ï„Î¿ Ï€ÏÏŒÎ³ÏÎ±Î¼Î¼Î± Ï„Î¿Ï… RHIC ÎºÎ±Î¹
                                                   Ï„Ï‰Î½ Î±Î½Ï„Î¯ÏƒÏ„Î¿Î¹Ï‡...

You may provide a definition with
\DeclareUnicodeCharacter 


! LaTeX Error: Unicode character Ï„ (U+03C4)
               not set up for use with LaTeX.

See the LaTeX manual or LaTeX Companion for explanation.
Type  H <return>  for immediate help.
 ...                                              
                                                  
l.2 ...Î¿ Ï€ÏÏŒÎ³ÏÎ±Î¼Î¼Î± Ï„Î¿Ï… RHIC ÎºÎ±Î¹ Ï„
                                                  Ï‰Î½ Î±Î½Ï„Î¯ÏƒÏ„Î¿Î¹Ï‡Ï‰Î...

You may provide a definition with
\DeclareUnicodeCharacter 


! LaTeX Error: Unicode character Ï‰ (U+03C9)
               not set up for use with LaTeX.

See the LaTeX manual or LaTeX Companion for explanation.
Type  H <return>  for immediate help.
 ...                                              
                                                  
l.2 ... Ï€ÏÏŒÎ³ÏÎ±Î¼Î¼Î± Ï„Î¿Ï… RHIC ÎºÎ±Î¹ Ï„Ï‰
                                                  Î½ Î±Î½Ï„Î¯ÏƒÏ„Î¿Î¹Ï‡Ï‰Î½ ...

You may provide a definition with
\DeclareUnicodeCharacter 


! LaTeX Error: Unicode character Î½ (U+03BD)
               not set up for use with LaTeX.

See the LaTeX manual or LaTeX Companion for explanation.
Type  H <return>  for immediate help.
 ...                                              
                                                  
l.2 ...€ÏÏŒÎ³ÏÎ±Î¼Î¼Î± Ï„Î¿Ï… RHIC ÎºÎ±Î¹ Ï„Ï‰Î½
                                                   Î±Î½Ï„Î¯ÏƒÏ„Î¿Î¹Ï‡Ï‰Î½ Î±...

You may provide a definition with
\DeclareUnicodeCharacter 


! LaTeX Error: Unicode character Î± (U+03B1)
               not set up for use with LaTeX.

See the LaTeX manual or LaTeX Companion for explanation.
Type  H <return>  for immediate help.
 ...                                              
                                                  
l.2 ...ÏŒÎ³ÏÎ±Î¼Î¼Î± Ï„Î¿Ï… RHIC ÎºÎ±Î¹ Ï„Ï‰Î½ Î±
                                                  Î½Ï„Î¯ÏƒÏ„Î¿Î¹Ï‡Ï‰Î½ Î±Î½Î...

You may provide a definition with
\DeclareUnicodeCharacter 


! LaTeX Error: Unicode character Î½ (U+03BD)
               not set up for use with LaTeX.

See the LaTeX manual or LaTeX Companion for explanation.
Type  H <return>  for immediate help.
 ...                                              
                                                  
l.2 ...Î³ÏÎ±Î¼Î¼Î± Ï„Î¿Ï… RHIC ÎºÎ±Î¹ Ï„Ï‰Î½ Î±Î½
                                                  Ï„Î¯ÏƒÏ„Î¿Î¹Ï‡Ï‰Î½ Î±Î½Î¹Ï...

You may provide a definition with
\DeclareUnicodeCharacter 


! LaTeX Error: Unicode character Ï„ (U+03C4)
               not set up for use with LaTeX.

See the LaTeX manual or LaTeX Companion for explanation.
Type  H <return>  for immediate help.
 ...                                              
                                                  
l.2 ...ÏÎ±Î¼Î¼Î± Ï„Î¿Ï… RHIC ÎºÎ±Î¹ Ï„Ï‰Î½ Î±Î½Ï„
                                                  Î¯ÏƒÏ„Î¿Î¹Ï‡Ï‰Î½ Î±Î½Î¹Ï‡Î...

You may provide a definition with
\DeclareUnicodeCharacter 


! LaTeX Error: Unicode character Î¯ (U+03AF)
               not set up for use with LaTeX.

See the LaTeX manual or LaTeX Companion for explanation.
Type  H <return>  for immediate help.
 ...                                              
                                                  
l.2 ...Î±Î¼Î¼Î± Ï„Î¿Ï… RHIC ÎºÎ±Î¹ Ï„Ï‰Î½ Î±Î½Ï„Î¯
                                                  ÏƒÏ„Î¿Î¹Ï‡Ï‰Î½ Î±Î½Î¹Ï‡Î½Î...

You may provide a definition with
\DeclareUnicodeCharacter 


! LaTeX Error: Unicode character Ïƒ (U+03C3)
               not set up for use with LaTeX.

See the LaTeX manual or LaTeX Companion for explanation.
Type  H <return>  for immediate help.
 ...                                              
                                                  
l.2 ...Î¼Î¼Î± Ï„Î¿Ï… RHIC ÎºÎ±Î¹ Ï„Ï‰Î½ Î±Î½Ï„Î¯Ïƒ
                                                  Ï„Î¿Î¹Ï‡Ï‰Î½ Î±Î½Î¹Ï‡Î½ÎµÏ...

You may provide a definition with
\DeclareUnicodeCharacter 


! LaTeX Error: Unicode character Ï„ (U+03C4)
               not set up for use with LaTeX.

See the LaTeX manual or LaTeX Companion for explanation.
Type  H <return>  for immediate help.
 ...                                              
                                                  
l.2 ...Î¼Î± Ï„Î¿Ï… RHIC ÎºÎ±Î¹ Ï„Ï‰Î½ Î±Î½Ï„Î¯ÏƒÏ„
                                                  Î¿Î¹Ï‡Ï‰Î½ Î±Î½Î¹Ï‡Î½ÎµÏ…Ï...

You may provide a definition with
\DeclareUnicodeCharacter 


! LaTeX Error: Unicode character Î¿ (U+03BF)
               not set up for use with LaTeX.

See the LaTeX manual or LaTeX Companion for explanation.
Type  H <return>  for immediate help.
 ...                                              
                                                  
l.2 ...Î± Ï„Î¿Ï… RHIC ÎºÎ±Î¹ Ï„Ï‰Î½ Î±Î½Ï„Î¯ÏƒÏ„Î¿
                                                  Î¹Ï‡Ï‰Î½ Î±Î½Î¹Ï‡Î½ÎµÏ…Ï„Ï...

You may provide a definition with
\DeclareUnicodeCharacter 


! LaTeX Error: Unicode character Î¹ (U+03B9)
               not set up for use with LaTeX.

See the LaTeX manual or LaTeX Companion for explanation.
Type  H <return>  for immediate help.
 ...                                              
                                                  
l.2 ... Ï„Î¿Ï… RHIC ÎºÎ±Î¹ Ï„Ï‰Î½ Î±Î½Ï„Î¯ÏƒÏ„Î¿Î¹
                                                  Ï‡Ï‰Î½ Î±Î½Î¹Ï‡Î½ÎµÏ…Ï„ÏÎ...

You may provide a definition with
\DeclareUnicodeCharacter 


! LaTeX Error: Unicode character Ï‡ (U+03C7)
               not set up for use with LaTeX.

See the LaTeX manual or LaTeX Companion for explanation.
Type  H <return>  for immediate help.
 ...                                              
                                                  
l.2 ...„Î¿Ï… RHIC ÎºÎ±Î¹ Ï„Ï‰Î½ Î±Î½Ï„Î¯ÏƒÏ„Î¿Î¹Ï‡
                                                  Ï‰Î½ Î±Î½Î¹Ï‡Î½ÎµÏ…Ï„ÏÎ½ ...

You may provide a definition with
\DeclareUnicodeCharacter 


! LaTeX Error: Unicode character Ï‰ (U+03C9)
               not set up for use with LaTeX.

See the LaTeX manual or LaTeX Companion for explanation.
Type  H <return>  for immediate help.
 ...                                              
                                                  
l.2 ...¿Ï… RHIC ÎºÎ±Î¹ Ï„Ï‰Î½ Î±Î½Ï„Î¯ÏƒÏ„Î¿Î¹Ï‡Ï‰
                                                  Î½ Î±Î½Î¹Ï‡Î½ÎµÏ…Ï„ÏÎ½ Ï„...

You may provide a definition with
\DeclareUnicodeCharacter 


! LaTeX Error: Unicode character Î½ (U+03BD)
               not set up for use with LaTeX.

See the LaTeX manual or LaTeX Companion for explanation.
Type  H <return>  for immediate help.
 ...                                              
                                                  
l.2 ...… RHIC ÎºÎ±Î¹ Ï„Ï‰Î½ Î±Î½Ï„Î¯ÏƒÏ„Î¿Î¹Ï‡Ï‰Î½
                                                   Î±Î½Î¹Ï‡Î½ÎµÏ…Ï„ÏÎ½ Ï„Î¿...

You may provide a definition with
\DeclareUnicodeCharacter 


! LaTeX Error: Unicode character Î± (U+03B1)
               not set up for use with LaTeX.

See the LaTeX manual or LaTeX Companion for explanation.
Type  H <return>  for immediate help.
 ...                                              
                                                  
l.2 ...HIC ÎºÎ±Î¹ Ï„Ï‰Î½ Î±Î½Ï„Î¯ÏƒÏ„Î¿Î¹Ï‡Ï‰Î½ Î±
                                                  Î½Î¹Ï‡Î½ÎµÏ…Ï„ÏÎ½ Ï„Î¿Ï… ...

You may provide a definition with
\DeclareUnicodeCharacter 


! LaTeX Error: Unicode character Î½ (U+03BD)
               not set up for use with LaTeX.

See the LaTeX manual or LaTeX Companion for explanation.
Type  H <return>  for immediate help.
 ...                                              
                                                  
l.2 ...C ÎºÎ±Î¹ Ï„Ï‰Î½ Î±Î½Ï„Î¯ÏƒÏ„Î¿Î¹Ï‡Ï‰Î½ Î±Î½
                                                  Î¹Ï‡Î½ÎµÏ…Ï„ÏÎ½ Ï„Î¿Ï… Ï€...

You may provide a definition with
\DeclareUnicodeCharacter 


! LaTeX Error: Unicode character Î¹ (U+03B9)
               not set up for use with LaTeX.

See the LaTeX manual or LaTeX Companion for explanation.
Type  H <return>  for immediate help.
 ...                                              
                                                  
l.2 ...ÎºÎ±Î¹ Ï„Ï‰Î½ Î±Î½Ï„Î¯ÏƒÏ„Î¿Î¹Ï‡Ï‰Î½ Î±Î½Î¹
                                                  Ï‡Î½ÎµÏ…Ï„ÏÎ½ Ï„Î¿Ï… Ï€Îµ...

You may provide a definition with
\DeclareUnicodeCharacter 


! LaTeX Error: Unicode character Ï‡ (U+03C7)
               not set up for use with LaTeX.

See the LaTeX manual or LaTeX Companion for explanation.
Type  H <return>  for immediate help.
 ...                                              
                                                  
l.2 ...Î±Î¹ Ï„Ï‰Î½ Î±Î½Ï„Î¯ÏƒÏ„Î¿Î¹Ï‡Ï‰Î½ Î±Î½Î¹Ï‡
                                                  Î½ÎµÏ…Ï„ÏÎ½ Ï„Î¿Ï… Ï€ÎµÏ...

You may provide a definition with
\DeclareUnicodeCharacter 


! LaTeX Error: Unicode character Î½ (U+03BD)
               not set up for use with LaTeX.

See the LaTeX manual or LaTeX Companion for explanation.
Type  H <return>  for immediate help.
 ...                                              
                                                  
l.2 ...Î¹ Ï„Ï‰Î½ Î±Î½Ï„Î¯ÏƒÏ„Î¿Î¹Ï‡Ï‰Î½ Î±Î½Î¹Ï‡Î½
                                                  ÎµÏ…Ï„ÏÎ½ Ï„Î¿Ï… Ï€ÎµÏÎ¹...

You may provide a definition with
\DeclareUnicodeCharacter 


! LaTeX Error: Unicode character Îµ (U+03B5)
               not set up for use with LaTeX.

See the LaTeX manual or LaTeX Companion for explanation.
Type  H <return>  for immediate help.
 ...                                              
                                                  
l.2 ... Ï„Ï‰Î½ Î±Î½Ï„Î¯ÏƒÏ„Î¿Î¹Ï‡Ï‰Î½ Î±Î½Î¹Ï‡Î½Îµ
                                                  Ï…Ï„ÏÎ½ Ï„Î¿Ï… Ï€ÎµÏÎ¹Î»...

You may provide a definition with
\DeclareUnicodeCharacter 


! LaTeX Error: Unicode character Ï… (U+03C5)
               not set up for use with LaTeX.

See the LaTeX manual or LaTeX Companion for explanation.
Type  H <return>  for immediate help.
 ...                                              
                                                  
l.2 ...„Ï‰Î½ Î±Î½Ï„Î¯ÏƒÏ„Î¿Î¹Ï‡Ï‰Î½ Î±Î½Î¹Ï‡Î½ÎµÏ…
                                                  Ï„ÏÎ½ Ï„Î¿Ï… Ï€ÎµÏÎ¹Î»Î±...

You may provide a definition with
\DeclareUnicodeCharacter 


! LaTeX Error: Unicode character Ï„ (U+03C4)
               not set up for use with LaTeX.

See the LaTeX manual or LaTeX Companion for explanation.
Type  H <return>  for immediate help.
 ...                                              
                                                  
l.2 ...‰Î½ Î±Î½Ï„Î¯ÏƒÏ„Î¿Î¹Ï‡Ï‰Î½ Î±Î½Î¹Ï‡Î½ÎµÏ…Ï„
                                                  ÏÎ½ Ï„Î¿Ï… Ï€ÎµÏÎ¹Î»Î±Î¼...

You may provide a definition with
\DeclareUnicodeCharacter 


! LaTeX Error: Unicode character Ï (U+03CE)
               not set up for use with LaTeX.

See the LaTeX manual or LaTeX Companion for explanation.
Type  H <return>  for immediate help.
 ...                                              
                                                  
l.2 ...½ Î±Î½Ï„Î¯ÏƒÏ„Î¿Î¹Ï‡Ï‰Î½ Î±Î½Î¹Ï‡Î½ÎµÏ…Ï„Ï
                                                  Î½ Ï„Î¿Ï… Ï€ÎµÏÎ¹Î»Î±Î¼Î²...

You may provide a definition with
\DeclareUnicodeCharacter 


! LaTeX Error: Unicode character Î½ (U+03BD)
               not set up for use with LaTeX.

See the LaTeX manual or LaTeX Companion for explanation.
Type  H <return>  for immediate help.
 ...                                              
                                                  
l.2 ...Î±Î½Ï„Î¯ÏƒÏ„Î¿Î¹Ï‡Ï‰Î½ Î±Î½Î¹Ï‡Î½ÎµÏ…Ï„ÏÎ½
                                                   Ï„Î¿Ï… Ï€ÎµÏÎ¹Î»Î±Î¼Î²Î¬...

You may provide a definition with
\DeclareUnicodeCharacter 


! LaTeX Error: Unicode character Ï„ (U+03C4)
               not set up for use with LaTeX.

See the LaTeX manual or LaTeX Companion for explanation.
Type  H <return>  for immediate help.
 ...                                              
                                                  
l.2 ...½Ï„Î¯ÏƒÏ„Î¿Î¹Ï‡Ï‰Î½ Î±Î½Î¹Ï‡Î½ÎµÏ…Ï„ÏÎ½ Ï„
                                                  Î¿Ï… Ï€ÎµÏÎ¹Î»Î±Î¼Î²Î¬Î½Î...

You may provide a definition with
\DeclareUnicodeCharacter 


! LaTeX Error: Unicode character Î¿ (U+03BF)
               not set up for use with LaTeX.

See the LaTeX manual or LaTeX Companion for explanation.
Type  H <return>  for immediate help.
 ...                                              
                                                  
l.2 ...„Î¯ÏƒÏ„Î¿Î¹Ï‡Ï‰Î½ Î±Î½Î¹Ï‡Î½ÎµÏ…Ï„ÏÎ½ Ï„Î¿
                                                  Ï… Ï€ÎµÏÎ¹Î»Î±Î¼Î²Î¬Î½ÎµÎ...

You may provide a definition with
\DeclareUnicodeCharacter 


! LaTeX Error: Unicode character Ï… (U+03C5)
               not set up for use with LaTeX.

See the LaTeX manual or LaTeX Companion for explanation.
Type  H <return>  for immediate help.
 ...                                              
                                                  
l.2 ...¯ÏƒÏ„Î¿Î¹Ï‡Ï‰Î½ Î±Î½Î¹Ï‡Î½ÎµÏ…Ï„ÏÎ½ Ï„Î¿Ï…
                                                   Ï€ÎµÏÎ¹Î»Î±Î¼Î²Î¬Î½ÎµÎ¹ ...

You may provide a definition with
\DeclareUnicodeCharacter 


! LaTeX Error: Unicode character Ï€ (U+03C0)
               not set up for use with LaTeX.

See the LaTeX manual or LaTeX Companion for explanation.
Type  H <return>  for immediate help.
 ...                                              
                                                  
l.2 ...Ï„Î¿Î¹Ï‡Ï‰Î½ Î±Î½Î¹Ï‡Î½ÎµÏ…Ï„ÏÎ½ Ï„Î¿Ï… Ï€
                                                  ÎµÏÎ¹Î»Î±Î¼Î²Î¬Î½ÎµÎ¹ ÎºÎ...

You may provide a definition with
\DeclareUnicodeCharacter 


! LaTeX Error: Unicode character Îµ (U+03B5)
               not set up for use with LaTeX.

See the LaTeX manual or LaTeX Companion for explanation.
Type  H <return>  for immediate help.
 ...                                              
                                                  
l.2 ...Î¿Î¹Ï‡Ï‰Î½ Î±Î½Î¹Ï‡Î½ÎµÏ…Ï„ÏÎ½ Ï„Î¿Ï… Ï€Îµ
                                                  ÏÎ¹Î»Î±Î¼Î²Î¬Î½ÎµÎ¹ ÎºÎ±Î...

You may provide a definition with
\DeclareUnicodeCharacter 


! LaTeX Error: Unicode character Ï (U+03C1)
               not set up for use with LaTeX.

See the LaTeX manual or LaTeX Companion for explanation.
Type  H <return>  for immediate help.
 ...                                              
                                                  
l.2 ...Î¹Ï‡Ï‰Î½ Î±Î½Î¹Ï‡Î½ÎµÏ…Ï„ÏÎ½ Ï„Î¿Ï… Ï€ÎµÏ
                                                  Î¹Î»Î±Î¼Î²Î¬Î½ÎµÎ¹ ÎºÎ±Î¹ ...

You may provide a definition with
\DeclareUnicodeCharacter 


! LaTeX Error: Unicode character Î¹ (U+03B9)
               not set up for use with LaTeX.

See the LaTeX manual or LaTeX Companion for explanation.
Type  H <return>  for immediate help.
 ...                                              
                                                  
l.2 ...Ï‡Ï‰Î½ Î±Î½Î¹Ï‡Î½ÎµÏ…Ï„ÏÎ½ Ï„Î¿Ï… Ï€ÎµÏÎ¹
                                                  Î»Î±Î¼Î²Î¬Î½ÎµÎ¹ ÎºÎ±Î¹ Ïƒ...

You may provide a definition with
\DeclareUnicodeCharacter 


! LaTeX Error: Unicode character Î» (U+03BB)
               not set up for use with LaTeX.

See the LaTeX manual or LaTeX Companion for explanation.
Type  H <return>  for immediate help.
 ...                                              
                                                  
l.2 ...Ï‰Î½ Î±Î½Î¹Ï‡Î½ÎµÏ…Ï„ÏÎ½ Ï„Î¿Ï… Ï€ÎµÏÎ¹Î»
                                                  Î±Î¼Î²Î¬Î½ÎµÎ¹ ÎºÎ±Î¹ ÏƒÏ…...

You may provide a definition with
\DeclareUnicodeCharacter 


! LaTeX Error: Unicode character Î± (U+03B1)
               not set up for use with LaTeX.

See the LaTeX manual or LaTeX Companion for explanation.
Type  H <return>  for immediate help.
 ...                                              
                                                  
l.2 ...Î½ Î±Î½Î¹Ï‡Î½ÎµÏ…Ï„ÏÎ½ Ï„Î¿Ï… Ï€ÎµÏÎ¹Î»Î±
                                                  Î¼Î²Î¬Î½ÎµÎ¹ ÎºÎ±Î¹ ÏƒÏ…Î³...

You may provide a definition with
\DeclareUnicodeCharacter 


! LaTeX Error: Unicode character Î¼ (U+03BC)
               not set up for use with LaTeX.

See the LaTeX manual or LaTeX Companion for explanation.
Type  H <return>  for immediate help.
 ...                                              
                                                  
l.2 ... Î±Î½Î¹Ï‡Î½ÎµÏ…Ï„ÏÎ½ Ï„Î¿Ï… Ï€ÎµÏÎ¹Î»Î±Î¼
                                                  Î²Î¬Î½ÎµÎ¹ ÎºÎ±Î¹ ÏƒÏ…Î³Îº...

You may provide a definition with
\DeclareUnicodeCharacter 


! LaTeX Error: Unicode character Î² (U+03B2)
               not set up for use with LaTeX.

See the LaTeX manual or LaTeX Companion for explanation.
Type  H <return>  for immediate help.
 ...                                              
                                                  
l.2 ...±Î½Î¹Ï‡Î½ÎµÏ…Ï„ÏÎ½ Ï„Î¿Ï… Ï€ÎµÏÎ¹Î»Î±Î¼Î²
                                                  Î¬Î½ÎµÎ¹ ÎºÎ±Î¹ ÏƒÏ…Î³ÎºÏ...

You may provide a definition with
\DeclareUnicodeCharacter 


! LaTeX Error: Unicode character Î¬ (U+03AC)
               not set up for use with LaTeX.

See the LaTeX manual or LaTeX Companion for explanation.
Type  H <return>  for immediate help.
 ...                                              
                                                  
l.2 ...½Î¹Ï‡Î½ÎµÏ…Ï„ÏÎ½ Ï„Î¿Ï… Ï€ÎµÏÎ¹Î»Î±Î¼Î²Î¬
                                                  Î½ÎµÎ¹ ÎºÎ±Î¹ ÏƒÏ…Î³ÎºÏÎ¿...

You may provide a definition with
\DeclareUnicodeCharacter 


! LaTeX Error: Unicode character Î½ (U+03BD)
               not set up for use with LaTeX.

See the LaTeX manual or LaTeX Companion for explanation.
Type  H <return>  for immediate help.
 ...                                              
                                                  
l.2 ...¹Ï‡Î½ÎµÏ…Ï„ÏÎ½ Ï„Î¿Ï… Ï€ÎµÏÎ¹Î»Î±Î¼Î²Î¬Î½
                                                  ÎµÎ¹ ÎºÎ±Î¹ ÏƒÏ…Î³ÎºÏÎ¿Ï...

You may provide a definition with
\DeclareUnicodeCharacter 


! LaTeX Error: Unicode character Îµ (U+03B5)
               not set up for use with LaTeX.

See the LaTeX manual or LaTeX Companion for explanation.
Type  H <return>  for immediate help.
 ...                                              
                                                  
l.2 ...‡Î½ÎµÏ…Ï„ÏÎ½ Ï„Î¿Ï… Ï€ÎµÏÎ¹Î»Î±Î¼Î²Î¬Î½Îµ
                                                  Î¹ ÎºÎ±Î¹ ÏƒÏ…Î³ÎºÏÎ¿ÏÏƒ...

You may provide a definition with
\DeclareUnicodeCharacter 


! LaTeX Error: Unicode character Î¹ (U+03B9)
               not set up for use with LaTeX.

See the LaTeX manual or LaTeX Companion for explanation.
Type  H <return>  for immediate help.
 ...                                              
                                                  
l.2 ...½ÎµÏ…Ï„ÏÎ½ Ï„Î¿Ï… Ï€ÎµÏÎ¹Î»Î±Î¼Î²Î¬Î½ÎµÎ¹
                                                   ÎºÎ±Î¹ ÏƒÏ…Î³ÎºÏÎ¿ÏÏƒÎµ...

You may provide a definition with
\DeclareUnicodeCharacter 


! LaTeX Error: Unicode character Îº (U+03BA)
               not set up for use with LaTeX.

See the LaTeX manual or LaTeX Companion for explanation.
Type  H <return>  for immediate help.
 ...                                              
                                                  
l.2 ...Ï…Ï„ÏÎ½ Ï„Î¿Ï… Ï€ÎµÏÎ¹Î»Î±Î¼Î²Î¬Î½ÎµÎ¹ Îº
                                                  Î±Î¹ ÏƒÏ…Î³ÎºÏÎ¿ÏÏƒÎµÎ¹Ï...

You may provide a definition with
\DeclareUnicodeCharacter 


! LaTeX Error: Unicode character Î± (U+03B1)
               not set up for use with LaTeX.

See the LaTeX manual or LaTeX Companion for explanation.
Type  H <return>  for immediate help.
 ...                                              
                                                  
l.2 ...Ï„ÏÎ½ Ï„Î¿Ï… Ï€ÎµÏÎ¹Î»Î±Î¼Î²Î¬Î½ÎµÎ¹ ÎºÎ±
                                                  Î¹ ÏƒÏ…Î³ÎºÏÎ¿ÏÏƒÎµÎ¹Ï‚ ...

You may provide a definition with
\DeclareUnicodeCharacter 


! LaTeX Error: Unicode character Î¹ (U+03B9)
               not set up for use with LaTeX.

See the LaTeX manual or LaTeX Companion for explanation.
Type  H <return>  for immediate help.
 ...                                              
                                                  
l.2 ...ÏÎ½ Ï„Î¿Ï… Ï€ÎµÏÎ¹Î»Î±Î¼Î²Î¬Î½ÎµÎ¹ ÎºÎ±Î¹
                                                   ÏƒÏ…Î³ÎºÏÎ¿ÏÏƒÎµÎ¹Ï‚ Ï€...

You may provide a definition with
\DeclareUnicodeCharacter 


! LaTeX Error: Unicode character Ïƒ (U+03C3)
               not set up for use with LaTeX.

See the LaTeX manual or LaTeX Companion for explanation.
Type  H <return>  for immediate help.
 ...                                              
                                                  
l.2 ...½ Ï„Î¿Ï… Ï€ÎµÏÎ¹Î»Î±Î¼Î²Î¬Î½ÎµÎ¹ ÎºÎ±Î¹ Ïƒ
                                                  Ï…Î³ÎºÏÎ¿ÏÏƒÎµÎ¹Ï‚ Ï€ÏÏ...

You may provide a definition with
\DeclareUnicodeCharacter 


! LaTeX Error: Unicode character Ï… (U+03C5)
               not set up for use with LaTeX.

See the LaTeX manual or LaTeX Companion for explanation.
Type  H <return>  for immediate help.
 ...                                              
                                                  
l.2 ...Ï„Î¿Ï… Ï€ÎµÏÎ¹Î»Î±Î¼Î²Î¬Î½ÎµÎ¹ ÎºÎ±Î¹ ÏƒÏ…
                                                  Î³ÎºÏÎ¿ÏÏƒÎµÎ¹Ï‚ Ï€ÏÏ‰Ï...

You may provide a definition with
\DeclareUnicodeCharacter 


! LaTeX Error: Unicode character Î³ (U+03B3)
               not set up for use with LaTeX.

See the LaTeX manual or LaTeX Companion for explanation.
Type  H <return>  for immediate help.
 ...                                              
                                                  
l.2 ...Î¿Ï… Ï€ÎµÏÎ¹Î»Î±Î¼Î²Î¬Î½ÎµÎ¹ ÎºÎ±Î¹ ÏƒÏ…Î³
                                                  ÎºÏÎ¿ÏÏƒÎµÎ¹Ï‚ Ï€ÏÏ‰Ï„Î...

You may provide a definition with
\DeclareUnicodeCharacter 


! LaTeX Error: Unicode character Îº (U+03BA)
               not set up for use with LaTeX.

See the LaTeX manual or LaTeX Companion for explanation.
Type  H <return>  for immediate help.
 ...                                              
                                                  
l.2 ...Ï… Ï€ÎµÏÎ¹Î»Î±Î¼Î²Î¬Î½ÎµÎ¹ ÎºÎ±Î¹ ÏƒÏ…Î³Îº
                                                  ÏÎ¿ÏÏƒÎµÎ¹Ï‚ Ï€ÏÏ‰Ï„Î¿Î...

You may provide a definition with
\DeclareUnicodeCharacter 


! LaTeX Error: Unicode character Ï (U+03C1)
               not set up for use with LaTeX.

See the LaTeX manual or LaTeX Companion for explanation.
Type  H <return>  for immediate help.
 ...                                              
                                                  
l.2 ... Ï€ÎµÏÎ¹Î»Î±Î¼Î²Î¬Î½ÎµÎ¹ ÎºÎ±Î¹ ÏƒÏ…Î³ÎºÏ
                                                  Î¿ÏÏƒÎµÎ¹Ï‚ Ï€ÏÏ‰Ï„Î¿Î½Î...

You may provide a definition with
\DeclareUnicodeCharacter 


! LaTeX Error: Unicode character Î¿ (U+03BF)
               not set up for use with LaTeX.

See the LaTeX manual or LaTeX Companion for explanation.
Type  H <return>  for immediate help.
 ...                                              
                                                  
l.2 ...€ÎµÏÎ¹Î»Î±Î¼Î²Î¬Î½ÎµÎ¹ ÎºÎ±Î¹ ÏƒÏ…Î³ÎºÏÎ¿
                                                  ÏÏƒÎµÎ¹Ï‚ Ï€ÏÏ‰Ï„Î¿Î½Î¯Ï...

You may provide a definition with
\DeclareUnicodeCharacter 


! LaTeX Error: Unicode character Ï (U+03CD)
               not set up for use with LaTeX.

See the LaTeX manual or LaTeX Companion for explanation.
Type  H <return>  for immediate help.
 ...                                              
                                                  
l.2 ...µÏÎ¹Î»Î±Î¼Î²Î¬Î½ÎµÎ¹ ÎºÎ±Î¹ ÏƒÏ…Î³ÎºÏÎ¿Ï
                                                  ÏƒÎµÎ¹Ï‚ Ï€ÏÏ‰Ï„Î¿Î½Î¯Ï‰Î...
(That makes 100 errors; please try again.) 
Here is how much of TeX's memory you used:
 47 strings out of 475285
 917 string characters out of 2774119
 341640 words of memory out of 3000000
 21627 multiletter control sequences out of 15000+600000
 469259 words of font info for 28 fonts, out of 8000000 for 9000
 1141 hyphenation exceptions out of 8191
 13i,0n,12p,440b,26s stack positions out of 10000i,1000n,20000p,200000b,80000s

!  ==> Fatal error occurred, no output PDF file produced!
