This is pdfTeX, Version 3.14159265-2.6-1.40.21 (MiKTeX 20.6.29) (preloaded format=pdflatex 2020.9.1)  14 NOV 2022 01:01
entering extended mode
**./Relativistic_Heavy_Ion_Collider.tex
(Relativistic_Heavy_Ion_Collider.tex
LaTeX2e <2020-02-02> patch level 5
L3 programming layer <2020-06-18>
! Undefined control sequence.
l.1 \subsection
               {Relativistic Heavy Ion Collider}
The control sequence at the end of the top line
of your error message was never \def'ed. If you have
misspelled it (e.g., `\hobx'), type `I' and the correct
spelling (e.g., `I\hbox'). Otherwise just continue,
and I'll forget about whatever was undefined.


! LaTeX Error: Missing \begin{document}.

See the LaTeX manual or LaTeX Companion for explanation.
Type  H <return>  for immediate help.
 ...                                              
                                                  
l.1 \subsection{R
                 elativistic Heavy Ion Collider}
You're in trouble here.  Try typing  <return>  to proceed.
If that doesn't work, type  X <return>  to quit.

Missing character: There is no R in font nullfont!
Missing character: There is no e in font nullfont!
Missing character: There is no l in font nullfont!
Missing character: There is no a in font nullfont!
Missing character: There is no t in font nullfont!
Missing character: There is no i in font nullfont!
Missing character: There is no v in font nullfont!
Missing character: There is no i in font nullfont!
Missing character: There is no s in font nullfont!
Missing character: There is no t in font nullfont!
Missing character: There is no i in font nullfont!
Missing character: There is no c in font nullfont!
Missing character: There is no H in font nullfont!
Missing character: There is no e in font nullfont!
Missing character: There is no a in font nullfont!
Missing character: There is no v in font nullfont!
Missing character: There is no y in font nullfont!
Missing character: There is no I in font nullfont!
Missing character: There is no o in font nullfont!
Missing character: There is no n in font nullfont!
Missing character: There is no C in font nullfont!
Missing character: There is no o in font nullfont!
Missing character: There is no l in font nullfont!
Missing character: There is no l in font nullfont!
Missing character: There is no i in font nullfont!
Missing character: There is no d in font nullfont!
Missing character: There is no e in font nullfont!
Missing character: There is no r in font nullfont!

Overfull \hbox (20.0pt too wide) in paragraph at lines 1--2
[]
 []


! Package inputenc Error: Unicode character Î  (U+03A0)
(inputenc)                not set up for use with LaTeX.

See the inputenc package documentation for explanation.
Type  H <return>  for immediate help.
 ...                                              
                                                  
l.3 Î 
      Î»Î­Î¿Î½ Î¿ Ï„Î¿ AGS Î­Ï‡ÎµÎ¹ Ï€Î¿Î»Ï Î¼Î¹ÎºÏÎ® ÎµÎ½Î­ÏÎ³ÎµÎ¹Î± ÎºÎ...

You may provide a definition with
\DeclareUnicodeCharacter 


! Package inputenc Error: Unicode character Î» (U+03BB)
(inputenc)                not set up for use with LaTeX.

See the inputenc package documentation for explanation.
Type  H <return>  for immediate help.
 ...                                              
                                                  
l.3 Î Î»
        Î­Î¿Î½ Î¿ Ï„Î¿ AGS Î­Ï‡ÎµÎ¹ Ï€Î¿Î»Ï Î¼Î¹ÎºÏÎ® ÎµÎ½Î­ÏÎ³ÎµÎ¹Î± ÎºÎ...

You may provide a definition with
\DeclareUnicodeCharacter 


! Package inputenc Error: Unicode character Î­ (U+03AD)
(inputenc)                not set up for use with LaTeX.

See the inputenc package documentation for explanation.
Type  H <return>  for immediate help.
 ...                                              
                                                  
l.3 Î Î»Î­
          Î¿Î½ Î¿ Ï„Î¿ AGS Î­Ï‡ÎµÎ¹ Ï€Î¿Î»Ï Î¼Î¹ÎºÏÎ® ÎµÎ½Î­ÏÎ³ÎµÎ¹Î± ÎºÎ...

You may provide a definition with
\DeclareUnicodeCharacter 


! Package inputenc Error: Unicode character Î¿ (U+03BF)
(inputenc)                not set up for use with LaTeX.

See the inputenc package documentation for explanation.
Type  H <return>  for immediate help.
 ...                                              
                                                  
l.3 Î Î»Î­Î¿
            Î½ Î¿ Ï„Î¿ AGS Î­Ï‡ÎµÎ¹ Ï€Î¿Î»Ï Î¼Î¹ÎºÏÎ® ÎµÎ½Î­ÏÎ³ÎµÎ¹Î± ÎºÎ...

You may provide a definition with
\DeclareUnicodeCharacter 


! Package inputenc Error: Unicode character Î½ (U+03BD)
(inputenc)                not set up for use with LaTeX.

See the inputenc package documentation for explanation.
Type  H <return>  for immediate help.
 ...                                              
                                                  
l.3 Î Î»Î­Î¿Î½
               Î¿ Ï„Î¿ AGS Î­Ï‡ÎµÎ¹ Ï€Î¿Î»Ï Î¼Î¹ÎºÏÎ® ÎµÎ½Î­ÏÎ³ÎµÎ¹Î± ÎºÎ...

You may provide a definition with
\DeclareUnicodeCharacter 


! Package inputenc Error: Unicode character Î¿ (U+03BF)
(inputenc)                not set up for use with LaTeX.

See the inputenc package documentation for explanation.
Type  H <return>  for immediate help.
 ...                                              
                                                  
l.3 Î Î»Î­Î¿Î½ Î¿
                  Ï„Î¿ AGS Î­Ï‡ÎµÎ¹ Ï€Î¿Î»Ï Î¼Î¹ÎºÏÎ® ÎµÎ½Î­ÏÎ³ÎµÎ¹Î± ÎºÎ...

You may provide a definition with
\DeclareUnicodeCharacter 


! Package inputenc Error: Unicode character Ï„ (U+03C4)
(inputenc)                not set up for use with LaTeX.

See the inputenc package documentation for explanation.
Type  H <return>  for immediate help.
 ...                                              
                                                  
l.3 Î Î»Î­Î¿Î½ Î¿ Ï„
                    Î¿ AGS Î­Ï‡ÎµÎ¹ Ï€Î¿Î»Ï Î¼Î¹ÎºÏÎ® ÎµÎ½Î­ÏÎ³ÎµÎ¹Î± ÎºÎ...

You may provide a definition with
\DeclareUnicodeCharacter 


! Package inputenc Error: Unicode character Î¿ (U+03BF)
(inputenc)                not set up for use with LaTeX.

See the inputenc package documentation for explanation.
Type  H <return>  for immediate help.
 ...                                              
                                                  
l.3 Î Î»Î­Î¿Î½ Î¿ Ï„Î¿
                       AGS Î­Ï‡ÎµÎ¹ Ï€Î¿Î»Ï Î¼Î¹ÎºÏÎ® ÎµÎ½Î­ÏÎ³ÎµÎ¹Î± ÎºÎ...

You may provide a definition with
\DeclareUnicodeCharacter 


! LaTeX Error: Missing \begin{document}.

See the LaTeX manual or LaTeX Companion for explanation.
Type  H <return>  for immediate help.
 ...                                              
                                                  
l.3 Î Î»Î­Î¿Î½ Î¿ Ï„Î¿ A
                        GS Î­Ï‡ÎµÎ¹ Ï€Î¿Î»Ï Î¼Î¹ÎºÏÎ® ÎµÎ½Î­ÏÎ³ÎµÎ¹Î± ÎºÎ...

You're in trouble here.  Try typing  <return>  to proceed.
If that doesn't work, type  X <return>  to quit.

Missing character: There is no A in font nullfont!
Missing character: There is no G in font nullfont!
Missing character: There is no S in font nullfont!

! Package inputenc Error: Unicode character Î­ (U+03AD)
(inputenc)                not set up for use with LaTeX.

See the inputenc package documentation for explanation.
Type  H <return>  for immediate help.
 ...                                              
                                                  
l.3 Î Î»Î­Î¿Î½ Î¿ Ï„Î¿ AGS Î­
                             Ï‡ÎµÎ¹ Ï€Î¿Î»Ï Î¼Î¹ÎºÏÎ® ÎµÎ½Î­ÏÎ³ÎµÎ¹Î± ÎºÎ...

You may provide a definition with
\DeclareUnicodeCharacter 


! Package inputenc Error: Unicode character Ï‡ (U+03C7)
(inputenc)                not set up for use with LaTeX.

See the inputenc package documentation for explanation.
Type  H <return>  for immediate help.
 ...                                              
                                                  
l.3 Î Î»Î­Î¿Î½ Î¿ Ï„Î¿ AGS Î­Ï‡
                               ÎµÎ¹ Ï€Î¿Î»Ï Î¼Î¹ÎºÏÎ® ÎµÎ½Î­ÏÎ³ÎµÎ¹Î± ÎºÎ...

You may provide a definition with
\DeclareUnicodeCharacter 


! Package inputenc Error: Unicode character Îµ (U+03B5)
(inputenc)                not set up for use with LaTeX.

See the inputenc package documentation for explanation.
Type  H <return>  for immediate help.
 ...                                              
                                                  
l.3 Î Î»Î­Î¿Î½ Î¿ Ï„Î¿ AGS Î­Ï‡Îµ
                                 Î¹ Ï€Î¿Î»Ï Î¼Î¹ÎºÏÎ® ÎµÎ½Î­ÏÎ³ÎµÎ¹Î± ÎºÎ...

You may provide a definition with
\DeclareUnicodeCharacter 


! Package inputenc Error: Unicode character Î¹ (U+03B9)
(inputenc)                not set up for use with LaTeX.

See the inputenc package documentation for explanation.
Type  H <return>  for immediate help.
 ...                                              
                                                  
l.3 Î Î»Î­Î¿Î½ Î¿ Ï„Î¿ AGS Î­Ï‡ÎµÎ¹
                                    Ï€Î¿Î»Ï Î¼Î¹ÎºÏÎ® ÎµÎ½Î­ÏÎ³ÎµÎ¹Î± ÎºÎ...

You may provide a definition with
\DeclareUnicodeCharacter 


! Package inputenc Error: Unicode character Ï€ (U+03C0)
(inputenc)                not set up for use with LaTeX.

See the inputenc package documentation for explanation.
Type  H <return>  for immediate help.
 ...                                              
                                                  
l.3 Î Î»Î­Î¿Î½ Î¿ Ï„Î¿ AGS Î­Ï‡ÎµÎ¹ Ï€
                                      Î¿Î»Ï Î¼Î¹ÎºÏÎ® ÎµÎ½Î­ÏÎ³ÎµÎ¹Î± ÎºÎ...

You may provide a definition with
\DeclareUnicodeCharacter 


! Package inputenc Error: Unicode character Î¿ (U+03BF)
(inputenc)                not set up for use with LaTeX.

See the inputenc package documentation for explanation.
Type  H <return>  for immediate help.
 ...                                              
                                                  
l.3 Î Î»Î­Î¿Î½ Î¿ Ï„Î¿ AGS Î­Ï‡ÎµÎ¹ Ï€Î¿
                                        Î»Ï Î¼Î¹ÎºÏÎ® ÎµÎ½Î­ÏÎ³ÎµÎ¹Î± ÎºÎ...

You may provide a definition with
\DeclareUnicodeCharacter 


! Package inputenc Error: Unicode character Î» (U+03BB)
(inputenc)                not set up for use with LaTeX.

See the inputenc package documentation for explanation.
Type  H <return>  for immediate help.
 ...                                              
                                                  
l.3 Î Î»Î­Î¿Î½ Î¿ Ï„Î¿ AGS Î­Ï‡ÎµÎ¹ Ï€Î¿Î»
                                          Ï Î¼Î¹ÎºÏÎ® ÎµÎ½Î­ÏÎ³ÎµÎ¹Î± ÎºÎ...

You may provide a definition with
\DeclareUnicodeCharacter 


! Package inputenc Error: Unicode character Ï (U+03CD)
(inputenc)                not set up for use with LaTeX.

See the inputenc package documentation for explanation.
Type  H <return>  for immediate help.
 ...                                              
                                                  
l.3 Î Î»Î­Î¿Î½ Î¿ Ï„Î¿ AGS Î­Ï‡ÎµÎ¹ Ï€Î¿Î»Ï
                                             Î¼Î¹ÎºÏÎ® ÎµÎ½Î­ÏÎ³ÎµÎ¹Î± ÎºÎ...

You may provide a definition with
\DeclareUnicodeCharacter 


! Package inputenc Error: Unicode character Î¼ (U+03BC)
(inputenc)                not set up for use with LaTeX.

See the inputenc package documentation for explanation.
Type  H <return>  for immediate help.
 ...                                              
                                                  
l.3 Î Î»Î­Î¿Î½ Î¿ Ï„Î¿ AGS Î­Ï‡ÎµÎ¹ Ï€Î¿Î»Ï Î¼
                                               Î¹ÎºÏÎ® ÎµÎ½Î­ÏÎ³ÎµÎ¹Î± ÎºÎ...

You may provide a definition with
\DeclareUnicodeCharacter 


! Package inputenc Error: Unicode character Î¹ (U+03B9)
(inputenc)                not set up for use with LaTeX.

See the inputenc package documentation for explanation.
Type  H <return>  for immediate help.
 ...                                              
                                                  
l.3 Î Î»Î­Î¿Î½ Î¿ Ï„Î¿ AGS Î­Ï‡ÎµÎ¹ Ï€Î¿Î»Ï Î¼Î¹
                                                 ÎºÏÎ® ÎµÎ½Î­ÏÎ³ÎµÎ¹Î± ÎºÎ...

You may provide a definition with
\DeclareUnicodeCharacter 


! Package inputenc Error: Unicode character Îº (U+03BA)
(inputenc)                not set up for use with LaTeX.

See the inputenc package documentation for explanation.
Type  H <return>  for immediate help.
 ...                                              
                                                  
l.3 ...Î­Î¿Î½ Î¿ Ï„Î¿ AGS Î­Ï‡ÎµÎ¹ Ï€Î¿Î»Ï Î¼Î¹Îº
                                                  ÏÎ® ÎµÎ½Î­ÏÎ³ÎµÎ¹Î± ÎºÎ±...

You may provide a definition with
\DeclareUnicodeCharacter 


! Package inputenc Error: Unicode character Ï (U+03C1)
(inputenc)                not set up for use with LaTeX.

See the inputenc package documentation for explanation.
Type  H <return>  for immediate help.
 ...                                              
                                                  
l.3 ...Î¿Î½ Î¿ Ï„Î¿ AGS Î­Ï‡ÎµÎ¹ Ï€Î¿Î»Ï Î¼Î¹ÎºÏ
                                                  Î® ÎµÎ½Î­ÏÎ³ÎµÎ¹Î± ÎºÎ±Î¹...

You may provide a definition with
\DeclareUnicodeCharacter 


! Package inputenc Error: Unicode character Î® (U+03AE)
(inputenc)                not set up for use with LaTeX.

See the inputenc package documentation for explanation.
Type  H <return>  for immediate help.
 ...                                              
                                                  
l.3 ...Î½ Î¿ Ï„Î¿ AGS Î­Ï‡ÎµÎ¹ Ï€Î¿Î»Ï Î¼Î¹ÎºÏÎ®
                                                   ÎµÎ½Î­ÏÎ³ÎµÎ¹Î± ÎºÎ±Î¹ Î...

You may provide a definition with
\DeclareUnicodeCharacter 


! Package inputenc Error: Unicode character Îµ (U+03B5)
(inputenc)                not set up for use with LaTeX.

See the inputenc package documentation for explanation.
Type  H <return>  for immediate help.
 ...                                              
                                                  
l.3 ...Î¿ Ï„Î¿ AGS Î­Ï‡ÎµÎ¹ Ï€Î¿Î»Ï Î¼Î¹ÎºÏÎ® Îµ
                                                  Î½Î­ÏÎ³ÎµÎ¹Î± ÎºÎ±Î¹ Î´Îµ...

You may provide a definition with
\DeclareUnicodeCharacter 


! Package inputenc Error: Unicode character Î½ (U+03BD)
(inputenc)                not set up for use with LaTeX.

See the inputenc package documentation for explanation.
Type  H <return>  for immediate help.
 ...                                              
                                                  
l.3 ... Ï„Î¿ AGS Î­Ï‡ÎµÎ¹ Ï€Î¿Î»Ï Î¼Î¹ÎºÏÎ® ÎµÎ½
                                                  Î­ÏÎ³ÎµÎ¹Î± ÎºÎ±Î¹ Î´ÎµÎ½...

You may provide a definition with
\DeclareUnicodeCharacter 


! Package inputenc Error: Unicode character Î­ (U+03AD)
(inputenc)                not set up for use with LaTeX.

See the inputenc package documentation for explanation.
Type  H <return>  for immediate help.
 ...                                              
                                                  
l.3 ...„Î¿ AGS Î­Ï‡ÎµÎ¹ Ï€Î¿Î»Ï Î¼Î¹ÎºÏÎ® ÎµÎ½Î­
                                                  ÏÎ³ÎµÎ¹Î± ÎºÎ±Î¹ Î´ÎµÎ½ Î...

You may provide a definition with
\DeclareUnicodeCharacter 


! Package inputenc Error: Unicode character Ï (U+03C1)
(inputenc)                not set up for use with LaTeX.

See the inputenc package documentation for explanation.
Type  H <return>  for immediate help.
 ...                                              
                                                  
l.3 ...¿ AGS Î­Ï‡ÎµÎ¹ Ï€Î¿Î»Ï Î¼Î¹ÎºÏÎ® ÎµÎ½Î­Ï
                                                  Î³ÎµÎ¹Î± ÎºÎ±Î¹ Î´ÎµÎ½ Î¼Ï...

You may provide a definition with
\DeclareUnicodeCharacter 


! Package inputenc Error: Unicode character Î³ (U+03B3)
(inputenc)                not set up for use with LaTeX.

See the inputenc package documentation for explanation.
Type  H <return>  for immediate help.
 ...                                              
                                                  
l.3 ...AGS Î­Ï‡ÎµÎ¹ Ï€Î¿Î»Ï Î¼Î¹ÎºÏÎ® ÎµÎ½Î­ÏÎ³
                                                  ÎµÎ¹Î± ÎºÎ±Î¹ Î´ÎµÎ½ Î¼Ï€Î...

You may provide a definition with
\DeclareUnicodeCharacter 


! Package inputenc Error: Unicode character Îµ (U+03B5)
(inputenc)                not set up for use with LaTeX.

See the inputenc package documentation for explanation.
Type  H <return>  for immediate help.
 ...                                              
                                                  
l.3 ...S Î­Ï‡ÎµÎ¹ Ï€Î¿Î»Ï Î¼Î¹ÎºÏÎ® ÎµÎ½Î­ÏÎ³Îµ
                                                  Î¹Î± ÎºÎ±Î¹ Î´ÎµÎ½ Î¼Ï€Î¿Ï...

You may provide a definition with
\DeclareUnicodeCharacter 


! Package inputenc Error: Unicode character Î¹ (U+03B9)
(inputenc)                not set up for use with LaTeX.

See the inputenc package documentation for explanation.
Type  H <return>  for immediate help.
 ...                                              
                                                  
l.3 ...Î­Ï‡ÎµÎ¹ Ï€Î¿Î»Ï Î¼Î¹ÎºÏÎ® ÎµÎ½Î­ÏÎ³ÎµÎ¹
                                                  Î± ÎºÎ±Î¹ Î´ÎµÎ½ Î¼Ï€Î¿ÏÎ...

You may provide a definition with
\DeclareUnicodeCharacter 


! Package inputenc Error: Unicode character Î± (U+03B1)
(inputenc)                not set up for use with LaTeX.

See the inputenc package documentation for explanation.
Type  H <return>  for immediate help.
 ...                                              
                                                  
l.3 ...Ï‡ÎµÎ¹ Ï€Î¿Î»Ï Î¼Î¹ÎºÏÎ® ÎµÎ½Î­ÏÎ³ÎµÎ¹Î±
                                                   ÎºÎ±Î¹ Î´ÎµÎ½ Î¼Ï€Î¿ÏÎµÎ...

You may provide a definition with
\DeclareUnicodeCharacter 


! Package inputenc Error: Unicode character Îº (U+03BA)
(inputenc)                not set up for use with LaTeX.

See the inputenc package documentation for explanation.
Type  H <return>  for immediate help.
 ...                                              
                                                  
l.3 ...µÎ¹ Ï€Î¿Î»Ï Î¼Î¹ÎºÏÎ® ÎµÎ½Î­ÏÎ³ÎµÎ¹Î± Îº
                                                  Î±Î¹ Î´ÎµÎ½ Î¼Ï€Î¿ÏÎµÎ¯ Î...

You may provide a definition with
\DeclareUnicodeCharacter 


! Package inputenc Error: Unicode character Î± (U+03B1)
(inputenc)                not set up for use with LaTeX.

See the inputenc package documentation for explanation.
Type  H <return>  for immediate help.
 ...                                              
                                                  
l.3 ...¹ Ï€Î¿Î»Ï Î¼Î¹ÎºÏÎ® ÎµÎ½Î­ÏÎ³ÎµÎ¹Î± ÎºÎ±
                                                  Î¹ Î´ÎµÎ½ Î¼Ï€Î¿ÏÎµÎ¯ Î½Î...

You may provide a definition with
\DeclareUnicodeCharacter 


! Package inputenc Error: Unicode character Î¹ (U+03B9)
(inputenc)                not set up for use with LaTeX.

See the inputenc package documentation for explanation.
Type  H <return>  for immediate help.
 ...                                              
                                                  
l.3 ...Ï€Î¿Î»Ï Î¼Î¹ÎºÏÎ® ÎµÎ½Î­ÏÎ³ÎµÎ¹Î± ÎºÎ±Î¹
                                                   Î´ÎµÎ½ Î¼Ï€Î¿ÏÎµÎ¯ Î½Î± ...

You may provide a definition with
\DeclareUnicodeCharacter 


! Package inputenc Error: Unicode character Î´ (U+03B4)
(inputenc)                not set up for use with LaTeX.

See the inputenc package documentation for explanation.
Type  H <return>  for immediate help.
 ...                                              
                                                  
l.3 ...¿Î»Ï Î¼Î¹ÎºÏÎ® ÎµÎ½Î­ÏÎ³ÎµÎ¹Î± ÎºÎ±Î¹ Î´
                                                  ÎµÎ½ Î¼Ï€Î¿ÏÎµÎ¯ Î½Î± ÏƒÏ...

You may provide a definition with
\DeclareUnicodeCharacter 


! Package inputenc Error: Unicode character Îµ (U+03B5)
(inputenc)                not set up for use with LaTeX.

See the inputenc package documentation for explanation.
Type  H <return>  for immediate help.
 ...                                              
                                                  
l.3 ...»Ï Î¼Î¹ÎºÏÎ® ÎµÎ½Î­ÏÎ³ÎµÎ¹Î± ÎºÎ±Î¹ Î´Îµ
                                                  Î½ Î¼Ï€Î¿ÏÎµÎ¯ Î½Î± ÏƒÏ…Î...

You may provide a definition with
\DeclareUnicodeCharacter 


! Package inputenc Error: Unicode character Î½ (U+03BD)
(inputenc)                not set up for use with LaTeX.

See the inputenc package documentation for explanation.
Type  H <return>  for immediate help.
 ...                                              
                                                  
l.3 ... Î¼Î¹ÎºÏÎ® ÎµÎ½Î­ÏÎ³ÎµÎ¹Î± ÎºÎ±Î¹ Î´ÎµÎ½
                                                   Î¼Ï€Î¿ÏÎµÎ¯ Î½Î± ÏƒÏ…Î³Î...

You may provide a definition with
\DeclareUnicodeCharacter 


! Package inputenc Error: Unicode character Î¼ (U+03BC)
(inputenc)                not set up for use with LaTeX.

See the inputenc package documentation for explanation.
Type  H <return>  for immediate help.
 ...                                              
                                                  
l.3 ...¼Î¹ÎºÏÎ® ÎµÎ½Î­ÏÎ³ÎµÎ¹Î± ÎºÎ±Î¹ Î´ÎµÎ½ Î¼
                                                  Ï€Î¿ÏÎµÎ¯ Î½Î± ÏƒÏ…Î³ÎºÏ...

You may provide a definition with
\DeclareUnicodeCharacter 


! Package inputenc Error: Unicode character Ï€ (U+03C0)
(inputenc)                not set up for use with LaTeX.

See the inputenc package documentation for explanation.
Type  H <return>  for immediate help.
 ...                                              
                                                  
l.3 ...¹ÎºÏÎ® ÎµÎ½Î­ÏÎ³ÎµÎ¹Î± ÎºÎ±Î¹ Î´ÎµÎ½ Î¼Ï€
                                                  Î¿ÏÎµÎ¯ Î½Î± ÏƒÏ…Î³ÎºÏÎ¹...

You may provide a definition with
\DeclareUnicodeCharacter 


! Package inputenc Error: Unicode character Î¿ (U+03BF)
(inputenc)                not set up for use with LaTeX.

See the inputenc package documentation for explanation.
Type  H <return>  for immediate help.
 ...                                              
                                                  
l.3 ...ºÏÎ® ÎµÎ½Î­ÏÎ³ÎµÎ¹Î± ÎºÎ±Î¹ Î´ÎµÎ½ Î¼Ï€Î¿
                                                  ÏÎµÎ¯ Î½Î± ÏƒÏ…Î³ÎºÏÎ¹Î¸...

You may provide a definition with
\DeclareUnicodeCharacter 


! Package inputenc Error: Unicode character Ï (U+03C1)
(inputenc)                not set up for use with LaTeX.

See the inputenc package documentation for explanation.
Type  H <return>  for immediate help.
 ...                                              
                                                  
l.3 ...Î® ÎµÎ½Î­ÏÎ³ÎµÎ¹Î± ÎºÎ±Î¹ Î´ÎµÎ½ Î¼Ï€Î¿Ï
                                                  ÎµÎ¯ Î½Î± ÏƒÏ…Î³ÎºÏÎ¹Î¸Îµ...

You may provide a definition with
\DeclareUnicodeCharacter 


! Package inputenc Error: Unicode character Îµ (U+03B5)
(inputenc)                not set up for use with LaTeX.

See the inputenc package documentation for explanation.
Type  H <return>  for immediate help.
 ...                                              
                                                  
l.3 ...® ÎµÎ½Î­ÏÎ³ÎµÎ¹Î± ÎºÎ±Î¹ Î´ÎµÎ½ Î¼Ï€Î¿ÏÎµ
                                                  Î¯ Î½Î± ÏƒÏ…Î³ÎºÏÎ¹Î¸ÎµÎ¯...

You may provide a definition with
\DeclareUnicodeCharacter 


! Package inputenc Error: Unicode character Î¯ (U+03AF)
(inputenc)                not set up for use with LaTeX.

See the inputenc package documentation for explanation.
Type  H <return>  for immediate help.
 ...                                              
                                                  
l.3 ...ÎµÎ½Î­ÏÎ³ÎµÎ¹Î± ÎºÎ±Î¹ Î´ÎµÎ½ Î¼Ï€Î¿ÏÎµÎ¯
                                                   Î½Î± ÏƒÏ…Î³ÎºÏÎ¹Î¸ÎµÎ¯ Î...

You may provide a definition with
\DeclareUnicodeCharacter 


! Package inputenc Error: Unicode character Î½ (U+03BD)
(inputenc)                not set up for use with LaTeX.

See the inputenc package documentation for explanation.
Type  H <return>  for immediate help.
 ...                                              
                                                  
l.3 ...½Î­ÏÎ³ÎµÎ¹Î± ÎºÎ±Î¹ Î´ÎµÎ½ Î¼Ï€Î¿ÏÎµÎ¯ Î½
                                                  Î± ÏƒÏ…Î³ÎºÏÎ¹Î¸ÎµÎ¯ Î¼Îµ...

You may provide a definition with
\DeclareUnicodeCharacter 


! Package inputenc Error: Unicode character Î± (U+03B1)
(inputenc)                not set up for use with LaTeX.

See the inputenc package documentation for explanation.
Type  H <return>  for immediate help.
 ...                                              
                                                  
l.3 ...­ÏÎ³ÎµÎ¹Î± ÎºÎ±Î¹ Î´ÎµÎ½ Î¼Ï€Î¿ÏÎµÎ¯ Î½Î±
                                                   ÏƒÏ…Î³ÎºÏÎ¹Î¸ÎµÎ¯ Î¼Îµ Ï...

You may provide a definition with
\DeclareUnicodeCharacter 


! Package inputenc Error: Unicode character Ïƒ (U+03C3)
(inputenc)                not set up for use with LaTeX.

See the inputenc package documentation for explanation.
Type  H <return>  for immediate help.
 ...                                              
                                                  
l.3 ...Î³ÎµÎ¹Î± ÎºÎ±Î¹ Î´ÎµÎ½ Î¼Ï€Î¿ÏÎµÎ¯ Î½Î± Ïƒ
                                                  Ï…Î³ÎºÏÎ¹Î¸ÎµÎ¯ Î¼Îµ Ï„Î¿...

You may provide a definition with
\DeclareUnicodeCharacter 


! Package inputenc Error: Unicode character Ï… (U+03C5)
(inputenc)                not set up for use with LaTeX.

See the inputenc package documentation for explanation.
Type  H <return>  for immediate help.
 ...                                              
                                                  
l.3 ...ÎµÎ¹Î± ÎºÎ±Î¹ Î´ÎµÎ½ Î¼Ï€Î¿ÏÎµÎ¯ Î½Î± ÏƒÏ…
                                                  Î³ÎºÏÎ¹Î¸ÎµÎ¯ Î¼Îµ Ï„Î¿Ï…...

You may provide a definition with
\DeclareUnicodeCharacter 


! Package inputenc Error: Unicode character Î³ (U+03B3)
(inputenc)                not set up for use with LaTeX.

See the inputenc package documentation for explanation.
Type  H <return>  for immediate help.
 ...                                              
                                                  
l.3 ...Î¹Î± ÎºÎ±Î¹ Î´ÎµÎ½ Î¼Ï€Î¿ÏÎµÎ¯ Î½Î± ÏƒÏ…Î³
                                                  ÎºÏÎ¹Î¸ÎµÎ¯ Î¼Îµ Ï„Î¿Ï…Ï‚...

You may provide a definition with
\DeclareUnicodeCharacter 


! Package inputenc Error: Unicode character Îº (U+03BA)
(inputenc)                not set up for use with LaTeX.

See the inputenc package documentation for explanation.
Type  H <return>  for immediate help.
 ...                                              
                                                  
l.3 ...Î± ÎºÎ±Î¹ Î´ÎµÎ½ Î¼Ï€Î¿ÏÎµÎ¯ Î½Î± ÏƒÏ…Î³Îº
                                                  ÏÎ¹Î¸ÎµÎ¯ Î¼Îµ Ï„Î¿Ï…Ï‚ Ï...

You may provide a definition with
\DeclareUnicodeCharacter 


! Package inputenc Error: Unicode character Ï (U+03C1)
(inputenc)                not set up for use with LaTeX.

See the inputenc package documentation for explanation.
Type  H <return>  for immediate help.
 ...                                              
                                                  
l.3 ... ÎºÎ±Î¹ Î´ÎµÎ½ Î¼Ï€Î¿ÏÎµÎ¯ Î½Î± ÏƒÏ…Î³ÎºÏ
                                                  Î¹Î¸ÎµÎ¯ Î¼Îµ Ï„Î¿Ï…Ï‚ ÏƒÏ...

You may provide a definition with
\DeclareUnicodeCharacter 


! Package inputenc Error: Unicode character Î¹ (U+03B9)
(inputenc)                not set up for use with LaTeX.

See the inputenc package documentation for explanation.
Type  H <return>  for immediate help.
 ...                                              
                                                  
l.3 ...ºÎ±Î¹ Î´ÎµÎ½ Î¼Ï€Î¿ÏÎµÎ¯ Î½Î± ÏƒÏ…Î³ÎºÏÎ¹
                                                  Î¸ÎµÎ¯ Î¼Îµ Ï„Î¿Ï…Ï‚ ÏƒÏÎ...

You may provide a definition with
\DeclareUnicodeCharacter 


! Package inputenc Error: Unicode character Î¸ (U+03B8)
(inputenc)                not set up for use with LaTeX.

See the inputenc package documentation for explanation.
Type  H <return>  for immediate help.
 ...                                              
                                                  
l.3 ...±Î¹ Î´ÎµÎ½ Î¼Ï€Î¿ÏÎµÎ¯ Î½Î± ÏƒÏ…Î³ÎºÏÎ¹Î¸
                                                  ÎµÎ¯ Î¼Îµ Ï„Î¿Ï…Ï‚ ÏƒÏÎ³Ï...

You may provide a definition with
\DeclareUnicodeCharacter 


! Package inputenc Error: Unicode character Îµ (U+03B5)
(inputenc)                not set up for use with LaTeX.

See the inputenc package documentation for explanation.
Type  H <return>  for immediate help.
 ...                                              
                                                  
l.3 ...¹ Î´ÎµÎ½ Î¼Ï€Î¿ÏÎµÎ¯ Î½Î± ÏƒÏ…Î³ÎºÏÎ¹Î¸Îµ
                                                  Î¯ Î¼Îµ Ï„Î¿Ï…Ï‚ ÏƒÏÎ³Ï‡Ï...

You may provide a definition with
\DeclareUnicodeCharacter 


! Package inputenc Error: Unicode character Î¯ (U+03AF)
(inputenc)                not set up for use with LaTeX.

See the inputenc package documentation for explanation.
Type  H <return>  for immediate help.
 ...                                              
                                                  
l.3 ...Î´ÎµÎ½ Î¼Ï€Î¿ÏÎµÎ¯ Î½Î± ÏƒÏ…Î³ÎºÏÎ¹Î¸ÎµÎ¯
                                                   Î¼Îµ Ï„Î¿Ï…Ï‚ ÏƒÏÎ³Ï‡ÏÎ...

You may provide a definition with
\DeclareUnicodeCharacter 


! Package inputenc Error: Unicode character Î¼ (U+03BC)
(inputenc)                not set up for use with LaTeX.

See the inputenc package documentation for explanation.
Type  H <return>  for immediate help.
 ...                                              
                                                  
l.3 ...µÎ½ Î¼Ï€Î¿ÏÎµÎ¯ Î½Î± ÏƒÏ…Î³ÎºÏÎ¹Î¸ÎµÎ¯ Î¼
                                                  Îµ Ï„Î¿Ï…Ï‚ ÏƒÏÎ³Ï‡ÏÎ¿Î½...

You may provide a definition with
\DeclareUnicodeCharacter 


! Package inputenc Error: Unicode character Îµ (U+03B5)
(inputenc)                not set up for use with LaTeX.

See the inputenc package documentation for explanation.
Type  H <return>  for immediate help.
 ...                                              
                                                  
l.3 ...½ Î¼Ï€Î¿ÏÎµÎ¯ Î½Î± ÏƒÏ…Î³ÎºÏÎ¹Î¸ÎµÎ¯ Î¼Îµ
                                                   Ï„Î¿Ï…Ï‚ ÏƒÏÎ³Ï‡ÏÎ¿Î½Î¿...

You may provide a definition with
\DeclareUnicodeCharacter 


! Package inputenc Error: Unicode character Ï„ (U+03C4)
(inputenc)                not set up for use with LaTeX.

See the inputenc package documentation for explanation.
Type  H <return>  for immediate help.
 ...                                              
                                                  
l.3 ...¼Ï€Î¿ÏÎµÎ¯ Î½Î± ÏƒÏ…Î³ÎºÏÎ¹Î¸ÎµÎ¯ Î¼Îµ Ï„
                                                  Î¿Ï…Ï‚ ÏƒÏÎ³Ï‡ÏÎ¿Î½Î¿Ï…Ï...

You may provide a definition with
\DeclareUnicodeCharacter 


! Package inputenc Error: Unicode character Î¿ (U+03BF)
(inputenc)                not set up for use with LaTeX.

See the inputenc package documentation for explanation.
Type  H <return>  for immediate help.
 ...                                              
                                                  
l.3 ...€Î¿ÏÎµÎ¯ Î½Î± ÏƒÏ…Î³ÎºÏÎ¹Î¸ÎµÎ¯ Î¼Îµ Ï„Î¿
                                                  Ï…Ï‚ ÏƒÏÎ³Ï‡ÏÎ¿Î½Î¿Ï…Ï‚ ...

You may provide a definition with
\DeclareUnicodeCharacter 


! Package inputenc Error: Unicode character Ï… (U+03C5)
(inputenc)                not set up for use with LaTeX.

See the inputenc package documentation for explanation.
Type  H <return>  for immediate help.
 ...                                              
                                                  
l.3 ...¿ÏÎµÎ¯ Î½Î± ÏƒÏ…Î³ÎºÏÎ¹Î¸ÎµÎ¯ Î¼Îµ Ï„Î¿Ï…
                                                  Ï‚ ÏƒÏÎ³Ï‡ÏÎ¿Î½Î¿Ï…Ï‚ Îµ...

You may provide a definition with
\DeclareUnicodeCharacter 


! Package inputenc Error: Unicode character Ï‚ (U+03C2)
(inputenc)                not set up for use with LaTeX.

See the inputenc package documentation for explanation.
Type  H <return>  for immediate help.
 ...                                              
                                                  
l.3 ...ÎµÎ¯ Î½Î± ÏƒÏ…Î³ÎºÏÎ¹Î¸ÎµÎ¯ Î¼Îµ Ï„Î¿Ï…Ï‚
                                                   ÏƒÏÎ³Ï‡ÏÎ¿Î½Î¿Ï…Ï‚ ÎµÏ€...

You may provide a definition with
\DeclareUnicodeCharacter 


! Package inputenc Error: Unicode character Ïƒ (U+03C3)
(inputenc)                not set up for use with LaTeX.

See the inputenc package documentation for explanation.
Type  H <return>  for immediate help.
 ...                                              
                                                  
l.3 ...Î¯ Î½Î± ÏƒÏ…Î³ÎºÏÎ¹Î¸ÎµÎ¯ Î¼Îµ Ï„Î¿Ï…Ï‚ Ïƒ
                                                  ÏÎ³Ï‡ÏÎ¿Î½Î¿Ï…Ï‚ ÎµÏ€Î¹Ï...

You may provide a definition with
\DeclareUnicodeCharacter 


! Package inputenc Error: Unicode character Ï (U+03CD)
(inputenc)                not set up for use with LaTeX.

See the inputenc package documentation for explanation.
Type  H <return>  for immediate help.
 ...                                              
                                                  
l.3 ... Î½Î± ÏƒÏ…Î³ÎºÏÎ¹Î¸ÎµÎ¯ Î¼Îµ Ï„Î¿Ï…Ï‚ ÏƒÏ
                                                  Î³Ï‡ÏÎ¿Î½Î¿Ï…Ï‚ ÎµÏ€Î¹Ï„Î...

You may provide a definition with
\DeclareUnicodeCharacter 


! Package inputenc Error: Unicode character Î³ (U+03B3)
(inputenc)                not set up for use with LaTeX.

See the inputenc package documentation for explanation.
Type  H <return>  for immediate help.
 ...                                              
                                                  
l.3 ...½Î± ÏƒÏ…Î³ÎºÏÎ¹Î¸ÎµÎ¯ Î¼Îµ Ï„Î¿Ï…Ï‚ ÏƒÏÎ³
                                                  Ï‡ÏÎ¿Î½Î¿Ï…Ï‚ ÎµÏ€Î¹Ï„Î±Ï...

You may provide a definition with
\DeclareUnicodeCharacter 


! Package inputenc Error: Unicode character Ï‡ (U+03C7)
(inputenc)                not set up for use with LaTeX.

See the inputenc package documentation for explanation.
Type  H <return>  for immediate help.
 ...                                              
                                                  
l.3 ...± ÏƒÏ…Î³ÎºÏÎ¹Î¸ÎµÎ¯ Î¼Îµ Ï„Î¿Ï…Ï‚ ÏƒÏÎ³Ï‡
                                                  ÏÎ¿Î½Î¿Ï…Ï‚ ÎµÏ€Î¹Ï„Î±Ï‡Ï...

You may provide a definition with
\DeclareUnicodeCharacter 


! Package inputenc Error: Unicode character Ï (U+03C1)
(inputenc)                not set up for use with LaTeX.

See the inputenc package documentation for explanation.
Type  H <return>  for immediate help.
 ...                                              
                                                  
l.3 ...ÏƒÏ…Î³ÎºÏÎ¹Î¸ÎµÎ¯ Î¼Îµ Ï„Î¿Ï…Ï‚ ÏƒÏÎ³Ï‡Ï
                                                  Î¿Î½Î¿Ï…Ï‚ ÎµÏ€Î¹Ï„Î±Ï‡Ï…Î...

You may provide a definition with
\DeclareUnicodeCharacter 


! Package inputenc Error: Unicode character Î¿ (U+03BF)
(inputenc)                not set up for use with LaTeX.

See the inputenc package documentation for explanation.
Type  H <return>  for immediate help.
 ...                                              
                                                  
l.3 ...Ï…Î³ÎºÏÎ¹Î¸ÎµÎ¯ Î¼Îµ Ï„Î¿Ï…Ï‚ ÏƒÏÎ³Ï‡ÏÎ¿
                                                  Î½Î¿Ï…Ï‚ ÎµÏ€Î¹Ï„Î±Ï‡Ï…Î½Ï...

You may provide a definition with
\DeclareUnicodeCharacter 


! Package inputenc Error: Unicode character Î½ (U+03BD)
(inputenc)                not set up for use with LaTeX.

See the inputenc package documentation for explanation.
Type  H <return>  for immediate help.
 ...                                              
                                                  
l.3 ...Î³ÎºÏÎ¹Î¸ÎµÎ¯ Î¼Îµ Ï„Î¿Ï…Ï‚ ÏƒÏÎ³Ï‡ÏÎ¿Î½
                                                  Î¿Ï…Ï‚ ÎµÏ€Î¹Ï„Î±Ï‡Ï…Î½Ï„Î...

You may provide a definition with
\DeclareUnicodeCharacter 


! Package inputenc Error: Unicode character Î¿ (U+03BF)
(inputenc)                not set up for use with LaTeX.

See the inputenc package documentation for explanation.
Type  H <return>  for immediate help.
 ...                                              
                                                  
l.3 ...ÎºÏÎ¹Î¸ÎµÎ¯ Î¼Îµ Ï„Î¿Ï…Ï‚ ÏƒÏÎ³Ï‡ÏÎ¿Î½Î¿
                                                  Ï…Ï‚ ÎµÏ€Î¹Ï„Î±Ï‡Ï…Î½Ï„Î­Ï...

You may provide a definition with
\DeclareUnicodeCharacter 


! Package inputenc Error: Unicode character Ï… (U+03C5)
(inputenc)                not set up for use with LaTeX.

See the inputenc package documentation for explanation.
Type  H <return>  for immediate help.
 ...                                              
                                                  
l.3 ...ÏÎ¹Î¸ÎµÎ¯ Î¼Îµ Ï„Î¿Ï…Ï‚ ÏƒÏÎ³Ï‡ÏÎ¿Î½Î¿Ï…
                                                  Ï‚ ÎµÏ€Î¹Ï„Î±Ï‡Ï…Î½Ï„Î­Ï‚....

You may provide a definition with
\DeclareUnicodeCharacter 


! Package inputenc Error: Unicode character Ï‚ (U+03C2)
(inputenc)                not set up for use with LaTeX.

See the inputenc package documentation for explanation.
Type  H <return>  for immediate help.
 ...                                              
                                                  
l.3 ...Î¹Î¸ÎµÎ¯ Î¼Îµ Ï„Î¿Ï…Ï‚ ÏƒÏÎ³Ï‡ÏÎ¿Î½Î¿Ï…Ï‚
                                                   ÎµÏ€Î¹Ï„Î±Ï‡Ï…Î½Ï„Î­Ï‚. Î...

You may provide a definition with
\DeclareUnicodeCharacter 


! Package inputenc Error: Unicode character Îµ (U+03B5)
(inputenc)                not set up for use with LaTeX.

See the inputenc package documentation for explanation.
Type  H <return>  for immediate help.
 ...                                              
                                                  
l.3 ...¸ÎµÎ¯ Î¼Îµ Ï„Î¿Ï…Ï‚ ÏƒÏÎ³Ï‡ÏÎ¿Î½Î¿Ï…Ï‚ Îµ
                                                  Ï€Î¹Ï„Î±Ï‡Ï…Î½Ï„Î­Ï‚. Î©Ïƒ...

You may provide a definition with
\DeclareUnicodeCharacter 


! Package inputenc Error: Unicode character Ï€ (U+03C0)
(inputenc)                not set up for use with LaTeX.

See the inputenc package documentation for explanation.
Type  H <return>  for immediate help.
 ...                                              
                                                  
l.3 ...µÎ¯ Î¼Îµ Ï„Î¿Ï…Ï‚ ÏƒÏÎ³Ï‡ÏÎ¿Î½Î¿Ï…Ï‚ ÎµÏ€
                                                  Î¹Ï„Î±Ï‡Ï…Î½Ï„Î­Ï‚. Î©ÏƒÏ„...

You may provide a definition with
\DeclareUnicodeCharacter 


! Package inputenc Error: Unicode character Î¹ (U+03B9)
(inputenc)                not set up for use with LaTeX.

See the inputenc package documentation for explanation.
Type  H <return>  for immediate help.
 ...                                              
                                                  
l.3 ...¯ Î¼Îµ Ï„Î¿Ï…Ï‚ ÏƒÏÎ³Ï‡ÏÎ¿Î½Î¿Ï…Ï‚ ÎµÏ€Î¹
                                                  Ï„Î±Ï‡Ï…Î½Ï„Î­Ï‚. Î©ÏƒÏ„ÏŒ...

You may provide a definition with
\DeclareUnicodeCharacter 


! Package inputenc Error: Unicode character Ï„ (U+03C4)
(inputenc)                not set up for use with LaTeX.

See the inputenc package documentation for explanation.
Type  H <return>  for immediate help.
 ...                                              
                                                  
l.3 ...Î¼Îµ Ï„Î¿Ï…Ï‚ ÏƒÏÎ³Ï‡ÏÎ¿Î½Î¿Ï…Ï‚ ÎµÏ€Î¹Ï„
                                                  Î±Ï‡Ï…Î½Ï„Î­Ï‚. Î©ÏƒÏ„ÏŒÏƒ...

You may provide a definition with
\DeclareUnicodeCharacter 


! Package inputenc Error: Unicode character Î± (U+03B1)
(inputenc)                not set up for use with LaTeX.

See the inputenc package documentation for explanation.
Type  H <return>  for immediate help.
 ...                                              
                                                  
l.3 ...Îµ Ï„Î¿Ï…Ï‚ ÏƒÏÎ³Ï‡ÏÎ¿Î½Î¿Ï…Ï‚ ÎµÏ€Î¹Ï„Î±
                                                  Ï‡Ï…Î½Ï„Î­Ï‚. Î©ÏƒÏ„ÏŒÏƒÎ¿...

You may provide a definition with
\DeclareUnicodeCharacter 


! Package inputenc Error: Unicode character Ï‡ (U+03C7)
(inputenc)                not set up for use with LaTeX.

See the inputenc package documentation for explanation.
Type  H <return>  for immediate help.
 ...                                              
                                                  
l.3 ... Ï„Î¿Ï…Ï‚ ÏƒÏÎ³Ï‡ÏÎ¿Î½Î¿Ï…Ï‚ ÎµÏ€Î¹Ï„Î±Ï‡
                                                  Ï…Î½Ï„Î­Ï‚. Î©ÏƒÏ„ÏŒÏƒÎ¿, ...

You may provide a definition with
\DeclareUnicodeCharacter 


! Package inputenc Error: Unicode character Ï… (U+03C5)
(inputenc)                not set up for use with LaTeX.

See the inputenc package documentation for explanation.
Type  H <return>  for immediate help.
 ...                                              
                                                  
l.3 ...„Î¿Ï…Ï‚ ÏƒÏÎ³Ï‡ÏÎ¿Î½Î¿Ï…Ï‚ ÎµÏ€Î¹Ï„Î±Ï‡Ï…
                                                  Î½Ï„Î­Ï‚. Î©ÏƒÏ„ÏŒÏƒÎ¿, Î±...

You may provide a definition with
\DeclareUnicodeCharacter 


! Package inputenc Error: Unicode character Î½ (U+03BD)
(inputenc)                not set up for use with LaTeX.

See the inputenc package documentation for explanation.
Type  H <return>  for immediate help.
 ...                                              
                                                  
l.3 ...¿Ï…Ï‚ ÏƒÏÎ³Ï‡ÏÎ¿Î½Î¿Ï…Ï‚ ÎµÏ€Î¹Ï„Î±Ï‡Ï…Î½
                                                  Ï„Î­Ï‚. Î©ÏƒÏ„ÏŒÏƒÎ¿, Î±Ï…...

You may provide a definition with
\DeclareUnicodeCharacter 


! Package inputenc Error: Unicode character Ï„ (U+03C4)
(inputenc)                not set up for use with LaTeX.

See the inputenc package documentation for explanation.
Type  H <return>  for immediate help.
 ...                                              
                                                  
l.3 ...…Ï‚ ÏƒÏÎ³Ï‡ÏÎ¿Î½Î¿Ï…Ï‚ ÎµÏ€Î¹Ï„Î±Ï‡Ï…Î½Ï„
                                                  Î­Ï‚. Î©ÏƒÏ„ÏŒÏƒÎ¿, Î±Ï…Ï„...

You may provide a definition with
\DeclareUnicodeCharacter 


! Package inputenc Error: Unicode character Î­ (U+03AD)
(inputenc)                not set up for use with LaTeX.

See the inputenc package documentation for explanation.
Type  H <return>  for immediate help.
 ...                                              
                                                  
l.3 ...‚ ÏƒÏÎ³Ï‡ÏÎ¿Î½Î¿Ï…Ï‚ ÎµÏ€Î¹Ï„Î±Ï‡Ï…Î½Ï„Î­
                                                  Ï‚. Î©ÏƒÏ„ÏŒÏƒÎ¿, Î±Ï…Ï„ÏŒ...

You may provide a definition with
\DeclareUnicodeCharacter 


! Package inputenc Error: Unicode character Ï‚ (U+03C2)
(inputenc)                not set up for use with LaTeX.

See the inputenc package documentation for explanation.
Type  H <return>  for immediate help.
 ...                                              
                                                  
l.3 ...ÏƒÏÎ³Ï‡ÏÎ¿Î½Î¿Ï…Ï‚ ÎµÏ€Î¹Ï„Î±Ï‡Ï…Î½Ï„Î­Ï‚
                                                  . Î©ÏƒÏ„ÏŒÏƒÎ¿, Î±Ï…Ï„ÏŒ Î...

You may provide a definition with
\DeclareUnicodeCharacter 

Missing character: There is no . in font nullfont!

! Package inputenc Error: Unicode character Î© (U+03A9)
(inputenc)                not set up for use with LaTeX.

See the inputenc package documentation for explanation.
Type  H <return>  for immediate help.
 ...                                              
                                                  
l.3 ...Î³Ï‡ÏÎ¿Î½Î¿Ï…Ï‚ ÎµÏ€Î¹Ï„Î±Ï‡Ï…Î½Ï„Î­Ï‚. Î©
                                                  ÏƒÏ„ÏŒÏƒÎ¿, Î±Ï…Ï„ÏŒ Î³Î¹Î...

You may provide a definition with
\DeclareUnicodeCharacter 


! Package inputenc Error: Unicode character Ïƒ (U+03C3)
(inputenc)                not set up for use with LaTeX.

See the inputenc package documentation for explanation.
Type  H <return>  for immediate help.
 ...                                              
                                                  
l.3 ...Ï‡ÏÎ¿Î½Î¿Ï…Ï‚ ÎµÏ€Î¹Ï„Î±Ï‡Ï…Î½Ï„Î­Ï‚. Î©Ïƒ
                                                  Ï„ÏŒÏƒÎ¿, Î±Ï…Ï„ÏŒ Î³Î¹Î± ...

You may provide a definition with
\DeclareUnicodeCharacter 


! Package inputenc Error: Unicode character Ï„ (U+03C4)
(inputenc)                not set up for use with LaTeX.

See the inputenc package documentation for explanation.
Type  H <return>  for immediate help.
 ...                                              
                                                  
l.3 ...ÏÎ¿Î½Î¿Ï…Ï‚ ÎµÏ€Î¹Ï„Î±Ï‡Ï…Î½Ï„Î­Ï‚. Î©ÏƒÏ„
                                                  ÏŒÏƒÎ¿, Î±Ï…Ï„ÏŒ Î³Î¹Î± Ï„...

You may provide a definition with
\DeclareUnicodeCharacter 


! Package inputenc Error: Unicode character ÏŒ (U+03CC)
(inputenc)                not set up for use with LaTeX.

See the inputenc package documentation for explanation.
Type  H <return>  for immediate help.
 ...                                              
                                                  
l.3 ...Î¿Î½Î¿Ï…Ï‚ ÎµÏ€Î¹Ï„Î±Ï‡Ï…Î½Ï„Î­Ï‚. Î©ÏƒÏ„ÏŒ
                                                  ÏƒÎ¿, Î±Ï…Ï„ÏŒ Î³Î¹Î± Ï„Î¿...

You may provide a definition with
\DeclareUnicodeCharacter 


! Package inputenc Error: Unicode character Ïƒ (U+03C3)
(inputenc)                not set up for use with LaTeX.

See the inputenc package documentation for explanation.
Type  H <return>  for immediate help.
 ...                                              
                                                  
l.3 ...Î½Î¿Ï…Ï‚ ÎµÏ€Î¹Ï„Î±Ï‡Ï…Î½Ï„Î­Ï‚. Î©ÏƒÏ„ÏŒÏƒ
                                                  Î¿, Î±Ï…Ï„ÏŒ Î³Î¹Î± Ï„Î¿ Î...

You may provide a definition with
\DeclareUnicodeCharacter 


! Package inputenc Error: Unicode character Î¿ (U+03BF)
(inputenc)                not set up for use with LaTeX.

See the inputenc package documentation for explanation.
Type  H <return>  for immediate help.
 ...                                              
                                                  
l.3 ...Î¿Ï…Ï‚ ÎµÏ€Î¹Ï„Î±Ï‡Ï…Î½Ï„Î­Ï‚. Î©ÏƒÏ„ÏŒÏƒÎ¿
                                                  , Î±Ï…Ï„ÏŒ Î³Î¹Î± Ï„Î¿ Î¿Ï...

You may provide a definition with
\DeclareUnicodeCharacter 

Missing character: There is no , in font nullfont!

! Package inputenc Error: Unicode character Î± (U+03B1)
(inputenc)                not set up for use with LaTeX.

See the inputenc package documentation for explanation.
Type  H <return>  for immediate help.
 ...                                              
                                                  
l.3 ...Ï‚ ÎµÏ€Î¹Ï„Î±Ï‡Ï…Î½Ï„Î­Ï‚. Î©ÏƒÏ„ÏŒÏƒÎ¿, Î±
                                                  Ï…Ï„ÏŒ Î³Î¹Î± Ï„Î¿ Î¿Ï€Î¿Î...

You may provide a definition with
\DeclareUnicodeCharacter 


! Package inputenc Error: Unicode character Ï… (U+03C5)
(inputenc)                not set up for use with LaTeX.

See the inputenc package documentation for explanation.
Type  H <return>  for immediate help.
 ...                                              
                                                  
l.3 ... ÎµÏ€Î¹Ï„Î±Ï‡Ï…Î½Ï„Î­Ï‚. Î©ÏƒÏ„ÏŒÏƒÎ¿, Î±Ï…
                                                  Ï„ÏŒ Î³Î¹Î± Ï„Î¿ Î¿Ï€Î¿Î¯Î...

You may provide a definition with
\DeclareUnicodeCharacter 


! Package inputenc Error: Unicode character Ï„ (U+03C4)
(inputenc)                not set up for use with LaTeX.

See the inputenc package documentation for explanation.
Type  H <return>  for immediate help.
 ...                                              
                                                  
l.3 ...µÏ€Î¹Ï„Î±Ï‡Ï…Î½Ï„Î­Ï‚. Î©ÏƒÏ„ÏŒÏƒÎ¿, Î±Ï…Ï„
                                                  ÏŒ Î³Î¹Î± Ï„Î¿ Î¿Ï€Î¿Î¯Î¿ ...

You may provide a definition with
\DeclareUnicodeCharacter 


! Package inputenc Error: Unicode character ÏŒ (U+03CC)
(inputenc)                not set up for use with LaTeX.

See the inputenc package documentation for explanation.
Type  H <return>  for immediate help.
 ...                                              
                                                  
l.3 ...€Î¹Ï„Î±Ï‡Ï…Î½Ï„Î­Ï‚. Î©ÏƒÏ„ÏŒÏƒÎ¿, Î±Ï…Ï„ÏŒ
                                                   Î³Î¹Î± Ï„Î¿ Î¿Ï€Î¿Î¯Î¿ Îµ...

You may provide a definition with
\DeclareUnicodeCharacter 


! Package inputenc Error: Unicode character Î³ (U+03B3)
(inputenc)                not set up for use with LaTeX.

See the inputenc package documentation for explanation.
Type  H <return>  for immediate help.
 ...                                              
                                                  
l.3 ...Ï„Î±Ï‡Ï…Î½Ï„Î­Ï‚. Î©ÏƒÏ„ÏŒÏƒÎ¿, Î±Ï…Ï„ÏŒ Î³
                                                  Î¹Î± Ï„Î¿ Î¿Ï€Î¿Î¯Î¿ ÎµÎ¯Î...

You may provide a definition with
\DeclareUnicodeCharacter 


! Package inputenc Error: Unicode character Î¹ (U+03B9)
(inputenc)                not set up for use with LaTeX.

See the inputenc package documentation for explanation.
Type  H <return>  for immediate help.
 ...                                              
                                                  
l.3 ...Î±Ï‡Ï…Î½Ï„Î­Ï‚. Î©ÏƒÏ„ÏŒÏƒÎ¿, Î±Ï…Ï„ÏŒ Î³Î¹
                                                  Î± Ï„Î¿ Î¿Ï€Î¿Î¯Î¿ ÎµÎ¯Î½Î...

You may provide a definition with
\DeclareUnicodeCharacter 


! Package inputenc Error: Unicode character Î± (U+03B1)
(inputenc)                not set up for use with LaTeX.

See the inputenc package documentation for explanation.
Type  H <return>  for immediate help.
 ...                                              
                                                  
l.3 ...Ï‡Ï…Î½Ï„Î­Ï‚. Î©ÏƒÏ„ÏŒÏƒÎ¿, Î±Ï…Ï„ÏŒ Î³Î¹Î±
                                                   Ï„Î¿ Î¿Ï€Î¿Î¯Î¿ ÎµÎ¯Î½Î±Î...

You may provide a definition with
\DeclareUnicodeCharacter 


! Package inputenc Error: Unicode character Ï„ (U+03C4)
(inputenc)                not set up for use with LaTeX.

See the inputenc package documentation for explanation.
Type  H <return>  for immediate help.
 ...                                              
                                                  
l.3 ...…Î½Ï„Î­Ï‚. Î©ÏƒÏ„ÏŒÏƒÎ¿, Î±Ï…Ï„ÏŒ Î³Î¹Î± Ï„
                                                  Î¿ Î¿Ï€Î¿Î¯Î¿ ÎµÎ¯Î½Î±Î¹ Ï...

You may provide a definition with
\DeclareUnicodeCharacter 


! Package inputenc Error: Unicode character Î¿ (U+03BF)
(inputenc)                not set up for use with LaTeX.

See the inputenc package documentation for explanation.
Type  H <return>  for immediate help.
 ...                                              
                                                  
l.3 ...½Ï„Î­Ï‚. Î©ÏƒÏ„ÏŒÏƒÎ¿, Î±Ï…Ï„ÏŒ Î³Î¹Î± Ï„Î¿
                                                   Î¿Ï€Î¿Î¯Î¿ ÎµÎ¯Î½Î±Î¹ Ï‡Ï...

You may provide a definition with
\DeclareUnicodeCharacter 


! Package inputenc Error: Unicode character Î¿ (U+03BF)
(inputenc)                not set up for use with LaTeX.

See the inputenc package documentation for explanation.
Type  H <return>  for immediate help.
 ...                                              
                                                  
l.3 ...Î­Ï‚. Î©ÏƒÏ„ÏŒÏƒÎ¿, Î±Ï…Ï„ÏŒ Î³Î¹Î± Ï„Î¿ Î¿
                                                  Ï€Î¿Î¯Î¿ ÎµÎ¯Î½Î±Î¹ Ï‡ÏÎ®...

You may provide a definition with
\DeclareUnicodeCharacter 


! Package inputenc Error: Unicode character Ï€ (U+03C0)
(inputenc)                not set up for use with LaTeX.

See the inputenc package documentation for explanation.
Type  H <return>  for immediate help.
 ...                                              
                                                  
l.3 ...Ï‚. Î©ÏƒÏ„ÏŒÏƒÎ¿, Î±Ï…Ï„ÏŒ Î³Î¹Î± Ï„Î¿ Î¿Ï€
                                                  Î¿Î¯Î¿ ÎµÎ¯Î½Î±Î¹ Ï‡ÏÎ®Ïƒ...

You may provide a definition with
\DeclareUnicodeCharacter 


! Package inputenc Error: Unicode character Î¿ (U+03BF)
(inputenc)                not set up for use with LaTeX.

See the inputenc package documentation for explanation.
Type  H <return>  for immediate help.
 ...                                              
                                                  
l.3 .... Î©ÏƒÏ„ÏŒÏƒÎ¿, Î±Ï…Ï„ÏŒ Î³Î¹Î± Ï„Î¿ Î¿Ï€Î¿
                                                  Î¯Î¿ ÎµÎ¯Î½Î±Î¹ Ï‡ÏÎ®ÏƒÎ¹...

You may provide a definition with
\DeclareUnicodeCharacter 


! Package inputenc Error: Unicode character Î¯ (U+03AF)
(inputenc)                not set up for use with LaTeX.

See the inputenc package documentation for explanation.
Type  H <return>  for immediate help.
 ...                                              
                                                  
l.3 ...Î©ÏƒÏ„ÏŒÏƒÎ¿, Î±Ï…Ï„ÏŒ Î³Î¹Î± Ï„Î¿ Î¿Ï€Î¿Î¯
                                                  Î¿ ÎµÎ¯Î½Î±Î¹ Ï‡ÏÎ®ÏƒÎ¹Î¼...

You may provide a definition with
\DeclareUnicodeCharacter 


! Package inputenc Error: Unicode character Î¿ (U+03BF)
(inputenc)                not set up for use with LaTeX.

See the inputenc package documentation for explanation.
Type  H <return>  for immediate help.
 ...                                              
                                                  
l.3 ...ÏƒÏ„ÏŒÏƒÎ¿, Î±Ï…Ï„ÏŒ Î³Î¹Î± Ï„Î¿ Î¿Ï€Î¿Î¯Î¿
                                                   ÎµÎ¯Î½Î±Î¹ Ï‡ÏÎ®ÏƒÎ¹Î¼Î¿...
(That makes 100 errors; please try again.) 
Here is how much of TeX's memory you used:
 44 strings out of 480790
 1042 string characters out of 2904292
 238890 words of memory out of 3000000
 16155 multiletter control sequences out of 15000+200000
 532338 words of font info for 24 fonts, out of 3000000 for 9000
 1141 hyphenation exceptions out of 8191
 12i,0n,15p,874b,16s stack positions out of 5000i,500n,10000p,200000b,50000s

!  ==> Fatal error occurred, no output PDF file produced!
