This is pdfTeX, Version 3.141592653-2.6-1.40.24 (MiKTeX 22.10) (preloaded format=pdflatex 2022.11.23)  24 NOV 2022 11:30
entering extended mode
 restricted \write18 enabled.
 %&-line parsing enabled.
**./SSD.tex
(SSD.tex
LaTeX2e <2022-11-01>
L3 programming layer <2022-11-02>
! Undefined control sequence.
l.1 \section
            {Silicon Strip Detector (SSD)}
The control sequence at the end of the top line
of your error message was never \def'ed. If you have
misspelled it (e.g., `\hobx'), type `I' and the correct
spelling (e.g., `I\hbox'). Otherwise just continue,
and I'll forget about whatever was undefined.


! LaTeX Error: Missing \begin{document}.

See the LaTeX manual or LaTeX Companion for explanation.
Type  H <return>  for immediate help.
 ...                                              
                                                  
l.1 \section{S
              ilicon Strip Detector (SSD)}
You're in trouble here.  Try typing  <return>  to proceed.
If that doesn't work, type  X <return>  to quit.

Missing character: There is no S in font nullfont!
Missing character: There is no i in font nullfont!
Missing character: There is no l in font nullfont!
Missing character: There is no i in font nullfont!
Missing character: There is no c in font nullfont!
Missing character: There is no o in font nullfont!
Missing character: There is no n in font nullfont!
Missing character: There is no S in font nullfont!
Missing character: There is no t in font nullfont!
Missing character: There is no r in font nullfont!
Missing character: There is no i in font nullfont!
Missing character: There is no p in font nullfont!
Missing character: There is no D in font nullfont!
Missing character: There is no e in font nullfont!
Missing character: There is no t in font nullfont!
Missing character: There is no e in font nullfont!
Missing character: There is no c in font nullfont!
Missing character: There is no t in font nullfont!
Missing character: There is no o in font nullfont!
Missing character: There is no r in font nullfont!
Missing character: There is no ( in font nullfont!
Missing character: There is no S in font nullfont!
Missing character: There is no S in font nullfont!
Missing character: There is no D in font nullfont!
Missing character: There is no ) in font nullfont!

Overfull \hbox (20.0pt too wide) in paragraph at lines 1--2
[]
 []


! LaTeX Error: Missing \begin{document}.

See the LaTeX manual or LaTeX Companion for explanation.
Type  H <return>  for immediate help.
 ...                                              
                                                  
l.3 O
      Silicon Strip Detector Ï€ÏÏŒÎºÎµÎ¹Ï„Î±Î¹ Î³Î¹Î± Î­Î½Î± Ï„Î­Ï„Î±ÏÏ„Î¿...

You're in trouble here.  Try typing  <return>  to proceed.
If that doesn't work, type  X <return>  to quit.

Missing character: There is no O in font nullfont!
Missing character: There is no S in font nullfont!
Missing character: There is no i in font nullfont!
Missing character: There is no l in font nullfont!
Missing character: There is no i in font nullfont!
Missing character: There is no c in font nullfont!
Missing character: There is no o in font nullfont!
Missing character: There is no n in font nullfont!
Missing character: There is no S in font nullfont!
Missing character: There is no t in font nullfont!
Missing character: There is no r in font nullfont!
Missing character: There is no i in font nullfont!
Missing character: There is no p in font nullfont!
Missing character: There is no D in font nullfont!
Missing character: There is no e in font nullfont!
Missing character: There is no t in font nullfont!
Missing character: There is no e in font nullfont!
Missing character: There is no c in font nullfont!
Missing character: There is no t in font nullfont!
Missing character: There is no o in font nullfont!
Missing character: There is no r in font nullfont!

! LaTeX Error: Unicode character Ï€ (U+03C0)
               not set up for use with LaTeX.

See the LaTeX manual or LaTeX Companion for explanation.
Type  H <return>  for immediate help.
 ...                                              
                                                  
l.3 O Silicon Strip Detector Ï€
                               ÏÏŒÎºÎµÎ¹Ï„Î±Î¹ Î³Î¹Î± Î­Î½Î± Ï„Î­Ï„Î±ÏÏ„Î¿...

You may provide a definition with
\DeclareUnicodeCharacter 


! LaTeX Error: Unicode character Ï (U+03C1)
               not set up for use with LaTeX.

See the LaTeX manual or LaTeX Companion for explanation.
Type  H <return>  for immediate help.
 ...                                              
                                                  
l.3 O Silicon Strip Detector Ï€Ï
                                 ÏŒÎºÎµÎ¹Ï„Î±Î¹ Î³Î¹Î± Î­Î½Î± Ï„Î­Ï„Î±ÏÏ„Î¿...

You may provide a definition with
\DeclareUnicodeCharacter 


! LaTeX Error: Unicode character ÏŒ (U+03CC)
               not set up for use with LaTeX.

See the LaTeX manual or LaTeX Companion for explanation.
Type  H <return>  for immediate help.
 ...                                              
                                                  
l.3 O Silicon Strip Detector Ï€ÏÏŒ
                                   ÎºÎµÎ¹Ï„Î±Î¹ Î³Î¹Î± Î­Î½Î± Ï„Î­Ï„Î±ÏÏ„Î¿...

You may provide a definition with
\DeclareUnicodeCharacter 


! LaTeX Error: Unicode character Îº (U+03BA)
               not set up for use with LaTeX.

See the LaTeX manual or LaTeX Companion for explanation.
Type  H <return>  for immediate help.
 ...                                              
                                                  
l.3 O Silicon Strip Detector Ï€ÏÏŒÎº
                                     ÎµÎ¹Ï„Î±Î¹ Î³Î¹Î± Î­Î½Î± Ï„Î­Ï„Î±ÏÏ„Î¿...

You may provide a definition with
\DeclareUnicodeCharacter 


! LaTeX Error: Unicode character Îµ (U+03B5)
               not set up for use with LaTeX.

See the LaTeX manual or LaTeX Companion for explanation.
Type  H <return>  for immediate help.
 ...                                              
                                                  
l.3 O Silicon Strip Detector Ï€ÏÏŒÎºÎµ
                                       Î¹Ï„Î±Î¹ Î³Î¹Î± Î­Î½Î± Ï„Î­Ï„Î±ÏÏ„Î¿...

You may provide a definition with
\DeclareUnicodeCharacter 


! LaTeX Error: Unicode character Î¹ (U+03B9)
               not set up for use with LaTeX.

See the LaTeX manual or LaTeX Companion for explanation.
Type  H <return>  for immediate help.
 ...                                              
                                                  
l.3 O Silicon Strip Detector Ï€ÏÏŒÎºÎµÎ¹
                                         Ï„Î±Î¹ Î³Î¹Î± Î­Î½Î± Ï„Î­Ï„Î±ÏÏ„Î¿...

You may provide a definition with
\DeclareUnicodeCharacter 


! LaTeX Error: Unicode character Ï„ (U+03C4)
               not set up for use with LaTeX.

See the LaTeX manual or LaTeX Companion for explanation.
Type  H <return>  for immediate help.
 ...                                              
                                                  
l.3 O Silicon Strip Detector Ï€ÏÏŒÎºÎµÎ¹Ï„
                                           Î±Î¹ Î³Î¹Î± Î­Î½Î± Ï„Î­Ï„Î±ÏÏ„Î¿...

You may provide a definition with
\DeclareUnicodeCharacter 


! LaTeX Error: Unicode character Î± (U+03B1)
               not set up for use with LaTeX.

See the LaTeX manual or LaTeX Companion for explanation.
Type  H <return>  for immediate help.
 ...                                              
                                                  
l.3 O Silicon Strip Detector Ï€ÏÏŒÎºÎµÎ¹Ï„Î±
                                             Î¹ Î³Î¹Î± Î­Î½Î± Ï„Î­Ï„Î±ÏÏ„Î¿...

You may provide a definition with
\DeclareUnicodeCharacter 


! LaTeX Error: Unicode character Î¹ (U+03B9)
               not set up for use with LaTeX.

See the LaTeX manual or LaTeX Companion for explanation.
Type  H <return>  for immediate help.
 ...                                              
                                                  
l.3 O Silicon Strip Detector Ï€ÏÏŒÎºÎµÎ¹Ï„Î±Î¹
                                                Î³Î¹Î± Î­Î½Î± Ï„Î­Ï„Î±ÏÏ„Î¿...

You may provide a definition with
\DeclareUnicodeCharacter 


! LaTeX Error: Unicode character Î³ (U+03B3)
               not set up for use with LaTeX.

See the LaTeX manual or LaTeX Companion for explanation.
Type  H <return>  for immediate help.
 ...                                              
                                                  
l.3 O Silicon Strip Detector Ï€ÏÏŒÎºÎµÎ¹Ï„Î±Î¹ Î³
                                                  Î¹Î± Î­Î½Î± Ï„Î­Ï„Î±ÏÏ„Î¿...

You may provide a definition with
\DeclareUnicodeCharacter 


! LaTeX Error: Unicode character Î¹ (U+03B9)
               not set up for use with LaTeX.

See the LaTeX manual or LaTeX Companion for explanation.
Type  H <return>  for immediate help.
 ...                                              
                                                  
l.3 ...icon Strip Detector Ï€ÏÏŒÎºÎµÎ¹Ï„Î±Î¹ Î³Î¹
                                                  Î± Î­Î½Î± Ï„Î­Ï„Î±ÏÏ„Î¿ Ï...

You may provide a definition with
\DeclareUnicodeCharacter 


! LaTeX Error: Unicode character Î± (U+03B1)
               not set up for use with LaTeX.

See the LaTeX manual or LaTeX Companion for explanation.
Type  H <return>  for immediate help.
 ...                                              
                                                  
l.3 ...on Strip Detector Ï€ÏÏŒÎºÎµÎ¹Ï„Î±Î¹ Î³Î¹Î±
                                                   Î­Î½Î± Ï„Î­Ï„Î±ÏÏ„Î¿ ÏƒÏ...

You may provide a definition with
\DeclareUnicodeCharacter 


! LaTeX Error: Unicode character Î­ (U+03AD)
               not set up for use with LaTeX.

See the LaTeX manual or LaTeX Companion for explanation.
Type  H <return>  for immediate help.
 ...                                              
                                                  
l.3 ...Strip Detector Ï€ÏÏŒÎºÎµÎ¹Ï„Î±Î¹ Î³Î¹Î± Î­
                                                  Î½Î± Ï„Î­Ï„Î±ÏÏ„Î¿ ÏƒÏ„Ï...

You may provide a definition with
\DeclareUnicodeCharacter 


! LaTeX Error: Unicode character Î½ (U+03BD)
               not set up for use with LaTeX.

See the LaTeX manual or LaTeX Companion for explanation.
Type  H <return>  for immediate help.
 ...                                              
                                                  
l.3 ...rip Detector Ï€ÏÏŒÎºÎµÎ¹Ï„Î±Î¹ Î³Î¹Î± Î­Î½
                                                  Î± Ï„Î­Ï„Î±ÏÏ„Î¿ ÏƒÏ„ÏÏ...

You may provide a definition with
\DeclareUnicodeCharacter 


! LaTeX Error: Unicode character Î± (U+03B1)
               not set up for use with LaTeX.

See the LaTeX manual or LaTeX Companion for explanation.
Type  H <return>  for immediate help.
 ...                                              
                                                  
l.3 ...p Detector Ï€ÏÏŒÎºÎµÎ¹Ï„Î±Î¹ Î³Î¹Î± Î­Î½Î±
                                                   Ï„Î­Ï„Î±ÏÏ„Î¿ ÏƒÏ„ÏÏÎ¼...

You may provide a definition with
\DeclareUnicodeCharacter 


! LaTeX Error: Unicode character Ï„ (U+03C4)
               not set up for use with LaTeX.

See the LaTeX manual or LaTeX Companion for explanation.
Type  H <return>  for immediate help.
 ...                                              
                                                  
l.3 ...etector Ï€ÏÏŒÎºÎµÎ¹Ï„Î±Î¹ Î³Î¹Î± Î­Î½Î± Ï„
                                                  Î­Ï„Î±ÏÏ„Î¿ ÏƒÏ„ÏÏÎ¼Î± ...

You may provide a definition with
\DeclareUnicodeCharacter 


! LaTeX Error: Unicode character Î­ (U+03AD)
               not set up for use with LaTeX.

See the LaTeX manual or LaTeX Companion for explanation.
Type  H <return>  for immediate help.
 ...                                              
                                                  
l.3 ...ector Ï€ÏÏŒÎºÎµÎ¹Ï„Î±Î¹ Î³Î¹Î± Î­Î½Î± Ï„Î­
                                                  Ï„Î±ÏÏ„Î¿ ÏƒÏ„ÏÏÎ¼Î± Î±...

You may provide a definition with
\DeclareUnicodeCharacter 


! LaTeX Error: Unicode character Ï„ (U+03C4)
               not set up for use with LaTeX.

See the LaTeX manual or LaTeX Companion for explanation.
Type  H <return>  for immediate help.
 ...                                              
                                                  
l.3 ...tor Ï€ÏÏŒÎºÎµÎ¹Ï„Î±Î¹ Î³Î¹Î± Î­Î½Î± Ï„Î­Ï„
                                                  Î±ÏÏ„Î¿ ÏƒÏ„ÏÏÎ¼Î± Î±Î½...

You may provide a definition with
\DeclareUnicodeCharacter 


! LaTeX Error: Unicode character Î± (U+03B1)
               not set up for use with LaTeX.

See the LaTeX manual or LaTeX Companion for explanation.
Type  H <return>  for immediate help.
 ...                                              
                                                  
l.3 ...r Ï€ÏÏŒÎºÎµÎ¹Ï„Î±Î¹ Î³Î¹Î± Î­Î½Î± Ï„Î­Ï„Î±
                                                  ÏÏ„Î¿ ÏƒÏ„ÏÏÎ¼Î± Î±Î½Î¹...

You may provide a definition with
\DeclareUnicodeCharacter 


! LaTeX Error: Unicode character Ï (U+03C1)
               not set up for use with LaTeX.

See the LaTeX manual or LaTeX Companion for explanation.
Type  H <return>  for immediate help.
 ...                                              
                                                  
l.3 ...Ï€ÏÏŒÎºÎµÎ¹Ï„Î±Î¹ Î³Î¹Î± Î­Î½Î± Ï„Î­Ï„Î±Ï
                                                  Ï„Î¿ ÏƒÏ„ÏÏÎ¼Î± Î±Î½Î¹Ï‡...

You may provide a definition with
\DeclareUnicodeCharacter 


! LaTeX Error: Unicode character Ï„ (U+03C4)
               not set up for use with LaTeX.

See the LaTeX manual or LaTeX Companion for explanation.
Type  H <return>  for immediate help.
 ...                                              
                                                  
l.3 ...ÏÏŒÎºÎµÎ¹Ï„Î±Î¹ Î³Î¹Î± Î­Î½Î± Ï„Î­Ï„Î±ÏÏ„
                                                  Î¿ ÏƒÏ„ÏÏÎ¼Î± Î±Î½Î¹Ï‡Î½...

You may provide a definition with
\DeclareUnicodeCharacter 


! LaTeX Error: Unicode character Î¿ (U+03BF)
               not set up for use with LaTeX.

See the LaTeX manual or LaTeX Companion for explanation.
Type  H <return>  for immediate help.
 ...                                              
                                                  
l.3 ...ÏŒÎºÎµÎ¹Ï„Î±Î¹ Î³Î¹Î± Î­Î½Î± Ï„Î­Ï„Î±ÏÏ„Î¿
                                                   ÏƒÏ„ÏÏÎ¼Î± Î±Î½Î¹Ï‡Î½Îµ...

You may provide a definition with
\DeclareUnicodeCharacter 


! LaTeX Error: Unicode character Ïƒ (U+03C3)
               not set up for use with LaTeX.

See the LaTeX manual or LaTeX Companion for explanation.
Type  H <return>  for immediate help.
 ...                                              
                                                  
l.3 ...ºÎµÎ¹Ï„Î±Î¹ Î³Î¹Î± Î­Î½Î± Ï„Î­Ï„Î±ÏÏ„Î¿ Ïƒ
                                                  Ï„ÏÏÎ¼Î± Î±Î½Î¹Ï‡Î½ÎµÏ…Ï...

You may provide a definition with
\DeclareUnicodeCharacter 


! LaTeX Error: Unicode character Ï„ (U+03C4)
               not set up for use with LaTeX.

See the LaTeX manual or LaTeX Companion for explanation.
Type  H <return>  for immediate help.
 ...                                              
                                                  
l.3 ...µÎ¹Ï„Î±Î¹ Î³Î¹Î± Î­Î½Î± Ï„Î­Ï„Î±ÏÏ„Î¿ ÏƒÏ„
                                                  ÏÏÎ¼Î± Î±Î½Î¹Ï‡Î½ÎµÏ…Ï„Ï...

You may provide a definition with
\DeclareUnicodeCharacter 


! LaTeX Error: Unicode character Ï (U+03C1)
               not set up for use with LaTeX.

See the LaTeX manual or LaTeX Companion for explanation.
Type  H <return>  for immediate help.
 ...                                              
                                                  
l.3 ...¹Ï„Î±Î¹ Î³Î¹Î± Î­Î½Î± Ï„Î­Ï„Î±ÏÏ„Î¿ ÏƒÏ„Ï
                                                  ÏÎ¼Î± Î±Î½Î¹Ï‡Î½ÎµÏ…Ï„ÏÎ...

You may provide a definition with
\DeclareUnicodeCharacter 


! LaTeX Error: Unicode character Ï (U+03CE)
               not set up for use with LaTeX.

See the LaTeX manual or LaTeX Companion for explanation.
Type  H <return>  for immediate help.
 ...                                              
                                                  
l.3 ...„Î±Î¹ Î³Î¹Î± Î­Î½Î± Ï„Î­Ï„Î±ÏÏ„Î¿ ÏƒÏ„ÏÏ
                                                  Î¼Î± Î±Î½Î¹Ï‡Î½ÎµÏ…Ï„ÏÎ½ ...

You may provide a definition with
\DeclareUnicodeCharacter 


! LaTeX Error: Unicode character Î¼ (U+03BC)
               not set up for use with LaTeX.

See the LaTeX manual or LaTeX Companion for explanation.
Type  H <return>  for immediate help.
 ...                                              
                                                  
l.3 ...±Î¹ Î³Î¹Î± Î­Î½Î± Ï„Î­Ï„Î±ÏÏ„Î¿ ÏƒÏ„ÏÏÎ¼
                                                  Î± Î±Î½Î¹Ï‡Î½ÎµÏ…Ï„ÏÎ½ Ï€...

You may provide a definition with
\DeclareUnicodeCharacter 


! LaTeX Error: Unicode character Î± (U+03B1)
               not set up for use with LaTeX.

See the LaTeX manual or LaTeX Companion for explanation.
Type  H <return>  for immediate help.
 ...                                              
                                                  
l.3 ...¹ Î³Î¹Î± Î­Î½Î± Ï„Î­Ï„Î±ÏÏ„Î¿ ÏƒÏ„ÏÏÎ¼Î±
                                                   Î±Î½Î¹Ï‡Î½ÎµÏ…Ï„ÏÎ½ Ï€Î¿...

You may provide a definition with
\DeclareUnicodeCharacter 


! LaTeX Error: Unicode character Î± (U+03B1)
               not set up for use with LaTeX.

See the LaTeX manual or LaTeX Companion for explanation.
Type  H <return>  for immediate help.
 ...                                              
                                                  
l.3 ...³Î¹Î± Î­Î½Î± Ï„Î­Ï„Î±ÏÏ„Î¿ ÏƒÏ„ÏÏÎ¼Î± Î±
                                                  Î½Î¹Ï‡Î½ÎµÏ…Ï„ÏÎ½ Ï€Î¿Ï… ...

You may provide a definition with
\DeclareUnicodeCharacter 


! LaTeX Error: Unicode character Î½ (U+03BD)
               not set up for use with LaTeX.

See the LaTeX manual or LaTeX Companion for explanation.
Type  H <return>  for immediate help.
 ...                                              
                                                  
l.3 ...¹Î± Î­Î½Î± Ï„Î­Ï„Î±ÏÏ„Î¿ ÏƒÏ„ÏÏÎ¼Î± Î±Î½
                                                  Î¹Ï‡Î½ÎµÏ…Ï„ÏÎ½ Ï€Î¿Ï… Ïƒ...

You may provide a definition with
\DeclareUnicodeCharacter 


! LaTeX Error: Unicode character Î¹ (U+03B9)
               not set up for use with LaTeX.

See the LaTeX manual or LaTeX Companion for explanation.
Type  H <return>  for immediate help.
 ...                                              
                                                  
l.3 ...± Î­Î½Î± Ï„Î­Ï„Î±ÏÏ„Î¿ ÏƒÏ„ÏÏÎ¼Î± Î±Î½Î¹
                                                  Ï‡Î½ÎµÏ…Ï„ÏÎ½ Ï€Î¿Ï… ÏƒÏ…...

You may provide a definition with
\DeclareUnicodeCharacter 


! LaTeX Error: Unicode character Ï‡ (U+03C7)
               not set up for use with LaTeX.

See the LaTeX manual or LaTeX Companion for explanation.
Type  H <return>  for immediate help.
 ...                                              
                                                  
l.3 ...Î­Î½Î± Ï„Î­Ï„Î±ÏÏ„Î¿ ÏƒÏ„ÏÏÎ¼Î± Î±Î½Î¹Ï‡
                                                  Î½ÎµÏ…Ï„ÏÎ½ Ï€Î¿Ï… ÏƒÏ…Î¼...

You may provide a definition with
\DeclareUnicodeCharacter 


! LaTeX Error: Unicode character Î½ (U+03BD)
               not set up for use with LaTeX.

See the LaTeX manual or LaTeX Companion for explanation.
Type  H <return>  for immediate help.
 ...                                              
                                                  
l.3 ...Î½Î± Ï„Î­Ï„Î±ÏÏ„Î¿ ÏƒÏ„ÏÏÎ¼Î± Î±Î½Î¹Ï‡Î½
                                                  ÎµÏ…Ï„ÏÎ½ Ï€Î¿Ï… ÏƒÏ…Î¼Ï€...

You may provide a definition with
\DeclareUnicodeCharacter 


! LaTeX Error: Unicode character Îµ (U+03B5)
               not set up for use with LaTeX.

See the LaTeX manual or LaTeX Companion for explanation.
Type  H <return>  for immediate help.
 ...                                              
                                                  
l.3 ...Î± Ï„Î­Ï„Î±ÏÏ„Î¿ ÏƒÏ„ÏÏÎ¼Î± Î±Î½Î¹Ï‡Î½Îµ
                                                  Ï…Ï„ÏÎ½ Ï€Î¿Ï… ÏƒÏ…Î¼Ï€Î»...

You may provide a definition with
\DeclareUnicodeCharacter 


! LaTeX Error: Unicode character Ï… (U+03C5)
               not set up for use with LaTeX.

See the LaTeX manual or LaTeX Companion for explanation.
Type  H <return>  for immediate help.
 ...                                              
                                                  
l.3 ... Ï„Î­Ï„Î±ÏÏ„Î¿ ÏƒÏ„ÏÏÎ¼Î± Î±Î½Î¹Ï‡Î½ÎµÏ…
                                                  Ï„ÏÎ½ Ï€Î¿Ï… ÏƒÏ…Î¼Ï€Î»Î·...

You may provide a definition with
\DeclareUnicodeCharacter 


! LaTeX Error: Unicode character Ï„ (U+03C4)
               not set up for use with LaTeX.

See the LaTeX manual or LaTeX Companion for explanation.
Type  H <return>  for immediate help.
 ...                                              
                                                  
l.3 ...„Î­Ï„Î±ÏÏ„Î¿ ÏƒÏ„ÏÏÎ¼Î± Î±Î½Î¹Ï‡Î½ÎµÏ…Ï„
                                                  ÏÎ½ Ï€Î¿Ï… ÏƒÏ…Î¼Ï€Î»Î·Ï...

You may provide a definition with
\DeclareUnicodeCharacter 


! LaTeX Error: Unicode character Ï (U+03CE)
               not set up for use with LaTeX.

See the LaTeX manual or LaTeX Companion for explanation.
Type  H <return>  for immediate help.
 ...                                              
                                                  
l.3 ...­Ï„Î±ÏÏ„Î¿ ÏƒÏ„ÏÏÎ¼Î± Î±Î½Î¹Ï‡Î½ÎµÏ…Ï„Ï
                                                  Î½ Ï€Î¿Ï… ÏƒÏ…Î¼Ï€Î»Î·ÏÏ...

You may provide a definition with
\DeclareUnicodeCharacter 


! LaTeX Error: Unicode character Î½ (U+03BD)
               not set up for use with LaTeX.

See the LaTeX manual or LaTeX Companion for explanation.
Type  H <return>  for immediate help.
 ...                                              
                                                  
l.3 ...„Î±ÏÏ„Î¿ ÏƒÏ„ÏÏÎ¼Î± Î±Î½Î¹Ï‡Î½ÎµÏ…Ï„ÏÎ½
                                                   Ï€Î¿Ï… ÏƒÏ…Î¼Ï€Î»Î·ÏÏÎ½...

You may provide a definition with
\DeclareUnicodeCharacter 


! LaTeX Error: Unicode character Ï€ (U+03C0)
               not set up for use with LaTeX.

See the LaTeX manual or LaTeX Companion for explanation.
Type  H <return>  for immediate help.
 ...                                              
                                                  
l.3 ...ÏÏ„Î¿ ÏƒÏ„ÏÏÎ¼Î± Î±Î½Î¹Ï‡Î½ÎµÏ…Ï„ÏÎ½ Ï€
                                                  Î¿Ï… ÏƒÏ…Î¼Ï€Î»Î·ÏÏÎ½Î¿Ï...

You may provide a definition with
\DeclareUnicodeCharacter 


! LaTeX Error: Unicode character Î¿ (U+03BF)
               not set up for use with LaTeX.

See the LaTeX manual or LaTeX Companion for explanation.
Type  H <return>  for immediate help.
 ...                                              
                                                  
l.3 ...Ï„Î¿ ÏƒÏ„ÏÏÎ¼Î± Î±Î½Î¹Ï‡Î½ÎµÏ…Ï„ÏÎ½ Ï€Î¿
                                                  Ï… ÏƒÏ…Î¼Ï€Î»Î·ÏÏÎ½Î¿Ï…Î...

You may provide a definition with
\DeclareUnicodeCharacter 


! LaTeX Error: Unicode character Ï… (U+03C5)
               not set up for use with LaTeX.

See the LaTeX manual or LaTeX Companion for explanation.
Type  H <return>  for immediate help.
 ...                                              
                                                  
l.3 ...Î¿ ÏƒÏ„ÏÏÎ¼Î± Î±Î½Î¹Ï‡Î½ÎµÏ…Ï„ÏÎ½ Ï€Î¿Ï…
                                                   ÏƒÏ…Î¼Ï€Î»Î·ÏÏÎ½Î¿Ï…Î½ ...

You may provide a definition with
\DeclareUnicodeCharacter 


! LaTeX Error: Unicode character Ïƒ (U+03C3)
               not set up for use with LaTeX.

See the LaTeX manual or LaTeX Companion for explanation.
Type  H <return>  for immediate help.
 ...                                              
                                                  
l.3 ...ÏƒÏ„ÏÏÎ¼Î± Î±Î½Î¹Ï‡Î½ÎµÏ…Ï„ÏÎ½ Ï€Î¿Ï… Ïƒ
                                                  Ï…Î¼Ï€Î»Î·ÏÏÎ½Î¿Ï…Î½ Ï„Î...

You may provide a definition with
\DeclareUnicodeCharacter 


! LaTeX Error: Unicode character Ï… (U+03C5)
               not set up for use with LaTeX.

See the LaTeX manual or LaTeX Companion for explanation.
Type  H <return>  for immediate help.
 ...                                              
                                                  
l.3 ...Ï„ÏÏÎ¼Î± Î±Î½Î¹Ï‡Î½ÎµÏ…Ï„ÏÎ½ Ï€Î¿Ï… ÏƒÏ…
                                                  Î¼Ï€Î»Î·ÏÏÎ½Î¿Ï…Î½ Ï„Î± ...

You may provide a definition with
\DeclareUnicodeCharacter 


! LaTeX Error: Unicode character Î¼ (U+03BC)
               not set up for use with LaTeX.

See the LaTeX manual or LaTeX Companion for explanation.
Type  H <return>  for immediate help.
 ...                                              
                                                  
l.3 ...ÏÏÎ¼Î± Î±Î½Î¹Ï‡Î½ÎµÏ…Ï„ÏÎ½ Ï€Î¿Ï… ÏƒÏ…Î¼
                                                  Ï€Î»Î·ÏÏÎ½Î¿Ï…Î½ Ï„Î± Ï„...

You may provide a definition with
\DeclareUnicodeCharacter 


! LaTeX Error: Unicode character Ï€ (U+03C0)
               not set up for use with LaTeX.

See the LaTeX manual or LaTeX Companion for explanation.
Type  H <return>  for immediate help.
 ...                                              
                                                  
l.3 ...ÏÎ¼Î± Î±Î½Î¹Ï‡Î½ÎµÏ…Ï„ÏÎ½ Ï€Î¿Ï… ÏƒÏ…Î¼Ï€
                                                  Î»Î·ÏÏÎ½Î¿Ï…Î½ Ï„Î± Ï„Ï...

You may provide a definition with
\DeclareUnicodeCharacter 


! LaTeX Error: Unicode character Î» (U+03BB)
               not set up for use with LaTeX.

See the LaTeX manual or LaTeX Companion for explanation.
Type  H <return>  for immediate help.
 ...                                              
                                                  
l.3 ...Î¼Î± Î±Î½Î¹Ï‡Î½ÎµÏ…Ï„ÏÎ½ Ï€Î¿Ï… ÏƒÏ…Î¼Ï€Î»
                                                  Î·ÏÏÎ½Î¿Ï…Î½ Ï„Î± Ï„ÏÎ¹...

You may provide a definition with
\DeclareUnicodeCharacter 


! LaTeX Error: Unicode character Î· (U+03B7)
               not set up for use with LaTeX.

See the LaTeX manual or LaTeX Companion for explanation.
Type  H <return>  for immediate help.
 ...                                              
                                                  
l.3 ...Î± Î±Î½Î¹Ï‡Î½ÎµÏ…Ï„ÏÎ½ Ï€Î¿Ï… ÏƒÏ…Î¼Ï€Î»Î·
                                                  ÏÏÎ½Î¿Ï…Î½ Ï„Î± Ï„ÏÎ¹Î±...

You may provide a definition with
\DeclareUnicodeCharacter 


! LaTeX Error: Unicode character Ï (U+03C1)
               not set up for use with LaTeX.

See the LaTeX manual or LaTeX Companion for explanation.
Type  H <return>  for immediate help.
 ...                                              
                                                  
l.3 ... Î±Î½Î¹Ï‡Î½ÎµÏ…Ï„ÏÎ½ Ï€Î¿Ï… ÏƒÏ…Î¼Ï€Î»Î·Ï
                                                  ÏÎ½Î¿Ï…Î½ Ï„Î± Ï„ÏÎ¹Î± Ï...

You may provide a definition with
\DeclareUnicodeCharacter 


! LaTeX Error: Unicode character Ï (U+03CE)
               not set up for use with LaTeX.

See the LaTeX manual or LaTeX Companion for explanation.
Type  H <return>  for immediate help.
 ...                                              
                                                  
l.3 ...±Î½Î¹Ï‡Î½ÎµÏ…Ï„ÏÎ½ Ï€Î¿Ï… ÏƒÏ…Î¼Ï€Î»Î·ÏÏ
                                                  Î½Î¿Ï…Î½ Ï„Î± Ï„ÏÎ¹Î± Ï„Î...

You may provide a definition with
\DeclareUnicodeCharacter 


! LaTeX Error: Unicode character Î½ (U+03BD)
               not set up for use with LaTeX.

See the LaTeX manual or LaTeX Companion for explanation.
Type  H <return>  for immediate help.
 ...                                              
                                                  
l.3 ...½Î¹Ï‡Î½ÎµÏ…Ï„ÏÎ½ Ï€Î¿Ï… ÏƒÏ…Î¼Ï€Î»Î·ÏÏÎ½
                                                  Î¿Ï…Î½ Ï„Î± Ï„ÏÎ¹Î± Ï„Î¿Ï...

You may provide a definition with
\DeclareUnicodeCharacter 


! LaTeX Error: Unicode character Î¿ (U+03BF)
               not set up for use with LaTeX.

See the LaTeX manual or LaTeX Companion for explanation.
Type  H <return>  for immediate help.
 ...                                              
                                                  
l.3 ...¹Ï‡Î½ÎµÏ…Ï„ÏÎ½ Ï€Î¿Ï… ÏƒÏ…Î¼Ï€Î»Î·ÏÏÎ½Î¿
                                                  Ï…Î½ Ï„Î± Ï„ÏÎ¹Î± Ï„Î¿Ï… ...

You may provide a definition with
\DeclareUnicodeCharacter 


! LaTeX Error: Unicode character Ï… (U+03C5)
               not set up for use with LaTeX.

See the LaTeX manual or LaTeX Companion for explanation.
Type  H <return>  for immediate help.
 ...                                              
                                                  
l.3 ...‡Î½ÎµÏ…Ï„ÏÎ½ Ï€Î¿Ï… ÏƒÏ…Î¼Ï€Î»Î·ÏÏÎ½Î¿Ï…
                                                  Î½ Ï„Î± Ï„ÏÎ¹Î± Ï„Î¿Ï… SV...

You may provide a definition with
\DeclareUnicodeCharacter 


! LaTeX Error: Unicode character Î½ (U+03BD)
               not set up for use with LaTeX.

See the LaTeX manual or LaTeX Companion for explanation.
Type  H <return>  for immediate help.
 ...                                              
                                                  
l.3 ...½ÎµÏ…Ï„ÏÎ½ Ï€Î¿Ï… ÏƒÏ…Î¼Ï€Î»Î·ÏÏÎ½Î¿Ï…Î½
                                                   Ï„Î± Ï„ÏÎ¹Î± Ï„Î¿Ï… SVT ...

You may provide a definition with
\DeclareUnicodeCharacter 


! LaTeX Error: Unicode character Ï„ (U+03C4)
               not set up for use with LaTeX.

See the LaTeX manual or LaTeX Companion for explanation.
Type  H <return>  for immediate help.
 ...                                              
                                                  
l.3 ...Ï…Ï„ÏÎ½ Ï€Î¿Ï… ÏƒÏ…Î¼Ï€Î»Î·ÏÏÎ½Î¿Ï…Î½ Ï„
                                                  Î± Ï„ÏÎ¹Î± Ï„Î¿Ï… SVT Ï†Ï...

You may provide a definition with
\DeclareUnicodeCharacter 


! LaTeX Error: Unicode character Î± (U+03B1)
               not set up for use with LaTeX.

See the LaTeX manual or LaTeX Companion for explanation.
Type  H <return>  for immediate help.
 ...                                              
                                                  
l.3 ...Ï„ÏÎ½ Ï€Î¿Ï… ÏƒÏ…Î¼Ï€Î»Î·ÏÏÎ½Î¿Ï…Î½ Ï„Î±
                                                   Ï„ÏÎ¹Î± Ï„Î¿Ï… SVT Ï†Ï„Î...

You may provide a definition with
\DeclareUnicodeCharacter 


! LaTeX Error: Unicode character Ï„ (U+03C4)
               not set up for use with LaTeX.

See the LaTeX manual or LaTeX Companion for explanation.
Type  H <return>  for immediate help.
 ...                                              
                                                  
l.3 ...Î½ Ï€Î¿Ï… ÏƒÏ…Î¼Ï€Î»Î·ÏÏÎ½Î¿Ï…Î½ Ï„Î± Ï„
                                                  ÏÎ¹Î± Ï„Î¿Ï… SVT Ï†Ï„Î¹Î¬...

You may provide a definition with
\DeclareUnicodeCharacter 


! LaTeX Error: Unicode character Ï (U+03C1)
               not set up for use with LaTeX.

See the LaTeX manual or LaTeX Companion for explanation.
Type  H <return>  for immediate help.
 ...                                              
                                                  
l.3 ...½ Ï€Î¿Ï… ÏƒÏ…Î¼Ï€Î»Î·ÏÏÎ½Î¿Ï…Î½ Ï„Î± Ï„Ï
                                                  Î¹Î± Ï„Î¿Ï… SVT Ï†Ï„Î¹Î¬Ï‡...

You may provide a definition with
\DeclareUnicodeCharacter 


! LaTeX Error: Unicode character Î¹ (U+03B9)
               not set up for use with LaTeX.

See the LaTeX manual or LaTeX Companion for explanation.
Type  H <return>  for immediate help.
 ...                                              
                                                  
l.3 ...Ï€Î¿Ï… ÏƒÏ…Î¼Ï€Î»Î·ÏÏÎ½Î¿Ï…Î½ Ï„Î± Ï„ÏÎ¹
                                                  Î± Ï„Î¿Ï… SVT Ï†Ï„Î¹Î¬Ï‡Î½...

You may provide a definition with
\DeclareUnicodeCharacter 


! LaTeX Error: Unicode character Î± (U+03B1)
               not set up for use with LaTeX.

See the LaTeX manual or LaTeX Companion for explanation.
Type  H <return>  for immediate help.
 ...                                              
                                                  
l.3 ...Î¿Ï… ÏƒÏ…Î¼Ï€Î»Î·ÏÏÎ½Î¿Ï…Î½ Ï„Î± Ï„ÏÎ¹Î±
                                                   Ï„Î¿Ï… SVT Ï†Ï„Î¹Î¬Ï‡Î½Î¿...

You may provide a definition with
\DeclareUnicodeCharacter 


! LaTeX Error: Unicode character Ï„ (U+03C4)
               not set up for use with LaTeX.

See the LaTeX manual or LaTeX Companion for explanation.
Type  H <return>  for immediate help.
 ...                                              
                                                  
l.3 ...… ÏƒÏ…Î¼Ï€Î»Î·ÏÏÎ½Î¿Ï…Î½ Ï„Î± Ï„ÏÎ¹Î± Ï„
                                                  Î¿Ï… SVT Ï†Ï„Î¹Î¬Ï‡Î½Î¿Î½Ï...

You may provide a definition with
\DeclareUnicodeCharacter 


! LaTeX Error: Unicode character Î¿ (U+03BF)
               not set up for use with LaTeX.

See the LaTeX manual or LaTeX Companion for explanation.
Type  H <return>  for immediate help.
 ...                                              
                                                  
l.3 ...ÏƒÏ…Î¼Ï€Î»Î·ÏÏÎ½Î¿Ï…Î½ Ï„Î± Ï„ÏÎ¹Î± Ï„Î¿
                                                  Ï… SVT Ï†Ï„Î¹Î¬Ï‡Î½Î¿Î½Ï„Î...

You may provide a definition with
\DeclareUnicodeCharacter 


! LaTeX Error: Unicode character Ï… (U+03C5)
               not set up for use with LaTeX.

See the LaTeX manual or LaTeX Companion for explanation.
Type  H <return>  for immediate help.
 ...                                              
                                                  
l.3 ...Ï…Î¼Ï€Î»Î·ÏÏÎ½Î¿Ï…Î½ Ï„Î± Ï„ÏÎ¹Î± Ï„Î¿Ï…
                                                   SVT Ï†Ï„Î¹Î¬Ï‡Î½Î¿Î½Ï„Î±Ï...

You may provide a definition with
\DeclareUnicodeCharacter 

Missing character: There is no S in font nullfont!
Missing character: There is no V in font nullfont!
Missing character: There is no T in font nullfont!

! LaTeX Error: Unicode character Ï† (U+03C6)
               not set up for use with LaTeX.

See the LaTeX manual or LaTeX Companion for explanation.
Type  H <return>  for immediate help.
 ...                                              
                                                  
l.3 ...»Î·ÏÏÎ½Î¿Ï…Î½ Ï„Î± Ï„ÏÎ¹Î± Ï„Î¿Ï… SVT Ï†
                                                  Ï„Î¹Î¬Ï‡Î½Î¿Î½Ï„Î±Ï‚ Î­Ï„Ï...

You may provide a definition with
\DeclareUnicodeCharacter 


! LaTeX Error: Unicode character Ï„ (U+03C4)
               not set up for use with LaTeX.

See the LaTeX manual or LaTeX Companion for explanation.
Type  H <return>  for immediate help.
 ...                                              
                                                  
l.3 ...·ÏÏÎ½Î¿Ï…Î½ Ï„Î± Ï„ÏÎ¹Î± Ï„Î¿Ï… SVT Ï†Ï„
                                                  Î¹Î¬Ï‡Î½Î¿Î½Ï„Î±Ï‚ Î­Ï„ÏƒÎ...

You may provide a definition with
\DeclareUnicodeCharacter 


! LaTeX Error: Unicode character Î¹ (U+03B9)
               not set up for use with LaTeX.

See the LaTeX manual or LaTeX Companion for explanation.
Type  H <return>  for immediate help.
 ...                                              
                                                  
l.3 ...ÏÎ½Î¿Ï…Î½ Ï„Î± Ï„ÏÎ¹Î± Ï„Î¿Ï… SVT Ï†Ï„Î¹
                                                  Î¬Ï‡Î½Î¿Î½Ï„Î±Ï‚ Î­Ï„ÏƒÎ¹ ...

You may provide a definition with
\DeclareUnicodeCharacter 


! LaTeX Error: Unicode character Î¬ (U+03AC)
               not set up for use with LaTeX.

See the LaTeX manual or LaTeX Companion for explanation.
Type  H <return>  for immediate help.
 ...                                              
                                                  
l.3 ...Î½Î¿Ï…Î½ Ï„Î± Ï„ÏÎ¹Î± Ï„Î¿Ï… SVT Ï†Ï„Î¹Î¬
                                                  Ï‡Î½Î¿Î½Ï„Î±Ï‚ Î­Ï„ÏƒÎ¹ Î­...

You may provide a definition with
\DeclareUnicodeCharacter 


! LaTeX Error: Unicode character Ï‡ (U+03C7)
               not set up for use with LaTeX.

See the LaTeX manual or LaTeX Companion for explanation.
Type  H <return>  for immediate help.
 ...                                              
                                                  
l.3 ...½Î¿Ï…Î½ Ï„Î± Ï„ÏÎ¹Î± Ï„Î¿Ï… SVT Ï†Ï„Î¹Î¬Ï‡
                                                  Î½Î¿Î½Ï„Î±Ï‚ Î­Ï„ÏƒÎ¹ Î­Î½...

You may provide a definition with
\DeclareUnicodeCharacter 


! LaTeX Error: Unicode character Î½ (U+03BD)
               not set up for use with LaTeX.

See the LaTeX manual or LaTeX Companion for explanation.
Type  H <return>  for immediate help.
 ...                                              
                                                  
l.3 ...¿Ï…Î½ Ï„Î± Ï„ÏÎ¹Î± Ï„Î¿Ï… SVT Ï†Ï„Î¹Î¬Ï‡Î½
                                                  Î¿Î½Ï„Î±Ï‚ Î­Ï„ÏƒÎ¹ Î­Î½Î±...

You may provide a definition with
\DeclareUnicodeCharacter 


! LaTeX Error: Unicode character Î¿ (U+03BF)
               not set up for use with LaTeX.

See the LaTeX manual or LaTeX Companion for explanation.
Type  H <return>  for immediate help.
 ...                                              
                                                  
l.3 ...…Î½ Ï„Î± Ï„ÏÎ¹Î± Ï„Î¿Ï… SVT Ï†Ï„Î¹Î¬Ï‡Î½Î¿
                                                  Î½Ï„Î±Ï‚ Î­Ï„ÏƒÎ¹ Î­Î½Î± Ï...

You may provide a definition with
\DeclareUnicodeCharacter 


! LaTeX Error: Unicode character Î½ (U+03BD)
               not set up for use with LaTeX.

See the LaTeX manual or LaTeX Companion for explanation.
Type  H <return>  for immediate help.
 ...                                              
                                                  
l.3 ...½ Ï„Î± Ï„ÏÎ¹Î± Ï„Î¿Ï… SVT Ï†Ï„Î¹Î¬Ï‡Î½Î¿Î½
                                                  Ï„Î±Ï‚ Î­Ï„ÏƒÎ¹ Î­Î½Î± ÏƒÏ...

You may provide a definition with
\DeclareUnicodeCharacter 


! LaTeX Error: Unicode character Ï„ (U+03C4)
               not set up for use with LaTeX.

See the LaTeX manual or LaTeX Companion for explanation.
Type  H <return>  for immediate help.
 ...                                              
                                                  
l.3 ...Ï„Î± Ï„ÏÎ¹Î± Ï„Î¿Ï… SVT Ï†Ï„Î¹Î¬Ï‡Î½Î¿Î½Ï„
                                                  Î±Ï‚ Î­Ï„ÏƒÎ¹ Î­Î½Î± ÏƒÏÏ...

You may provide a definition with
\DeclareUnicodeCharacter 


! LaTeX Error: Unicode character Î± (U+03B1)
               not set up for use with LaTeX.

See the LaTeX manual or LaTeX Companion for explanation.
Type  H <return>  for immediate help.
 ...                                              
                                                  
l.3 ...Î± Ï„ÏÎ¹Î± Ï„Î¿Ï… SVT Ï†Ï„Î¹Î¬Ï‡Î½Î¿Î½Ï„Î±
                                                  Ï‚ Î­Ï„ÏƒÎ¹ Î­Î½Î± ÏƒÏÏƒÏ...

You may provide a definition with
\DeclareUnicodeCharacter 


! LaTeX Error: Unicode character Ï‚ (U+03C2)
               not set up for use with LaTeX.

See the LaTeX manual or LaTeX Companion for explanation.
Type  H <return>  for immediate help.
 ...                                              
                                                  
l.3 ... Ï„ÏÎ¹Î± Ï„Î¿Ï… SVT Ï†Ï„Î¹Î¬Ï‡Î½Î¿Î½Ï„Î±Ï‚
                                                   Î­Ï„ÏƒÎ¹ Î­Î½Î± ÏƒÏÏƒÏ„Î...

You may provide a definition with
\DeclareUnicodeCharacter 


! LaTeX Error: Unicode character Î­ (U+03AD)
               not set up for use with LaTeX.

See the LaTeX manual or LaTeX Companion for explanation.
Type  H <return>  for immediate help.
 ...                                              
                                                  
l.3 ...ÏÎ¹Î± Ï„Î¿Ï… SVT Ï†Ï„Î¹Î¬Ï‡Î½Î¿Î½Ï„Î±Ï‚ Î­
                                                  Ï„ÏƒÎ¹ Î­Î½Î± ÏƒÏÏƒÏ„Î·Î¼...

You may provide a definition with
\DeclareUnicodeCharacter 


! LaTeX Error: Unicode character Ï„ (U+03C4)
               not set up for use with LaTeX.

See the LaTeX manual or LaTeX Companion for explanation.
Type  H <return>  for immediate help.
 ...                                              
                                                  
l.3 ...Î¹Î± Ï„Î¿Ï… SVT Ï†Ï„Î¹Î¬Ï‡Î½Î¿Î½Ï„Î±Ï‚ Î­Ï„
                                                  ÏƒÎ¹ Î­Î½Î± ÏƒÏÏƒÏ„Î·Î¼Î±...

You may provide a definition with
\DeclareUnicodeCharacter 


! LaTeX Error: Unicode character Ïƒ (U+03C3)
               not set up for use with LaTeX.

See the LaTeX manual or LaTeX Companion for explanation.
Type  H <return>  for immediate help.
 ...                                              
                                                  
l.3 ...Î± Ï„Î¿Ï… SVT Ï†Ï„Î¹Î¬Ï‡Î½Î¿Î½Ï„Î±Ï‚ Î­Ï„Ïƒ
                                                  Î¹ Î­Î½Î± ÏƒÏÏƒÏ„Î·Î¼Î± Î...

You may provide a definition with
\DeclareUnicodeCharacter 


! LaTeX Error: Unicode character Î¹ (U+03B9)
               not set up for use with LaTeX.

See the LaTeX manual or LaTeX Companion for explanation.
Type  H <return>  for immediate help.
 ...                                              
                                                  
l.3 ... Ï„Î¿Ï… SVT Ï†Ï„Î¹Î¬Ï‡Î½Î¿Î½Ï„Î±Ï‚ Î­Ï„ÏƒÎ¹
                                                   Î­Î½Î± ÏƒÏÏƒÏ„Î·Î¼Î± Î¹Ï...

You may provide a definition with
\DeclareUnicodeCharacter 


! LaTeX Error: Unicode character Î­ (U+03AD)
               not set up for use with LaTeX.

See the LaTeX manual or LaTeX Companion for explanation.
Type  H <return>  for immediate help.
 ...                                              
                                                  
l.3 ...Î¿Ï… SVT Ï†Ï„Î¹Î¬Ï‡Î½Î¿Î½Ï„Î±Ï‚ Î­Ï„ÏƒÎ¹ Î­
                                                  Î½Î± ÏƒÏÏƒÏ„Î·Î¼Î± Î¹Ï‡Î½...

You may provide a definition with
\DeclareUnicodeCharacter 


! LaTeX Error: Unicode character Î½ (U+03BD)
               not set up for use with LaTeX.

See the LaTeX manual or LaTeX Companion for explanation.
Type  H <return>  for immediate help.
 ...                                              
                                                  
l.3 ...Ï… SVT Ï†Ï„Î¹Î¬Ï‡Î½Î¿Î½Ï„Î±Ï‚ Î­Ï„ÏƒÎ¹ Î­Î½
                                                  Î± ÏƒÏÏƒÏ„Î·Î¼Î± Î¹Ï‡Î½Î·...

You may provide a definition with
\DeclareUnicodeCharacter 


! LaTeX Error: Unicode character Î± (U+03B1)
               not set up for use with LaTeX.

See the LaTeX manual or LaTeX Companion for explanation.
Type  H <return>  for immediate help.
 ...                                              
                                                  
l.3 ... SVT Ï†Ï„Î¹Î¬Ï‡Î½Î¿Î½Ï„Î±Ï‚ Î­Ï„ÏƒÎ¹ Î­Î½Î±
                                                   ÏƒÏÏƒÏ„Î·Î¼Î± Î¹Ï‡Î½Î·Î»...

You may provide a definition with
\DeclareUnicodeCharacter 


! LaTeX Error: Unicode character Ïƒ (U+03C3)
               not set up for use with LaTeX.

See the LaTeX manual or LaTeX Companion for explanation.
Type  H <return>  for immediate help.
 ...                                              
                                                  
l.3 ...T Ï†Ï„Î¹Î¬Ï‡Î½Î¿Î½Ï„Î±Ï‚ Î­Ï„ÏƒÎ¹ Î­Î½Î± Ïƒ
                                                  ÏÏƒÏ„Î·Î¼Î± Î¹Ï‡Î½Î·Î»Î¬Ï...

You may provide a definition with
\DeclareUnicodeCharacter 


! LaTeX Error: Unicode character Ï (U+03CD)
               not set up for use with LaTeX.

See the LaTeX manual or LaTeX Companion for explanation.
Type  H <return>  for immediate help.
 ...                                              
                                                  
l.3 ...Ï†Ï„Î¹Î¬Ï‡Î½Î¿Î½Ï„Î±Ï‚ Î­Ï„ÏƒÎ¹ Î­Î½Î± ÏƒÏ
                                                  ÏƒÏ„Î·Î¼Î± Î¹Ï‡Î½Î·Î»Î¬Ï„Î...

You may provide a definition with
\DeclareUnicodeCharacter 


! LaTeX Error: Unicode character Ïƒ (U+03C3)
               not set up for use with LaTeX.

See the LaTeX manual or LaTeX Companion for explanation.
Type  H <return>  for immediate help.
 ...                                              
                                                  
l.3 ...Ï„Î¹Î¬Ï‡Î½Î¿Î½Ï„Î±Ï‚ Î­Ï„ÏƒÎ¹ Î­Î½Î± ÏƒÏÏƒ
                                                  Ï„Î·Î¼Î± Î¹Ï‡Î½Î·Î»Î¬Ï„Î·Ï...

You may provide a definition with
\DeclareUnicodeCharacter 


! LaTeX Error: Unicode character Ï„ (U+03C4)
               not set up for use with LaTeX.

See the LaTeX manual or LaTeX Companion for explanation.
Type  H <return>  for immediate help.
 ...                                              
                                                  
l.3 ...Î¹Î¬Ï‡Î½Î¿Î½Ï„Î±Ï‚ Î­Ï„ÏƒÎ¹ Î­Î½Î± ÏƒÏÏƒÏ„
                                                  Î·Î¼Î± Î¹Ï‡Î½Î·Î»Î¬Ï„Î·ÏƒÎ...

You may provide a definition with
\DeclareUnicodeCharacter 


! LaTeX Error: Unicode character Î· (U+03B7)
               not set up for use with LaTeX.

See the LaTeX manual or LaTeX Companion for explanation.
Type  H <return>  for immediate help.
 ...                                              
                                                  
l.3 ...Î¬Ï‡Î½Î¿Î½Ï„Î±Ï‚ Î­Ï„ÏƒÎ¹ Î­Î½Î± ÏƒÏÏƒÏ„Î·
                                                  Î¼Î± Î¹Ï‡Î½Î·Î»Î¬Ï„Î·ÏƒÎ·Ï...

You may provide a definition with
\DeclareUnicodeCharacter 


! LaTeX Error: Unicode character Î¼ (U+03BC)
               not set up for use with LaTeX.

See the LaTeX manual or LaTeX Companion for explanation.
Type  H <return>  for immediate help.
 ...                                              
                                                  
l.3 ...Ï‡Î½Î¿Î½Ï„Î±Ï‚ Î­Ï„ÏƒÎ¹ Î­Î½Î± ÏƒÏÏƒÏ„Î·Î¼
                                                  Î± Î¹Ï‡Î½Î·Î»Î¬Ï„Î·ÏƒÎ·Ï‚ ...

You may provide a definition with
\DeclareUnicodeCharacter 


! LaTeX Error: Unicode character Î± (U+03B1)
               not set up for use with LaTeX.

See the LaTeX manual or LaTeX Companion for explanation.
Type  H <return>  for immediate help.
 ...                                              
                                                  
l.3 ...Î½Î¿Î½Ï„Î±Ï‚ Î­Ï„ÏƒÎ¹ Î­Î½Î± ÏƒÏÏƒÏ„Î·Î¼Î±
                                                   Î¹Ï‡Î½Î·Î»Î¬Ï„Î·ÏƒÎ·Ï‚ Ï„...

You may provide a definition with
\DeclareUnicodeCharacter 


! LaTeX Error: Unicode character Î¹ (U+03B9)
               not set up for use with LaTeX.

See the LaTeX manual or LaTeX Companion for explanation.
Type  H <return>  for immediate help.
 ...                                              
                                                  
l.3 ...¿Î½Ï„Î±Ï‚ Î­Ï„ÏƒÎ¹ Î­Î½Î± ÏƒÏÏƒÏ„Î·Î¼Î± Î¹
                                                  Ï‡Î½Î·Î»Î¬Ï„Î·ÏƒÎ·Ï‚ Ï„Ï‰Î...

You may provide a definition with
\DeclareUnicodeCharacter 


! LaTeX Error: Unicode character Ï‡ (U+03C7)
               not set up for use with LaTeX.

See the LaTeX manual or LaTeX Companion for explanation.
Type  H <return>  for immediate help.
 ...                                              
                                                  
l.3 ...½Ï„Î±Ï‚ Î­Ï„ÏƒÎ¹ Î­Î½Î± ÏƒÏÏƒÏ„Î·Î¼Î± Î¹Ï‡
                                                  Î½Î·Î»Î¬Ï„Î·ÏƒÎ·Ï‚ Ï„Ï‰Î½ ...

You may provide a definition with
\DeclareUnicodeCharacter 


! LaTeX Error: Unicode character Î½ (U+03BD)
               not set up for use with LaTeX.

See the LaTeX manual or LaTeX Companion for explanation.
Type  H <return>  for immediate help.
 ...                                              
                                                  
l.3 ...„Î±Ï‚ Î­Ï„ÏƒÎ¹ Î­Î½Î± ÏƒÏÏƒÏ„Î·Î¼Î± Î¹Ï‡Î½
                                                  Î·Î»Î¬Ï„Î·ÏƒÎ·Ï‚ Ï„Ï‰Î½ Ï„...

You may provide a definition with
\DeclareUnicodeCharacter 


! LaTeX Error: Unicode character Î· (U+03B7)
               not set up for use with LaTeX.

See the LaTeX manual or LaTeX Companion for explanation.
Type  H <return>  for immediate help.
 ...                                              
                                                  
l.3 ...±Ï‚ Î­Ï„ÏƒÎ¹ Î­Î½Î± ÏƒÏÏƒÏ„Î·Î¼Î± Î¹Ï‡Î½Î·
                                                  Î»Î¬Ï„Î·ÏƒÎ·Ï‚ Ï„Ï‰Î½ Ï„Ï...

You may provide a definition with
\DeclareUnicodeCharacter 


! LaTeX Error: Unicode character Î» (U+03BB)
               not set up for use with LaTeX.

See the LaTeX manual or LaTeX Companion for explanation.
Type  H <return>  for immediate help.
 ...                                              
                                                  
l.3 ...‚ Î­Ï„ÏƒÎ¹ Î­Î½Î± ÏƒÏÏƒÏ„Î·Î¼Î± Î¹Ï‡Î½Î·Î»
                                                  Î¬Ï„Î·ÏƒÎ·Ï‚ Ï„Ï‰Î½ Ï„ÏÎ¿...

You may provide a definition with
\DeclareUnicodeCharacter 


! LaTeX Error: Unicode character Î¬ (U+03AC)
               not set up for use with LaTeX.

See the LaTeX manual or LaTeX Companion for explanation.
Type  H <return>  for immediate help.
 ...                                              
                                                  
l.3 ...Î­Ï„ÏƒÎ¹ Î­Î½Î± ÏƒÏÏƒÏ„Î·Î¼Î± Î¹Ï‡Î½Î·Î»Î¬
                                                  Ï„Î·ÏƒÎ·Ï‚ Ï„Ï‰Î½ Ï„ÏÎ¿Ï‡...

You may provide a definition with
\DeclareUnicodeCharacter 


! LaTeX Error: Unicode character Ï„ (U+03C4)
               not set up for use with LaTeX.

See the LaTeX manual or LaTeX Companion for explanation.
Type  H <return>  for immediate help.
 ...                                              
                                                  
l.3 ...Ï„ÏƒÎ¹ Î­Î½Î± ÏƒÏÏƒÏ„Î·Î¼Î± Î¹Ï‡Î½Î·Î»Î¬Ï„
                                                  Î·ÏƒÎ·Ï‚ Ï„Ï‰Î½ Ï„ÏÎ¿Ï‡Î¹...

You may provide a definition with
\DeclareUnicodeCharacter 


! LaTeX Error: Unicode character Î· (U+03B7)
               not set up for use with LaTeX.

See the LaTeX manual or LaTeX Companion for explanation.
Type  H <return>  for immediate help.
 ...                                              
                                                  
l.3 ...ÏƒÎ¹ Î­Î½Î± ÏƒÏÏƒÏ„Î·Î¼Î± Î¹Ï‡Î½Î·Î»Î¬Ï„Î·
                                                  ÏƒÎ·Ï‚ Ï„Ï‰Î½ Ï„ÏÎ¿Ï‡Î¹Ï...

You may provide a definition with
\DeclareUnicodeCharacter 


! LaTeX Error: Unicode character Ïƒ (U+03C3)
               not set up for use with LaTeX.

See the LaTeX manual or LaTeX Companion for explanation.
Type  H <return>  for immediate help.
 ...                                              
                                                  
l.3 ...Î¹ Î­Î½Î± ÏƒÏÏƒÏ„Î·Î¼Î± Î¹Ï‡Î½Î·Î»Î¬Ï„Î·Ïƒ
                                                  Î·Ï‚ Ï„Ï‰Î½ Ï„ÏÎ¿Ï‡Î¹ÏÎ½...

You may provide a definition with
\DeclareUnicodeCharacter 


! LaTeX Error: Unicode character Î· (U+03B7)
               not set up for use with LaTeX.

See the LaTeX manual or LaTeX Companion for explanation.
Type  H <return>  for immediate help.
 ...                                              
                                                  
l.3 ... Î­Î½Î± ÏƒÏÏƒÏ„Î·Î¼Î± Î¹Ï‡Î½Î·Î»Î¬Ï„Î·ÏƒÎ·
                                                  Ï‚ Ï„Ï‰Î½ Ï„ÏÎ¿Ï‡Î¹ÏÎ½ Î...

You may provide a definition with
\DeclareUnicodeCharacter 


! LaTeX Error: Unicode character Ï‚ (U+03C2)
               not set up for use with LaTeX.

See the LaTeX manual or LaTeX Companion for explanation.
Type  H <return>  for immediate help.
 ...                                              
                                                  
l.3 ...­Î½Î± ÏƒÏÏƒÏ„Î·Î¼Î± Î¹Ï‡Î½Î·Î»Î¬Ï„Î·ÏƒÎ·Ï‚
                                                   Ï„Ï‰Î½ Ï„ÏÎ¿Ï‡Î¹ÏÎ½ ÎµÎ...

You may provide a definition with
\DeclareUnicodeCharacter 


! LaTeX Error: Unicode character Ï„ (U+03C4)
               not set up for use with LaTeX.

See the LaTeX manual or LaTeX Companion for explanation.
Type  H <return>  for immediate help.
 ...                                              
                                                  
l.3 ...Î± ÏƒÏÏƒÏ„Î·Î¼Î± Î¹Ï‡Î½Î·Î»Î¬Ï„Î·ÏƒÎ·Ï‚ Ï„
                                                  Ï‰Î½ Ï„ÏÎ¿Ï‡Î¹ÏÎ½ ÎµÎ½Ï„...
(That makes 100 errors; please try again.) 
Here is how much of TeX's memory you used:
 42 strings out of 475285
 862 string characters out of 2774119
 341640 words of memory out of 3000000
 21622 multiletter control sequences out of 15000+600000
 469259 words of font info for 28 fonts, out of 8000000 for 9000
 1141 hyphenation exceptions out of 8191
 13i,0n,12p,327b,18s stack positions out of 10000i,1000n,20000p,200000b,80000s

!  ==> Fatal error occurred, no output PDF file produced!
