This is pdfTeX, Version 3.14159265-2.6-1.40.21 (MiKTeX 20.6.29) (preloaded format=pdflatex 2020.9.1)  22 NOV 2022 00:17
entering extended mode
**./SVT.tex
(SVT.tex
LaTeX2e <2020-02-02> patch level 5
L3 programming layer <2020-06-18>
! Undefined control sequence.
l.1 \section
            {Silicon Vertex Tracker (SVT)}
The control sequence at the end of the top line
of your error message was never \def'ed. If you have
misspelled it (e.g., `\hobx'), type `I' and the correct
spelling (e.g., `I\hbox'). Otherwise just continue,
and I'll forget about whatever was undefined.


! LaTeX Error: Missing \begin{document}.

See the LaTeX manual or LaTeX Companion for explanation.
Type  H <return>  for immediate help.
 ...                                              
                                                  
l.1 \section{S
              ilicon Vertex Tracker (SVT)}
You're in trouble here.  Try typing  <return>  to proceed.
If that doesn't work, type  X <return>  to quit.

Missing character: There is no S in font nullfont!
Missing character: There is no i in font nullfont!
Missing character: There is no l in font nullfont!
Missing character: There is no i in font nullfont!
Missing character: There is no c in font nullfont!
Missing character: There is no o in font nullfont!
Missing character: There is no n in font nullfont!
Missing character: There is no V in font nullfont!
Missing character: There is no e in font nullfont!
Missing character: There is no r in font nullfont!
Missing character: There is no t in font nullfont!
Missing character: There is no e in font nullfont!
Missing character: There is no x in font nullfont!
Missing character: There is no T in font nullfont!
Missing character: There is no r in font nullfont!
Missing character: There is no a in font nullfont!
Missing character: There is no c in font nullfont!
Missing character: There is no k in font nullfont!
Missing character: There is no e in font nullfont!
Missing character: There is no r in font nullfont!
Missing character: There is no ( in font nullfont!
Missing character: There is no S in font nullfont!
Missing character: There is no V in font nullfont!
Missing character: There is no T in font nullfont!
Missing character: There is no ) in font nullfont!

Overfull \hbox (20.0pt too wide) in paragraph at lines 1--2
[]
 []


! Package inputenc Error: Unicode character ÎŸ (U+039F)
(inputenc)                not set up for use with LaTeX.

See the inputenc package documentation for explanation.
Type  H <return>  for immediate help.
 ...                                              
                                                  
l.3 ÎŸ
       Silicon Vertex Tracker (SVT) ÎµÎ¯Î½Î±Î¹ Î­Î½Î± ÏƒÏÏƒÏ„Î·Î¼Î± Ï€Î¿Ï… ...

You may provide a definition with
\DeclareUnicodeCharacter 


! LaTeX Error: Missing \begin{document}.

See the LaTeX manual or LaTeX Companion for explanation.
Type  H <return>  for immediate help.
 ...                                              
                                                  
l.3 ÎŸ S
        ilicon Vertex Tracker (SVT) ÎµÎ¯Î½Î±Î¹ Î­Î½Î± ÏƒÏÏƒÏ„Î·Î¼Î± Ï€Î¿Ï… ...

You're in trouble here.  Try typing  <return>  to proceed.
If that doesn't work, type  X <return>  to quit.

Missing character: There is no S in font nullfont!
Missing character: There is no i in font nullfont!
Missing character: There is no l in font nullfont!
Missing character: There is no i in font nullfont!
Missing character: There is no c in font nullfont!
Missing character: There is no o in font nullfont!
Missing character: There is no n in font nullfont!
Missing character: There is no V in font nullfont!
Missing character: There is no e in font nullfont!
Missing character: There is no r in font nullfont!
Missing character: There is no t in font nullfont!
Missing character: There is no e in font nullfont!
Missing character: There is no x in font nullfont!
Missing character: There is no T in font nullfont!
Missing character: There is no r in font nullfont!
Missing character: There is no a in font nullfont!
Missing character: There is no c in font nullfont!
Missing character: There is no k in font nullfont!
Missing character: There is no e in font nullfont!
Missing character: There is no r in font nullfont!
Missing character: There is no ( in font nullfont!
Missing character: There is no S in font nullfont!
Missing character: There is no V in font nullfont!
Missing character: There is no T in font nullfont!
Missing character: There is no ) in font nullfont!

! Package inputenc Error: Unicode character Îµ (U+03B5)
(inputenc)                not set up for use with LaTeX.

See the inputenc package documentation for explanation.
Type  H <return>  for immediate help.
 ...                                              
                                                  
l.3 ÎŸ Silicon Vertex Tracker (SVT) Îµ
                                      Î¯Î½Î±Î¹ Î­Î½Î± ÏƒÏÏƒÏ„Î·Î¼Î± Ï€Î¿Ï… ...

You may provide a definition with
\DeclareUnicodeCharacter 


! Package inputenc Error: Unicode character Î¯ (U+03AF)
(inputenc)                not set up for use with LaTeX.

See the inputenc package documentation for explanation.
Type  H <return>  for immediate help.
 ...                                              
                                                  
l.3 ÎŸ Silicon Vertex Tracker (SVT) ÎµÎ¯
                                        Î½Î±Î¹ Î­Î½Î± ÏƒÏÏƒÏ„Î·Î¼Î± Ï€Î¿Ï… ...

You may provide a definition with
\DeclareUnicodeCharacter 


! Package inputenc Error: Unicode character Î½ (U+03BD)
(inputenc)                not set up for use with LaTeX.

See the inputenc package documentation for explanation.
Type  H <return>  for immediate help.
 ...                                              
                                                  
l.3 ÎŸ Silicon Vertex Tracker (SVT) ÎµÎ¯Î½
                                          Î±Î¹ Î­Î½Î± ÏƒÏÏƒÏ„Î·Î¼Î± Ï€Î¿Ï… ...

You may provide a definition with
\DeclareUnicodeCharacter 


! Package inputenc Error: Unicode character Î± (U+03B1)
(inputenc)                not set up for use with LaTeX.

See the inputenc package documentation for explanation.
Type  H <return>  for immediate help.
 ...                                              
                                                  
l.3 ÎŸ Silicon Vertex Tracker (SVT) ÎµÎ¯Î½Î±
                                            Î¹ Î­Î½Î± ÏƒÏÏƒÏ„Î·Î¼Î± Ï€Î¿Ï… ...

You may provide a definition with
\DeclareUnicodeCharacter 


! Package inputenc Error: Unicode character Î¹ (U+03B9)
(inputenc)                not set up for use with LaTeX.

See the inputenc package documentation for explanation.
Type  H <return>  for immediate help.
 ...                                              
                                                  
l.3 ÎŸ Silicon Vertex Tracker (SVT) ÎµÎ¯Î½Î±Î¹
                                               Î­Î½Î± ÏƒÏÏƒÏ„Î·Î¼Î± Ï€Î¿Ï… ...

You may provide a definition with
\DeclareUnicodeCharacter 


! Package inputenc Error: Unicode character Î­ (U+03AD)
(inputenc)                not set up for use with LaTeX.

See the inputenc package documentation for explanation.
Type  H <return>  for immediate help.
 ...                                              
                                                  
l.3 ÎŸ Silicon Vertex Tracker (SVT) ÎµÎ¯Î½Î±Î¹ Î­
                                                 Î½Î± ÏƒÏÏƒÏ„Î·Î¼Î± Ï€Î¿Ï… ...

You may provide a definition with
\DeclareUnicodeCharacter 


! Package inputenc Error: Unicode character Î½ (U+03BD)
(inputenc)                not set up for use with LaTeX.

See the inputenc package documentation for explanation.
Type  H <return>  for immediate help.
 ...                                              
                                                  
l.3 ...ilicon Vertex Tracker (SVT) ÎµÎ¯Î½Î±Î¹ Î­Î½
                                                  Î± ÏƒÏÏƒÏ„Î·Î¼Î± Ï€Î¿Ï… Î...

You may provide a definition with
\DeclareUnicodeCharacter 


! Package inputenc Error: Unicode character Î± (U+03B1)
(inputenc)                not set up for use with LaTeX.

See the inputenc package documentation for explanation.
Type  H <return>  for immediate help.
 ...                                              
                                                  
l.3 ...icon Vertex Tracker (SVT) ÎµÎ¯Î½Î±Î¹ Î­Î½Î±
                                                   ÏƒÏÏƒÏ„Î·Î¼Î± Ï€Î¿Ï… Î²Î...

You may provide a definition with
\DeclareUnicodeCharacter 


! Package inputenc Error: Unicode character Ïƒ (U+03C3)
(inputenc)                not set up for use with LaTeX.

See the inputenc package documentation for explanation.
Type  H <return>  for immediate help.
 ...                                              
                                                  
l.3 ...n Vertex Tracker (SVT) ÎµÎ¯Î½Î±Î¹ Î­Î½Î± Ïƒ
                                                  ÏÏƒÏ„Î·Î¼Î± Ï€Î¿Ï… Î²Î±Ïƒ...

You may provide a definition with
\DeclareUnicodeCharacter 


! Package inputenc Error: Unicode character Ï (U+03CD)
(inputenc)                not set up for use with LaTeX.

See the inputenc package documentation for explanation.
Type  H <return>  for immediate help.
 ...                                              
                                                  
l.3 ...Vertex Tracker (SVT) ÎµÎ¯Î½Î±Î¹ Î­Î½Î± ÏƒÏ
                                                  ÏƒÏ„Î·Î¼Î± Ï€Î¿Ï… Î²Î±ÏƒÎ¯...

You may provide a definition with
\DeclareUnicodeCharacter 


! Package inputenc Error: Unicode character Ïƒ (U+03C3)
(inputenc)                not set up for use with LaTeX.

See the inputenc package documentation for explanation.
Type  H <return>  for immediate help.
 ...                                              
                                                  
l.3 ...rtex Tracker (SVT) ÎµÎ¯Î½Î±Î¹ Î­Î½Î± ÏƒÏÏƒ
                                                  Ï„Î·Î¼Î± Ï€Î¿Ï… Î²Î±ÏƒÎ¯Î¶...

You may provide a definition with
\DeclareUnicodeCharacter 


! Package inputenc Error: Unicode character Ï„ (U+03C4)
(inputenc)                not set up for use with LaTeX.

See the inputenc package documentation for explanation.
Type  H <return>  for immediate help.
 ...                                              
                                                  
l.3 ...ex Tracker (SVT) ÎµÎ¯Î½Î±Î¹ Î­Î½Î± ÏƒÏÏƒÏ„
                                                  Î·Î¼Î± Ï€Î¿Ï… Î²Î±ÏƒÎ¯Î¶Îµ...

You may provide a definition with
\DeclareUnicodeCharacter 


! Package inputenc Error: Unicode character Î· (U+03B7)
(inputenc)                not set up for use with LaTeX.

See the inputenc package documentation for explanation.
Type  H <return>  for immediate help.
 ...                                              
                                                  
l.3 ... Tracker (SVT) ÎµÎ¯Î½Î±Î¹ Î­Î½Î± ÏƒÏÏƒÏ„Î·
                                                  Î¼Î± Ï€Î¿Ï… Î²Î±ÏƒÎ¯Î¶ÎµÏ„...

You may provide a definition with
\DeclareUnicodeCharacter 


! Package inputenc Error: Unicode character Î¼ (U+03BC)
(inputenc)                not set up for use with LaTeX.

See the inputenc package documentation for explanation.
Type  H <return>  for immediate help.
 ...                                              
                                                  
l.3 ...racker (SVT) ÎµÎ¯Î½Î±Î¹ Î­Î½Î± ÏƒÏÏƒÏ„Î·Î¼
                                                  Î± Ï€Î¿Ï… Î²Î±ÏƒÎ¯Î¶ÎµÏ„Î±...

You may provide a definition with
\DeclareUnicodeCharacter 


! Package inputenc Error: Unicode character Î± (U+03B1)
(inputenc)                not set up for use with LaTeX.

See the inputenc package documentation for explanation.
Type  H <return>  for immediate help.
 ...                                              
                                                  
l.3 ...cker (SVT) ÎµÎ¯Î½Î±Î¹ Î­Î½Î± ÏƒÏÏƒÏ„Î·Î¼Î±
                                                   Ï€Î¿Ï… Î²Î±ÏƒÎ¯Î¶ÎµÏ„Î±Î¹...

You may provide a definition with
\DeclareUnicodeCharacter 


! Package inputenc Error: Unicode character Ï€ (U+03C0)
(inputenc)                not set up for use with LaTeX.

See the inputenc package documentation for explanation.
Type  H <return>  for immediate help.
 ...                                              
                                                  
l.3 ...r (SVT) ÎµÎ¯Î½Î±Î¹ Î­Î½Î± ÏƒÏÏƒÏ„Î·Î¼Î± Ï€
                                                  Î¿Ï… Î²Î±ÏƒÎ¯Î¶ÎµÏ„Î±Î¹ Ïƒ...

You may provide a definition with
\DeclareUnicodeCharacter 


! Package inputenc Error: Unicode character Î¿ (U+03BF)
(inputenc)                not set up for use with LaTeX.

See the inputenc package documentation for explanation.
Type  H <return>  for immediate help.
 ...                                              
                                                  
l.3 ...(SVT) ÎµÎ¯Î½Î±Î¹ Î­Î½Î± ÏƒÏÏƒÏ„Î·Î¼Î± Ï€Î¿
                                                  Ï… Î²Î±ÏƒÎ¯Î¶ÎµÏ„Î±Î¹ ÏƒÎµ...

You may provide a definition with
\DeclareUnicodeCharacter 


! Package inputenc Error: Unicode character Ï… (U+03C5)
(inputenc)                not set up for use with LaTeX.

See the inputenc package documentation for explanation.
Type  H <return>  for immediate help.
 ...                                              
                                                  
l.3 ...VT) ÎµÎ¯Î½Î±Î¹ Î­Î½Î± ÏƒÏÏƒÏ„Î·Î¼Î± Ï€Î¿Ï…
                                                   Î²Î±ÏƒÎ¯Î¶ÎµÏ„Î±Î¹ ÏƒÎµ Ï...

You may provide a definition with
\DeclareUnicodeCharacter 


! Package inputenc Error: Unicode character Î² (U+03B2)
(inputenc)                not set up for use with LaTeX.

See the inputenc package documentation for explanation.
Type  H <return>  for immediate help.
 ...                                              
                                                  
l.3 ... ÎµÎ¯Î½Î±Î¹ Î­Î½Î± ÏƒÏÏƒÏ„Î·Î¼Î± Ï€Î¿Ï… Î²
                                                  Î±ÏƒÎ¯Î¶ÎµÏ„Î±Î¹ ÏƒÎµ Ï„Ï...

You may provide a definition with
\DeclareUnicodeCharacter 


! Package inputenc Error: Unicode character Î± (U+03B1)
(inputenc)                not set up for use with LaTeX.

See the inputenc package documentation for explanation.
Type  H <return>  for immediate help.
 ...                                              
                                                  
l.3 ...µÎ¯Î½Î±Î¹ Î­Î½Î± ÏƒÏÏƒÏ„Î·Î¼Î± Ï€Î¿Ï… Î²Î±
                                                  ÏƒÎ¯Î¶ÎµÏ„Î±Î¹ ÏƒÎµ Ï„ÏÎ¯...

You may provide a definition with
\DeclareUnicodeCharacter 


! Package inputenc Error: Unicode character Ïƒ (U+03C3)
(inputenc)                not set up for use with LaTeX.

See the inputenc package documentation for explanation.
Type  H <return>  for immediate help.
 ...                                              
                                                  
l.3 ...¯Î½Î±Î¹ Î­Î½Î± ÏƒÏÏƒÏ„Î·Î¼Î± Ï€Î¿Ï… Î²Î±Ïƒ
                                                  Î¯Î¶ÎµÏ„Î±Î¹ ÏƒÎµ Ï„ÏÎ¯Î±...

You may provide a definition with
\DeclareUnicodeCharacter 


! Package inputenc Error: Unicode character Î¯ (U+03AF)
(inputenc)                not set up for use with LaTeX.

See the inputenc package documentation for explanation.
Type  H <return>  for immediate help.
 ...                                              
                                                  
l.3 ...½Î±Î¹ Î­Î½Î± ÏƒÏÏƒÏ„Î·Î¼Î± Ï€Î¿Ï… Î²Î±ÏƒÎ¯
                                                  Î¶ÎµÏ„Î±Î¹ ÏƒÎµ Ï„ÏÎ¯Î± Ï...

You may provide a definition with
\DeclareUnicodeCharacter 


! Package inputenc Error: Unicode character Î¶ (U+03B6)
(inputenc)                not set up for use with LaTeX.

See the inputenc package documentation for explanation.
Type  H <return>  for immediate help.
 ...                                              
                                                  
l.3 ...±Î¹ Î­Î½Î± ÏƒÏÏƒÏ„Î·Î¼Î± Ï€Î¿Ï… Î²Î±ÏƒÎ¯Î¶
                                                  ÎµÏ„Î±Î¹ ÏƒÎµ Ï„ÏÎ¯Î± ÏƒÏ...

You may provide a definition with
\DeclareUnicodeCharacter 


! Package inputenc Error: Unicode character Îµ (U+03B5)
(inputenc)                not set up for use with LaTeX.

See the inputenc package documentation for explanation.
Type  H <return>  for immediate help.
 ...                                              
                                                  
l.3 ...¹ Î­Î½Î± ÏƒÏÏƒÏ„Î·Î¼Î± Ï€Î¿Ï… Î²Î±ÏƒÎ¯Î¶Îµ
                                                  Ï„Î±Î¹ ÏƒÎµ Ï„ÏÎ¯Î± ÏƒÏ„Ï...

You may provide a definition with
\DeclareUnicodeCharacter 


! Package inputenc Error: Unicode character Ï„ (U+03C4)
(inputenc)                not set up for use with LaTeX.

See the inputenc package documentation for explanation.
Type  H <return>  for immediate help.
 ...                                              
                                                  
l.3 ...Î­Î½Î± ÏƒÏÏƒÏ„Î·Î¼Î± Ï€Î¿Ï… Î²Î±ÏƒÎ¯Î¶ÎµÏ„
                                                  Î±Î¹ ÏƒÎµ Ï„ÏÎ¯Î± ÏƒÏ„ÏÎ...

You may provide a definition with
\DeclareUnicodeCharacter 


! Package inputenc Error: Unicode character Î± (U+03B1)
(inputenc)                not set up for use with LaTeX.

See the inputenc package documentation for explanation.
Type  H <return>  for immediate help.
 ...                                              
                                                  
l.3 ...Î½Î± ÏƒÏÏƒÏ„Î·Î¼Î± Ï€Î¿Ï… Î²Î±ÏƒÎ¯Î¶ÎµÏ„Î±
                                                  Î¹ ÏƒÎµ Ï„ÏÎ¯Î± ÏƒÏ„ÏÎ¼Î...

You may provide a definition with
\DeclareUnicodeCharacter 


! Package inputenc Error: Unicode character Î¹ (U+03B9)
(inputenc)                not set up for use with LaTeX.

See the inputenc package documentation for explanation.
Type  H <return>  for immediate help.
 ...                                              
                                                  
l.3 ...Î± ÏƒÏÏƒÏ„Î·Î¼Î± Ï€Î¿Ï… Î²Î±ÏƒÎ¯Î¶ÎµÏ„Î±Î¹
                                                   ÏƒÎµ Ï„ÏÎ¯Î± ÏƒÏ„ÏÎ¼Î±Ï...

You may provide a definition with
\DeclareUnicodeCharacter 


! Package inputenc Error: Unicode character Ïƒ (U+03C3)
(inputenc)                not set up for use with LaTeX.

See the inputenc package documentation for explanation.
Type  H <return>  for immediate help.
 ...                                              
                                                  
l.3 ...ÏƒÏÏƒÏ„Î·Î¼Î± Ï€Î¿Ï… Î²Î±ÏƒÎ¯Î¶ÎµÏ„Î±Î¹ Ïƒ
                                                  Îµ Ï„ÏÎ¯Î± ÏƒÏ„ÏÎ¼Î±Ï„Î±...

You may provide a definition with
\DeclareUnicodeCharacter 


! Package inputenc Error: Unicode character Îµ (U+03B5)
(inputenc)                not set up for use with LaTeX.

See the inputenc package documentation for explanation.
Type  H <return>  for immediate help.
 ...                                              
                                                  
l.3 ...ÏÏƒÏ„Î·Î¼Î± Ï€Î¿Ï… Î²Î±ÏƒÎ¯Î¶ÎµÏ„Î±Î¹ ÏƒÎµ
                                                   Ï„ÏÎ¯Î± ÏƒÏ„ÏÎ¼Î±Ï„Î± Î...

You may provide a definition with
\DeclareUnicodeCharacter 


! Package inputenc Error: Unicode character Ï„ (U+03C4)
(inputenc)                not set up for use with LaTeX.

See the inputenc package documentation for explanation.
Type  H <return>  for immediate help.
 ...                                              
                                                  
l.3 ...ƒÏ„Î·Î¼Î± Ï€Î¿Ï… Î²Î±ÏƒÎ¯Î¶ÎµÏ„Î±Î¹ ÏƒÎµ Ï„
                                                  ÏÎ¯Î± ÏƒÏ„ÏÎ¼Î±Ï„Î± Î±Ï€...

You may provide a definition with
\DeclareUnicodeCharacter 


! Package inputenc Error: Unicode character Ï (U+03C1)
(inputenc)                not set up for use with LaTeX.

See the inputenc package documentation for explanation.
Type  H <return>  for immediate help.
 ...                                              
                                                  
l.3 ...„Î·Î¼Î± Ï€Î¿Ï… Î²Î±ÏƒÎ¯Î¶ÎµÏ„Î±Î¹ ÏƒÎµ Ï„Ï
                                                  Î¯Î± ÏƒÏ„ÏÎ¼Î±Ï„Î± Î±Ï€ÏŒ...

You may provide a definition with
\DeclareUnicodeCharacter 


! Package inputenc Error: Unicode character Î¯ (U+03AF)
(inputenc)                not set up for use with LaTeX.

See the inputenc package documentation for explanation.
Type  H <return>  for immediate help.
 ...                                              
                                                  
l.3 ...·Î¼Î± Ï€Î¿Ï… Î²Î±ÏƒÎ¯Î¶ÎµÏ„Î±Î¹ ÏƒÎµ Ï„ÏÎ¯
                                                  Î± ÏƒÏ„ÏÎ¼Î±Ï„Î± Î±Ï€ÏŒ S...

You may provide a definition with
\DeclareUnicodeCharacter 


! Package inputenc Error: Unicode character Î± (U+03B1)
(inputenc)                not set up for use with LaTeX.

See the inputenc package documentation for explanation.
Type  H <return>  for immediate help.
 ...                                              
                                                  
l.3 ...¼Î± Ï€Î¿Ï… Î²Î±ÏƒÎ¯Î¶ÎµÏ„Î±Î¹ ÏƒÎµ Ï„ÏÎ¯Î±
                                                   ÏƒÏ„ÏÎ¼Î±Ï„Î± Î±Ï€ÏŒ Sil...

You may provide a definition with
\DeclareUnicodeCharacter 


! Package inputenc Error: Unicode character Ïƒ (U+03C3)
(inputenc)                not set up for use with LaTeX.

See the inputenc package documentation for explanation.
Type  H <return>  for immediate help.
 ...                                              
                                                  
l.3 ... Ï€Î¿Ï… Î²Î±ÏƒÎ¯Î¶ÎµÏ„Î±Î¹ ÏƒÎµ Ï„ÏÎ¯Î± Ïƒ
                                                  Ï„ÏÎ¼Î±Ï„Î± Î±Ï€ÏŒ Silico...

You may provide a definition with
\DeclareUnicodeCharacter 


! Package inputenc Error: Unicode character Ï„ (U+03C4)
(inputenc)                not set up for use with LaTeX.

See the inputenc package documentation for explanation.
Type  H <return>  for immediate help.
 ...                                              
                                                  
l.3 ...€Î¿Ï… Î²Î±ÏƒÎ¯Î¶ÎµÏ„Î±Î¹ ÏƒÎµ Ï„ÏÎ¯Î± ÏƒÏ„
                                                  ÏÎ¼Î±Ï„Î± Î±Ï€ÏŒ Silicon ...

You may provide a definition with
\DeclareUnicodeCharacter 


! Package inputenc Error: Unicode character Ï (U+03CE)
(inputenc)                not set up for use with LaTeX.

See the inputenc package documentation for explanation.
Type  H <return>  for immediate help.
 ...                                              
                                                  
l.3 ...¿Ï… Î²Î±ÏƒÎ¯Î¶ÎµÏ„Î±Î¹ ÏƒÎµ Ï„ÏÎ¯Î± ÏƒÏ„Ï
                                                  Î¼Î±Ï„Î± Î±Ï€ÏŒ Silicon Dr...

You may provide a definition with
\DeclareUnicodeCharacter 


! Package inputenc Error: Unicode character Î¼ (U+03BC)
(inputenc)                not set up for use with LaTeX.

See the inputenc package documentation for explanation.
Type  H <return>  for immediate help.
 ...                                              
                                                  
l.3 ...… Î²Î±ÏƒÎ¯Î¶ÎµÏ„Î±Î¹ ÏƒÎµ Ï„ÏÎ¯Î± ÏƒÏ„ÏÎ¼
                                                  Î±Ï„Î± Î±Ï€ÏŒ Silicon Drif...

You may provide a definition with
\DeclareUnicodeCharacter 


! Package inputenc Error: Unicode character Î± (U+03B1)
(inputenc)                not set up for use with LaTeX.

See the inputenc package documentation for explanation.
Type  H <return>  for immediate help.
 ...                                              
                                                  
l.3 ...Î²Î±ÏƒÎ¯Î¶ÎµÏ„Î±Î¹ ÏƒÎµ Ï„ÏÎ¯Î± ÏƒÏ„ÏÎ¼Î±
                                                  Ï„Î± Î±Ï€ÏŒ Silicon Drift ...

You may provide a definition with
\DeclareUnicodeCharacter 


! Package inputenc Error: Unicode character Ï„ (U+03C4)
(inputenc)                not set up for use with LaTeX.

See the inputenc package documentation for explanation.
Type  H <return>  for immediate help.
 ...                                              
                                                  
l.3 ...Î±ÏƒÎ¯Î¶ÎµÏ„Î±Î¹ ÏƒÎµ Ï„ÏÎ¯Î± ÏƒÏ„ÏÎ¼Î±Ï„
                                                  Î± Î±Ï€ÏŒ Silicon Drift De...

You may provide a definition with
\DeclareUnicodeCharacter 


! Package inputenc Error: Unicode character Î± (U+03B1)
(inputenc)                not set up for use with LaTeX.

See the inputenc package documentation for explanation.
Type  H <return>  for immediate help.
 ...                                              
                                                  
l.3 ...ÏƒÎ¯Î¶ÎµÏ„Î±Î¹ ÏƒÎµ Ï„ÏÎ¯Î± ÏƒÏ„ÏÎ¼Î±Ï„Î±
                                                   Î±Ï€ÏŒ Silicon Drift Dete...

You may provide a definition with
\DeclareUnicodeCharacter 


! Package inputenc Error: Unicode character Î± (U+03B1)
(inputenc)                not set up for use with LaTeX.

See the inputenc package documentation for explanation.
Type  H <return>  for immediate help.
 ...                                              
                                                  
l.3 ...¯Î¶ÎµÏ„Î±Î¹ ÏƒÎµ Ï„ÏÎ¯Î± ÏƒÏ„ÏÎ¼Î±Ï„Î± Î±
                                                  Ï€ÏŒ Silicon Drift Detecto...

You may provide a definition with
\DeclareUnicodeCharacter 


! Package inputenc Error: Unicode character Ï€ (U+03C0)
(inputenc)                not set up for use with LaTeX.

See the inputenc package documentation for explanation.
Type  H <return>  for immediate help.
 ...                                              
                                                  
l.3 ...¶ÎµÏ„Î±Î¹ ÏƒÎµ Ï„ÏÎ¯Î± ÏƒÏ„ÏÎ¼Î±Ï„Î± Î±Ï€
                                                  ÏŒ Silicon Drift Detectors...

You may provide a definition with
\DeclareUnicodeCharacter 


! Package inputenc Error: Unicode character ÏŒ (U+03CC)
(inputenc)                not set up for use with LaTeX.

See the inputenc package documentation for explanation.
Type  H <return>  for immediate help.
 ...                                              
                                                  
l.3 ...µÏ„Î±Î¹ ÏƒÎµ Ï„ÏÎ¯Î± ÏƒÏ„ÏÎ¼Î±Ï„Î± Î±Ï€ÏŒ
                                                   Silicon Drift Detectors (...

You may provide a definition with
\DeclareUnicodeCharacter 

Missing character: There is no S in font nullfont!
Missing character: There is no i in font nullfont!
Missing character: There is no l in font nullfont!
Missing character: There is no i in font nullfont!
Missing character: There is no c in font nullfont!
Missing character: There is no o in font nullfont!
Missing character: There is no n in font nullfont!
Missing character: There is no D in font nullfont!
Missing character: There is no r in font nullfont!
Missing character: There is no i in font nullfont!
Missing character: There is no f in font nullfont!
Missing character: There is no t in font nullfont!
Missing character: There is no D in font nullfont!
Missing character: There is no e in font nullfont!
Missing character: There is no t in font nullfont!
Missing character: There is no e in font nullfont!
Missing character: There is no c in font nullfont!
Missing character: There is no t in font nullfont!
Missing character: There is no o in font nullfont!
Missing character: There is no r in font nullfont!
Missing character: There is no s in font nullfont!
Missing character: There is no ( in font nullfont!
Missing character: There is no S in font nullfont!
Missing character: There is no D in font nullfont!
Missing character: There is no D in font nullfont!
Missing character: There is no s in font nullfont!
Missing character: There is no ) in font nullfont!

! Package inputenc Error: Unicode character Îº (U+03BA)
(inputenc)                not set up for use with LaTeX.

See the inputenc package documentation for explanation.
Type  H <return>  for immediate help.
 ...                                              
                                                  
l.3 ...Î± Î±Ï€ÏŒ Silicon Drift Detectors (SDDs) Îº
                                                  Î±Î¹ Î¼Ï€Î¿ÏÎµÎ¯ Î½Î± Î´Ï...

You may provide a definition with
\DeclareUnicodeCharacter 


! Package inputenc Error: Unicode character Î± (U+03B1)
(inputenc)                not set up for use with LaTeX.

See the inputenc package documentation for explanation.
Type  H <return>  for immediate help.
 ...                                              
                                                  
l.3 ... Î±Ï€ÏŒ Silicon Drift Detectors (SDDs) ÎºÎ±
                                                  Î¹ Î¼Ï€Î¿ÏÎµÎ¯ Î½Î± Î´ÏÏ...

You may provide a definition with
\DeclareUnicodeCharacter 


! Package inputenc Error: Unicode character Î¹ (U+03B9)
(inputenc)                not set up for use with LaTeX.

See the inputenc package documentation for explanation.
Type  H <return>  for immediate help.
 ...                                              
                                                  
l.3 ...±Ï€ÏŒ Silicon Drift Detectors (SDDs) ÎºÎ±Î¹
                                                   Î¼Ï€Î¿ÏÎµÎ¯ Î½Î± Î´ÏÏƒÎ...

You may provide a definition with
\DeclareUnicodeCharacter 


! Package inputenc Error: Unicode character Î¼ (U+03BC)
(inputenc)                not set up for use with LaTeX.

See the inputenc package documentation for explanation.
Type  H <return>  for immediate help.
 ...                                              
                                                  
l.3 ...ÏŒ Silicon Drift Detectors (SDDs) ÎºÎ±Î¹ Î¼
                                                  Ï€Î¿ÏÎµÎ¯ Î½Î± Î´ÏÏƒÎµÎ¹...

You may provide a definition with
\DeclareUnicodeCharacter 


! Package inputenc Error: Unicode character Ï€ (U+03C0)
(inputenc)                not set up for use with LaTeX.

See the inputenc package documentation for explanation.
Type  H <return>  for immediate help.
 ...                                              
                                                  
l.3 ... Silicon Drift Detectors (SDDs) ÎºÎ±Î¹ Î¼Ï€
                                                  Î¿ÏÎµÎ¯ Î½Î± Î´ÏÏƒÎµÎ¹ Î...

You may provide a definition with
\DeclareUnicodeCharacter 


! Package inputenc Error: Unicode character Î¿ (U+03BF)
(inputenc)                not set up for use with LaTeX.

See the inputenc package documentation for explanation.
Type  H <return>  for immediate help.
 ...                                              
                                                  
l.3 ...ilicon Drift Detectors (SDDs) ÎºÎ±Î¹ Î¼Ï€Î¿
                                                  ÏÎµÎ¯ Î½Î± Î´ÏÏƒÎµÎ¹ Î´Î...

You may provide a definition with
\DeclareUnicodeCharacter 


! Package inputenc Error: Unicode character Ï (U+03C1)
(inputenc)                not set up for use with LaTeX.

See the inputenc package documentation for explanation.
Type  H <return>  for immediate help.
 ...                                              
                                                  
l.3 ...icon Drift Detectors (SDDs) ÎºÎ±Î¹ Î¼Ï€Î¿Ï
                                                  ÎµÎ¯ Î½Î± Î´ÏÏƒÎµÎ¹ Î´Î¹Î...

You may provide a definition with
\DeclareUnicodeCharacter 


! Package inputenc Error: Unicode character Îµ (U+03B5)
(inputenc)                not set up for use with LaTeX.

See the inputenc package documentation for explanation.
Type  H <return>  for immediate help.
 ...                                              
                                                  
l.3 ...on Drift Detectors (SDDs) ÎºÎ±Î¹ Î¼Ï€Î¿ÏÎµ
                                                  Î¯ Î½Î± Î´ÏÏƒÎµÎ¹ Î´Î¹Î´Î...

You may provide a definition with
\DeclareUnicodeCharacter 


! Package inputenc Error: Unicode character Î¯ (U+03AF)
(inputenc)                not set up for use with LaTeX.

See the inputenc package documentation for explanation.
Type  H <return>  for immediate help.
 ...                                              
                                                  
l.3 ... Drift Detectors (SDDs) ÎºÎ±Î¹ Î¼Ï€Î¿ÏÎµÎ¯
                                                   Î½Î± Î´ÏÏƒÎµÎ¹ Î´Î¹Î´Î¹Î...

You may provide a definition with
\DeclareUnicodeCharacter 


! Package inputenc Error: Unicode character Î½ (U+03BD)
(inputenc)                not set up for use with LaTeX.

See the inputenc package documentation for explanation.
Type  H <return>  for immediate help.
 ...                                              
                                                  
l.3 ...ift Detectors (SDDs) ÎºÎ±Î¹ Î¼Ï€Î¿ÏÎµÎ¯ Î½
                                                  Î± Î´ÏÏƒÎµÎ¹ Î´Î¹Î´Î¹Î¬Ïƒ...

You may provide a definition with
\DeclareUnicodeCharacter 


! Package inputenc Error: Unicode character Î± (U+03B1)
(inputenc)                not set up for use with LaTeX.

See the inputenc package documentation for explanation.
Type  H <return>  for immediate help.
 ...                                              
                                                  
l.3 ...t Detectors (SDDs) ÎºÎ±Î¹ Î¼Ï€Î¿ÏÎµÎ¯ Î½Î±
                                                   Î´ÏÏƒÎµÎ¹ Î´Î¹Î´Î¹Î¬ÏƒÏ„...

You may provide a definition with
\DeclareUnicodeCharacter 


! Package inputenc Error: Unicode character Î´ (U+03B4)
(inputenc)                not set up for use with LaTeX.

See the inputenc package documentation for explanation.
Type  H <return>  for immediate help.
 ...                                              
                                                  
l.3 ...etectors (SDDs) ÎºÎ±Î¹ Î¼Ï€Î¿ÏÎµÎ¯ Î½Î± Î´
                                                  ÏÏƒÎµÎ¹ Î´Î¹Î´Î¹Î¬ÏƒÏ„Î±Ï...

You may provide a definition with
\DeclareUnicodeCharacter 


! Package inputenc Error: Unicode character Ï (U+03CE)
(inputenc)                not set up for use with LaTeX.

See the inputenc package documentation for explanation.
Type  H <return>  for immediate help.
 ...                                              
                                                  
l.3 ...ectors (SDDs) ÎºÎ±Î¹ Î¼Ï€Î¿ÏÎµÎ¯ Î½Î± Î´Ï
                                                  ÏƒÎµÎ¹ Î´Î¹Î´Î¹Î¬ÏƒÏ„Î±Ï„Î...

You may provide a definition with
\DeclareUnicodeCharacter 


! Package inputenc Error: Unicode character Ïƒ (U+03C3)
(inputenc)                not set up for use with LaTeX.

See the inputenc package documentation for explanation.
Type  H <return>  for immediate help.
 ...                                              
                                                  
l.3 ...tors (SDDs) ÎºÎ±Î¹ Î¼Ï€Î¿ÏÎµÎ¯ Î½Î± Î´ÏÏƒ
                                                  ÎµÎ¹ Î´Î¹Î´Î¹Î¬ÏƒÏ„Î±Ï„ÎµÏ...

You may provide a definition with
\DeclareUnicodeCharacter 


! Package inputenc Error: Unicode character Îµ (U+03B5)
(inputenc)                not set up for use with LaTeX.

See the inputenc package documentation for explanation.
Type  H <return>  for immediate help.
 ...                                              
                                                  
l.3 ...rs (SDDs) ÎºÎ±Î¹ Î¼Ï€Î¿ÏÎµÎ¯ Î½Î± Î´ÏÏƒÎµ
                                                  Î¹ Î´Î¹Î´Î¹Î¬ÏƒÏ„Î±Ï„ÎµÏ‚ ...

You may provide a definition with
\DeclareUnicodeCharacter 


! Package inputenc Error: Unicode character Î¹ (U+03B9)
(inputenc)                not set up for use with LaTeX.

See the inputenc package documentation for explanation.
Type  H <return>  for immediate help.
 ...                                              
                                                  
l.3 ... (SDDs) ÎºÎ±Î¹ Î¼Ï€Î¿ÏÎµÎ¯ Î½Î± Î´ÏÏƒÎµÎ¹
                                                   Î´Î¹Î´Î¹Î¬ÏƒÏ„Î±Ï„ÎµÏ‚ Î±...

You may provide a definition with
\DeclareUnicodeCharacter 


! Package inputenc Error: Unicode character Î´ (U+03B4)
(inputenc)                not set up for use with LaTeX.

See the inputenc package documentation for explanation.
Type  H <return>  for immediate help.
 ...                                              
                                                  
l.3 ...DDs) ÎºÎ±Î¹ Î¼Ï€Î¿ÏÎµÎ¯ Î½Î± Î´ÏÏƒÎµÎ¹ Î´
                                                  Î¹Î´Î¹Î¬ÏƒÏ„Î±Ï„ÎµÏ‚ Î±Î½Î...

You may provide a definition with
\DeclareUnicodeCharacter 


! Package inputenc Error: Unicode character Î¹ (U+03B9)
(inputenc)                not set up for use with LaTeX.

See the inputenc package documentation for explanation.
Type  H <return>  for immediate help.
 ...                                              
                                                  
l.3 ...s) ÎºÎ±Î¹ Î¼Ï€Î¿ÏÎµÎ¯ Î½Î± Î´ÏÏƒÎµÎ¹ Î´Î¹
                                                  Î´Î¹Î¬ÏƒÏ„Î±Ï„ÎµÏ‚ Î±Î½Î¹Ï...

You may provide a definition with
\DeclareUnicodeCharacter 


! Package inputenc Error: Unicode character Î´ (U+03B4)
(inputenc)                not set up for use with LaTeX.

See the inputenc package documentation for explanation.
Type  H <return>  for immediate help.
 ...                                              
                                                  
l.3 ... ÎºÎ±Î¹ Î¼Ï€Î¿ÏÎµÎ¯ Î½Î± Î´ÏÏƒÎµÎ¹ Î´Î¹Î´
                                                  Î¹Î¬ÏƒÏ„Î±Ï„ÎµÏ‚ Î±Î½Î¹Ï‡Î...

You may provide a definition with
\DeclareUnicodeCharacter 


! Package inputenc Error: Unicode character Î¹ (U+03B9)
(inputenc)                not set up for use with LaTeX.

See the inputenc package documentation for explanation.
Type  H <return>  for immediate help.
 ...                                              
                                                  
l.3 ...ºÎ±Î¹ Î¼Ï€Î¿ÏÎµÎ¯ Î½Î± Î´ÏÏƒÎµÎ¹ Î´Î¹Î´Î¹
                                                  Î¬ÏƒÏ„Î±Ï„ÎµÏ‚ Î±Î½Î¹Ï‡Î½Î...

You may provide a definition with
\DeclareUnicodeCharacter 


! Package inputenc Error: Unicode character Î¬ (U+03AC)
(inputenc)                not set up for use with LaTeX.

See the inputenc package documentation for explanation.
Type  H <return>  for immediate help.
 ...                                              
                                                  
l.3 ...±Î¹ Î¼Ï€Î¿ÏÎµÎ¯ Î½Î± Î´ÏÏƒÎµÎ¹ Î´Î¹Î´Î¹Î¬
                                                  ÏƒÏ„Î±Ï„ÎµÏ‚ Î±Î½Î¹Ï‡Î½ÎµÏ...

You may provide a definition with
\DeclareUnicodeCharacter 


! Package inputenc Error: Unicode character Ïƒ (U+03C3)
(inputenc)                not set up for use with LaTeX.

See the inputenc package documentation for explanation.
Type  H <return>  for immediate help.
 ...                                              
                                                  
l.3 ...¹ Î¼Ï€Î¿ÏÎµÎ¯ Î½Î± Î´ÏÏƒÎµÎ¹ Î´Î¹Î´Î¹Î¬Ïƒ
                                                  Ï„Î±Ï„ÎµÏ‚ Î±Î½Î¹Ï‡Î½ÎµÏÏ...

You may provide a definition with
\DeclareUnicodeCharacter 


! Package inputenc Error: Unicode character Ï„ (U+03C4)
(inputenc)                not set up for use with LaTeX.

See the inputenc package documentation for explanation.
Type  H <return>  for immediate help.
 ...                                              
                                                  
l.3 ...Î¼Ï€Î¿ÏÎµÎ¯ Î½Î± Î´ÏÏƒÎµÎ¹ Î´Î¹Î´Î¹Î¬ÏƒÏ„
                                                  Î±Ï„ÎµÏ‚ Î±Î½Î¹Ï‡Î½ÎµÏÏƒÎ...

You may provide a definition with
\DeclareUnicodeCharacter 


! Package inputenc Error: Unicode character Î± (U+03B1)
(inputenc)                not set up for use with LaTeX.

See the inputenc package documentation for explanation.
Type  H <return>  for immediate help.
 ...                                              
                                                  
l.3 ...Ï€Î¿ÏÎµÎ¯ Î½Î± Î´ÏÏƒÎµÎ¹ Î´Î¹Î´Î¹Î¬ÏƒÏ„Î±
                                                  Ï„ÎµÏ‚ Î±Î½Î¹Ï‡Î½ÎµÏÏƒÎµÎ...

You may provide a definition with
\DeclareUnicodeCharacter 


! Package inputenc Error: Unicode character Ï„ (U+03C4)
(inputenc)                not set up for use with LaTeX.

See the inputenc package documentation for explanation.
Type  H <return>  for immediate help.
 ...                                              
                                                  
l.3 ...Î¿ÏÎµÎ¯ Î½Î± Î´ÏÏƒÎµÎ¹ Î´Î¹Î´Î¹Î¬ÏƒÏ„Î±Ï„
                                                  ÎµÏ‚ Î±Î½Î¹Ï‡Î½ÎµÏÏƒÎµÎ¹Ï...

You may provide a definition with
\DeclareUnicodeCharacter 


! Package inputenc Error: Unicode character Îµ (U+03B5)
(inputenc)                not set up for use with LaTeX.

See the inputenc package documentation for explanation.
Type  H <return>  for immediate help.
 ...                                              
                                                  
l.3 ...ÏÎµÎ¯ Î½Î± Î´ÏÏƒÎµÎ¹ Î´Î¹Î´Î¹Î¬ÏƒÏ„Î±Ï„Îµ
                                                  Ï‚ Î±Î½Î¹Ï‡Î½ÎµÏÏƒÎµÎ¹Ï‚ ...

You may provide a definition with
\DeclareUnicodeCharacter 


! Package inputenc Error: Unicode character Ï‚ (U+03C2)
(inputenc)                not set up for use with LaTeX.

See the inputenc package documentation for explanation.
Type  H <return>  for immediate help.
 ...                                              
                                                  
l.3 ...ÎµÎ¯ Î½Î± Î´ÏÏƒÎµÎ¹ Î´Î¹Î´Î¹Î¬ÏƒÏ„Î±Ï„ÎµÏ‚
                                                   Î±Î½Î¹Ï‡Î½ÎµÏÏƒÎµÎ¹Ï‚ Î¼...

You may provide a definition with
\DeclareUnicodeCharacter 


! Package inputenc Error: Unicode character Î± (U+03B1)
(inputenc)                not set up for use with LaTeX.

See the inputenc package documentation for explanation.
Type  H <return>  for immediate help.
 ...                                              
                                                  
l.3 ...¯ Î½Î± Î´ÏÏƒÎµÎ¹ Î´Î¹Î´Î¹Î¬ÏƒÏ„Î±Ï„ÎµÏ‚ Î±
                                                  Î½Î¹Ï‡Î½ÎµÏÏƒÎµÎ¹Ï‚ Î¼Îµ ...

You may provide a definition with
\DeclareUnicodeCharacter 


! Package inputenc Error: Unicode character Î½ (U+03BD)
(inputenc)                not set up for use with LaTeX.

See the inputenc package documentation for explanation.
Type  H <return>  for immediate help.
 ...                                              
                                                  
l.3 ...Î½Î± Î´ÏÏƒÎµÎ¹ Î´Î¹Î´Î¹Î¬ÏƒÏ„Î±Ï„ÎµÏ‚ Î±Î½
                                                  Î¹Ï‡Î½ÎµÏÏƒÎµÎ¹Ï‚ Î¼Îµ Î±...

You may provide a definition with
\DeclareUnicodeCharacter 


! Package inputenc Error: Unicode character Î¹ (U+03B9)
(inputenc)                not set up for use with LaTeX.

See the inputenc package documentation for explanation.
Type  H <return>  for immediate help.
 ...                                              
                                                  
l.3 ...Î± Î´ÏÏƒÎµÎ¹ Î´Î¹Î´Î¹Î¬ÏƒÏ„Î±Ï„ÎµÏ‚ Î±Î½Î¹
                                                  Ï‡Î½ÎµÏÏƒÎµÎ¹Ï‚ Î¼Îµ Î±Î½...

You may provide a definition with
\DeclareUnicodeCharacter 


! Package inputenc Error: Unicode character Ï‡ (U+03C7)
(inputenc)                not set up for use with LaTeX.

See the inputenc package documentation for explanation.
Type  H <return>  for immediate help.
 ...                                              
                                                  
l.3 ... Î´ÏÏƒÎµÎ¹ Î´Î¹Î´Î¹Î¬ÏƒÏ„Î±Ï„ÎµÏ‚ Î±Î½Î¹Ï‡
                                                  Î½ÎµÏÏƒÎµÎ¹Ï‚ Î¼Îµ Î±Î½Î¹...

You may provide a definition with
\DeclareUnicodeCharacter 


! Package inputenc Error: Unicode character Î½ (U+03BD)
(inputenc)                not set up for use with LaTeX.

See the inputenc package documentation for explanation.
Type  H <return>  for immediate help.
 ...                                              
                                                  
l.3 ...´ÏÏƒÎµÎ¹ Î´Î¹Î´Î¹Î¬ÏƒÏ„Î±Ï„ÎµÏ‚ Î±Î½Î¹Ï‡Î½
                                                  ÎµÏÏƒÎµÎ¹Ï‚ Î¼Îµ Î±Î½Î¹Ï‡...

You may provide a definition with
\DeclareUnicodeCharacter 


! Package inputenc Error: Unicode character Îµ (U+03B5)
(inputenc)                not set up for use with LaTeX.

See the inputenc package documentation for explanation.
Type  H <return>  for immediate help.
 ...                                              
                                                  
l.3 ...ÏƒÎµÎ¹ Î´Î¹Î´Î¹Î¬ÏƒÏ„Î±Ï„ÎµÏ‚ Î±Î½Î¹Ï‡Î½Îµ
                                                  ÏÏƒÎµÎ¹Ï‚ Î¼Îµ Î±Î½Î¹Ï‡Î½...

You may provide a definition with
\DeclareUnicodeCharacter 


! Package inputenc Error: Unicode character Ï (U+03CD)
(inputenc)                not set up for use with LaTeX.

See the inputenc package documentation for explanation.
Type  H <return>  for immediate help.
 ...                                              
                                                  
l.3 ...ƒÎµÎ¹ Î´Î¹Î´Î¹Î¬ÏƒÏ„Î±Ï„ÎµÏ‚ Î±Î½Î¹Ï‡Î½ÎµÏ
                                                  ÏƒÎµÎ¹Ï‚ Î¼Îµ Î±Î½Î¹Ï‡Î½Îµ...

You may provide a definition with
\DeclareUnicodeCharacter 


! Package inputenc Error: Unicode character Ïƒ (U+03C3)
(inputenc)                not set up for use with LaTeX.

See the inputenc package documentation for explanation.
Type  H <return>  for immediate help.
 ...                                              
                                                  
l.3 ...µÎ¹ Î´Î¹Î´Î¹Î¬ÏƒÏ„Î±Ï„ÎµÏ‚ Î±Î½Î¹Ï‡Î½ÎµÏÏƒ
                                                  ÎµÎ¹Ï‚ Î¼Îµ Î±Î½Î¹Ï‡Î½ÎµÏ…...

You may provide a definition with
\DeclareUnicodeCharacter 


! Package inputenc Error: Unicode character Îµ (U+03B5)
(inputenc)                not set up for use with LaTeX.

See the inputenc package documentation for explanation.
Type  H <return>  for immediate help.
 ...                                              
                                                  
l.3 ...¹ Î´Î¹Î´Î¹Î¬ÏƒÏ„Î±Ï„ÎµÏ‚ Î±Î½Î¹Ï‡Î½ÎµÏÏƒÎµ
                                                  Î¹Ï‚ Î¼Îµ Î±Î½Î¹Ï‡Î½ÎµÏ…Ï„...

You may provide a definition with
\DeclareUnicodeCharacter 


! Package inputenc Error: Unicode character Î¹ (U+03B9)
(inputenc)                not set up for use with LaTeX.

See the inputenc package documentation for explanation.
Type  H <return>  for immediate help.
 ...                                              
                                                  
l.3 ...Î´Î¹Î´Î¹Î¬ÏƒÏ„Î±Ï„ÎµÏ‚ Î±Î½Î¹Ï‡Î½ÎµÏÏƒÎµÎ¹
                                                  Ï‚ Î¼Îµ Î±Î½Î¹Ï‡Î½ÎµÏ…Ï„Î¹...

You may provide a definition with
\DeclareUnicodeCharacter 


! Package inputenc Error: Unicode character Ï‚ (U+03C2)
(inputenc)                not set up for use with LaTeX.

See the inputenc package documentation for explanation.
Type  H <return>  for immediate help.
 ...                                              
                                                  
l.3 ...Î¹Î´Î¹Î¬ÏƒÏ„Î±Ï„ÎµÏ‚ Î±Î½Î¹Ï‡Î½ÎµÏÏƒÎµÎ¹Ï‚
                                                   Î¼Îµ Î±Î½Î¹Ï‡Î½ÎµÏ…Ï„Î¹Îº...

You may provide a definition with
\DeclareUnicodeCharacter 


! Package inputenc Error: Unicode character Î¼ (U+03BC)
(inputenc)                not set up for use with LaTeX.

See the inputenc package documentation for explanation.
Type  H <return>  for immediate help.
 ...                                              
                                                  
l.3 ...´Î¹Î¬ÏƒÏ„Î±Ï„ÎµÏ‚ Î±Î½Î¹Ï‡Î½ÎµÏÏƒÎµÎ¹Ï‚ Î¼
                                                  Îµ Î±Î½Î¹Ï‡Î½ÎµÏ…Ï„Î¹ÎºÎ® ...

You may provide a definition with
\DeclareUnicodeCharacter 


! Package inputenc Error: Unicode character Îµ (U+03B5)
(inputenc)                not set up for use with LaTeX.

See the inputenc package documentation for explanation.
Type  H <return>  for immediate help.
 ...                                              
                                                  
l.3 ...¹Î¬ÏƒÏ„Î±Ï„ÎµÏ‚ Î±Î½Î¹Ï‡Î½ÎµÏÏƒÎµÎ¹Ï‚ Î¼Îµ
                                                   Î±Î½Î¹Ï‡Î½ÎµÏ…Ï„Î¹ÎºÎ® Î¹...

You may provide a definition with
\DeclareUnicodeCharacter 


! Package inputenc Error: Unicode character Î± (U+03B1)
(inputenc)                not set up for use with LaTeX.

See the inputenc package documentation for explanation.
Type  H <return>  for immediate help.
 ...                                              
                                                  
l.3 ...ÏƒÏ„Î±Ï„ÎµÏ‚ Î±Î½Î¹Ï‡Î½ÎµÏÏƒÎµÎ¹Ï‚ Î¼Îµ Î±
                                                  Î½Î¹Ï‡Î½ÎµÏ…Ï„Î¹ÎºÎ® Î¹ÎºÎ...

You may provide a definition with
\DeclareUnicodeCharacter 


! Package inputenc Error: Unicode character Î½ (U+03BD)
(inputenc)                not set up for use with LaTeX.

See the inputenc package documentation for explanation.
Type  H <return>  for immediate help.
 ...                                              
                                                  
l.3 ...Ï„Î±Ï„ÎµÏ‚ Î±Î½Î¹Ï‡Î½ÎµÏÏƒÎµÎ¹Ï‚ Î¼Îµ Î±Î½
                                                  Î¹Ï‡Î½ÎµÏ…Ï„Î¹ÎºÎ® Î¹ÎºÎ±Î...

You may provide a definition with
\DeclareUnicodeCharacter 


! Package inputenc Error: Unicode character Î¹ (U+03B9)
(inputenc)                not set up for use with LaTeX.

See the inputenc package documentation for explanation.
Type  H <return>  for immediate help.
 ...                                              
                                                  
l.3 ...Î±Ï„ÎµÏ‚ Î±Î½Î¹Ï‡Î½ÎµÏÏƒÎµÎ¹Ï‚ Î¼Îµ Î±Î½Î¹
                                                  Ï‡Î½ÎµÏ…Ï„Î¹ÎºÎ® Î¹ÎºÎ±Î½Ï...

You may provide a definition with
\DeclareUnicodeCharacter 


! Package inputenc Error: Unicode character Ï‡ (U+03C7)
(inputenc)                not set up for use with LaTeX.

See the inputenc package documentation for explanation.
Type  H <return>  for immediate help.
 ...                                              
                                                  
l.3 ...Ï„ÎµÏ‚ Î±Î½Î¹Ï‡Î½ÎµÏÏƒÎµÎ¹Ï‚ Î¼Îµ Î±Î½Î¹Ï‡
                                                  Î½ÎµÏ…Ï„Î¹ÎºÎ® Î¹ÎºÎ±Î½ÏŒÏ...

You may provide a definition with
\DeclareUnicodeCharacter 


! Package inputenc Error: Unicode character Î½ (U+03BD)
(inputenc)                not set up for use with LaTeX.

See the inputenc package documentation for explanation.
Type  H <return>  for immediate help.
 ...                                              
                                                  
l.3 ...ÎµÏ‚ Î±Î½Î¹Ï‡Î½ÎµÏÏƒÎµÎ¹Ï‚ Î¼Îµ Î±Î½Î¹Ï‡Î½
                                                  ÎµÏ…Ï„Î¹ÎºÎ® Î¹ÎºÎ±Î½ÏŒÏ„Î...

You may provide a definition with
\DeclareUnicodeCharacter 


! Package inputenc Error: Unicode character Îµ (U+03B5)
(inputenc)                not set up for use with LaTeX.

See the inputenc package documentation for explanation.
Type  H <return>  for immediate help.
 ...                                              
                                                  
l.3 ...Ï‚ Î±Î½Î¹Ï‡Î½ÎµÏÏƒÎµÎ¹Ï‚ Î¼Îµ Î±Î½Î¹Ï‡Î½Îµ
                                                  Ï…Ï„Î¹ÎºÎ® Î¹ÎºÎ±Î½ÏŒÏ„Î·Ï...

You may provide a definition with
\DeclareUnicodeCharacter 


! Package inputenc Error: Unicode character Ï… (U+03C5)
(inputenc)                not set up for use with LaTeX.

See the inputenc package documentation for explanation.
Type  H <return>  for immediate help.
 ...                                              
                                                  
l.3 ... Î±Î½Î¹Ï‡Î½ÎµÏÏƒÎµÎ¹Ï‚ Î¼Îµ Î±Î½Î¹Ï‡Î½ÎµÏ…
                                                  Ï„Î¹ÎºÎ® Î¹ÎºÎ±Î½ÏŒÏ„Î·Ï„Î...

You may provide a definition with
\DeclareUnicodeCharacter 


! Package inputenc Error: Unicode character Ï„ (U+03C4)
(inputenc)                not set up for use with LaTeX.

See the inputenc package documentation for explanation.
Type  H <return>  for immediate help.
 ...                                              
                                                  
l.3 ...±Î½Î¹Ï‡Î½ÎµÏÏƒÎµÎ¹Ï‚ Î¼Îµ Î±Î½Î¹Ï‡Î½ÎµÏ…Ï„
                                                  Î¹ÎºÎ® Î¹ÎºÎ±Î½ÏŒÏ„Î·Ï„Î± ...

You may provide a definition with
\DeclareUnicodeCharacter 


! Package inputenc Error: Unicode character Î¹ (U+03B9)
(inputenc)                not set up for use with LaTeX.

See the inputenc package documentation for explanation.
Type  H <return>  for immediate help.
 ...                                              
                                                  
l.3 ...½Î¹Ï‡Î½ÎµÏÏƒÎµÎ¹Ï‚ Î¼Îµ Î±Î½Î¹Ï‡Î½ÎµÏ…Ï„Î¹
                                                  ÎºÎ® Î¹ÎºÎ±Î½ÏŒÏ„Î·Ï„Î± Ï„...

You may provide a definition with
\DeclareUnicodeCharacter 


! Package inputenc Error: Unicode character Îº (U+03BA)
(inputenc)                not set up for use with LaTeX.

See the inputenc package documentation for explanation.
Type  H <return>  for immediate help.
 ...                                              
                                                  
l.3 ...¹Ï‡Î½ÎµÏÏƒÎµÎ¹Ï‚ Î¼Îµ Î±Î½Î¹Ï‡Î½ÎµÏ…Ï„Î¹Îº
                                                  Î® Î¹ÎºÎ±Î½ÏŒÏ„Î·Ï„Î± Ï„Î·...

You may provide a definition with
\DeclareUnicodeCharacter 


! Package inputenc Error: Unicode character Î® (U+03AE)
(inputenc)                not set up for use with LaTeX.

See the inputenc package documentation for explanation.
Type  H <return>  for immediate help.
 ...                                              
                                                  
l.3 ...‡Î½ÎµÏÏƒÎµÎ¹Ï‚ Î¼Îµ Î±Î½Î¹Ï‡Î½ÎµÏ…Ï„Î¹ÎºÎ®
                                                   Î¹ÎºÎ±Î½ÏŒÏ„Î·Ï„Î± Ï„Î·Ï‚...

You may provide a definition with
\DeclareUnicodeCharacter 


! Package inputenc Error: Unicode character Î¹ (U+03B9)
(inputenc)                not set up for use with LaTeX.

See the inputenc package documentation for explanation.
Type  H <return>  for immediate help.
 ...                                              
                                                  
l.3 ...ÎµÏÏƒÎµÎ¹Ï‚ Î¼Îµ Î±Î½Î¹Ï‡Î½ÎµÏ…Ï„Î¹ÎºÎ® Î¹
                                                  ÎºÎ±Î½ÏŒÏ„Î·Ï„Î± Ï„Î·Ï‚ Ï„...

You may provide a definition with
\DeclareUnicodeCharacter 


! Package inputenc Error: Unicode character Îº (U+03BA)
(inputenc)                not set up for use with LaTeX.

See the inputenc package documentation for explanation.
Type  H <return>  for immediate help.
 ...                                              
                                                  
l.3 ...ÏÏƒÎµÎ¹Ï‚ Î¼Îµ Î±Î½Î¹Ï‡Î½ÎµÏ…Ï„Î¹ÎºÎ® Î¹Îº
                                                  Î±Î½ÏŒÏ„Î·Ï„Î± Ï„Î·Ï‚ Ï„Î¬...

You may provide a definition with
\DeclareUnicodeCharacter 


! Package inputenc Error: Unicode character Î± (U+03B1)
(inputenc)                not set up for use with LaTeX.

See the inputenc package documentation for explanation.
Type  H <return>  for immediate help.
 ...                                              
                                                  
l.3 ...ÏƒÎµÎ¹Ï‚ Î¼Îµ Î±Î½Î¹Ï‡Î½ÎµÏ…Ï„Î¹ÎºÎ® Î¹ÎºÎ±
                                                  Î½ÏŒÏ„Î·Ï„Î± Ï„Î·Ï‚ Ï„Î¬Î¾...

You may provide a definition with
\DeclareUnicodeCharacter 


! Package inputenc Error: Unicode character Î½ (U+03BD)
(inputenc)                not set up for use with LaTeX.

See the inputenc package documentation for explanation.
Type  H <return>  for immediate help.
 ...                                              
                                                  
l.3 ...ÎµÎ¹Ï‚ Î¼Îµ Î±Î½Î¹Ï‡Î½ÎµÏ…Ï„Î¹ÎºÎ® Î¹ÎºÎ±Î½
                                                  ÏŒÏ„Î·Ï„Î± Ï„Î·Ï‚ Ï„Î¬Î¾Î·...
(That makes 100 errors; please try again.) 
Here is how much of TeX's memory you used:
 45 strings out of 480790
 897 string characters out of 2904292
 238890 words of memory out of 3000000
 16156 multiletter control sequences out of 15000+200000
 532338 words of font info for 24 fonts, out of 3000000 for 9000
 1141 hyphenation exceptions out of 8191
 12i,0n,15p,617b,16s stack positions out of 5000i,500n,10000p,200000b,50000s

!  ==> Fatal error occurred, no output PDF file produced!
