This is pdfTeX, Version 3.14159265-2.6-1.40.21 (MiKTeX 20.6.29) (preloaded format=pdflatex 2020.9.1)  18 NOV 2022 15:30
entering extended mode
**./TPC.tex
(TPC.tex
LaTeX2e <2020-02-02> patch level 5
L3 programming layer <2020-06-18>
! Undefined control sequence.
l.1 \section
            {Time Projection Chamber (TPC)}
The control sequence at the end of the top line
of your error message was never \def'ed. If you have
misspelled it (e.g., `\hobx'), type `I' and the correct
spelling (e.g., `I\hbox'). Otherwise just continue,
and I'll forget about whatever was undefined.


! LaTeX Error: Missing \begin{document}.

See the LaTeX manual or LaTeX Companion for explanation.
Type  H <return>  for immediate help.
 ...                                              
                                                  
l.1 \section{T
              ime Projection Chamber (TPC)}
You're in trouble here.  Try typing  <return>  to proceed.
If that doesn't work, type  X <return>  to quit.

Missing character: There is no T in font nullfont!
Missing character: There is no i in font nullfont!
Missing character: There is no m in font nullfont!
Missing character: There is no e in font nullfont!
Missing character: There is no P in font nullfont!
Missing character: There is no r in font nullfont!
Missing character: There is no o in font nullfont!
Missing character: There is no j in font nullfont!
Missing character: There is no e in font nullfont!
Missing character: There is no c in font nullfont!
Missing character: There is no t in font nullfont!
Missing character: There is no i in font nullfont!
Missing character: There is no o in font nullfont!
Missing character: There is no n in font nullfont!
Missing character: There is no C in font nullfont!
Missing character: There is no h in font nullfont!
Missing character: There is no a in font nullfont!
Missing character: There is no m in font nullfont!
Missing character: There is no b in font nullfont!
Missing character: There is no e in font nullfont!
Missing character: There is no r in font nullfont!
Missing character: There is no ( in font nullfont!
Missing character: There is no T in font nullfont!
Missing character: There is no P in font nullfont!
Missing character: There is no C in font nullfont!
Missing character: There is no ) in font nullfont!

Overfull \hbox (20.0pt too wide) in paragraph at lines 1--2
[]
 []


! Package inputenc Error: Unicode character Î£ (U+03A3)
(inputenc)                not set up for use with LaTeX.

See the inputenc package documentation for explanation.
Type  H <return>  for immediate help.
 ...                                              
                                                  
l.3 	Î£
       Ï„Î¿ Î±Î¼Î­ÏƒÏ‰Ï‚ ÎµÏ€ÏŒÎ¼ÎµÎ½Î¿ ÏƒÏ„ÏÏÎ¼Î± Î±Ï€Î¿ Ï„Î¿Ï…Ï‚ Î´ÏÎ¿ ...

You may provide a definition with
\DeclareUnicodeCharacter 


! Package inputenc Error: Unicode character Ï„ (U+03C4)
(inputenc)                not set up for use with LaTeX.

See the inputenc package documentation for explanation.
Type  H <return>  for immediate help.
 ...                                              
                                                  
l.3 	Î£Ï„
         Î¿ Î±Î¼Î­ÏƒÏ‰Ï‚ ÎµÏ€ÏŒÎ¼ÎµÎ½Î¿ ÏƒÏ„ÏÏÎ¼Î± Î±Ï€Î¿ Ï„Î¿Ï…Ï‚ Î´ÏÎ¿ ...

You may provide a definition with
\DeclareUnicodeCharacter 


! Package inputenc Error: Unicode character Î¿ (U+03BF)
(inputenc)                not set up for use with LaTeX.

See the inputenc package documentation for explanation.
Type  H <return>  for immediate help.
 ...                                              
                                                  
l.3 	Î£Ï„Î¿
            Î±Î¼Î­ÏƒÏ‰Ï‚ ÎµÏ€ÏŒÎ¼ÎµÎ½Î¿ ÏƒÏ„ÏÏÎ¼Î± Î±Ï€Î¿ Ï„Î¿Ï…Ï‚ Î´ÏÎ¿ ...

You may provide a definition with
\DeclareUnicodeCharacter 


! Package inputenc Error: Unicode character Î± (U+03B1)
(inputenc)                not set up for use with LaTeX.

See the inputenc package documentation for explanation.
Type  H <return>  for immediate help.
 ...                                              
                                                  
l.3 	Î£Ï„Î¿ Î±
              Î¼Î­ÏƒÏ‰Ï‚ ÎµÏ€ÏŒÎ¼ÎµÎ½Î¿ ÏƒÏ„ÏÏÎ¼Î± Î±Ï€Î¿ Ï„Î¿Ï…Ï‚ Î´ÏÎ¿ ...

You may provide a definition with
\DeclareUnicodeCharacter 


! Package inputenc Error: Unicode character Î¼ (U+03BC)
(inputenc)                not set up for use with LaTeX.

See the inputenc package documentation for explanation.
Type  H <return>  for immediate help.
 ...                                              
                                                  
l.3 	Î£Ï„Î¿ Î±Î¼
                Î­ÏƒÏ‰Ï‚ ÎµÏ€ÏŒÎ¼ÎµÎ½Î¿ ÏƒÏ„ÏÏÎ¼Î± Î±Ï€Î¿ Ï„Î¿Ï…Ï‚ Î´ÏÎ¿ ...

You may provide a definition with
\DeclareUnicodeCharacter 


! Package inputenc Error: Unicode character Î­ (U+03AD)
(inputenc)                not set up for use with LaTeX.

See the inputenc package documentation for explanation.
Type  H <return>  for immediate help.
 ...                                              
                                                  
l.3 	Î£Ï„Î¿ Î±Î¼Î­
                  ÏƒÏ‰Ï‚ ÎµÏ€ÏŒÎ¼ÎµÎ½Î¿ ÏƒÏ„ÏÏÎ¼Î± Î±Ï€Î¿ Ï„Î¿Ï…Ï‚ Î´ÏÎ¿ ...

You may provide a definition with
\DeclareUnicodeCharacter 


! Package inputenc Error: Unicode character Ïƒ (U+03C3)
(inputenc)                not set up for use with LaTeX.

See the inputenc package documentation for explanation.
Type  H <return>  for immediate help.
 ...                                              
                                                  
l.3 	Î£Ï„Î¿ Î±Î¼Î­Ïƒ
                    Ï‰Ï‚ ÎµÏ€ÏŒÎ¼ÎµÎ½Î¿ ÏƒÏ„ÏÏÎ¼Î± Î±Ï€Î¿ Ï„Î¿Ï…Ï‚ Î´ÏÎ¿ ...

You may provide a definition with
\DeclareUnicodeCharacter 


! Package inputenc Error: Unicode character Ï‰ (U+03C9)
(inputenc)                not set up for use with LaTeX.

See the inputenc package documentation for explanation.
Type  H <return>  for immediate help.
 ...                                              
                                                  
l.3 	Î£Ï„Î¿ Î±Î¼Î­ÏƒÏ‰
                      Ï‚ ÎµÏ€ÏŒÎ¼ÎµÎ½Î¿ ÏƒÏ„ÏÏÎ¼Î± Î±Ï€Î¿ Ï„Î¿Ï…Ï‚ Î´ÏÎ¿ ...

You may provide a definition with
\DeclareUnicodeCharacter 


! Package inputenc Error: Unicode character Ï‚ (U+03C2)
(inputenc)                not set up for use with LaTeX.

See the inputenc package documentation for explanation.
Type  H <return>  for immediate help.
 ...                                              
                                                  
l.3 	Î£Ï„Î¿ Î±Î¼Î­ÏƒÏ‰Ï‚
                         ÎµÏ€ÏŒÎ¼ÎµÎ½Î¿ ÏƒÏ„ÏÏÎ¼Î± Î±Ï€Î¿ Ï„Î¿Ï…Ï‚ Î´ÏÎ¿ ...

You may provide a definition with
\DeclareUnicodeCharacter 


! Package inputenc Error: Unicode character Îµ (U+03B5)
(inputenc)                not set up for use with LaTeX.

See the inputenc package documentation for explanation.
Type  H <return>  for immediate help.
 ...                                              
                                                  
l.3 	Î£Ï„Î¿ Î±Î¼Î­ÏƒÏ‰Ï‚ Îµ
                           Ï€ÏŒÎ¼ÎµÎ½Î¿ ÏƒÏ„ÏÏÎ¼Î± Î±Ï€Î¿ Ï„Î¿Ï…Ï‚ Î´ÏÎ¿ ...

You may provide a definition with
\DeclareUnicodeCharacter 


! Package inputenc Error: Unicode character Ï€ (U+03C0)
(inputenc)                not set up for use with LaTeX.

See the inputenc package documentation for explanation.
Type  H <return>  for immediate help.
 ...                                              
                                                  
l.3 	Î£Ï„Î¿ Î±Î¼Î­ÏƒÏ‰Ï‚ ÎµÏ€
                             ÏŒÎ¼ÎµÎ½Î¿ ÏƒÏ„ÏÏÎ¼Î± Î±Ï€Î¿ Ï„Î¿Ï…Ï‚ Î´ÏÎ¿ ...

You may provide a definition with
\DeclareUnicodeCharacter 


! Package inputenc Error: Unicode character ÏŒ (U+03CC)
(inputenc)                not set up for use with LaTeX.

See the inputenc package documentation for explanation.
Type  H <return>  for immediate help.
 ...                                              
                                                  
l.3 	Î£Ï„Î¿ Î±Î¼Î­ÏƒÏ‰Ï‚ ÎµÏ€ÏŒ
                               Î¼ÎµÎ½Î¿ ÏƒÏ„ÏÏÎ¼Î± Î±Ï€Î¿ Ï„Î¿Ï…Ï‚ Î´ÏÎ¿ ...

You may provide a definition with
\DeclareUnicodeCharacter 


! Package inputenc Error: Unicode character Î¼ (U+03BC)
(inputenc)                not set up for use with LaTeX.

See the inputenc package documentation for explanation.
Type  H <return>  for immediate help.
 ...                                              
                                                  
l.3 	Î£Ï„Î¿ Î±Î¼Î­ÏƒÏ‰Ï‚ ÎµÏ€ÏŒÎ¼
                                 ÎµÎ½Î¿ ÏƒÏ„ÏÏÎ¼Î± Î±Ï€Î¿ Ï„Î¿Ï…Ï‚ Î´ÏÎ¿ ...

You may provide a definition with
\DeclareUnicodeCharacter 


! Package inputenc Error: Unicode character Îµ (U+03B5)
(inputenc)                not set up for use with LaTeX.

See the inputenc package documentation for explanation.
Type  H <return>  for immediate help.
 ...                                              
                                                  
l.3 	Î£Ï„Î¿ Î±Î¼Î­ÏƒÏ‰Ï‚ ÎµÏ€ÏŒÎ¼Îµ
                                   Î½Î¿ ÏƒÏ„ÏÏÎ¼Î± Î±Ï€Î¿ Ï„Î¿Ï…Ï‚ Î´ÏÎ¿ ...

You may provide a definition with
\DeclareUnicodeCharacter 


! Package inputenc Error: Unicode character Î½ (U+03BD)
(inputenc)                not set up for use with LaTeX.

See the inputenc package documentation for explanation.
Type  H <return>  for immediate help.
 ...                                              
                                                  
l.3 	Î£Ï„Î¿ Î±Î¼Î­ÏƒÏ‰Ï‚ ÎµÏ€ÏŒÎ¼ÎµÎ½
                                     Î¿ ÏƒÏ„ÏÏÎ¼Î± Î±Ï€Î¿ Ï„Î¿Ï…Ï‚ Î´ÏÎ¿ ...

You may provide a definition with
\DeclareUnicodeCharacter 


! Package inputenc Error: Unicode character Î¿ (U+03BF)
(inputenc)                not set up for use with LaTeX.

See the inputenc package documentation for explanation.
Type  H <return>  for immediate help.
 ...                                              
                                                  
l.3 	Î£Ï„Î¿ Î±Î¼Î­ÏƒÏ‰Ï‚ ÎµÏ€ÏŒÎ¼ÎµÎ½Î¿
                                        ÏƒÏ„ÏÏÎ¼Î± Î±Ï€Î¿ Ï„Î¿Ï…Ï‚ Î´ÏÎ¿ ...

You may provide a definition with
\DeclareUnicodeCharacter 


! Package inputenc Error: Unicode character Ïƒ (U+03C3)
(inputenc)                not set up for use with LaTeX.

See the inputenc package documentation for explanation.
Type  H <return>  for immediate help.
 ...                                              
                                                  
l.3 	Î£Ï„Î¿ Î±Î¼Î­ÏƒÏ‰Ï‚ ÎµÏ€ÏŒÎ¼ÎµÎ½Î¿ Ïƒ
                                          Ï„ÏÏÎ¼Î± Î±Ï€Î¿ Ï„Î¿Ï…Ï‚ Î´ÏÎ¿ ...

You may provide a definition with
\DeclareUnicodeCharacter 


! Package inputenc Error: Unicode character Ï„ (U+03C4)
(inputenc)                not set up for use with LaTeX.

See the inputenc package documentation for explanation.
Type  H <return>  for immediate help.
 ...                                              
                                                  
l.3 	Î£Ï„Î¿ Î±Î¼Î­ÏƒÏ‰Ï‚ ÎµÏ€ÏŒÎ¼ÎµÎ½Î¿ ÏƒÏ„
                                            ÏÏÎ¼Î± Î±Ï€Î¿ Ï„Î¿Ï…Ï‚ Î´ÏÎ¿ ...

You may provide a definition with
\DeclareUnicodeCharacter 


! Package inputenc Error: Unicode character Ï (U+03C1)
(inputenc)                not set up for use with LaTeX.

See the inputenc package documentation for explanation.
Type  H <return>  for immediate help.
 ...                                              
                                                  
l.3 	Î£Ï„Î¿ Î±Î¼Î­ÏƒÏ‰Ï‚ ÎµÏ€ÏŒÎ¼ÎµÎ½Î¿ ÏƒÏ„Ï
                                              ÏÎ¼Î± Î±Ï€Î¿ Ï„Î¿Ï…Ï‚ Î´ÏÎ¿ ...

You may provide a definition with
\DeclareUnicodeCharacter 


! Package inputenc Error: Unicode character Ï (U+03CE)
(inputenc)                not set up for use with LaTeX.

See the inputenc package documentation for explanation.
Type  H <return>  for immediate help.
 ...                                              
                                                  
l.3 	Î£Ï„Î¿ Î±Î¼Î­ÏƒÏ‰Ï‚ ÎµÏ€ÏŒÎ¼ÎµÎ½Î¿ ÏƒÏ„ÏÏ
                                                Î¼Î± Î±Ï€Î¿ Ï„Î¿Ï…Ï‚ Î´ÏÎ¿ ...

You may provide a definition with
\DeclareUnicodeCharacter 


! Package inputenc Error: Unicode character Î¼ (U+03BC)
(inputenc)                not set up for use with LaTeX.

See the inputenc package documentation for explanation.
Type  H <return>  for immediate help.
 ...                                              
                                                  
l.3 	Î£Ï„Î¿ Î±Î¼Î­ÏƒÏ‰Ï‚ ÎµÏ€ÏŒÎ¼ÎµÎ½Î¿ ÏƒÏ„ÏÏÎ¼
                                                  Î± Î±Ï€Î¿ Ï„Î¿Ï…Ï‚ Î´ÏÎ¿ ...

You may provide a definition with
\DeclareUnicodeCharacter 


! Package inputenc Error: Unicode character Î± (U+03B1)
(inputenc)                not set up for use with LaTeX.

See the inputenc package documentation for explanation.
Type  H <return>  for immediate help.
 ...                                              
                                                  
l.3 ...Î¿ Î±Î¼Î­ÏƒÏ‰Ï‚ ÎµÏ€ÏŒÎ¼ÎµÎ½Î¿ ÏƒÏ„ÏÏÎ¼Î±
                                                   Î±Ï€Î¿ Ï„Î¿Ï…Ï‚ Î´ÏÎ¿ FT...

You may provide a definition with
\DeclareUnicodeCharacter 


! Package inputenc Error: Unicode character Î± (U+03B1)
(inputenc)                not set up for use with LaTeX.

See the inputenc package documentation for explanation.
Type  H <return>  for immediate help.
 ...                                              
                                                  
l.3 ...Î±Î¼Î­ÏƒÏ‰Ï‚ ÎµÏ€ÏŒÎ¼ÎµÎ½Î¿ ÏƒÏ„ÏÏÎ¼Î± Î±
                                                  Ï€Î¿ Ï„Î¿Ï…Ï‚ Î´ÏÎ¿ FTPC ...

You may provide a definition with
\DeclareUnicodeCharacter 


! Package inputenc Error: Unicode character Ï€ (U+03C0)
(inputenc)                not set up for use with LaTeX.

See the inputenc package documentation for explanation.
Type  H <return>  for immediate help.
 ...                                              
                                                  
l.3 ...Î¼Î­ÏƒÏ‰Ï‚ ÎµÏ€ÏŒÎ¼ÎµÎ½Î¿ ÏƒÏ„ÏÏÎ¼Î± Î±Ï€
                                                  Î¿ Ï„Î¿Ï…Ï‚ Î´ÏÎ¿ FTPC Ï…...

You may provide a definition with
\DeclareUnicodeCharacter 


! Package inputenc Error: Unicode character Î¿ (U+03BF)
(inputenc)                not set up for use with LaTeX.

See the inputenc package documentation for explanation.
Type  H <return>  for immediate help.
 ...                                              
                                                  
l.3 ...Î­ÏƒÏ‰Ï‚ ÎµÏ€ÏŒÎ¼ÎµÎ½Î¿ ÏƒÏ„ÏÏÎ¼Î± Î±Ï€Î¿
                                                   Ï„Î¿Ï…Ï‚ Î´ÏÎ¿ FTPC Ï…Ï€...

You may provide a definition with
\DeclareUnicodeCharacter 


! Package inputenc Error: Unicode character Ï„ (U+03C4)
(inputenc)                not set up for use with LaTeX.

See the inputenc package documentation for explanation.
Type  H <return>  for immediate help.
 ...                                              
                                                  
l.3 ...ƒÏ‰Ï‚ ÎµÏ€ÏŒÎ¼ÎµÎ½Î¿ ÏƒÏ„ÏÏÎ¼Î± Î±Ï€Î¿ Ï„
                                                  Î¿Ï…Ï‚ Î´ÏÎ¿ FTPC Ï…Ï€Î¬Ï...

You may provide a definition with
\DeclareUnicodeCharacter 


! Package inputenc Error: Unicode character Î¿ (U+03BF)
(inputenc)                not set up for use with LaTeX.

See the inputenc package documentation for explanation.
Type  H <return>  for immediate help.
 ...                                              
                                                  
l.3 ...‰Ï‚ ÎµÏ€ÏŒÎ¼ÎµÎ½Î¿ ÏƒÏ„ÏÏÎ¼Î± Î±Ï€Î¿ Ï„Î¿
                                                  Ï…Ï‚ Î´ÏÎ¿ FTPC Ï…Ï€Î¬ÏÏ...

You may provide a definition with
\DeclareUnicodeCharacter 


! Package inputenc Error: Unicode character Ï… (U+03C5)
(inputenc)                not set up for use with LaTeX.

See the inputenc package documentation for explanation.
Type  H <return>  for immediate help.
 ...                                              
                                                  
l.3 ...‚ ÎµÏ€ÏŒÎ¼ÎµÎ½Î¿ ÏƒÏ„ÏÏÎ¼Î± Î±Ï€Î¿ Ï„Î¿Ï…
                                                  Ï‚ Î´ÏÎ¿ FTPC Ï…Ï€Î¬ÏÏ‡Î...

You may provide a definition with
\DeclareUnicodeCharacter 


! Package inputenc Error: Unicode character Ï‚ (U+03C2)
(inputenc)                not set up for use with LaTeX.

See the inputenc package documentation for explanation.
Type  H <return>  for immediate help.
 ...                                              
                                                  
l.3 ...ÎµÏ€ÏŒÎ¼ÎµÎ½Î¿ ÏƒÏ„ÏÏÎ¼Î± Î±Ï€Î¿ Ï„Î¿Ï…Ï‚
                                                   Î´ÏÎ¿ FTPC Ï…Ï€Î¬ÏÏ‡ÎµÎ...

You may provide a definition with
\DeclareUnicodeCharacter 


! Package inputenc Error: Unicode character Î´ (U+03B4)
(inputenc)                not set up for use with LaTeX.

See the inputenc package documentation for explanation.
Type  H <return>  for immediate help.
 ...                                              
                                                  
l.3 ...€ÏŒÎ¼ÎµÎ½Î¿ ÏƒÏ„ÏÏÎ¼Î± Î±Ï€Î¿ Ï„Î¿Ï…Ï‚ Î´
                                                  ÏÎ¿ FTPC Ï…Ï€Î¬ÏÏ‡ÎµÎ¹ Î...

You may provide a definition with
\DeclareUnicodeCharacter 


! Package inputenc Error: Unicode character Ï (U+03CD)
(inputenc)                not set up for use with LaTeX.

See the inputenc package documentation for explanation.
Type  H <return>  for immediate help.
 ...                                              
                                                  
l.3 ...ŒÎ¼ÎµÎ½Î¿ ÏƒÏ„ÏÏÎ¼Î± Î±Ï€Î¿ Ï„Î¿Ï…Ï‚ Î´Ï
                                                  Î¿ FTPC Ï…Ï€Î¬ÏÏ‡ÎµÎ¹ Î­Î...

You may provide a definition with
\DeclareUnicodeCharacter 


! Package inputenc Error: Unicode character Î¿ (U+03BF)
(inputenc)                not set up for use with LaTeX.

See the inputenc package documentation for explanation.
Type  H <return>  for immediate help.
 ...                                              
                                                  
l.3 ...¼ÎµÎ½Î¿ ÏƒÏ„ÏÏÎ¼Î± Î±Ï€Î¿ Ï„Î¿Ï…Ï‚ Î´ÏÎ¿
                                                   FTPC Ï…Ï€Î¬ÏÏ‡ÎµÎ¹ Î­Î½Î...

You may provide a definition with
\DeclareUnicodeCharacter 


! LaTeX Error: Missing \begin{document}.

See the LaTeX manual or LaTeX Companion for explanation.
Type  H <return>  for immediate help.
 ...                                              
                                                  
l.3 ...µÎ½Î¿ ÏƒÏ„ÏÏÎ¼Î± Î±Ï€Î¿ Ï„Î¿Ï…Ï‚ Î´ÏÎ¿ F
                                                  TPC Ï…Ï€Î¬ÏÏ‡ÎµÎ¹ Î­Î½Î±Ï...

You're in trouble here.  Try typing  <return>  to proceed.
If that doesn't work, type  X <return>  to quit.

Missing character: There is no F in font nullfont!
Missing character: There is no T in font nullfont!
Missing character: There is no P in font nullfont!
Missing character: There is no C in font nullfont!

! Package inputenc Error: Unicode character Ï… (U+03C5)
(inputenc)                not set up for use with LaTeX.

See the inputenc package documentation for explanation.
Type  H <return>  for immediate help.
 ...                                              
                                                  
l.3 ...ÏƒÏ„ÏÏÎ¼Î± Î±Ï€Î¿ Ï„Î¿Ï…Ï‚ Î´ÏÎ¿ FTPC Ï…
                                                  Ï€Î¬ÏÏ‡ÎµÎ¹ Î­Î½Î±Ï‚ Ï„Ï…...

You may provide a definition with
\DeclareUnicodeCharacter 


! Package inputenc Error: Unicode character Ï€ (U+03C0)
(inputenc)                not set up for use with LaTeX.

See the inputenc package documentation for explanation.
Type  H <return>  for immediate help.
 ...                                              
                                                  
l.3 ...Ï„ÏÏÎ¼Î± Î±Ï€Î¿ Ï„Î¿Ï…Ï‚ Î´ÏÎ¿ FTPC Ï…Ï€
                                                  Î¬ÏÏ‡ÎµÎ¹ Î­Î½Î±Ï‚ Ï„Ï…Ï€...

You may provide a definition with
\DeclareUnicodeCharacter 


! Package inputenc Error: Unicode character Î¬ (U+03AC)
(inputenc)                not set up for use with LaTeX.

See the inputenc package documentation for explanation.
Type  H <return>  for immediate help.
 ...                                              
                                                  
l.3 ...ÏÏÎ¼Î± Î±Ï€Î¿ Ï„Î¿Ï…Ï‚ Î´ÏÎ¿ FTPC Ï…Ï€Î¬
                                                  ÏÏ‡ÎµÎ¹ Î­Î½Î±Ï‚ Ï„Ï…Ï€Î¹...

You may provide a definition with
\DeclareUnicodeCharacter 


! Package inputenc Error: Unicode character Ï (U+03C1)
(inputenc)                not set up for use with LaTeX.

See the inputenc package documentation for explanation.
Type  H <return>  for immediate help.
 ...                                              
                                                  
l.3 ...ÏÎ¼Î± Î±Ï€Î¿ Ï„Î¿Ï…Ï‚ Î´ÏÎ¿ FTPC Ï…Ï€Î¬Ï
                                                  Ï‡ÎµÎ¹ Î­Î½Î±Ï‚ Ï„Ï…Ï€Î¹Îº...

You may provide a definition with
\DeclareUnicodeCharacter 


! Package inputenc Error: Unicode character Ï‡ (U+03C7)
(inputenc)                not set up for use with LaTeX.

See the inputenc package documentation for explanation.
Type  H <return>  for immediate help.
 ...                                              
                                                  
l.3 ...Î¼Î± Î±Ï€Î¿ Ï„Î¿Ï…Ï‚ Î´ÏÎ¿ FTPC Ï…Ï€Î¬ÏÏ‡
                                                  ÎµÎ¹ Î­Î½Î±Ï‚ Ï„Ï…Ï€Î¹ÎºÏŒ...

You may provide a definition with
\DeclareUnicodeCharacter 


! Package inputenc Error: Unicode character Îµ (U+03B5)
(inputenc)                not set up for use with LaTeX.

See the inputenc package documentation for explanation.
Type  H <return>  for immediate help.
 ...                                              
                                                  
l.3 ...Î± Î±Ï€Î¿ Ï„Î¿Ï…Ï‚ Î´ÏÎ¿ FTPC Ï…Ï€Î¬ÏÏ‡Îµ
                                                  Î¹ Î­Î½Î±Ï‚ Ï„Ï…Ï€Î¹ÎºÏŒÏ‚...

You may provide a definition with
\DeclareUnicodeCharacter 


! Package inputenc Error: Unicode character Î¹ (U+03B9)
(inputenc)                not set up for use with LaTeX.

See the inputenc package documentation for explanation.
Type  H <return>  for immediate help.
 ...                                              
                                                  
l.3 ... Î±Ï€Î¿ Ï„Î¿Ï…Ï‚ Î´ÏÎ¿ FTPC Ï…Ï€Î¬ÏÏ‡ÎµÎ¹
                                                   Î­Î½Î±Ï‚ Ï„Ï…Ï€Î¹ÎºÏŒÏ‚ T...

You may provide a definition with
\DeclareUnicodeCharacter 


! Package inputenc Error: Unicode character Î­ (U+03AD)
(inputenc)                not set up for use with LaTeX.

See the inputenc package documentation for explanation.
Type  H <return>  for immediate help.
 ...                                              
                                                  
l.3 ...Ï€Î¿ Ï„Î¿Ï…Ï‚ Î´ÏÎ¿ FTPC Ï…Ï€Î¬ÏÏ‡ÎµÎ¹ Î­
                                                  Î½Î±Ï‚ Ï„Ï…Ï€Î¹ÎºÏŒÏ‚ TPC ...

You may provide a definition with
\DeclareUnicodeCharacter 


! Package inputenc Error: Unicode character Î½ (U+03BD)
(inputenc)                not set up for use with LaTeX.

See the inputenc package documentation for explanation.
Type  H <return>  for immediate help.
 ...                                              
                                                  
l.3 ...Î¿ Ï„Î¿Ï…Ï‚ Î´ÏÎ¿ FTPC Ï…Ï€Î¬ÏÏ‡ÎµÎ¹ Î­Î½
                                                  Î±Ï‚ Ï„Ï…Ï€Î¹ÎºÏŒÏ‚ TPC (Î...

You may provide a definition with
\DeclareUnicodeCharacter 


! Package inputenc Error: Unicode character Î± (U+03B1)
(inputenc)                not set up for use with LaTeX.

See the inputenc package documentation for explanation.
Type  H <return>  for immediate help.
 ...                                              
                                                  
l.3 ... Ï„Î¿Ï…Ï‚ Î´ÏÎ¿ FTPC Ï…Ï€Î¬ÏÏ‡ÎµÎ¹ Î­Î½Î±
                                                  Ï‚ Ï„Ï…Ï€Î¹ÎºÏŒÏ‚ TPC (Î±Ï...

You may provide a definition with
\DeclareUnicodeCharacter 


! Package inputenc Error: Unicode character Ï‚ (U+03C2)
(inputenc)                not set up for use with LaTeX.

See the inputenc package documentation for explanation.
Type  H <return>  for immediate help.
 ...                                              
                                                  
l.3 ...„Î¿Ï…Ï‚ Î´ÏÎ¿ FTPC Ï…Ï€Î¬ÏÏ‡ÎµÎ¹ Î­Î½Î±Ï‚
                                                   Ï„Ï…Ï€Î¹ÎºÏŒÏ‚ TPC (Î±Ï…Ï...

You may provide a definition with
\DeclareUnicodeCharacter 


! Package inputenc Error: Unicode character Ï„ (U+03C4)
(inputenc)                not set up for use with LaTeX.

See the inputenc package documentation for explanation.
Type  H <return>  for immediate help.
 ...                                              
                                                  
l.3 ...Ï…Ï‚ Î´ÏÎ¿ FTPC Ï…Ï€Î¬ÏÏ‡ÎµÎ¹ Î­Î½Î±Ï‚ Ï„
                                                  Ï…Ï€Î¹ÎºÏŒÏ‚ TPC (Î±Ï…Ï„ÏŒ...

You may provide a definition with
\DeclareUnicodeCharacter 


! Package inputenc Error: Unicode character Ï… (U+03C5)
(inputenc)                not set up for use with LaTeX.

See the inputenc package documentation for explanation.
Type  H <return>  for immediate help.
 ...                                              
                                                  
l.3 ...Ï‚ Î´ÏÎ¿ FTPC Ï…Ï€Î¬ÏÏ‡ÎµÎ¹ Î­Î½Î±Ï‚ Ï„Ï…
                                                  Ï€Î¹ÎºÏŒÏ‚ TPC (Î±Ï…Ï„ÏŒÏ‚...

You may provide a definition with
\DeclareUnicodeCharacter 


! Package inputenc Error: Unicode character Ï€ (U+03C0)
(inputenc)                not set up for use with LaTeX.

See the inputenc package documentation for explanation.
Type  H <return>  for immediate help.
 ...                                              
                                                  
l.3 ... Î´ÏÎ¿ FTPC Ï…Ï€Î¬ÏÏ‡ÎµÎ¹ Î­Î½Î±Ï‚ Ï„Ï…Ï€
                                                  Î¹ÎºÏŒÏ‚ TPC (Î±Ï…Ï„ÏŒÏ‚ Î...

You may provide a definition with
\DeclareUnicodeCharacter 


! Package inputenc Error: Unicode character Î¹ (U+03B9)
(inputenc)                not set up for use with LaTeX.

See the inputenc package documentation for explanation.
Type  H <return>  for immediate help.
 ...                                              
                                                  
l.3 ...´ÏÎ¿ FTPC Ï…Ï€Î¬ÏÏ‡ÎµÎ¹ Î­Î½Î±Ï‚ Ï„Ï…Ï€Î¹
                                                  ÎºÏŒÏ‚ TPC (Î±Ï…Ï„ÏŒÏ‚ ÎµÎ...

You may provide a definition with
\DeclareUnicodeCharacter 


! Package inputenc Error: Unicode character Îº (U+03BA)
(inputenc)                not set up for use with LaTeX.

See the inputenc package documentation for explanation.
Type  H <return>  for immediate help.
 ...                                              
                                                  
l.3 ...Î¿ FTPC Ï…Ï€Î¬ÏÏ‡ÎµÎ¹ Î­Î½Î±Ï‚ Ï„Ï…Ï€Î¹Îº
                                                  ÏŒÏ‚ TPC (Î±Ï…Ï„ÏŒÏ‚ ÎµÎ¯Î...

You may provide a definition with
\DeclareUnicodeCharacter 


! Package inputenc Error: Unicode character ÏŒ (U+03CC)
(inputenc)                not set up for use with LaTeX.

See the inputenc package documentation for explanation.
Type  H <return>  for immediate help.
 ...                                              
                                                  
l.3 ...¿ FTPC Ï…Ï€Î¬ÏÏ‡ÎµÎ¹ Î­Î½Î±Ï‚ Ï„Ï…Ï€Î¹ÎºÏŒ
                                                  Ï‚ TPC (Î±Ï…Ï„ÏŒÏ‚ ÎµÎ¯Î½Î...

You may provide a definition with
\DeclareUnicodeCharacter 


! Package inputenc Error: Unicode character Ï‚ (U+03C2)
(inputenc)                not set up for use with LaTeX.

See the inputenc package documentation for explanation.
Type  H <return>  for immediate help.
 ...                                              
                                                  
l.3 ...FTPC Ï…Ï€Î¬ÏÏ‡ÎµÎ¹ Î­Î½Î±Ï‚ Ï„Ï…Ï€Î¹ÎºÏŒÏ‚
                                                   TPC (Î±Ï…Ï„ÏŒÏ‚ ÎµÎ¯Î½Î±Î...

You may provide a definition with
\DeclareUnicodeCharacter 

Missing character: There is no T in font nullfont!
Missing character: There is no P in font nullfont!
Missing character: There is no C in font nullfont!
Missing character: There is no ( in font nullfont!

! Package inputenc Error: Unicode character Î± (U+03B1)
(inputenc)                not set up for use with LaTeX.

See the inputenc package documentation for explanation.
Type  H <return>  for immediate help.
 ...                                              
                                                  
l.3 ...€Î¬ÏÏ‡ÎµÎ¹ Î­Î½Î±Ï‚ Ï„Ï…Ï€Î¹ÎºÏŒÏ‚ TPC (Î±
                                                  Ï…Ï„ÏŒÏ‚ ÎµÎ¯Î½Î±Î¹ ÎºÎ±Î¹...

You may provide a definition with
\DeclareUnicodeCharacter 


! Package inputenc Error: Unicode character Ï… (U+03C5)
(inputenc)                not set up for use with LaTeX.

See the inputenc package documentation for explanation.
Type  H <return>  for immediate help.
 ...                                              
                                                  
l.3 ...¬ÏÏ‡ÎµÎ¹ Î­Î½Î±Ï‚ Ï„Ï…Ï€Î¹ÎºÏŒÏ‚ TPC (Î±Ï…
                                                  Ï„ÏŒÏ‚ ÎµÎ¯Î½Î±Î¹ ÎºÎ±Î¹ Î...

You may provide a definition with
\DeclareUnicodeCharacter 


! Package inputenc Error: Unicode character Ï„ (U+03C4)
(inputenc)                not set up for use with LaTeX.

See the inputenc package documentation for explanation.
Type  H <return>  for immediate help.
 ...                                              
                                                  
l.3 ...Ï‡ÎµÎ¹ Î­Î½Î±Ï‚ Ï„Ï…Ï€Î¹ÎºÏŒÏ‚ TPC (Î±Ï…Ï„
                                                  ÏŒÏ‚ ÎµÎ¯Î½Î±Î¹ ÎºÎ±Î¹ Î¿ ...

You may provide a definition with
\DeclareUnicodeCharacter 


! Package inputenc Error: Unicode character ÏŒ (U+03CC)
(inputenc)                not set up for use with LaTeX.

See the inputenc package documentation for explanation.
Type  H <return>  for immediate help.
 ...                                              
                                                  
l.3 ...‡ÎµÎ¹ Î­Î½Î±Ï‚ Ï„Ï…Ï€Î¹ÎºÏŒÏ‚ TPC (Î±Ï…Ï„ÏŒ
                                                  Ï‚ ÎµÎ¯Î½Î±Î¹ ÎºÎ±Î¹ Î¿ Î²...

You may provide a definition with
\DeclareUnicodeCharacter 


! Package inputenc Error: Unicode character Ï‚ (U+03C2)
(inputenc)                not set up for use with LaTeX.

See the inputenc package documentation for explanation.
Type  H <return>  for immediate help.
 ...                                              
                                                  
l.3 ...µÎ¹ Î­Î½Î±Ï‚ Ï„Ï…Ï€Î¹ÎºÏŒÏ‚ TPC (Î±Ï…Ï„ÏŒÏ‚
                                                   ÎµÎ¯Î½Î±Î¹ ÎºÎ±Î¹ Î¿ Î²Î±...

You may provide a definition with
\DeclareUnicodeCharacter 


! Package inputenc Error: Unicode character Îµ (U+03B5)
(inputenc)                not set up for use with LaTeX.

See the inputenc package documentation for explanation.
Type  H <return>  for immediate help.
 ...                                              
                                                  
l.3 ... Î­Î½Î±Ï‚ Ï„Ï…Ï€Î¹ÎºÏŒÏ‚ TPC (Î±Ï…Ï„ÏŒÏ‚ Îµ
                                                  Î¯Î½Î±Î¹ ÎºÎ±Î¹ Î¿ Î²Î±ÏƒÎ...

You may provide a definition with
\DeclareUnicodeCharacter 


! Package inputenc Error: Unicode character Î¯ (U+03AF)
(inputenc)                not set up for use with LaTeX.

See the inputenc package documentation for explanation.
Type  H <return>  for immediate help.
 ...                                              
                                                  
l.3 ...­Î½Î±Ï‚ Ï„Ï…Ï€Î¹ÎºÏŒÏ‚ TPC (Î±Ï…Ï„ÏŒÏ‚ ÎµÎ¯
                                                  Î½Î±Î¹ ÎºÎ±Î¹ Î¿ Î²Î±ÏƒÎ¹Î...

You may provide a definition with
\DeclareUnicodeCharacter 


! Package inputenc Error: Unicode character Î½ (U+03BD)
(inputenc)                not set up for use with LaTeX.

See the inputenc package documentation for explanation.
Type  H <return>  for immediate help.
 ...                                              
                                                  
l.3 ...½Î±Ï‚ Ï„Ï…Ï€Î¹ÎºÏŒÏ‚ TPC (Î±Ï…Ï„ÏŒÏ‚ ÎµÎ¯Î½
                                                  Î±Î¹ ÎºÎ±Î¹ Î¿ Î²Î±ÏƒÎ¹ÎºÏ...

You may provide a definition with
\DeclareUnicodeCharacter 


! Package inputenc Error: Unicode character Î± (U+03B1)
(inputenc)                not set up for use with LaTeX.

See the inputenc package documentation for explanation.
Type  H <return>  for immediate help.
 ...                                              
                                                  
l.3 ...±Ï‚ Ï„Ï…Ï€Î¹ÎºÏŒÏ‚ TPC (Î±Ï…Ï„ÏŒÏ‚ ÎµÎ¯Î½Î±
                                                  Î¹ ÎºÎ±Î¹ Î¿ Î²Î±ÏƒÎ¹ÎºÏŒÏ...

You may provide a definition with
\DeclareUnicodeCharacter 


! Package inputenc Error: Unicode character Î¹ (U+03B9)
(inputenc)                not set up for use with LaTeX.

See the inputenc package documentation for explanation.
Type  H <return>  for immediate help.
 ...                                              
                                                  
l.3 ...‚ Ï„Ï…Ï€Î¹ÎºÏŒÏ‚ TPC (Î±Ï…Ï„ÏŒÏ‚ ÎµÎ¯Î½Î±Î¹
                                                   ÎºÎ±Î¹ Î¿ Î²Î±ÏƒÎ¹ÎºÏŒÏ‚ ...

You may provide a definition with
\DeclareUnicodeCharacter 


! Package inputenc Error: Unicode character Îº (U+03BA)
(inputenc)                not set up for use with LaTeX.

See the inputenc package documentation for explanation.
Type  H <return>  for immediate help.
 ...                                              
                                                  
l.3 ...„Ï…Ï€Î¹ÎºÏŒÏ‚ TPC (Î±Ï…Ï„ÏŒÏ‚ ÎµÎ¯Î½Î±Î¹ Îº
                                                  Î±Î¹ Î¿ Î²Î±ÏƒÎ¹ÎºÏŒÏ‚ Î±Î...

You may provide a definition with
\DeclareUnicodeCharacter 


! Package inputenc Error: Unicode character Î± (U+03B1)
(inputenc)                not set up for use with LaTeX.

See the inputenc package documentation for explanation.
Type  H <return>  for immediate help.
 ...                                              
                                                  
l.3 ...…Ï€Î¹ÎºÏŒÏ‚ TPC (Î±Ï…Ï„ÏŒÏ‚ ÎµÎ¯Î½Î±Î¹ ÎºÎ±
                                                  Î¹ Î¿ Î²Î±ÏƒÎ¹ÎºÏŒÏ‚ Î±Î½Î...

You may provide a definition with
\DeclareUnicodeCharacter 


! Package inputenc Error: Unicode character Î¹ (U+03B9)
(inputenc)                not set up for use with LaTeX.

See the inputenc package documentation for explanation.
Type  H <return>  for immediate help.
 ...                                              
                                                  
l.3 ...€Î¹ÎºÏŒÏ‚ TPC (Î±Ï…Ï„ÏŒÏ‚ ÎµÎ¯Î½Î±Î¹ ÎºÎ±Î¹
                                                   Î¿ Î²Î±ÏƒÎ¹ÎºÏŒÏ‚ Î±Î½Î¹Ï...

You may provide a definition with
\DeclareUnicodeCharacter 


! Package inputenc Error: Unicode character Î¿ (U+03BF)
(inputenc)                not set up for use with LaTeX.

See the inputenc package documentation for explanation.
Type  H <return>  for immediate help.
 ...                                              
                                                  
l.3 ...ÎºÏŒÏ‚ TPC (Î±Ï…Ï„ÏŒÏ‚ ÎµÎ¯Î½Î±Î¹ ÎºÎ±Î¹ Î¿
                                                   Î²Î±ÏƒÎ¹ÎºÏŒÏ‚ Î±Î½Î¹Ï‡Î½...

You may provide a definition with
\DeclareUnicodeCharacter 


! Package inputenc Error: Unicode character Î² (U+03B2)
(inputenc)                not set up for use with LaTeX.

See the inputenc package documentation for explanation.
Type  H <return>  for immediate help.
 ...                                              
                                                  
l.3 ...ŒÏ‚ TPC (Î±Ï…Ï„ÏŒÏ‚ ÎµÎ¯Î½Î±Î¹ ÎºÎ±Î¹ Î¿ Î²
                                                  Î±ÏƒÎ¹ÎºÏŒÏ‚ Î±Î½Î¹Ï‡Î½ÎµÏ...

You may provide a definition with
\DeclareUnicodeCharacter 


! Package inputenc Error: Unicode character Î± (U+03B1)
(inputenc)                not set up for use with LaTeX.

See the inputenc package documentation for explanation.
Type  H <return>  for immediate help.
 ...                                              
                                                  
l.3 ...‚ TPC (Î±Ï…Ï„ÏŒÏ‚ ÎµÎ¯Î½Î±Î¹ ÎºÎ±Î¹ Î¿ Î²Î±
                                                  ÏƒÎ¹ÎºÏŒÏ‚ Î±Î½Î¹Ï‡Î½ÎµÏ…Ï...

You may provide a definition with
\DeclareUnicodeCharacter 


! Package inputenc Error: Unicode character Ïƒ (U+03C3)
(inputenc)                not set up for use with LaTeX.

See the inputenc package documentation for explanation.
Type  H <return>  for immediate help.
 ...                                              
                                                  
l.3 ...TPC (Î±Ï…Ï„ÏŒÏ‚ ÎµÎ¯Î½Î±Î¹ ÎºÎ±Î¹ Î¿ Î²Î±Ïƒ
                                                  Î¹ÎºÏŒÏ‚ Î±Î½Î¹Ï‡Î½ÎµÏ…Ï„Î...

You may provide a definition with
\DeclareUnicodeCharacter 


! Package inputenc Error: Unicode character Î¹ (U+03B9)
(inputenc)                not set up for use with LaTeX.

See the inputenc package documentation for explanation.
Type  H <return>  for immediate help.
 ...                                              
                                                  
l.3 ...C (Î±Ï…Ï„ÏŒÏ‚ ÎµÎ¯Î½Î±Î¹ ÎºÎ±Î¹ Î¿ Î²Î±ÏƒÎ¹
                                                  ÎºÏŒÏ‚ Î±Î½Î¹Ï‡Î½ÎµÏ…Ï„Î®Ï...

You may provide a definition with
\DeclareUnicodeCharacter 


! Package inputenc Error: Unicode character Îº (U+03BA)
(inputenc)                not set up for use with LaTeX.

See the inputenc package documentation for explanation.
Type  H <return>  for immediate help.
 ...                                              
                                                  
l.3 ...(Î±Ï…Ï„ÏŒÏ‚ ÎµÎ¯Î½Î±Î¹ ÎºÎ±Î¹ Î¿ Î²Î±ÏƒÎ¹Îº
                                                  ÏŒÏ‚ Î±Î½Î¹Ï‡Î½ÎµÏ…Ï„Î®Ï‚ ...

You may provide a definition with
\DeclareUnicodeCharacter 


! Package inputenc Error: Unicode character ÏŒ (U+03CC)
(inputenc)                not set up for use with LaTeX.

See the inputenc package documentation for explanation.
Type  H <return>  for immediate help.
 ...                                              
                                                  
l.3 ...±Ï…Ï„ÏŒÏ‚ ÎµÎ¯Î½Î±Î¹ ÎºÎ±Î¹ Î¿ Î²Î±ÏƒÎ¹ÎºÏŒ
                                                  Ï‚ Î±Î½Î¹Ï‡Î½ÎµÏ…Ï„Î®Ï‚ Ï„...

You may provide a definition with
\DeclareUnicodeCharacter 


! Package inputenc Error: Unicode character Ï‚ (U+03C2)
(inputenc)                not set up for use with LaTeX.

See the inputenc package documentation for explanation.
Type  H <return>  for immediate help.
 ...                                              
                                                  
l.3 ...…Ï„ÏŒÏ‚ ÎµÎ¯Î½Î±Î¹ ÎºÎ±Î¹ Î¿ Î²Î±ÏƒÎ¹ÎºÏŒÏ‚
                                                   Î±Î½Î¹Ï‡Î½ÎµÏ…Ï„Î®Ï‚ Ï„Î¿...

You may provide a definition with
\DeclareUnicodeCharacter 


! Package inputenc Error: Unicode character Î± (U+03B1)
(inputenc)                not set up for use with LaTeX.

See the inputenc package documentation for explanation.
Type  H <return>  for immediate help.
 ...                                              
                                                  
l.3 ...ÏŒÏ‚ ÎµÎ¯Î½Î±Î¹ ÎºÎ±Î¹ Î¿ Î²Î±ÏƒÎ¹ÎºÏŒÏ‚ Î±
                                                  Î½Î¹Ï‡Î½ÎµÏ…Ï„Î®Ï‚ Ï„Î¿Ï… ...

You may provide a definition with
\DeclareUnicodeCharacter 


! Package inputenc Error: Unicode character Î½ (U+03BD)
(inputenc)                not set up for use with LaTeX.

See the inputenc package documentation for explanation.
Type  H <return>  for immediate help.
 ...                                              
                                                  
l.3 ...Ï‚ ÎµÎ¯Î½Î±Î¹ ÎºÎ±Î¹ Î¿ Î²Î±ÏƒÎ¹ÎºÏŒÏ‚ Î±Î½
                                                  Î¹Ï‡Î½ÎµÏ…Ï„Î®Ï‚ Ï„Î¿Ï… ST...

You may provide a definition with
\DeclareUnicodeCharacter 


! Package inputenc Error: Unicode character Î¹ (U+03B9)
(inputenc)                not set up for use with LaTeX.

See the inputenc package documentation for explanation.
Type  H <return>  for immediate help.
 ...                                              
                                                  
l.3 ... ÎµÎ¯Î½Î±Î¹ ÎºÎ±Î¹ Î¿ Î²Î±ÏƒÎ¹ÎºÏŒÏ‚ Î±Î½Î¹
                                                  Ï‡Î½ÎµÏ…Ï„Î®Ï‚ Ï„Î¿Ï… STAR...

You may provide a definition with
\DeclareUnicodeCharacter 


! Package inputenc Error: Unicode character Ï‡ (U+03C7)
(inputenc)                not set up for use with LaTeX.

See the inputenc package documentation for explanation.
Type  H <return>  for immediate help.
 ...                                              
                                                  
l.3 ...µÎ¯Î½Î±Î¹ ÎºÎ±Î¹ Î¿ Î²Î±ÏƒÎ¹ÎºÏŒÏ‚ Î±Î½Î¹Ï‡
                                                  Î½ÎµÏ…Ï„Î®Ï‚ Ï„Î¿Ï… STAR),...

You may provide a definition with
\DeclareUnicodeCharacter 


! Package inputenc Error: Unicode character Î½ (U+03BD)
(inputenc)                not set up for use with LaTeX.

See the inputenc package documentation for explanation.
Type  H <return>  for immediate help.
 ...                                              
                                                  
l.3 ...¯Î½Î±Î¹ ÎºÎ±Î¹ Î¿ Î²Î±ÏƒÎ¹ÎºÏŒÏ‚ Î±Î½Î¹Ï‡Î½
                                                  ÎµÏ…Ï„Î®Ï‚ Ï„Î¿Ï… STAR), Ï...

You may provide a definition with
\DeclareUnicodeCharacter 


! Package inputenc Error: Unicode character Îµ (U+03B5)
(inputenc)                not set up for use with LaTeX.

See the inputenc package documentation for explanation.
Type  H <return>  for immediate help.
 ...                                              
                                                  
l.3 ...½Î±Î¹ ÎºÎ±Î¹ Î¿ Î²Î±ÏƒÎ¹ÎºÏŒÏ‚ Î±Î½Î¹Ï‡Î½Îµ
                                                  Ï…Ï„Î®Ï‚ Ï„Î¿Ï… STAR), Ï€Î...

You may provide a definition with
\DeclareUnicodeCharacter 


! Package inputenc Error: Unicode character Ï… (U+03C5)
(inputenc)                not set up for use with LaTeX.

See the inputenc package documentation for explanation.
Type  H <return>  for immediate help.
 ...                                              
                                                  
l.3 ...±Î¹ ÎºÎ±Î¹ Î¿ Î²Î±ÏƒÎ¹ÎºÏŒÏ‚ Î±Î½Î¹Ï‡Î½ÎµÏ…
                                                  Ï„Î®Ï‚ Ï„Î¿Ï… STAR), Ï€Î¿Ï...

You may provide a definition with
\DeclareUnicodeCharacter 


! Package inputenc Error: Unicode character Ï„ (U+03C4)
(inputenc)                not set up for use with LaTeX.

See the inputenc package documentation for explanation.
Type  H <return>  for immediate help.
 ...                                              
                                                  
l.3 ...¹ ÎºÎ±Î¹ Î¿ Î²Î±ÏƒÎ¹ÎºÏŒÏ‚ Î±Î½Î¹Ï‡Î½ÎµÏ…Ï„
                                                  Î®Ï‚ Ï„Î¿Ï… STAR), Ï€Î¿Ï… ...

You may provide a definition with
\DeclareUnicodeCharacter 


! Package inputenc Error: Unicode character Î® (U+03AE)
(inputenc)                not set up for use with LaTeX.

See the inputenc package documentation for explanation.
Type  H <return>  for immediate help.
 ...                                              
                                                  
l.3 ...ÎºÎ±Î¹ Î¿ Î²Î±ÏƒÎ¹ÎºÏŒÏ‚ Î±Î½Î¹Ï‡Î½ÎµÏ…Ï„Î®
                                                  Ï‚ Ï„Î¿Ï… STAR), Ï€Î¿Ï… Î±...

You may provide a definition with
\DeclareUnicodeCharacter 


! Package inputenc Error: Unicode character Ï‚ (U+03C2)
(inputenc)                not set up for use with LaTeX.

See the inputenc package documentation for explanation.
Type  H <return>  for immediate help.
 ...                                              
                                                  
l.3 ...Î±Î¹ Î¿ Î²Î±ÏƒÎ¹ÎºÏŒÏ‚ Î±Î½Î¹Ï‡Î½ÎµÏ…Ï„Î®Ï‚
                                                   Ï„Î¿Ï… STAR), Ï€Î¿Ï… Î±Î½...

You may provide a definition with
\DeclareUnicodeCharacter 


! Package inputenc Error: Unicode character Ï„ (U+03C4)
(inputenc)                not set up for use with LaTeX.

See the inputenc package documentation for explanation.
Type  H <return>  for immediate help.
 ...                                              
                                                  
l.3 ...¹ Î¿ Î²Î±ÏƒÎ¹ÎºÏŒÏ‚ Î±Î½Î¹Ï‡Î½ÎµÏ…Ï„Î®Ï‚ Ï„
                                                  Î¿Ï… STAR), Ï€Î¿Ï… Î±Î½Î±Î...

You may provide a definition with
\DeclareUnicodeCharacter 


! Package inputenc Error: Unicode character Î¿ (U+03BF)
(inputenc)                not set up for use with LaTeX.

See the inputenc package documentation for explanation.
Type  H <return>  for immediate help.
 ...                                              
                                                  
l.3 ...Î¿ Î²Î±ÏƒÎ¹ÎºÏŒÏ‚ Î±Î½Î¹Ï‡Î½ÎµÏ…Ï„Î®Ï‚ Ï„Î¿
                                                  Ï… STAR), Ï€Î¿Ï… Î±Î½Î±ÎºÎ...

You may provide a definition with
\DeclareUnicodeCharacter 


! Package inputenc Error: Unicode character Ï… (U+03C5)
(inputenc)                not set up for use with LaTeX.

See the inputenc package documentation for explanation.
Type  H <return>  for immediate help.
 ...                                              
                                                  
l.3 ... Î²Î±ÏƒÎ¹ÎºÏŒÏ‚ Î±Î½Î¹Ï‡Î½ÎµÏ…Ï„Î®Ï‚ Ï„Î¿Ï…
                                                   STAR), Ï€Î¿Ï… Î±Î½Î±ÎºÎ±Ï...

You may provide a definition with
\DeclareUnicodeCharacter 

Missing character: There is no S in font nullfont!
Missing character: There is no T in font nullfont!
Missing character: There is no A in font nullfont!
Missing character: There is no R in font nullfont!
Missing character: There is no ) in font nullfont!
Missing character: There is no , in font nullfont!

! Package inputenc Error: Unicode character Ï€ (U+03C0)
(inputenc)                not set up for use with LaTeX.

See the inputenc package documentation for explanation.
Type  H <return>  for immediate help.
 ...                                              
                                                  
l.3 ...ºÏŒÏ‚ Î±Î½Î¹Ï‡Î½ÎµÏ…Ï„Î®Ï‚ Ï„Î¿Ï… STAR), Ï€
                                                  Î¿Ï… Î±Î½Î±ÎºÎ±Ï„Î±ÏƒÎºÎµÏ...

You may provide a definition with
\DeclareUnicodeCharacter 


! Package inputenc Error: Unicode character Î¿ (U+03BF)
(inputenc)                not set up for use with LaTeX.

See the inputenc package documentation for explanation.
Type  H <return>  for immediate help.
 ...                                              
                                                  
l.3 ...ŒÏ‚ Î±Î½Î¹Ï‡Î½ÎµÏ…Ï„Î®Ï‚ Ï„Î¿Ï… STAR), Ï€Î¿
                                                  Ï… Î±Î½Î±ÎºÎ±Ï„Î±ÏƒÎºÎµÏ…Î...

You may provide a definition with
\DeclareUnicodeCharacter 


! Package inputenc Error: Unicode character Ï… (U+03C5)
(inputenc)                not set up for use with LaTeX.

See the inputenc package documentation for explanation.
Type  H <return>  for immediate help.
 ...                                              
                                                  
l.3 ...‚ Î±Î½Î¹Ï‡Î½ÎµÏ…Ï„Î®Ï‚ Ï„Î¿Ï… STAR), Ï€Î¿Ï…
                                                   Î±Î½Î±ÎºÎ±Ï„Î±ÏƒÎºÎµÏ…Î¬Î...

You may provide a definition with
\DeclareUnicodeCharacter 


! Package inputenc Error: Unicode character Î± (U+03B1)
(inputenc)                not set up for use with LaTeX.

See the inputenc package documentation for explanation.
Type  H <return>  for immediate help.
 ...                                              
                                                  
l.3 ...±Î½Î¹Ï‡Î½ÎµÏ…Ï„Î®Ï‚ Ï„Î¿Ï… STAR), Ï€Î¿Ï… Î±
                                                  Î½Î±ÎºÎ±Ï„Î±ÏƒÎºÎµÏ…Î¬Î¶Îµ...

You may provide a definition with
\DeclareUnicodeCharacter 


! Package inputenc Error: Unicode character Î½ (U+03BD)
(inputenc)                not set up for use with LaTeX.

See the inputenc package documentation for explanation.
Type  H <return>  for immediate help.
 ...                                              
                                                  
l.3 ...½Î¹Ï‡Î½ÎµÏ…Ï„Î®Ï‚ Ï„Î¿Ï… STAR), Ï€Î¿Ï… Î±Î½
                                                  Î±ÎºÎ±Ï„Î±ÏƒÎºÎµÏ…Î¬Î¶ÎµÎ¹...

You may provide a definition with
\DeclareUnicodeCharacter 


! Package inputenc Error: Unicode character Î± (U+03B1)
(inputenc)                not set up for use with LaTeX.

See the inputenc package documentation for explanation.
Type  H <return>  for immediate help.
 ...                                              
                                                  
l.3 ...¹Ï‡Î½ÎµÏ…Ï„Î®Ï‚ Ï„Î¿Ï… STAR), Ï€Î¿Ï… Î±Î½Î±
                                                  ÎºÎ±Ï„Î±ÏƒÎºÎµÏ…Î¬Î¶ÎµÎ¹ Ï...

You may provide a definition with
\DeclareUnicodeCharacter 


! Package inputenc Error: Unicode character Îº (U+03BA)
(inputenc)                not set up for use with LaTeX.

See the inputenc package documentation for explanation.
Type  H <return>  for immediate help.
 ...                                              
                                                  
l.3 ...‡Î½ÎµÏ…Ï„Î®Ï‚ Ï„Î¿Ï… STAR), Ï€Î¿Ï… Î±Î½Î±Îº
                                                  Î±Ï„Î±ÏƒÎºÎµÏ…Î¬Î¶ÎµÎ¹ Ï„Î...

You may provide a definition with
\DeclareUnicodeCharacter 


! Package inputenc Error: Unicode character Î± (U+03B1)
(inputenc)                not set up for use with LaTeX.

See the inputenc package documentation for explanation.
Type  H <return>  for immediate help.
 ...                                              
                                                  
l.3 ...½ÎµÏ…Ï„Î®Ï‚ Ï„Î¿Ï… STAR), Ï€Î¿Ï… Î±Î½Î±ÎºÎ±
                                                  Ï„Î±ÏƒÎºÎµÏ…Î¬Î¶ÎµÎ¹ Ï„Î·Î...

You may provide a definition with
\DeclareUnicodeCharacter 


! Package inputenc Error: Unicode character Ï„ (U+03C4)
(inputenc)                not set up for use with LaTeX.

See the inputenc package documentation for explanation.
Type  H <return>  for immediate help.
 ...                                              
                                                  
l.3 ...µÏ…Ï„Î®Ï‚ Ï„Î¿Ï… STAR), Ï€Î¿Ï… Î±Î½Î±ÎºÎ±Ï„
                                                  Î±ÏƒÎºÎµÏ…Î¬Î¶ÎµÎ¹ Ï„Î·Î½ ...

You may provide a definition with
\DeclareUnicodeCharacter 


! Package inputenc Error: Unicode character Î± (U+03B1)
(inputenc)                not set up for use with LaTeX.

See the inputenc package documentation for explanation.
Type  H <return>  for immediate help.
 ...                                              
                                                  
l.3 ...…Ï„Î®Ï‚ Ï„Î¿Ï… STAR), Ï€Î¿Ï… Î±Î½Î±ÎºÎ±Ï„Î±
                                                  ÏƒÎºÎµÏ…Î¬Î¶ÎµÎ¹ Ï„Î·Î½ Ï„...

You may provide a definition with
\DeclareUnicodeCharacter 


! Package inputenc Error: Unicode character Ïƒ (U+03C3)
(inputenc)                not set up for use with LaTeX.

See the inputenc package documentation for explanation.
Type  H <return>  for immediate help.
 ...                                              
                                                  
l.3 ...„Î®Ï‚ Ï„Î¿Ï… STAR), Ï€Î¿Ï… Î±Î½Î±ÎºÎ±Ï„Î±Ïƒ
                                                  ÎºÎµÏ…Î¬Î¶ÎµÎ¹ Ï„Î·Î½ Ï„Ï...

You may provide a definition with
\DeclareUnicodeCharacter 


! Package inputenc Error: Unicode character Îº (U+03BA)
(inputenc)                not set up for use with LaTeX.

See the inputenc package documentation for explanation.
Type  H <return>  for immediate help.
 ...                                              
                                                  
l.3 ...®Ï‚ Ï„Î¿Ï… STAR), Ï€Î¿Ï… Î±Î½Î±ÎºÎ±Ï„Î±ÏƒÎº
                                                  ÎµÏ…Î¬Î¶ÎµÎ¹ Ï„Î·Î½ Ï„ÏÎ¹...

You may provide a definition with
\DeclareUnicodeCharacter 


! Package inputenc Error: Unicode character Îµ (U+03B5)
(inputenc)                not set up for use with LaTeX.

See the inputenc package documentation for explanation.
Type  H <return>  for immediate help.
 ...                                              
                                                  
l.3 ...‚ Ï„Î¿Ï… STAR), Ï€Î¿Ï… Î±Î½Î±ÎºÎ±Ï„Î±ÏƒÎºÎµ
                                                  Ï…Î¬Î¶ÎµÎ¹ Ï„Î·Î½ Ï„ÏÎ¹Ïƒ...

You may provide a definition with
\DeclareUnicodeCharacter 


! Package inputenc Error: Unicode character Ï… (U+03C5)
(inputenc)                not set up for use with LaTeX.

See the inputenc package documentation for explanation.
Type  H <return>  for immediate help.
 ...                                              
                                                  
l.3 ...Ï„Î¿Ï… STAR), Ï€Î¿Ï… Î±Î½Î±ÎºÎ±Ï„Î±ÏƒÎºÎµÏ…
                                                  Î¬Î¶ÎµÎ¹ Ï„Î·Î½ Ï„ÏÎ¹ÏƒÎ´...

You may provide a definition with
\DeclareUnicodeCharacter 


! Package inputenc Error: Unicode character Î¬ (U+03AC)
(inputenc)                not set up for use with LaTeX.

See the inputenc package documentation for explanation.
Type  H <return>  for immediate help.
 ...                                              
                                                  
l.3 ...Î¿Ï… STAR), Ï€Î¿Ï… Î±Î½Î±ÎºÎ±Ï„Î±ÏƒÎºÎµÏ…Î¬
                                                  Î¶ÎµÎ¹ Ï„Î·Î½ Ï„ÏÎ¹ÏƒÎ´Î¹...
(That makes 100 errors; please try again.) 
Here is how much of TeX's memory you used:
 44 strings out of 480790
 892 string characters out of 2904292
 238890 words of memory out of 3000000
 16155 multiletter control sequences out of 15000+200000
 532338 words of font info for 24 fonts, out of 3000000 for 9000
 1141 hyphenation exceptions out of 8191
 12i,0n,15p,443b,16s stack positions out of 5000i,500n,10000p,200000b,50000s

!  ==> Fatal error occurred, no output PDF file produced!
