This is pdfTeX, Version 3.141592653-2.6-1.40.24 (MiKTeX 22.10) (preloaded format=pdflatex 2022.11.23)  4 DEC 2022 01:10
entering extended mode
 restricted \write18 enabled.
 %&-line parsing enabled.
**./Results.tex
(Results.tex
LaTeX2e <2022-11-01>
L3 programming layer <2022-11-02>
! Undefined control sequence.
l.1 \chapter
            {ÎœÎµÏÎ¹ÎºÎ¬ Î‘Ï€Î¿Ï„ÎµÎ»Î­ÏƒÎ¼Î±Ï„Î± Ï„Î¿Ï… STAR}
The control sequence at the end of the top line
of your error message was never \def'ed. If you have
misspelled it (e.g., `\hobx'), type `I' and the correct
spelling (e.g., `I\hbox'). Otherwise just continue,
and I'll forget about whatever was undefined.


! LaTeX Error: Unicode character Îœ (U+039C)
               not set up for use with LaTeX.

See the LaTeX manual or LaTeX Companion for explanation.
Type  H <return>  for immediate help.
 ...                                              
                                                  
l.1 \chapter{Îœ
               ÎµÏÎ¹ÎºÎ¬ Î‘Ï€Î¿Ï„ÎµÎ»Î­ÏƒÎ¼Î±Ï„Î± Ï„Î¿Ï… STAR}
You may provide a definition with
\DeclareUnicodeCharacter 


! LaTeX Error: Unicode character Îµ (U+03B5)
               not set up for use with LaTeX.

See the LaTeX manual or LaTeX Companion for explanation.
Type  H <return>  for immediate help.
 ...                                              
                                                  
l.1 \chapter{ÎœÎµ
                 ÏÎ¹ÎºÎ¬ Î‘Ï€Î¿Ï„ÎµÎ»Î­ÏƒÎ¼Î±Ï„Î± Ï„Î¿Ï… STAR}
You may provide a definition with
\DeclareUnicodeCharacter 


! LaTeX Error: Unicode character Ï (U+03C1)
               not set up for use with LaTeX.

See the LaTeX manual or LaTeX Companion for explanation.
Type  H <return>  for immediate help.
 ...                                              
                                                  
l.1 \chapter{ÎœÎµÏ
                   Î¹ÎºÎ¬ Î‘Ï€Î¿Ï„ÎµÎ»Î­ÏƒÎ¼Î±Ï„Î± Ï„Î¿Ï… STAR}
You may provide a definition with
\DeclareUnicodeCharacter 


! LaTeX Error: Unicode character Î¹ (U+03B9)
               not set up for use with LaTeX.

See the LaTeX manual or LaTeX Companion for explanation.
Type  H <return>  for immediate help.
 ...                                              
                                                  
l.1 \chapter{ÎœÎµÏÎ¹
                     ÎºÎ¬ Î‘Ï€Î¿Ï„ÎµÎ»Î­ÏƒÎ¼Î±Ï„Î± Ï„Î¿Ï… STAR}
You may provide a definition with
\DeclareUnicodeCharacter 


! LaTeX Error: Unicode character Îº (U+03BA)
               not set up for use with LaTeX.

See the LaTeX manual or LaTeX Companion for explanation.
Type  H <return>  for immediate help.
 ...                                              
                                                  
l.1 \chapter{ÎœÎµÏÎ¹Îº
                       Î¬ Î‘Ï€Î¿Ï„ÎµÎ»Î­ÏƒÎ¼Î±Ï„Î± Ï„Î¿Ï… STAR}
You may provide a definition with
\DeclareUnicodeCharacter 


! LaTeX Error: Unicode character Î¬ (U+03AC)
               not set up for use with LaTeX.

See the LaTeX manual or LaTeX Companion for explanation.
Type  H <return>  for immediate help.
 ...                                              
                                                  
l.1 \chapter{ÎœÎµÏÎ¹ÎºÎ¬
                          Î‘Ï€Î¿Ï„ÎµÎ»Î­ÏƒÎ¼Î±Ï„Î± Ï„Î¿Ï… STAR}
You may provide a definition with
\DeclareUnicodeCharacter 


! LaTeX Error: Unicode character Î‘ (U+0391)
               not set up for use with LaTeX.

See the LaTeX manual or LaTeX Companion for explanation.
Type  H <return>  for immediate help.
 ...                                              
                                                  
l.1 \chapter{ÎœÎµÏÎ¹ÎºÎ¬ Î‘
                            Ï€Î¿Ï„ÎµÎ»Î­ÏƒÎ¼Î±Ï„Î± Ï„Î¿Ï… STAR}
You may provide a definition with
\DeclareUnicodeCharacter 


! LaTeX Error: Unicode character Ï€ (U+03C0)
               not set up for use with LaTeX.

See the LaTeX manual or LaTeX Companion for explanation.
Type  H <return>  for immediate help.
 ...                                              
                                                  
l.1 \chapter{ÎœÎµÏÎ¹ÎºÎ¬ Î‘Ï€
                              Î¿Ï„ÎµÎ»Î­ÏƒÎ¼Î±Ï„Î± Ï„Î¿Ï… STAR}
You may provide a definition with
\DeclareUnicodeCharacter 


! LaTeX Error: Unicode character Î¿ (U+03BF)
               not set up for use with LaTeX.

See the LaTeX manual or LaTeX Companion for explanation.
Type  H <return>  for immediate help.
 ...                                              
                                                  
l.1 \chapter{ÎœÎµÏÎ¹ÎºÎ¬ Î‘Ï€Î¿
                                Ï„ÎµÎ»Î­ÏƒÎ¼Î±Ï„Î± Ï„Î¿Ï… STAR}
You may provide a definition with
\DeclareUnicodeCharacter 


! LaTeX Error: Unicode character Ï„ (U+03C4)
               not set up for use with LaTeX.

See the LaTeX manual or LaTeX Companion for explanation.
Type  H <return>  for immediate help.
 ...                                              
                                                  
l.1 \chapter{ÎœÎµÏÎ¹ÎºÎ¬ Î‘Ï€Î¿Ï„
                                  ÎµÎ»Î­ÏƒÎ¼Î±Ï„Î± Ï„Î¿Ï… STAR}
You may provide a definition with
\DeclareUnicodeCharacter 


! LaTeX Error: Unicode character Îµ (U+03B5)
               not set up for use with LaTeX.

See the LaTeX manual or LaTeX Companion for explanation.
Type  H <return>  for immediate help.
 ...                                              
                                                  
l.1 \chapter{ÎœÎµÏÎ¹ÎºÎ¬ Î‘Ï€Î¿Ï„Îµ
                                    Î»Î­ÏƒÎ¼Î±Ï„Î± Ï„Î¿Ï… STAR}
You may provide a definition with
\DeclareUnicodeCharacter 


! LaTeX Error: Unicode character Î» (U+03BB)
               not set up for use with LaTeX.

See the LaTeX manual or LaTeX Companion for explanation.
Type  H <return>  for immediate help.
 ...                                              
                                                  
l.1 \chapter{ÎœÎµÏÎ¹ÎºÎ¬ Î‘Ï€Î¿Ï„ÎµÎ»
                                      Î­ÏƒÎ¼Î±Ï„Î± Ï„Î¿Ï… STAR}
You may provide a definition with
\DeclareUnicodeCharacter 


! LaTeX Error: Unicode character Î­ (U+03AD)
               not set up for use with LaTeX.

See the LaTeX manual or LaTeX Companion for explanation.
Type  H <return>  for immediate help.
 ...                                              
                                                  
l.1 \chapter{ÎœÎµÏÎ¹ÎºÎ¬ Î‘Ï€Î¿Ï„ÎµÎ»Î­
                                        ÏƒÎ¼Î±Ï„Î± Ï„Î¿Ï… STAR}
You may provide a definition with
\DeclareUnicodeCharacter 


! LaTeX Error: Unicode character Ïƒ (U+03C3)
               not set up for use with LaTeX.

See the LaTeX manual or LaTeX Companion for explanation.
Type  H <return>  for immediate help.
 ...                                              
                                                  
l.1 \chapter{ÎœÎµÏÎ¹ÎºÎ¬ Î‘Ï€Î¿Ï„ÎµÎ»Î­Ïƒ
                                          Î¼Î±Ï„Î± Ï„Î¿Ï… STAR}
You may provide a definition with
\DeclareUnicodeCharacter 


! LaTeX Error: Unicode character Î¼ (U+03BC)
               not set up for use with LaTeX.

See the LaTeX manual or LaTeX Companion for explanation.
Type  H <return>  for immediate help.
 ...                                              
                                                  
l.1 \chapter{ÎœÎµÏÎ¹ÎºÎ¬ Î‘Ï€Î¿Ï„ÎµÎ»Î­ÏƒÎ¼
                                            Î±Ï„Î± Ï„Î¿Ï… STAR}
You may provide a definition with
\DeclareUnicodeCharacter 


! LaTeX Error: Unicode character Î± (U+03B1)
               not set up for use with LaTeX.

See the LaTeX manual or LaTeX Companion for explanation.
Type  H <return>  for immediate help.
 ...                                              
                                                  
l.1 \chapter{ÎœÎµÏÎ¹ÎºÎ¬ Î‘Ï€Î¿Ï„ÎµÎ»Î­ÏƒÎ¼Î±
                                              Ï„Î± Ï„Î¿Ï… STAR}
You may provide a definition with
\DeclareUnicodeCharacter 


! LaTeX Error: Unicode character Ï„ (U+03C4)
               not set up for use with LaTeX.

See the LaTeX manual or LaTeX Companion for explanation.
Type  H <return>  for immediate help.
 ...                                              
                                                  
l.1 \chapter{ÎœÎµÏÎ¹ÎºÎ¬ Î‘Ï€Î¿Ï„ÎµÎ»Î­ÏƒÎ¼Î±Ï„
                                                Î± Ï„Î¿Ï… STAR}
You may provide a definition with
\DeclareUnicodeCharacter 


! LaTeX Error: Unicode character Î± (U+03B1)
               not set up for use with LaTeX.

See the LaTeX manual or LaTeX Companion for explanation.
Type  H <return>  for immediate help.
 ...                                              
                                                  
l.1 \chapter{ÎœÎµÏÎ¹ÎºÎ¬ Î‘Ï€Î¿Ï„ÎµÎ»Î­ÏƒÎ¼Î±Ï„Î±
                                                   Ï„Î¿Ï… STAR}
You may provide a definition with
\DeclareUnicodeCharacter 


! LaTeX Error: Unicode character Ï„ (U+03C4)
               not set up for use with LaTeX.

See the LaTeX manual or LaTeX Companion for explanation.
Type  H <return>  for immediate help.
 ...                                              
                                                  
l.1 ...er{ÎœÎµÏÎ¹ÎºÎ¬ Î‘Ï€Î¿Ï„ÎµÎ»Î­ÏƒÎ¼Î±Ï„Î± Ï„
                                                  Î¿Ï… STAR}
You may provide a definition with
\DeclareUnicodeCharacter 


! LaTeX Error: Unicode character Î¿ (U+03BF)
               not set up for use with LaTeX.

See the LaTeX manual or LaTeX Companion for explanation.
Type  H <return>  for immediate help.
 ...                                              
                                                  
l.1 ...{ÎœÎµÏÎ¹ÎºÎ¬ Î‘Ï€Î¿Ï„ÎµÎ»Î­ÏƒÎ¼Î±Ï„Î± Ï„Î¿
                                                  Ï… STAR}
You may provide a definition with
\DeclareUnicodeCharacter 


! LaTeX Error: Unicode character Ï… (U+03C5)
               not set up for use with LaTeX.

See the LaTeX manual or LaTeX Companion for explanation.
Type  H <return>  for immediate help.
 ...                                              
                                                  
l.1 ...œÎµÏÎ¹ÎºÎ¬ Î‘Ï€Î¿Ï„ÎµÎ»Î­ÏƒÎ¼Î±Ï„Î± Ï„Î¿Ï…
                                                   STAR}
You may provide a definition with
\DeclareUnicodeCharacter 


! LaTeX Error: Missing \begin{document}.

See the LaTeX manual or LaTeX Companion for explanation.
Type  H <return>  for immediate help.
 ...                                              
                                                  
l.1 ...µÏÎ¹ÎºÎ¬ Î‘Ï€Î¿Ï„ÎµÎ»Î­ÏƒÎ¼Î±Ï„Î± Ï„Î¿Ï… S
                                                  TAR}
You're in trouble here.  Try typing  <return>  to proceed.
If that doesn't work, type  X <return>  to quit.

Missing character: There is no S in font nullfont!
Missing character: There is no T in font nullfont!
Missing character: There is no A in font nullfont!
Missing character: There is no R in font nullfont!

Overfull \hbox (20.0pt too wide) in paragraph at lines 1--2
[] 
 []

! Undefined control sequence.
l.3 \section
            {Î£Ï…Î³ÎºÏÎ¿ÏÏƒÎµÎ¹Ï‚ Î’Î±ÏÎ­Ï‰Î½ Î™ÏŒÎ½Ï„Ï‰Î½}
The control sequence at the end of the top line
of your error message was never \def'ed. If you have
misspelled it (e.g., `\hobx'), type `I' and the correct
spelling (e.g., `I\hbox'). Otherwise just continue,
and I'll forget about whatever was undefined.


! LaTeX Error: Unicode character Î£ (U+03A3)
               not set up for use with LaTeX.

See the LaTeX manual or LaTeX Companion for explanation.
Type  H <return>  for immediate help.
 ...                                              
                                                  
l.3 \section{Î£
               Ï…Î³ÎºÏÎ¿ÏÏƒÎµÎ¹Ï‚ Î’Î±ÏÎ­Ï‰Î½ Î™ÏŒÎ½Ï„Ï‰Î½}
You may provide a definition with
\DeclareUnicodeCharacter 


! LaTeX Error: Unicode character Ï… (U+03C5)
               not set up for use with LaTeX.

See the LaTeX manual or LaTeX Companion for explanation.
Type  H <return>  for immediate help.
 ...                                              
                                                  
l.3 \section{Î£Ï…
                 Î³ÎºÏÎ¿ÏÏƒÎµÎ¹Ï‚ Î’Î±ÏÎ­Ï‰Î½ Î™ÏŒÎ½Ï„Ï‰Î½}
You may provide a definition with
\DeclareUnicodeCharacter 


! LaTeX Error: Unicode character Î³ (U+03B3)
               not set up for use with LaTeX.

See the LaTeX manual or LaTeX Companion for explanation.
Type  H <return>  for immediate help.
 ...                                              
                                                  
l.3 \section{Î£Ï…Î³
                   ÎºÏÎ¿ÏÏƒÎµÎ¹Ï‚ Î’Î±ÏÎ­Ï‰Î½ Î™ÏŒÎ½Ï„Ï‰Î½}
You may provide a definition with
\DeclareUnicodeCharacter 


! LaTeX Error: Unicode character Îº (U+03BA)
               not set up for use with LaTeX.

See the LaTeX manual or LaTeX Companion for explanation.
Type  H <return>  for immediate help.
 ...                                              
                                                  
l.3 \section{Î£Ï…Î³Îº
                     ÏÎ¿ÏÏƒÎµÎ¹Ï‚ Î’Î±ÏÎ­Ï‰Î½ Î™ÏŒÎ½Ï„Ï‰Î½}
You may provide a definition with
\DeclareUnicodeCharacter 


! LaTeX Error: Unicode character Ï (U+03C1)
               not set up for use with LaTeX.

See the LaTeX manual or LaTeX Companion for explanation.
Type  H <return>  for immediate help.
 ...                                              
                                                  
l.3 \section{Î£Ï…Î³ÎºÏ
                       Î¿ÏÏƒÎµÎ¹Ï‚ Î’Î±ÏÎ­Ï‰Î½ Î™ÏŒÎ½Ï„Ï‰Î½}
You may provide a definition with
\DeclareUnicodeCharacter 


! LaTeX Error: Unicode character Î¿ (U+03BF)
               not set up for use with LaTeX.

See the LaTeX manual or LaTeX Companion for explanation.
Type  H <return>  for immediate help.
 ...                                              
                                                  
l.3 \section{Î£Ï…Î³ÎºÏÎ¿
                         ÏÏƒÎµÎ¹Ï‚ Î’Î±ÏÎ­Ï‰Î½ Î™ÏŒÎ½Ï„Ï‰Î½}
You may provide a definition with
\DeclareUnicodeCharacter 


! LaTeX Error: Unicode character Ï (U+03CD)
               not set up for use with LaTeX.

See the LaTeX manual or LaTeX Companion for explanation.
Type  H <return>  for immediate help.
 ...                                              
                                                  
l.3 \section{Î£Ï…Î³ÎºÏÎ¿Ï
                           ÏƒÎµÎ¹Ï‚ Î’Î±ÏÎ­Ï‰Î½ Î™ÏŒÎ½Ï„Ï‰Î½}
You may provide a definition with
\DeclareUnicodeCharacter 


! LaTeX Error: Unicode character Ïƒ (U+03C3)
               not set up for use with LaTeX.

See the LaTeX manual or LaTeX Companion for explanation.
Type  H <return>  for immediate help.
 ...                                              
                                                  
l.3 \section{Î£Ï…Î³ÎºÏÎ¿ÏÏƒ
                             ÎµÎ¹Ï‚ Î’Î±ÏÎ­Ï‰Î½ Î™ÏŒÎ½Ï„Ï‰Î½}
You may provide a definition with
\DeclareUnicodeCharacter 


! LaTeX Error: Unicode character Îµ (U+03B5)
               not set up for use with LaTeX.

See the LaTeX manual or LaTeX Companion for explanation.
Type  H <return>  for immediate help.
 ...                                              
                                                  
l.3 \section{Î£Ï…Î³ÎºÏÎ¿ÏÏƒÎµ
                               Î¹Ï‚ Î’Î±ÏÎ­Ï‰Î½ Î™ÏŒÎ½Ï„Ï‰Î½}
You may provide a definition with
\DeclareUnicodeCharacter 


! LaTeX Error: Unicode character Î¹ (U+03B9)
               not set up for use with LaTeX.

See the LaTeX manual or LaTeX Companion for explanation.
Type  H <return>  for immediate help.
 ...                                              
                                                  
l.3 \section{Î£Ï…Î³ÎºÏÎ¿ÏÏƒÎµÎ¹
                                 Ï‚ Î’Î±ÏÎ­Ï‰Î½ Î™ÏŒÎ½Ï„Ï‰Î½}
You may provide a definition with
\DeclareUnicodeCharacter 


! LaTeX Error: Unicode character Ï‚ (U+03C2)
               not set up for use with LaTeX.

See the LaTeX manual or LaTeX Companion for explanation.
Type  H <return>  for immediate help.
 ...                                              
                                                  
l.3 \section{Î£Ï…Î³ÎºÏÎ¿ÏÏƒÎµÎ¹Ï‚
                                    Î’Î±ÏÎ­Ï‰Î½ Î™ÏŒÎ½Ï„Ï‰Î½}
You may provide a definition with
\DeclareUnicodeCharacter 


! LaTeX Error: Unicode character Î’ (U+0392)
               not set up for use with LaTeX.

See the LaTeX manual or LaTeX Companion for explanation.
Type  H <return>  for immediate help.
 ...                                              
                                                  
l.3 \section{Î£Ï…Î³ÎºÏÎ¿ÏÏƒÎµÎ¹Ï‚ Î’
                                      Î±ÏÎ­Ï‰Î½ Î™ÏŒÎ½Ï„Ï‰Î½}
You may provide a definition with
\DeclareUnicodeCharacter 


! LaTeX Error: Unicode character Î± (U+03B1)
               not set up for use with LaTeX.

See the LaTeX manual or LaTeX Companion for explanation.
Type  H <return>  for immediate help.
 ...                                              
                                                  
l.3 \section{Î£Ï…Î³ÎºÏÎ¿ÏÏƒÎµÎ¹Ï‚ Î’Î±
                                        ÏÎ­Ï‰Î½ Î™ÏŒÎ½Ï„Ï‰Î½}
You may provide a definition with
\DeclareUnicodeCharacter 


! LaTeX Error: Unicode character Ï (U+03C1)
               not set up for use with LaTeX.

See the LaTeX manual or LaTeX Companion for explanation.
Type  H <return>  for immediate help.
 ...                                              
                                                  
l.3 \section{Î£Ï…Î³ÎºÏÎ¿ÏÏƒÎµÎ¹Ï‚ Î’Î±Ï
                                          Î­Ï‰Î½ Î™ÏŒÎ½Ï„Ï‰Î½}
You may provide a definition with
\DeclareUnicodeCharacter 


! LaTeX Error: Unicode character Î­ (U+03AD)
               not set up for use with LaTeX.

See the LaTeX manual or LaTeX Companion for explanation.
Type  H <return>  for immediate help.
 ...                                              
                                                  
l.3 \section{Î£Ï…Î³ÎºÏÎ¿ÏÏƒÎµÎ¹Ï‚ Î’Î±ÏÎ­
                                            Ï‰Î½ Î™ÏŒÎ½Ï„Ï‰Î½}
You may provide a definition with
\DeclareUnicodeCharacter 


! LaTeX Error: Unicode character Ï‰ (U+03C9)
               not set up for use with LaTeX.

See the LaTeX manual or LaTeX Companion for explanation.
Type  H <return>  for immediate help.
 ...                                              
                                                  
l.3 \section{Î£Ï…Î³ÎºÏÎ¿ÏÏƒÎµÎ¹Ï‚ Î’Î±ÏÎ­Ï‰
                                              Î½ Î™ÏŒÎ½Ï„Ï‰Î½}
You may provide a definition with
\DeclareUnicodeCharacter 


! LaTeX Error: Unicode character Î½ (U+03BD)
               not set up for use with LaTeX.

See the LaTeX manual or LaTeX Companion for explanation.
Type  H <return>  for immediate help.
 ...                                              
                                                  
l.3 \section{Î£Ï…Î³ÎºÏÎ¿ÏÏƒÎµÎ¹Ï‚ Î’Î±ÏÎ­Ï‰Î½
                                                 Î™ÏŒÎ½Ï„Ï‰Î½}
You may provide a definition with
\DeclareUnicodeCharacter 


! LaTeX Error: Unicode character Î™ (U+0399)
               not set up for use with LaTeX.

See the LaTeX manual or LaTeX Companion for explanation.
Type  H <return>  for immediate help.
 ...                                              
                                                  
l.3 ...tion{Î£Ï…Î³ÎºÏÎ¿ÏÏƒÎµÎ¹Ï‚ Î’Î±ÏÎ­Ï‰Î½ Î™
                                                  ÏŒÎ½Ï„Ï‰Î½}
You may provide a definition with
\DeclareUnicodeCharacter 


! LaTeX Error: Unicode character ÏŒ (U+03CC)
               not set up for use with LaTeX.

See the LaTeX manual or LaTeX Companion for explanation.
Type  H <return>  for immediate help.
 ...                                              
                                                  
l.3 ...on{Î£Ï…Î³ÎºÏÎ¿ÏÏƒÎµÎ¹Ï‚ Î’Î±ÏÎ­Ï‰Î½ Î™ÏŒ
                                                  Î½Ï„Ï‰Î½}
You may provide a definition with
\DeclareUnicodeCharacter 


! LaTeX Error: Unicode character Î½ (U+03BD)
               not set up for use with LaTeX.

See the LaTeX manual or LaTeX Companion for explanation.
Type  H <return>  for immediate help.
 ...                                              
                                                  
l.3 ...{Î£Ï…Î³ÎºÏÎ¿ÏÏƒÎµÎ¹Ï‚ Î’Î±ÏÎ­Ï‰Î½ Î™ÏŒÎ½
                                                  Ï„Ï‰Î½}
You may provide a definition with
\DeclareUnicodeCharacter 


! LaTeX Error: Unicode character Ï„ (U+03C4)
               not set up for use with LaTeX.

See the LaTeX manual or LaTeX Companion for explanation.
Type  H <return>  for immediate help.
 ...                                              
                                                  
l.3 ...£Ï…Î³ÎºÏÎ¿ÏÏƒÎµÎ¹Ï‚ Î’Î±ÏÎ­Ï‰Î½ Î™ÏŒÎ½Ï„
                                                  Ï‰Î½}
You may provide a definition with
\DeclareUnicodeCharacter 


! LaTeX Error: Unicode character Ï‰ (U+03C9)
               not set up for use with LaTeX.

See the LaTeX manual or LaTeX Companion for explanation.
Type  H <return>  for immediate help.
 ...                                              
                                                  
l.3 ...…Î³ÎºÏÎ¿ÏÏƒÎµÎ¹Ï‚ Î’Î±ÏÎ­Ï‰Î½ Î™ÏŒÎ½Ï„Ï‰
                                                  Î½}
You may provide a definition with
\DeclareUnicodeCharacter 


! LaTeX Error: Unicode character Î½ (U+03BD)
               not set up for use with LaTeX.

See the LaTeX manual or LaTeX Companion for explanation.
Type  H <return>  for immediate help.
 ...                                              
                                                  
l.3 ...³ÎºÏÎ¿ÏÏƒÎµÎ¹Ï‚ Î’Î±ÏÎ­Ï‰Î½ Î™ÏŒÎ½Ï„Ï‰Î½
                                                  }
You may provide a definition with
\DeclareUnicodeCharacter 


! LaTeX Error: Unicode character Î— (U+0397)
               not set up for use with LaTeX.

See the LaTeX manual or LaTeX Companion for explanation.
Type  H <return>  for immediate help.
 ...                                              
                                                  
l.5 	Î—
        QCD  ÎµÎ¯Î½Î±Î¹ Î· Î¸ÎµÎ¼ÎµÎ»Î¹ÏÎ´Î·Ï‚ Î¸ÎµÏ‰ÏÎ¯Î± ÏƒÏ„Î·Î½ Î¿Ï€Î¿...

You may provide a definition with
\DeclareUnicodeCharacter 


! LaTeX Error: Missing \begin{document}.

See the LaTeX manual or LaTeX Companion for explanation.
Type  H <return>  for immediate help.
 ...                                              
                                                  
l.5 	Î— Q
         CD  ÎµÎ¯Î½Î±Î¹ Î· Î¸ÎµÎ¼ÎµÎ»Î¹ÏÎ´Î·Ï‚ Î¸ÎµÏ‰ÏÎ¯Î± ÏƒÏ„Î·Î½ Î¿Ï€Î¿...

You're in trouble here.  Try typing  <return>  to proceed.
If that doesn't work, type  X <return>  to quit.

Missing character: There is no Q in font nullfont!
Missing character: There is no C in font nullfont!
Missing character: There is no D in font nullfont!

! LaTeX Error: Unicode character Îµ (U+03B5)
               not set up for use with LaTeX.

See the LaTeX manual or LaTeX Companion for explanation.
Type  H <return>  for immediate help.
 ...                                              
                                                  
l.5 	Î— QCD  Îµ
               Î¯Î½Î±Î¹ Î· Î¸ÎµÎ¼ÎµÎ»Î¹ÏÎ´Î·Ï‚ Î¸ÎµÏ‰ÏÎ¯Î± ÏƒÏ„Î·Î½ Î¿Ï€Î¿...

You may provide a definition with
\DeclareUnicodeCharacter 


! LaTeX Error: Unicode character Î¯ (U+03AF)
               not set up for use with LaTeX.

See the LaTeX manual or LaTeX Companion for explanation.
Type  H <return>  for immediate help.
 ...                                              
                                                  
l.5 	Î— QCD  ÎµÎ¯
                 Î½Î±Î¹ Î· Î¸ÎµÎ¼ÎµÎ»Î¹ÏÎ´Î·Ï‚ Î¸ÎµÏ‰ÏÎ¯Î± ÏƒÏ„Î·Î½ Î¿Ï€Î¿...

You may provide a definition with
\DeclareUnicodeCharacter 


! LaTeX Error: Unicode character Î½ (U+03BD)
               not set up for use with LaTeX.

See the LaTeX manual or LaTeX Companion for explanation.
Type  H <return>  for immediate help.
 ...                                              
                                                  
l.5 	Î— QCD  ÎµÎ¯Î½
                   Î±Î¹ Î· Î¸ÎµÎ¼ÎµÎ»Î¹ÏÎ´Î·Ï‚ Î¸ÎµÏ‰ÏÎ¯Î± ÏƒÏ„Î·Î½ Î¿Ï€Î¿...

You may provide a definition with
\DeclareUnicodeCharacter 


! LaTeX Error: Unicode character Î± (U+03B1)
               not set up for use with LaTeX.

See the LaTeX manual or LaTeX Companion for explanation.
Type  H <return>  for immediate help.
 ...                                              
                                                  
l.5 	Î— QCD  ÎµÎ¯Î½Î±
                     Î¹ Î· Î¸ÎµÎ¼ÎµÎ»Î¹ÏÎ´Î·Ï‚ Î¸ÎµÏ‰ÏÎ¯Î± ÏƒÏ„Î·Î½ Î¿Ï€Î¿...

You may provide a definition with
\DeclareUnicodeCharacter 


! LaTeX Error: Unicode character Î¹ (U+03B9)
               not set up for use with LaTeX.

See the LaTeX manual or LaTeX Companion for explanation.
Type  H <return>  for immediate help.
 ...                                              
                                                  
l.5 	Î— QCD  ÎµÎ¯Î½Î±Î¹
                        Î· Î¸ÎµÎ¼ÎµÎ»Î¹ÏÎ´Î·Ï‚ Î¸ÎµÏ‰ÏÎ¯Î± ÏƒÏ„Î·Î½ Î¿Ï€Î¿...

You may provide a definition with
\DeclareUnicodeCharacter 


! LaTeX Error: Unicode character Î· (U+03B7)
               not set up for use with LaTeX.

See the LaTeX manual or LaTeX Companion for explanation.
Type  H <return>  for immediate help.
 ...                                              
                                                  
l.5 	Î— QCD  ÎµÎ¯Î½Î±Î¹ Î·
                           Î¸ÎµÎ¼ÎµÎ»Î¹ÏÎ´Î·Ï‚ Î¸ÎµÏ‰ÏÎ¯Î± ÏƒÏ„Î·Î½ Î¿Ï€Î¿...

You may provide a definition with
\DeclareUnicodeCharacter 


! LaTeX Error: Unicode character Î¸ (U+03B8)
               not set up for use with LaTeX.

See the LaTeX manual or LaTeX Companion for explanation.
Type  H <return>  for immediate help.
 ...                                              
                                                  
l.5 	Î— QCD  ÎµÎ¯Î½Î±Î¹ Î· Î¸
                             ÎµÎ¼ÎµÎ»Î¹ÏÎ´Î·Ï‚ Î¸ÎµÏ‰ÏÎ¯Î± ÏƒÏ„Î·Î½ Î¿Ï€Î¿...

You may provide a definition with
\DeclareUnicodeCharacter 


! LaTeX Error: Unicode character Îµ (U+03B5)
               not set up for use with LaTeX.

See the LaTeX manual or LaTeX Companion for explanation.
Type  H <return>  for immediate help.
 ...                                              
                                                  
l.5 	Î— QCD  ÎµÎ¯Î½Î±Î¹ Î· Î¸Îµ
                               Î¼ÎµÎ»Î¹ÏÎ´Î·Ï‚ Î¸ÎµÏ‰ÏÎ¯Î± ÏƒÏ„Î·Î½ Î¿Ï€Î¿...

You may provide a definition with
\DeclareUnicodeCharacter 


! LaTeX Error: Unicode character Î¼ (U+03BC)
               not set up for use with LaTeX.

See the LaTeX manual or LaTeX Companion for explanation.
Type  H <return>  for immediate help.
 ...                                              
                                                  
l.5 	Î— QCD  ÎµÎ¯Î½Î±Î¹ Î· Î¸ÎµÎ¼
                                 ÎµÎ»Î¹ÏÎ´Î·Ï‚ Î¸ÎµÏ‰ÏÎ¯Î± ÏƒÏ„Î·Î½ Î¿Ï€Î¿...

You may provide a definition with
\DeclareUnicodeCharacter 


! LaTeX Error: Unicode character Îµ (U+03B5)
               not set up for use with LaTeX.

See the LaTeX manual or LaTeX Companion for explanation.
Type  H <return>  for immediate help.
 ...                                              
                                                  
l.5 	Î— QCD  ÎµÎ¯Î½Î±Î¹ Î· Î¸ÎµÎ¼Îµ
                                   Î»Î¹ÏÎ´Î·Ï‚ Î¸ÎµÏ‰ÏÎ¯Î± ÏƒÏ„Î·Î½ Î¿Ï€Î¿...

You may provide a definition with
\DeclareUnicodeCharacter 


! LaTeX Error: Unicode character Î» (U+03BB)
               not set up for use with LaTeX.

See the LaTeX manual or LaTeX Companion for explanation.
Type  H <return>  for immediate help.
 ...                                              
                                                  
l.5 	Î— QCD  ÎµÎ¯Î½Î±Î¹ Î· Î¸ÎµÎ¼ÎµÎ»
                                     Î¹ÏÎ´Î·Ï‚ Î¸ÎµÏ‰ÏÎ¯Î± ÏƒÏ„Î·Î½ Î¿Ï€Î¿...

You may provide a definition with
\DeclareUnicodeCharacter 


! LaTeX Error: Unicode character Î¹ (U+03B9)
               not set up for use with LaTeX.

See the LaTeX manual or LaTeX Companion for explanation.
Type  H <return>  for immediate help.
 ...                                              
                                                  
l.5 	Î— QCD  ÎµÎ¯Î½Î±Î¹ Î· Î¸ÎµÎ¼ÎµÎ»Î¹
                                       ÏÎ´Î·Ï‚ Î¸ÎµÏ‰ÏÎ¯Î± ÏƒÏ„Î·Î½ Î¿Ï€Î¿...

You may provide a definition with
\DeclareUnicodeCharacter 


! LaTeX Error: Unicode character Ï (U+03CE)
               not set up for use with LaTeX.

See the LaTeX manual or LaTeX Companion for explanation.
Type  H <return>  for immediate help.
 ...                                              
                                                  
l.5 	Î— QCD  ÎµÎ¯Î½Î±Î¹ Î· Î¸ÎµÎ¼ÎµÎ»Î¹Ï
                                         Î´Î·Ï‚ Î¸ÎµÏ‰ÏÎ¯Î± ÏƒÏ„Î·Î½ Î¿Ï€Î¿...

You may provide a definition with
\DeclareUnicodeCharacter 


! LaTeX Error: Unicode character Î´ (U+03B4)
               not set up for use with LaTeX.

See the LaTeX manual or LaTeX Companion for explanation.
Type  H <return>  for immediate help.
 ...                                              
                                                  
l.5 	Î— QCD  ÎµÎ¯Î½Î±Î¹ Î· Î¸ÎµÎ¼ÎµÎ»Î¹ÏÎ´
                                           Î·Ï‚ Î¸ÎµÏ‰ÏÎ¯Î± ÏƒÏ„Î·Î½ Î¿Ï€Î¿...

You may provide a definition with
\DeclareUnicodeCharacter 


! LaTeX Error: Unicode character Î· (U+03B7)
               not set up for use with LaTeX.

See the LaTeX manual or LaTeX Companion for explanation.
Type  H <return>  for immediate help.
 ...                                              
                                                  
l.5 	Î— QCD  ÎµÎ¯Î½Î±Î¹ Î· Î¸ÎµÎ¼ÎµÎ»Î¹ÏÎ´Î·
                                             Ï‚ Î¸ÎµÏ‰ÏÎ¯Î± ÏƒÏ„Î·Î½ Î¿Ï€Î¿...

You may provide a definition with
\DeclareUnicodeCharacter 


! LaTeX Error: Unicode character Ï‚ (U+03C2)
               not set up for use with LaTeX.

See the LaTeX manual or LaTeX Companion for explanation.
Type  H <return>  for immediate help.
 ...                                              
                                                  
l.5 	Î— QCD  ÎµÎ¯Î½Î±Î¹ Î· Î¸ÎµÎ¼ÎµÎ»Î¹ÏÎ´Î·Ï‚
                                                Î¸ÎµÏ‰ÏÎ¯Î± ÏƒÏ„Î·Î½ Î¿Ï€Î¿...

You may provide a definition with
\DeclareUnicodeCharacter 


! LaTeX Error: Unicode character Î¸ (U+03B8)
               not set up for use with LaTeX.

See the LaTeX manual or LaTeX Companion for explanation.
Type  H <return>  for immediate help.
 ...                                              
                                                  
l.5 	Î— QCD  ÎµÎ¯Î½Î±Î¹ Î· Î¸ÎµÎ¼ÎµÎ»Î¹ÏÎ´Î·Ï‚ Î¸
                                                  ÎµÏ‰ÏÎ¯Î± ÏƒÏ„Î·Î½ Î¿Ï€Î¿...

You may provide a definition with
\DeclareUnicodeCharacter 


! LaTeX Error: Unicode character Îµ (U+03B5)
               not set up for use with LaTeX.

See the LaTeX manual or LaTeX Companion for explanation.
Type  H <return>  for immediate help.
 ...                                              
                                                  
l.5 ...CD  ÎµÎ¯Î½Î±Î¹ Î· Î¸ÎµÎ¼ÎµÎ»Î¹ÏÎ´Î·Ï‚ Î¸Îµ
                                                  Ï‰ÏÎ¯Î± ÏƒÏ„Î·Î½ Î¿Ï€Î¿Î¯...

You may provide a definition with
\DeclareUnicodeCharacter 


! LaTeX Error: Unicode character Ï‰ (U+03C9)
               not set up for use with LaTeX.

See the LaTeX manual or LaTeX Companion for explanation.
Type  H <return>  for immediate help.
 ...                                              
                                                  
l.5 ...  ÎµÎ¯Î½Î±Î¹ Î· Î¸ÎµÎ¼ÎµÎ»Î¹ÏÎ´Î·Ï‚ Î¸ÎµÏ‰
                                                  ÏÎ¯Î± ÏƒÏ„Î·Î½ Î¿Ï€Î¿Î¯Î±...

You may provide a definition with
\DeclareUnicodeCharacter 


! LaTeX Error: Unicode character Ï (U+03C1)
               not set up for use with LaTeX.

See the LaTeX manual or LaTeX Companion for explanation.
Type  H <return>  for immediate help.
 ...                                              
                                                  
l.5 ...ÎµÎ¯Î½Î±Î¹ Î· Î¸ÎµÎ¼ÎµÎ»Î¹ÏÎ´Î·Ï‚ Î¸ÎµÏ‰Ï
                                                  Î¯Î± ÏƒÏ„Î·Î½ Î¿Ï€Î¿Î¯Î± Î...

You may provide a definition with
\DeclareUnicodeCharacter 


! LaTeX Error: Unicode character Î¯ (U+03AF)
               not set up for use with LaTeX.

See the LaTeX manual or LaTeX Companion for explanation.
Type  H <return>  for immediate help.
 ...                                              
                                                  
l.5 ...Î¯Î½Î±Î¹ Î· Î¸ÎµÎ¼ÎµÎ»Î¹ÏÎ´Î·Ï‚ Î¸ÎµÏ‰ÏÎ¯
                                                  Î± ÏƒÏ„Î·Î½ Î¿Ï€Î¿Î¯Î± Î²Î...

You may provide a definition with
\DeclareUnicodeCharacter 


! LaTeX Error: Unicode character Î± (U+03B1)
               not set up for use with LaTeX.

See the LaTeX manual or LaTeX Companion for explanation.
Type  H <return>  for immediate help.
 ...                                              
                                                  
l.5 ...Î½Î±Î¹ Î· Î¸ÎµÎ¼ÎµÎ»Î¹ÏÎ´Î·Ï‚ Î¸ÎµÏ‰ÏÎ¯Î±
                                                   ÏƒÏ„Î·Î½ Î¿Ï€Î¿Î¯Î± Î²Î±Ï...

You may provide a definition with
\DeclareUnicodeCharacter 


! LaTeX Error: Unicode character Ïƒ (U+03C3)
               not set up for use with LaTeX.

See the LaTeX manual or LaTeX Companion for explanation.
Type  H <return>  for immediate help.
 ...                                              
                                                  
l.5 ...±Î¹ Î· Î¸ÎµÎ¼ÎµÎ»Î¹ÏÎ´Î·Ï‚ Î¸ÎµÏ‰ÏÎ¯Î± Ïƒ
                                                  Ï„Î·Î½ Î¿Ï€Î¿Î¯Î± Î²Î±ÏƒÎ¯...

You may provide a definition with
\DeclareUnicodeCharacter 


! LaTeX Error: Unicode character Ï„ (U+03C4)
               not set up for use with LaTeX.

See the LaTeX manual or LaTeX Companion for explanation.
Type  H <return>  for immediate help.
 ...                                              
                                                  
l.5 ...¹ Î· Î¸ÎµÎ¼ÎµÎ»Î¹ÏÎ´Î·Ï‚ Î¸ÎµÏ‰ÏÎ¯Î± ÏƒÏ„
                                                  Î·Î½ Î¿Ï€Î¿Î¯Î± Î²Î±ÏƒÎ¯Î¶...

You may provide a definition with
\DeclareUnicodeCharacter 


! LaTeX Error: Unicode character Î· (U+03B7)
               not set up for use with LaTeX.

See the LaTeX manual or LaTeX Companion for explanation.
Type  H <return>  for immediate help.
 ...                                              
                                                  
l.5 ...Î· Î¸ÎµÎ¼ÎµÎ»Î¹ÏÎ´Î·Ï‚ Î¸ÎµÏ‰ÏÎ¯Î± ÏƒÏ„Î·
                                                  Î½ Î¿Ï€Î¿Î¯Î± Î²Î±ÏƒÎ¯Î¶Îµ...

You may provide a definition with
\DeclareUnicodeCharacter 


! LaTeX Error: Unicode character Î½ (U+03BD)
               not set up for use with LaTeX.

See the LaTeX manual or LaTeX Companion for explanation.
Type  H <return>  for immediate help.
 ...                                              
                                                  
l.5 ... Î¸ÎµÎ¼ÎµÎ»Î¹ÏÎ´Î·Ï‚ Î¸ÎµÏ‰ÏÎ¯Î± ÏƒÏ„Î·Î½
                                                   Î¿Ï€Î¿Î¯Î± Î²Î±ÏƒÎ¯Î¶ÎµÏ„...

You may provide a definition with
\DeclareUnicodeCharacter 


! LaTeX Error: Unicode character Î¿ (U+03BF)
               not set up for use with LaTeX.

See the LaTeX manual or LaTeX Companion for explanation.
Type  H <return>  for immediate help.
 ...                                              
                                                  
l.5 ...ÎµÎ¼ÎµÎ»Î¹ÏÎ´Î·Ï‚ Î¸ÎµÏ‰ÏÎ¯Î± ÏƒÏ„Î·Î½ Î¿
                                                  Ï€Î¿Î¯Î± Î²Î±ÏƒÎ¯Î¶ÎµÏ„Î±Î...

You may provide a definition with
\DeclareUnicodeCharacter 


! LaTeX Error: Unicode character Ï€ (U+03C0)
               not set up for use with LaTeX.

See the LaTeX manual or LaTeX Companion for explanation.
Type  H <return>  for immediate help.
 ...                                              
                                                  
l.5 ...Î¼ÎµÎ»Î¹ÏÎ´Î·Ï‚ Î¸ÎµÏ‰ÏÎ¯Î± ÏƒÏ„Î·Î½ Î¿Ï€
                                                  Î¿Î¯Î± Î²Î±ÏƒÎ¯Î¶ÎµÏ„Î±Î¹ ...

You may provide a definition with
\DeclareUnicodeCharacter 


! LaTeX Error: Unicode character Î¿ (U+03BF)
               not set up for use with LaTeX.

See the LaTeX manual or LaTeX Companion for explanation.
Type  H <return>  for immediate help.
 ...                                              
                                                  
l.5 ...ÎµÎ»Î¹ÏÎ´Î·Ï‚ Î¸ÎµÏ‰ÏÎ¯Î± ÏƒÏ„Î·Î½ Î¿Ï€Î¿
                                                  Î¯Î± Î²Î±ÏƒÎ¯Î¶ÎµÏ„Î±Î¹ Î·...

You may provide a definition with
\DeclareUnicodeCharacter 


! LaTeX Error: Unicode character Î¯ (U+03AF)
               not set up for use with LaTeX.

See the LaTeX manual or LaTeX Companion for explanation.
Type  H <return>  for immediate help.
 ...                                              
                                                  
l.5 ...Î»Î¹ÏÎ´Î·Ï‚ Î¸ÎµÏ‰ÏÎ¯Î± ÏƒÏ„Î·Î½ Î¿Ï€Î¿Î¯
                                                  Î± Î²Î±ÏƒÎ¯Î¶ÎµÏ„Î±Î¹ Î· Î...

You may provide a definition with
\DeclareUnicodeCharacter 


! LaTeX Error: Unicode character Î± (U+03B1)
               not set up for use with LaTeX.

See the LaTeX manual or LaTeX Companion for explanation.
Type  H <return>  for immediate help.
 ...                                              
                                                  
l.5 ...Î¹ÏÎ´Î·Ï‚ Î¸ÎµÏ‰ÏÎ¯Î± ÏƒÏ„Î·Î½ Î¿Ï€Î¿Î¯Î±
                                                   Î²Î±ÏƒÎ¯Î¶ÎµÏ„Î±Î¹ Î· Î¼Î...

You may provide a definition with
\DeclareUnicodeCharacter 


! LaTeX Error: Unicode character Î² (U+03B2)
               not set up for use with LaTeX.

See the LaTeX manual or LaTeX Companion for explanation.
Type  H <return>  for immediate help.
 ...                                              
                                                  
l.5 ...Î´Î·Ï‚ Î¸ÎµÏ‰ÏÎ¯Î± ÏƒÏ„Î·Î½ Î¿Ï€Î¿Î¯Î± Î²
                                                  Î±ÏƒÎ¯Î¶ÎµÏ„Î±Î¹ Î· Î¼ÎµÎ»...

You may provide a definition with
\DeclareUnicodeCharacter 


! LaTeX Error: Unicode character Î± (U+03B1)
               not set up for use with LaTeX.

See the LaTeX manual or LaTeX Companion for explanation.
Type  H <return>  for immediate help.
 ...                                              
                                                  
l.5 ...´Î·Ï‚ Î¸ÎµÏ‰ÏÎ¯Î± ÏƒÏ„Î·Î½ Î¿Ï€Î¿Î¯Î± Î²Î±
                                                  ÏƒÎ¯Î¶ÎµÏ„Î±Î¹ Î· Î¼ÎµÎ»Î­...

You may provide a definition with
\DeclareUnicodeCharacter 


! LaTeX Error: Unicode character Ïƒ (U+03C3)
               not set up for use with LaTeX.

See the LaTeX manual or LaTeX Companion for explanation.
Type  H <return>  for immediate help.
 ...                                              
                                                  
l.5 ...·Ï‚ Î¸ÎµÏ‰ÏÎ¯Î± ÏƒÏ„Î·Î½ Î¿Ï€Î¿Î¯Î± Î²Î±Ïƒ
                                                  Î¯Î¶ÎµÏ„Î±Î¹ Î· Î¼ÎµÎ»Î­Ï„...

You may provide a definition with
\DeclareUnicodeCharacter 


! LaTeX Error: Unicode character Î¯ (U+03AF)
               not set up for use with LaTeX.

See the LaTeX manual or LaTeX Companion for explanation.
Type  H <return>  for immediate help.
 ...                                              
                                                  
l.5 ...‚ Î¸ÎµÏ‰ÏÎ¯Î± ÏƒÏ„Î·Î½ Î¿Ï€Î¿Î¯Î± Î²Î±ÏƒÎ¯
                                                  Î¶ÎµÏ„Î±Î¹ Î· Î¼ÎµÎ»Î­Ï„Î·...

You may provide a definition with
\DeclareUnicodeCharacter 


! LaTeX Error: Unicode character Î¶ (U+03B6)
               not set up for use with LaTeX.

See the LaTeX manual or LaTeX Companion for explanation.
Type  H <return>  for immediate help.
 ...                                              
                                                  
l.5 ...Î¸ÎµÏ‰ÏÎ¯Î± ÏƒÏ„Î·Î½ Î¿Ï€Î¿Î¯Î± Î²Î±ÏƒÎ¯Î¶
                                                  ÎµÏ„Î±Î¹ Î· Î¼ÎµÎ»Î­Ï„Î· Ï...

You may provide a definition with
\DeclareUnicodeCharacter 


! LaTeX Error: Unicode character Îµ (U+03B5)
               not set up for use with LaTeX.

See the LaTeX manual or LaTeX Companion for explanation.
Type  H <return>  for immediate help.
 ...                                              
                                                  
l.5 ...ÎµÏ‰ÏÎ¯Î± ÏƒÏ„Î·Î½ Î¿Ï€Î¿Î¯Î± Î²Î±ÏƒÎ¯Î¶Îµ
                                                  Ï„Î±Î¹ Î· Î¼ÎµÎ»Î­Ï„Î· Ï„Ï...

You may provide a definition with
\DeclareUnicodeCharacter 


! LaTeX Error: Unicode character Ï„ (U+03C4)
               not set up for use with LaTeX.

See the LaTeX manual or LaTeX Companion for explanation.
Type  H <return>  for immediate help.
 ...                                              
                                                  
l.5 ...Ï‰ÏÎ¯Î± ÏƒÏ„Î·Î½ Î¿Ï€Î¿Î¯Î± Î²Î±ÏƒÎ¯Î¶ÎµÏ„
                                                  Î±Î¹ Î· Î¼ÎµÎ»Î­Ï„Î· Ï„Ï‰Î...

You may provide a definition with
\DeclareUnicodeCharacter 


! LaTeX Error: Unicode character Î± (U+03B1)
               not set up for use with LaTeX.

See the LaTeX manual or LaTeX Companion for explanation.
Type  H <return>  for immediate help.
 ...                                              
                                                  
l.5 ...ÏÎ¯Î± ÏƒÏ„Î·Î½ Î¿Ï€Î¿Î¯Î± Î²Î±ÏƒÎ¯Î¶ÎµÏ„Î±
                                                  Î¹ Î· Î¼ÎµÎ»Î­Ï„Î· Ï„Ï‰Î½ ...

You may provide a definition with
\DeclareUnicodeCharacter 


! LaTeX Error: Unicode character Î¹ (U+03B9)
               not set up for use with LaTeX.

See the LaTeX manual or LaTeX Companion for explanation.
Type  H <return>  for immediate help.
 ...                                              
                                                  
l.5 ...Î¯Î± ÏƒÏ„Î·Î½ Î¿Ï€Î¿Î¯Î± Î²Î±ÏƒÎ¯Î¶ÎµÏ„Î±Î¹
                                                   Î· Î¼ÎµÎ»Î­Ï„Î· Ï„Ï‰Î½ Î¹...

You may provide a definition with
\DeclareUnicodeCharacter 


! LaTeX Error: Unicode character Î· (U+03B7)
               not set up for use with LaTeX.

See the LaTeX manual or LaTeX Companion for explanation.
Type  H <return>  for immediate help.
 ...                                              
                                                  
l.5 ...± ÏƒÏ„Î·Î½ Î¿Ï€Î¿Î¯Î± Î²Î±ÏƒÎ¯Î¶ÎµÏ„Î±Î¹ Î·
                                                   Î¼ÎµÎ»Î­Ï„Î· Ï„Ï‰Î½ Î¹ÏƒÏ...

You may provide a definition with
\DeclareUnicodeCharacter 


! LaTeX Error: Unicode character Î¼ (U+03BC)
               not set up for use with LaTeX.

See the LaTeX manual or LaTeX Companion for explanation.
Type  H <return>  for immediate help.
 ...                                              
                                                  
l.5 ...ƒÏ„Î·Î½ Î¿Ï€Î¿Î¯Î± Î²Î±ÏƒÎ¯Î¶ÎµÏ„Î±Î¹ Î· Î¼
                                                  ÎµÎ»Î­Ï„Î· Ï„Ï‰Î½ Î¹ÏƒÏ‡Ï…...

You may provide a definition with
\DeclareUnicodeCharacter 


! LaTeX Error: Unicode character Îµ (U+03B5)
               not set up for use with LaTeX.

See the LaTeX manual or LaTeX Companion for explanation.
Type  H <return>  for immediate help.
 ...                                              
                                                  
l.5 ...„Î·Î½ Î¿Ï€Î¿Î¯Î± Î²Î±ÏƒÎ¯Î¶ÎµÏ„Î±Î¹ Î· Î¼Îµ
                                                  Î»Î­Ï„Î· Ï„Ï‰Î½ Î¹ÏƒÏ‡Ï…Ï...

You may provide a definition with
\DeclareUnicodeCharacter 


! LaTeX Error: Unicode character Î» (U+03BB)
               not set up for use with LaTeX.

See the LaTeX manual or LaTeX Companion for explanation.
Type  H <return>  for immediate help.
 ...                                              
                                                  
l.5 ...·Î½ Î¿Ï€Î¿Î¯Î± Î²Î±ÏƒÎ¯Î¶ÎµÏ„Î±Î¹ Î· Î¼ÎµÎ»
                                                  Î­Ï„Î· Ï„Ï‰Î½ Î¹ÏƒÏ‡Ï…ÏÏ...

You may provide a definition with
\DeclareUnicodeCharacter 


! LaTeX Error: Unicode character Î­ (U+03AD)
               not set up for use with LaTeX.

See the LaTeX manual or LaTeX Companion for explanation.
Type  H <return>  for immediate help.
 ...                                              
                                                  
l.5 ...½ Î¿Ï€Î¿Î¯Î± Î²Î±ÏƒÎ¯Î¶ÎµÏ„Î±Î¹ Î· Î¼ÎµÎ»Î­
                                                  Ï„Î· Ï„Ï‰Î½ Î¹ÏƒÏ‡Ï…ÏÏÎ½...

You may provide a definition with
\DeclareUnicodeCharacter 


! LaTeX Error: Unicode character Ï„ (U+03C4)
               not set up for use with LaTeX.

See the LaTeX manual or LaTeX Companion for explanation.
Type  H <return>  for immediate help.
 ...                                              
                                                  
l.5 ...Î¿Ï€Î¿Î¯Î± Î²Î±ÏƒÎ¯Î¶ÎµÏ„Î±Î¹ Î· Î¼ÎµÎ»Î­Ï„
                                                  Î· Ï„Ï‰Î½ Î¹ÏƒÏ‡Ï…ÏÏÎ½ Î...

You may provide a definition with
\DeclareUnicodeCharacter 


! LaTeX Error: Unicode character Î· (U+03B7)
               not set up for use with LaTeX.

See the LaTeX manual or LaTeX Companion for explanation.
Type  H <return>  for immediate help.
 ...                                              
                                                  
l.5 ...Ï€Î¿Î¯Î± Î²Î±ÏƒÎ¯Î¶ÎµÏ„Î±Î¹ Î· Î¼ÎµÎ»Î­Ï„Î·
                                                   Ï„Ï‰Î½ Î¹ÏƒÏ‡Ï…ÏÏÎ½ Î±Î...

You may provide a definition with
\DeclareUnicodeCharacter 


! LaTeX Error: Unicode character Ï„ (U+03C4)
               not set up for use with LaTeX.

See the LaTeX manual or LaTeX Companion for explanation.
Type  H <return>  for immediate help.
 ...                                              
                                                  
l.5 ...¿Î¯Î± Î²Î±ÏƒÎ¯Î¶ÎµÏ„Î±Î¹ Î· Î¼ÎµÎ»Î­Ï„Î· Ï„
                                                  Ï‰Î½ Î¹ÏƒÏ‡Ï…ÏÏÎ½ Î±Î»Î»...

You may provide a definition with
\DeclareUnicodeCharacter 


! LaTeX Error: Unicode character Ï‰ (U+03C9)
               not set up for use with LaTeX.

See the LaTeX manual or LaTeX Companion for explanation.
Type  H <return>  for immediate help.
 ...                                              
                                                  
l.5 ...¯Î± Î²Î±ÏƒÎ¯Î¶ÎµÏ„Î±Î¹ Î· Î¼ÎµÎ»Î­Ï„Î· Ï„Ï‰
                                                  Î½ Î¹ÏƒÏ‡Ï…ÏÏÎ½ Î±Î»Î»Î·...

You may provide a definition with
\DeclareUnicodeCharacter 


! LaTeX Error: Unicode character Î½ (U+03BD)
               not set up for use with LaTeX.

See the LaTeX manual or LaTeX Companion for explanation.
Type  H <return>  for immediate help.
 ...                                              
                                                  
l.5 ...± Î²Î±ÏƒÎ¯Î¶ÎµÏ„Î±Î¹ Î· Î¼ÎµÎ»Î­Ï„Î· Ï„Ï‰Î½
                                                   Î¹ÏƒÏ‡Ï…ÏÏÎ½ Î±Î»Î»Î·Î»...

You may provide a definition with
\DeclareUnicodeCharacter 


! LaTeX Error: Unicode character Î¹ (U+03B9)
               not set up for use with LaTeX.

See the LaTeX manual or LaTeX Companion for explanation.
Type  H <return>  for immediate help.
 ...                                              
                                                  
l.5 ...²Î±ÏƒÎ¯Î¶ÎµÏ„Î±Î¹ Î· Î¼ÎµÎ»Î­Ï„Î· Ï„Ï‰Î½ Î¹
                                                  ÏƒÏ‡Ï…ÏÏÎ½ Î±Î»Î»Î·Î»ÎµÏ...

You may provide a definition with
\DeclareUnicodeCharacter 


! LaTeX Error: Unicode character Ïƒ (U+03C3)
               not set up for use with LaTeX.

See the LaTeX manual or LaTeX Companion for explanation.
Type  H <return>  for immediate help.
 ...                                              
                                                  
l.5 ...±ÏƒÎ¯Î¶ÎµÏ„Î±Î¹ Î· Î¼ÎµÎ»Î­Ï„Î· Ï„Ï‰Î½ Î¹Ïƒ
                                                  Ï‡Ï…ÏÏÎ½ Î±Î»Î»Î·Î»ÎµÏ€Î...

You may provide a definition with
\DeclareUnicodeCharacter 


! LaTeX Error: Unicode character Ï‡ (U+03C7)
               not set up for use with LaTeX.

See the LaTeX manual or LaTeX Companion for explanation.
Type  H <return>  for immediate help.
 ...                                              
                                                  
l.5 ...ƒÎ¯Î¶ÎµÏ„Î±Î¹ Î· Î¼ÎµÎ»Î­Ï„Î· Ï„Ï‰Î½ Î¹ÏƒÏ‡
                                                  Ï…ÏÏÎ½ Î±Î»Î»Î·Î»ÎµÏ€Î¹Î...

You may provide a definition with
\DeclareUnicodeCharacter 


! LaTeX Error: Unicode character Ï… (U+03C5)
               not set up for use with LaTeX.

See the LaTeX manual or LaTeX Companion for explanation.
Type  H <return>  for immediate help.
 ...                                              
                                                  
l.5 ...¯Î¶ÎµÏ„Î±Î¹ Î· Î¼ÎµÎ»Î­Ï„Î· Ï„Ï‰Î½ Î¹ÏƒÏ‡Ï…
                                                  ÏÏÎ½ Î±Î»Î»Î·Î»ÎµÏ€Î¹Î´Ï...

You may provide a definition with
\DeclareUnicodeCharacter 


! LaTeX Error: Unicode character Ï (U+03C1)
               not set up for use with LaTeX.

See the LaTeX manual or LaTeX Companion for explanation.
Type  H <return>  for immediate help.
 ...                                              
                                                  
l.5 ...¶ÎµÏ„Î±Î¹ Î· Î¼ÎµÎ»Î­Ï„Î· Ï„Ï‰Î½ Î¹ÏƒÏ‡Ï…Ï
                                                  ÏÎ½ Î±Î»Î»Î·Î»ÎµÏ€Î¹Î´ÏÎ...

You may provide a definition with
\DeclareUnicodeCharacter 


! LaTeX Error: Unicode character Ï (U+03CE)
               not set up for use with LaTeX.

See the LaTeX manual or LaTeX Companion for explanation.
Type  H <return>  for immediate help.
 ...                                              
                                                  
l.5 ...µÏ„Î±Î¹ Î· Î¼ÎµÎ»Î­Ï„Î· Ï„Ï‰Î½ Î¹ÏƒÏ‡Ï…ÏÏ
                                                  Î½ Î±Î»Î»Î·Î»ÎµÏ€Î¹Î´ÏÎ¬Ï...

You may provide a definition with
\DeclareUnicodeCharacter 


! LaTeX Error: Unicode character Î½ (U+03BD)
               not set up for use with LaTeX.

See the LaTeX manual or LaTeX Companion for explanation.
Type  H <return>  for immediate help.
 ...                                              
                                                  
l.5 ...„Î±Î¹ Î· Î¼ÎµÎ»Î­Ï„Î· Ï„Ï‰Î½ Î¹ÏƒÏ‡Ï…ÏÏÎ½
                                                   Î±Î»Î»Î·Î»ÎµÏ€Î¹Î´ÏÎ¬ÏƒÎ...

You may provide a definition with
\DeclareUnicodeCharacter 


! LaTeX Error: Unicode character Î± (U+03B1)
               not set up for use with LaTeX.

See the LaTeX manual or LaTeX Companion for explanation.
Type  H <return>  for immediate help.
 ...                                              
                                                  
l.5 ...Î¹ Î· Î¼ÎµÎ»Î­Ï„Î· Ï„Ï‰Î½ Î¹ÏƒÏ‡Ï…ÏÏÎ½ Î±
                                                  Î»Î»Î·Î»ÎµÏ€Î¹Î´ÏÎ¬ÏƒÎµÏ‰...

You may provide a definition with
\DeclareUnicodeCharacter 


! LaTeX Error: Unicode character Î» (U+03BB)
               not set up for use with LaTeX.

See the LaTeX manual or LaTeX Companion for explanation.
Type  H <return>  for immediate help.
 ...                                              
                                                  
l.5 ... Î· Î¼ÎµÎ»Î­Ï„Î· Ï„Ï‰Î½ Î¹ÏƒÏ‡Ï…ÏÏÎ½ Î±Î»
                                                  Î»Î·Î»ÎµÏ€Î¹Î´ÏÎ¬ÏƒÎµÏ‰Î½...

You may provide a definition with
\DeclareUnicodeCharacter 


! LaTeX Error: Unicode character Î» (U+03BB)
               not set up for use with LaTeX.

See the LaTeX manual or LaTeX Companion for explanation.
Type  H <return>  for immediate help.
 ...                                              
                                                  
l.5 ...· Î¼ÎµÎ»Î­Ï„Î· Ï„Ï‰Î½ Î¹ÏƒÏ‡Ï…ÏÏÎ½ Î±Î»Î»
                                                  Î·Î»ÎµÏ€Î¹Î´ÏÎ¬ÏƒÎµÏ‰Î½ Î...

You may provide a definition with
\DeclareUnicodeCharacter 


! LaTeX Error: Unicode character Î· (U+03B7)
               not set up for use with LaTeX.

See the LaTeX manual or LaTeX Companion for explanation.
Type  H <return>  for immediate help.
 ...                                              
                                                  
l.5 ...Î¼ÎµÎ»Î­Ï„Î· Ï„Ï‰Î½ Î¹ÏƒÏ‡Ï…ÏÏÎ½ Î±Î»Î»Î·
                                                  Î»ÎµÏ€Î¹Î´ÏÎ¬ÏƒÎµÏ‰Î½ Î¼Î...

You may provide a definition with
\DeclareUnicodeCharacter 


! LaTeX Error: Unicode character Î» (U+03BB)
               not set up for use with LaTeX.

See the LaTeX manual or LaTeX Companion for explanation.
Type  H <return>  for immediate help.
 ...                                              
                                                  
l.5 ...ÎµÎ»Î­Ï„Î· Ï„Ï‰Î½ Î¹ÏƒÏ‡Ï…ÏÏÎ½ Î±Î»Î»Î·Î»
                                                  ÎµÏ€Î¹Î´ÏÎ¬ÏƒÎµÏ‰Î½ Î¼ÎµÏ...

You may provide a definition with
\DeclareUnicodeCharacter 


! LaTeX Error: Unicode character Îµ (U+03B5)
               not set up for use with LaTeX.

See the LaTeX manual or LaTeX Companion for explanation.
Type  H <return>  for immediate help.
 ...                                              
                                                  
l.5 ...Î»Î­Ï„Î· Ï„Ï‰Î½ Î¹ÏƒÏ‡Ï…ÏÏÎ½ Î±Î»Î»Î·Î»Îµ
                                                  Ï€Î¹Î´ÏÎ¬ÏƒÎµÏ‰Î½ Î¼ÎµÏ„Î...

You may provide a definition with
\DeclareUnicodeCharacter 


! LaTeX Error: Unicode character Ï€ (U+03C0)
               not set up for use with LaTeX.

See the LaTeX manual or LaTeX Companion for explanation.
Type  H <return>  for immediate help.
 ...                                              
                                                  
l.5 ...Î­Ï„Î· Ï„Ï‰Î½ Î¹ÏƒÏ‡Ï…ÏÏÎ½ Î±Î»Î»Î·Î»ÎµÏ€
                                                  Î¹Î´ÏÎ¬ÏƒÎµÏ‰Î½ Î¼ÎµÏ„Î±Î...

You may provide a definition with
\DeclareUnicodeCharacter 


! LaTeX Error: Unicode character Î¹ (U+03B9)
               not set up for use with LaTeX.

See the LaTeX manual or LaTeX Companion for explanation.
Type  H <return>  for immediate help.
 ...                                              
                                                  
l.5 ...Ï„Î· Ï„Ï‰Î½ Î¹ÏƒÏ‡Ï…ÏÏÎ½ Î±Î»Î»Î·Î»ÎµÏ€Î¹
                                                  Î´ÏÎ¬ÏƒÎµÏ‰Î½ Î¼ÎµÏ„Î±Î¾Ï...

You may provide a definition with
\DeclareUnicodeCharacter 


! LaTeX Error: Unicode character Î´ (U+03B4)
               not set up for use with LaTeX.

See the LaTeX manual or LaTeX Companion for explanation.
Type  H <return>  for immediate help.
 ...                                              
                                                  
l.5 ...Î· Ï„Ï‰Î½ Î¹ÏƒÏ‡Ï…ÏÏÎ½ Î±Î»Î»Î·Î»ÎµÏ€Î¹Î´
                                                  ÏÎ¬ÏƒÎµÏ‰Î½ Î¼ÎµÏ„Î±Î¾Ï ...

You may provide a definition with
\DeclareUnicodeCharacter 


! LaTeX Error: Unicode character Ï (U+03C1)
               not set up for use with LaTeX.

See the LaTeX manual or LaTeX Companion for explanation.
Type  H <return>  for immediate help.
 ...                                              
                                                  
l.5 ... Ï„Ï‰Î½ Î¹ÏƒÏ‡Ï…ÏÏÎ½ Î±Î»Î»Î·Î»ÎµÏ€Î¹Î´Ï
                                                  Î¬ÏƒÎµÏ‰Î½ Î¼ÎµÏ„Î±Î¾Ï Ï„...

You may provide a definition with
\DeclareUnicodeCharacter 


! LaTeX Error: Unicode character Î¬ (U+03AC)
               not set up for use with LaTeX.

See the LaTeX manual or LaTeX Companion for explanation.
Type  H <return>  for immediate help.
 ...                                              
                                                  
l.5 ...„Ï‰Î½ Î¹ÏƒÏ‡Ï…ÏÏÎ½ Î±Î»Î»Î·Î»ÎµÏ€Î¹Î´ÏÎ¬
                                                  ÏƒÎµÏ‰Î½ Î¼ÎµÏ„Î±Î¾Ï Ï„Ï‰...

You may provide a definition with
\DeclareUnicodeCharacter 


! LaTeX Error: Unicode character Ïƒ (U+03C3)
               not set up for use with LaTeX.

See the LaTeX manual or LaTeX Companion for explanation.
Type  H <return>  for immediate help.
 ...                                              
                                                  
l.5 ...‰Î½ Î¹ÏƒÏ‡Ï…ÏÏÎ½ Î±Î»Î»Î·Î»ÎµÏ€Î¹Î´ÏÎ¬Ïƒ
                                                  ÎµÏ‰Î½ Î¼ÎµÏ„Î±Î¾Ï Ï„Ï‰Î½...

You may provide a definition with
\DeclareUnicodeCharacter 


! LaTeX Error: Unicode character Îµ (U+03B5)
               not set up for use with LaTeX.

See the LaTeX manual or LaTeX Companion for explanation.
Type  H <return>  for immediate help.
 ...                                              
                                                  
l.5 ...½ Î¹ÏƒÏ‡Ï…ÏÏÎ½ Î±Î»Î»Î·Î»ÎµÏ€Î¹Î´ÏÎ¬ÏƒÎµ
                                                  Ï‰Î½ Î¼ÎµÏ„Î±Î¾Ï Ï„Ï‰Î½ Î...

You may provide a definition with
\DeclareUnicodeCharacter 


! LaTeX Error: Unicode character Ï‰ (U+03C9)
               not set up for use with LaTeX.

See the LaTeX manual or LaTeX Companion for explanation.
Type  H <return>  for immediate help.
 ...                                              
                                                  
l.5 ...Î¹ÏƒÏ‡Ï…ÏÏÎ½ Î±Î»Î»Î·Î»ÎµÏ€Î¹Î´ÏÎ¬ÏƒÎµÏ‰
                                                  Î½ Î¼ÎµÏ„Î±Î¾Ï Ï„Ï‰Î½ ÎšÎ...

You may provide a definition with
\DeclareUnicodeCharacter 


! LaTeX Error: Unicode character Î½ (U+03BD)
               not set up for use with LaTeX.

See the LaTeX manual or LaTeX Companion for explanation.
Type  H <return>  for immediate help.
 ...                                              
                                                  
l.5 ...ÏƒÏ‡Ï…ÏÏÎ½ Î±Î»Î»Î·Î»ÎµÏ€Î¹Î´ÏÎ¬ÏƒÎµÏ‰Î½
                                                   Î¼ÎµÏ„Î±Î¾Ï Ï„Ï‰Î½ ÎšÎ¿Ï...

You may provide a definition with
\DeclareUnicodeCharacter 


! LaTeX Error: Unicode character Î¼ (U+03BC)
               not set up for use with LaTeX.

See the LaTeX manual or LaTeX Companion for explanation.
Type  H <return>  for immediate help.
 ...                                              
                                                  
l.5 ...‡Ï…ÏÏÎ½ Î±Î»Î»Î·Î»ÎµÏ€Î¹Î´ÏÎ¬ÏƒÎµÏ‰Î½ Î¼
                                                  ÎµÏ„Î±Î¾Ï Ï„Ï‰Î½ ÎšÎ¿Ï…Î¬...

You may provide a definition with
\DeclareUnicodeCharacter 


! LaTeX Error: Unicode character Îµ (U+03B5)
               not set up for use with LaTeX.

See the LaTeX manual or LaTeX Companion for explanation.
Type  H <return>  for immediate help.
 ...                                              
                                                  
l.5 ...…ÏÏÎ½ Î±Î»Î»Î·Î»ÎµÏ€Î¹Î´ÏÎ¬ÏƒÎµÏ‰Î½ Î¼Îµ
                                                  Ï„Î±Î¾Ï Ï„Ï‰Î½ ÎšÎ¿Ï…Î¬Ï...

You may provide a definition with
\DeclareUnicodeCharacter 


! LaTeX Error: Unicode character Ï„ (U+03C4)
               not set up for use with LaTeX.

See the LaTeX manual or LaTeX Companion for explanation.
Type  H <return>  for immediate help.
 ...                                              
                                                  
l.5 ...ÏÎ½ Î±Î»Î»Î·Î»ÎµÏ€Î¹Î´ÏÎ¬ÏƒÎµÏ‰Î½ Î¼ÎµÏ„
                                                  Î±Î¾Ï Ï„Ï‰Î½ ÎšÎ¿Ï…Î¬ÏÎº...

You may provide a definition with
\DeclareUnicodeCharacter 


! LaTeX Error: Unicode character Î± (U+03B1)
               not set up for use with LaTeX.

See the LaTeX manual or LaTeX Companion for explanation.
Type  H <return>  for immediate help.
 ...                                              
                                                  
l.5 ...Î½ Î±Î»Î»Î·Î»ÎµÏ€Î¹Î´ÏÎ¬ÏƒÎµÏ‰Î½ Î¼ÎµÏ„Î±
                                                  Î¾Ï Ï„Ï‰Î½ ÎšÎ¿Ï…Î¬ÏÎº Î...

You may provide a definition with
\DeclareUnicodeCharacter 


! LaTeX Error: Unicode character Î¾ (U+03BE)
               not set up for use with LaTeX.

See the LaTeX manual or LaTeX Companion for explanation.
Type  H <return>  for immediate help.
 ...                                              
                                                  
l.5 ...½ Î±Î»Î»Î·Î»ÎµÏ€Î¹Î´ÏÎ¬ÏƒÎµÏ‰Î½ Î¼ÎµÏ„Î±Î¾
                                                  Ï Ï„Ï‰Î½ ÎšÎ¿Ï…Î¬ÏÎº ÎºÎ...

You may provide a definition with
\DeclareUnicodeCharacter 


! LaTeX Error: Unicode character Ï (U+03CD)
               not set up for use with LaTeX.

See the LaTeX manual or LaTeX Companion for explanation.
Type  H <return>  for immediate help.
 ...                                              
                                                  
l.5 ...Î±Î»Î»Î·Î»ÎµÏ€Î¹Î´ÏÎ¬ÏƒÎµÏ‰Î½ Î¼ÎµÏ„Î±Î¾Ï
                                                   Ï„Ï‰Î½ ÎšÎ¿Ï…Î¬ÏÎº ÎºÎ±Î...

You may provide a definition with
\DeclareUnicodeCharacter 


! LaTeX Error: Unicode character Ï„ (U+03C4)
               not set up for use with LaTeX.

See the LaTeX manual or LaTeX Companion for explanation.
Type  H <return>  for immediate help.
 ...                                              
                                                  
l.5 ...»Î»Î·Î»ÎµÏ€Î¹Î´ÏÎ¬ÏƒÎµÏ‰Î½ Î¼ÎµÏ„Î±Î¾Ï Ï„
                                                  Ï‰Î½ ÎšÎ¿Ï…Î¬ÏÎº ÎºÎ±Î¹ Ï...

You may provide a definition with
\DeclareUnicodeCharacter 


! LaTeX Error: Unicode character Ï‰ (U+03C9)
               not set up for use with LaTeX.

See the LaTeX manual or LaTeX Companion for explanation.
Type  H <return>  for immediate help.
 ...                                              
                                                  
l.5 ...»Î·Î»ÎµÏ€Î¹Î´ÏÎ¬ÏƒÎµÏ‰Î½ Î¼ÎµÏ„Î±Î¾Ï Ï„Ï‰
                                                  Î½ ÎšÎ¿Ï…Î¬ÏÎº ÎºÎ±Î¹ Ï„Ï...

You may provide a definition with
\DeclareUnicodeCharacter 


! LaTeX Error: Unicode character Î½ (U+03BD)
               not set up for use with LaTeX.

See the LaTeX manual or LaTeX Companion for explanation.
Type  H <return>  for immediate help.
 ...                                              
                                                  
l.5 ...·Î»ÎµÏ€Î¹Î´ÏÎ¬ÏƒÎµÏ‰Î½ Î¼ÎµÏ„Î±Î¾Ï Ï„Ï‰Î½
                                                   ÎšÎ¿Ï…Î¬ÏÎº ÎºÎ±Î¹ Ï„Ï‰Î...

You may provide a definition with
\DeclareUnicodeCharacter 


! LaTeX Error: Unicode character Îš (U+039A)
               not set up for use with LaTeX.

See the LaTeX manual or LaTeX Companion for explanation.
Type  H <return>  for immediate help.
 ...                                              
                                                  
l.5 ...ÎµÏ€Î¹Î´ÏÎ¬ÏƒÎµÏ‰Î½ Î¼ÎµÏ„Î±Î¾Ï Ï„Ï‰Î½ Îš
                                                  Î¿Ï…Î¬ÏÎº ÎºÎ±Î¹ Ï„Ï‰Î½ Î...

You may provide a definition with
\DeclareUnicodeCharacter 


! LaTeX Error: Unicode character Î¿ (U+03BF)
               not set up for use with LaTeX.

See the LaTeX manual or LaTeX Companion for explanation.
Type  H <return>  for immediate help.
 ...                                              
                                                  
l.5 ...Ï€Î¹Î´ÏÎ¬ÏƒÎµÏ‰Î½ Î¼ÎµÏ„Î±Î¾Ï Ï„Ï‰Î½ ÎšÎ¿
                                                  Ï…Î¬ÏÎº ÎºÎ±Î¹ Ï„Ï‰Î½ Î“Î...

You may provide a definition with
\DeclareUnicodeCharacter 


! LaTeX Error: Unicode character Ï… (U+03C5)
               not set up for use with LaTeX.

See the LaTeX manual or LaTeX Companion for explanation.
Type  H <return>  for immediate help.
 ...                                              
                                                  
l.5 ...Î¹Î´ÏÎ¬ÏƒÎµÏ‰Î½ Î¼ÎµÏ„Î±Î¾Ï Ï„Ï‰Î½ ÎšÎ¿Ï…
                                                  Î¬ÏÎº ÎºÎ±Î¹ Ï„Ï‰Î½ Î“Î»Î...

You may provide a definition with
\DeclareUnicodeCharacter 


! LaTeX Error: Unicode character Î¬ (U+03AC)
               not set up for use with LaTeX.

See the LaTeX manual or LaTeX Companion for explanation.
Type  H <return>  for immediate help.
 ...                                              
                                                  
l.5 ...Î´ÏÎ¬ÏƒÎµÏ‰Î½ Î¼ÎµÏ„Î±Î¾Ï Ï„Ï‰Î½ ÎšÎ¿Ï…Î¬
                                                  ÏÎº ÎºÎ±Î¹ Ï„Ï‰Î½ Î“Î»Î¿Ï...

You may provide a definition with
\DeclareUnicodeCharacter 


! LaTeX Error: Unicode character Ï (U+03C1)
               not set up for use with LaTeX.

See the LaTeX manual or LaTeX Companion for explanation.
Type  H <return>  for immediate help.
 ...                                              
                                                  
l.5 ...ÏÎ¬ÏƒÎµÏ‰Î½ Î¼ÎµÏ„Î±Î¾Ï Ï„Ï‰Î½ ÎšÎ¿Ï…Î¬Ï
                                                  Îº ÎºÎ±Î¹ Ï„Ï‰Î½ Î“Î»Î¿Ï…Î...

You may provide a definition with
\DeclareUnicodeCharacter 


! LaTeX Error: Unicode character Îº (U+03BA)
               not set up for use with LaTeX.

See the LaTeX manual or LaTeX Companion for explanation.
Type  H <return>  for immediate help.
 ...                                              
                                                  
l.5 ...Î¬ÏƒÎµÏ‰Î½ Î¼ÎµÏ„Î±Î¾Ï Ï„Ï‰Î½ ÎšÎ¿Ï…Î¬ÏÎº
                                                   ÎºÎ±Î¹ Ï„Ï‰Î½ Î“Î»Î¿Ï…Î¿Î...

You may provide a definition with
\DeclareUnicodeCharacter 


! LaTeX Error: Unicode character Îº (U+03BA)
               not set up for use with LaTeX.

See the LaTeX manual or LaTeX Companion for explanation.
Type  H <return>  for immediate help.
 ...                                              
                                                  
l.5 ...ƒÎµÏ‰Î½ Î¼ÎµÏ„Î±Î¾Ï Ï„Ï‰Î½ ÎšÎ¿Ï…Î¬ÏÎº Îº
                                                  Î±Î¹ Ï„Ï‰Î½ Î“Î»Î¿Ï…Î¿Î½Î¯...

You may provide a definition with
\DeclareUnicodeCharacter 


! LaTeX Error: Unicode character Î± (U+03B1)
               not set up for use with LaTeX.

See the LaTeX manual or LaTeX Companion for explanation.
Type  H <return>  for immediate help.
 ...                                              
                                                  
l.5 ...µÏ‰Î½ Î¼ÎµÏ„Î±Î¾Ï Ï„Ï‰Î½ ÎšÎ¿Ï…Î¬ÏÎº ÎºÎ±
                                                  Î¹ Ï„Ï‰Î½ Î“Î»Î¿Ï…Î¿Î½Î¯Ï‰...

You may provide a definition with
\DeclareUnicodeCharacter 


! LaTeX Error: Unicode character Î¹ (U+03B9)
               not set up for use with LaTeX.

See the LaTeX manual or LaTeX Companion for explanation.
Type  H <return>  for immediate help.
 ...                                              
                                                  
l.5 ...‰Î½ Î¼ÎµÏ„Î±Î¾Ï Ï„Ï‰Î½ ÎšÎ¿Ï…Î¬ÏÎº ÎºÎ±Î¹
                                                   Ï„Ï‰Î½ Î“Î»Î¿Ï…Î¿Î½Î¯Ï‰Î½...

You may provide a definition with
\DeclareUnicodeCharacter 


! LaTeX Error: Unicode character Ï„ (U+03C4)
               not set up for use with LaTeX.

See the LaTeX manual or LaTeX Companion for explanation.
Type  H <return>  for immediate help.
 ...                                              
                                                  
l.5 ... Î¼ÎµÏ„Î±Î¾Ï Ï„Ï‰Î½ ÎšÎ¿Ï…Î¬ÏÎº ÎºÎ±Î¹ Ï„
                                                  Ï‰Î½ Î“Î»Î¿Ï…Î¿Î½Î¯Ï‰Î½ Îº...

You may provide a definition with
\DeclareUnicodeCharacter 


! LaTeX Error: Unicode character Ï‰ (U+03C9)
               not set up for use with LaTeX.

See the LaTeX manual or LaTeX Companion for explanation.
Type  H <return>  for immediate help.
 ...                                              
                                                  
l.5 ...¼ÎµÏ„Î±Î¾Ï Ï„Ï‰Î½ ÎšÎ¿Ï…Î¬ÏÎº ÎºÎ±Î¹ Ï„Ï‰
                                                  Î½ Î“Î»Î¿Ï…Î¿Î½Î¯Ï‰Î½ ÎºÎ±...

You may provide a definition with
\DeclareUnicodeCharacter 


! LaTeX Error: Unicode character Î½ (U+03BD)
               not set up for use with LaTeX.

See the LaTeX manual or LaTeX Companion for explanation.
Type  H <return>  for immediate help.
 ...                                              
                                                  
l.5 ...µÏ„Î±Î¾Ï Ï„Ï‰Î½ ÎšÎ¿Ï…Î¬ÏÎº ÎºÎ±Î¹ Ï„Ï‰Î½
                                                   Î“Î»Î¿Ï…Î¿Î½Î¯Ï‰Î½ ÎºÎ±Î¹...

You may provide a definition with
\DeclareUnicodeCharacter 


! LaTeX Error: Unicode character Î“ (U+0393)
               not set up for use with LaTeX.

See the LaTeX manual or LaTeX Companion for explanation.
Type  H <return>  for immediate help.
 ...                                              
                                                  
l.5 ...Î±Î¾Ï Ï„Ï‰Î½ ÎšÎ¿Ï…Î¬ÏÎº ÎºÎ±Î¹ Ï„Ï‰Î½ Î“
                                                  Î»Î¿Ï…Î¿Î½Î¯Ï‰Î½ ÎºÎ±Î¹ Îº...

You may provide a definition with
\DeclareUnicodeCharacter 


! LaTeX Error: Unicode character Î» (U+03BB)
               not set up for use with LaTeX.

See the LaTeX manual or LaTeX Companion for explanation.
Type  H <return>  for immediate help.
 ...                                              
                                                  
l.5 ...Î¾Ï Ï„Ï‰Î½ ÎšÎ¿Ï…Î¬ÏÎº ÎºÎ±Î¹ Ï„Ï‰Î½ Î“Î»
                                                  Î¿Ï…Î¿Î½Î¯Ï‰Î½ ÎºÎ±Î¹ ÎºÎ±...

You may provide a definition with
\DeclareUnicodeCharacter 


! LaTeX Error: Unicode character Î¿ (U+03BF)
               not set up for use with LaTeX.

See the LaTeX manual or LaTeX Companion for explanation.
Type  H <return>  for immediate help.
 ...                                              
                                                  
l.5 ...Ï Ï„Ï‰Î½ ÎšÎ¿Ï…Î¬ÏÎº ÎºÎ±Î¹ Ï„Ï‰Î½ Î“Î»Î¿
                                                  Ï…Î¿Î½Î¯Ï‰Î½ ÎºÎ±Î¹ ÎºÎ±Ï„...

You may provide a definition with
\DeclareUnicodeCharacter 


! LaTeX Error: Unicode character Ï… (U+03C5)
               not set up for use with LaTeX.

See the LaTeX manual or LaTeX Companion for explanation.
Type  H <return>  for immediate help.
 ...                                              
                                                  
l.5 ... Ï„Ï‰Î½ ÎšÎ¿Ï…Î¬ÏÎº ÎºÎ±Î¹ Ï„Ï‰Î½ Î“Î»Î¿Ï…
                                                  Î¿Î½Î¯Ï‰Î½ ÎºÎ±Î¹ ÎºÎ±Ï„Î„...

You may provide a definition with
\DeclareUnicodeCharacter 


! LaTeX Error: Unicode character Î¿ (U+03BF)
               not set up for use with LaTeX.

See the LaTeX manual or LaTeX Companion for explanation.
Type  H <return>  for immediate help.
 ...                                              
                                                  
l.5 ...„Ï‰Î½ ÎšÎ¿Ï…Î¬ÏÎº ÎºÎ±Î¹ Ï„Ï‰Î½ Î“Î»Î¿Ï…Î¿
                                                  Î½Î¯Ï‰Î½ ÎºÎ±Î¹ ÎºÎ±Ï„Î„Îµ...

You may provide a definition with
\DeclareUnicodeCharacter 


! LaTeX Error: Unicode character Î½ (U+03BD)
               not set up for use with LaTeX.

See the LaTeX manual or LaTeX Companion for explanation.
Type  H <return>  for immediate help.
 ...                                              
                                                  
l.5 ...‰Î½ ÎšÎ¿Ï…Î¬ÏÎº ÎºÎ±Î¹ Ï„Ï‰Î½ Î“Î»Î¿Ï…Î¿Î½
                                                  Î¯Ï‰Î½ ÎºÎ±Î¹ ÎºÎ±Ï„Î„ÎµÏ€...
(That makes 100 errors; please try again.) 
Here is how much of TeX's memory you used:
 56 strings out of 475285
 948 string characters out of 2774119
 341640 words of memory out of 3000000
 21636 multiletter control sequences out of 15000+600000
 469259 words of font info for 28 fonts, out of 8000000 for 9000
 1141 hyphenation exceptions out of 8191
 13i,0n,12p,426b,35s stack positions out of 10000i,1000n,20000p,200000b,80000s

!  ==> Fatal error occurred, no output PDF file produced!
